#
# There is insufficient memory for the Java Runtime Environment to continue.
# Native memory allocation (malloc) failed to allocate 1421936 bytes for Chunk::new
# Possible reasons:
#   The system is out of physical RAM or swap space
#   In 32 bit mode, the process size limit was hit
# Possible solutions:
#   Reduce memory load on the system
#   Increase physical memory or swap space
#   Check if swap backing store is full
#   Use 64 bit Java on a 64 bit OS
#   Decrease Java heap size (-Xmx/-Xms)
#   Decrease number of Java threads
#   Decrease Java thread stack sizes (-Xss)
#   Set larger code cache with -XX:ReservedCodeCacheSize=
# This output file may be truncated or incomplete.
#
#  Out of Memory Error (allocation.cpp:390), pid=2028, tid=0x00000000000018a0
#
# JRE version: OpenJDK Runtime Environment (8.0_152-b01) (build 1.8.0_152-release-1343-b01)
# Java VM: OpenJDK 64-Bit Server VM (25.152-b01 mixed mode windows-amd64 compressed oops)
# Failed to write core dump. Minidumps are not enabled by default on client versions of Windows
#

---------------  T H R E A D  ---------------

Current thread (0x0000000016a6b000):  JavaThread "C2 CompilerThread1" daemon [_thread_in_native, id=6304, stack(0x0000000017350000,0x0000000017450000)]

Stack: [0x0000000017350000,0x0000000017450000]
[error occurred during error reporting (printing stack bounds), id 0xc0000005]

Native frames: (J=compiled Java code, j=interpreted, Vv=VM code, C=native code)


Current CompileTask:
C2:  11194 4783       4       org.jetbrains.kotlin.load.java.structure.impl.classFiles.BinaryJavaMethodBase$Companion::create (472 bytes)


---------------  P R O C E S S  ---------------

Java Threads: ( => current thread )
  0x0000000017b96800 JavaThread "RMI RenewClean-[127.0.0.1:31821,org.jetbrains.kotlin.daemon.common.LoopbackNetworkInterface$ClientLoopbackSocketFactory@17976405]" daemon [_thread_blocked, id=14368, stack(0x0000000019000000,0x0000000019100000)]
  0x0000000017b74000 JavaThread "RMI TCP Connection(2)-127.0.0.1" daemon [_thread_in_vm, id=7500, stack(0x0000000018e00000,0x0000000018f00000)]
  0x0000000017b5c800 JavaThread "RMI Scheduler(0)" daemon [_thread_blocked, id=14856, stack(0x0000000018d00000,0x0000000018e00000)]
  0x0000000017b5a000 JavaThread "RMI TCP Connection(1)-127.0.0.1" daemon [_thread_in_native, id=12780, stack(0x0000000018c00000,0x0000000018d00000)]
  0x00000000031f2800 JavaThread "DestroyJavaVM" [_thread_blocked, id=12984, stack(0x00000000030e0000,0x00000000031e0000)]
  0x0000000017b43800 JavaThread "GC Daemon" daemon [_thread_blocked, id=14064, stack(0x00000000187b0000,0x00000000188b0000)]
  0x0000000017b43000 JavaThread "RMI Reaper" [_thread_blocked, id=6380, stack(0x00000000186b0000,0x00000000187b0000)]
  0x0000000017a9e000 JavaThread "Timer-0" daemon [_thread_blocked, id=9264, stack(0x00000000184b0000,0x00000000185b0000)]
  0x000000001790e800 JavaThread "RMI TCP Accept-17602" daemon [_thread_in_native, id=4396, stack(0x00000000183b0000,0x00000000184b0000)]
  0x0000000016ab2800 JavaThread "Service Thread" daemon [_thread_blocked, id=13284, stack(0x0000000017650000,0x0000000017750000)]
  0x0000000016a70800 JavaThread "C1 CompilerThread3" daemon [_thread_blocked, id=13628, stack(0x0000000017550000,0x0000000017650000)]
  0x0000000016a6d000 JavaThread "C2 CompilerThread2" daemon [_thread_blocked, id=10324, stack(0x0000000017450000,0x0000000017550000)]
=>0x0000000016a6b000 JavaThread "C2 CompilerThread1" daemon [_thread_in_native, id=6304, stack(0x0000000017350000,0x0000000017450000)]
  0x0000000016a76000 JavaThread "C2 CompilerThread0" daemon [_thread_blocked, id=8092, stack(0x0000000017250000,0x0000000017350000)]
  0x0000000016a74800 JavaThread "Attach Listener" daemon [_thread_blocked, id=15040, stack(0x0000000017150000,0x0000000017250000)]
  0x0000000016a73800 JavaThread "Signal Dispatcher" daemon [_thread_blocked, id=760, stack(0x0000000017050000,0x0000000017150000)]
  0x0000000016a60800 JavaThread "Finalizer" daemon [_thread_blocked, id=13400, stack(0x0000000016e40000,0x0000000016f40000)]
  0x00000000032e7000 JavaThread "Reference Handler" daemon [_thread_blocked, id=13852, stack(0x0000000016940000,0x0000000016a40000)]

Other Threads:
  0x0000000014b66800 VMThread [stack: 0x0000000016840000,0x0000000016940000] [id=32]
  0x0000000016ab3000 WatcherThread [stack: 0x0000000017750000,0x0000000017850000] [id=9008]

VM state:not at safepoint (normal execution)

VM Mutex/Monitor currently owned by a thread: None

Heap:
 PSYoungGen      total 64512K, used 49889K [0x00000000f5580000, 0x00000000fa400000, 0x0000000100000000)
  eden space 51200K, 77% used [0x00000000f5580000,0x00000000f7c232b8,0x00000000f8780000)
  from space 13312K, 77% used [0x00000000f9500000,0x00000000f9f15220,0x00000000fa200000)
  to   space 13824K, 0% used [0x00000000f8780000,0x00000000f8780000,0x00000000f9500000)
 ParOldGen       total 104448K, used 17427K [0x00000000e0000000, 0x00000000e6600000, 0x00000000f5580000)
  object space 104448K, 16% used [0x00000000e0000000,0x00000000e1104f88,0x00000000e6600000)
 Metaspace       used 43620K, capacity 44421K, committed 44968K, reserved 1089536K
  class space    used 5492K, capacity 5683K, committed 5808K, reserved 1048576K

Card table byte_map: [0x00000000126b0000,0x00000000127c0000] byte_map_base: 0x0000000011fb0000

Marking Bits: (ParMarkBitMap*) 0x000000005f325aa0
 Begin Bits: [0x0000000013070000, 0x0000000013870000)
 End Bits:   [0x0000000013870000, 0x0000000014070000)

Polling page: 0x0000000003020000

CodeCache: size=245760Kb used=14960Kb max_used=14960Kb free=230799Kb
 bounds [0x00000000032f0000, 0x00000000041a0000, 0x00000000122f0000]
 total_blobs=5284 nmethods=4790 adapters=406
 compilation: enabled

Compilation events (10 events):
Event: 11.175 Thread 0x0000000016a70800 4997       3       jdk.internal.org.objectweb.asm.MethodWriter::visitFieldInsn (248 bytes)
Event: 11.176 Thread 0x0000000016a70800 nmethod 4997 0x0000000004195590 code [0x0000000004195760, 0x0000000004196018]
Event: 11.176 Thread 0x0000000016a70800 4998       3       jdk.internal.org.objectweb.asm.ClassWriter::newFieldItem (77 bytes)
Event: 11.176 Thread 0x0000000016a70800 nmethod 4998 0x0000000004194990 code [0x0000000004194b80, 0x0000000004195178]
Event: 11.176 Thread 0x0000000016a70800 4999       3       java.lang.invoke.DirectMethodHandle::preparedLambdaForm (230 bytes)
Event: 11.177 Thread 0x0000000016a70800 nmethod 4999 0x0000000004196b50 code [0x0000000004196dc0, 0x0000000004197e18]
Event: 11.177 Thread 0x0000000016a70800 5001       3       org.jetbrains.kotlin.com.intellij.util.keyFMap.OneElementFMap::get (26 bytes)
Event: 11.178 Thread 0x0000000016a70800 nmethod 5001 0x0000000004194550 code [0x00000000041946c0, 0x0000000004194908]
Event: 11.179 Thread 0x0000000016a70800 5002       3       org.jetbrains.kotlin.descriptors.impl.FunctionDescriptorImpl::getOriginal (22 bytes)
Event: 11.179 Thread 0x0000000016a70800 nmethod 5002 0x00000000041940d0 code [0x0000000004194240, 0x00000000041944a8]

GC Heap History (10 events):
Event: 9.043 GC heap before
{Heap before GC invocations=7 (full 2):
 PSYoungGen      total 38400K, used 38394K [0x00000000f5580000, 0x00000000f8b80000, 0x0000000100000000)
  eden space 33280K, 100% used [0x00000000f5580000,0x00000000f7600000,0x00000000f7600000)
  from space 5120K, 99% used [0x00000000f7b00000,0x00000000f7ffe8c8,0x00000000f8000000)
  to   space 5120K, 0% used [0x00000000f7600000,0x00000000f7600000,0x00000000f7b00000)
 ParOldGen       total 72704K, used 14506K [0x00000000e0000000, 0x00000000e4700000, 0x00000000f5580000)
  object space 72704K, 19% used [0x00000000e0000000,0x00000000e0e2a988,0x00000000e4700000)
 Metaspace       used 32427K, capacity 33023K, committed 33456K, reserved 1079296K
  class space    used 4328K, capacity 4494K, committed 4528K, reserved 1048576K
Event: 9.049 GC heap after
Heap after GC invocations=7 (full 2):
 PSYoungGen      total 38400K, used 5116K [0x00000000f5580000, 0x00000000f8980000, 0x0000000100000000)
  eden space 33280K, 0% used [0x00000000f5580000,0x00000000f5580000,0x00000000f7600000)
  from space 5120K, 99% used [0x00000000f7600000,0x00000000f7aff058,0x00000000f7b00000)
  to   space 5120K, 0% used [0x00000000f8480000,0x00000000f8480000,0x00000000f8980000)
 ParOldGen       total 72704K, used 19318K [0x00000000e0000000, 0x00000000e4700000, 0x00000000f5580000)
  object space 72704K, 26% used [0x00000000e0000000,0x00000000e12ddbb8,0x00000000e4700000)
 Metaspace       used 32427K, capacity 33023K, committed 33456K, reserved 1079296K
  class space    used 4328K, capacity 4494K, committed 4528K, reserved 1048576K
}
Event: 9.198 GC heap before
{Heap before GC invocations=8 (full 2):
 PSYoungGen      total 38400K, used 21232K [0x00000000f5580000, 0x00000000f8980000, 0x0000000100000000)
  eden space 33280K, 48% used [0x00000000f5580000,0x00000000f653d008,0x00000000f7600000)
  from space 5120K, 99% used [0x00000000f7600000,0x00000000f7aff058,0x00000000f7b00000)
  to   space 5120K, 0% used [0x00000000f8480000,0x00000000f8480000,0x00000000f8980000)
 ParOldGen       total 72704K, used 19318K [0x00000000e0000000, 0x00000000e4700000, 0x00000000f5580000)
  object space 72704K, 26% used [0x00000000e0000000,0x00000000e12ddbb8,0x00000000e4700000)
 Metaspace       used 34685K, capacity 35147K, committed 35496K, reserved 1079296K
  class space    used 4545K, capacity 4688K, committed 4784K, reserved 1048576K
Event: 9.204 GC heap after
Heap after GC invocations=8 (full 2):
 PSYoungGen      total 39424K, used 5109K [0x00000000f5580000, 0x00000000fa100000, 0x0000000100000000)
  eden space 34304K, 0% used [0x00000000f5580000,0x00000000f5580000,0x00000000f7700000)
  from space 5120K, 99% used [0x00000000f8480000,0x00000000f897d498,0x00000000f8980000)
  to   space 13824K, 0% used [0x00000000f7700000,0x00000000f7700000,0x00000000f8480000)
 ParOldGen       total 72704K, used 24443K [0x00000000e0000000, 0x00000000e4700000, 0x00000000f5580000)
  object space 72704K, 33% used [0x00000000e0000000,0x00000000e17ded48,0x00000000e4700000)
 Metaspace       used 34685K, capacity 35147K, committed 35496K, reserved 1079296K
  class space    used 4545K, capacity 4688K, committed 4784K, reserved 1048576K
}
Event: 9.204 GC heap before
{Heap before GC invocations=9 (full 3):
 PSYoungGen      total 39424K, used 5109K [0x00000000f5580000, 0x00000000fa100000, 0x0000000100000000)
  eden space 34304K, 0% used [0x00000000f5580000,0x00000000f5580000,0x00000000f7700000)
  from space 5120K, 99% used [0x00000000f8480000,0x00000000f897d498,0x00000000f8980000)
  to   space 13824K, 0% used [0x00000000f7700000,0x00000000f7700000,0x00000000f8480000)
 ParOldGen       total 72704K, used 24443K [0x00000000e0000000, 0x00000000e4700000, 0x00000000f5580000)
  object space 72704K, 33% used [0x00000000e0000000,0x00000000e17ded48,0x00000000e4700000)
 Metaspace       used 34685K, capacity 35147K, committed 35496K, reserved 1079296K
  class space    used 4545K, capacity 4688K, committed 4784K, reserved 1048576K
Event: 9.248 GC heap after
Heap after GC invocations=9 (full 3):
 PSYoungGen      total 39424K, used 0K [0x00000000f5580000, 0x00000000fa100000, 0x0000000100000000)
  eden space 34304K, 0% used [0x00000000f5580000,0x00000000f5580000,0x00000000f7700000)
  from space 5120K, 0% used [0x00000000f8480000,0x00000000f8480000,0x00000000f8980000)
  to   space 13824K, 0% used [0x00000000f7700000,0x00000000f7700000,0x00000000f8480000)
 ParOldGen       total 104448K, used 17411K [0x00000000e0000000, 0x00000000e6600000, 0x00000000f5580000)
  object space 104448K, 16% used [0x00000000e0000000,0x00000000e1100f88,0x00000000e6600000)
 Metaspace       used 34685K, capacity 35147K, committed 35496K, reserved 1079296K
  class space    used 4545K, capacity 4688K, committed 4784K, reserved 1048576K
}
Event: 10.321 GC heap before
{Heap before GC invocations=10 (full 3):
 PSYoungGen      total 39424K, used 34304K [0x00000000f5580000, 0x00000000fa100000, 0x0000000100000000)
  eden space 34304K, 100% used [0x00000000f5580000,0x00000000f7700000,0x00000000f7700000)
  from space 5120K, 0% used [0x00000000f8480000,0x00000000f8480000,0x00000000f8980000)
  to   space 13824K, 0% used [0x00000000f7700000,0x00000000f7700000,0x00000000f8480000)
 ParOldGen       total 104448K, used 17411K [0x00000000e0000000, 0x00000000e6600000, 0x00000000f5580000)
  object space 104448K, 16% used [0x00000000e0000000,0x00000000e1100f88,0x00000000e6600000)
 Metaspace       used 39734K, capacity 40331K, committed 40872K, reserved 1085440K
  class space    used 5133K, capacity 5286K, committed 5296K, reserved 1048576K
Event: 10.326 GC heap after
Heap after GC invocations=10 (full 3):
 PSYoungGen      total 48128K, used 8813K [0x00000000f5580000, 0x00000000fa200000, 0x0000000100000000)
  eden space 34304K, 0% used [0x00000000f5580000,0x00000000f5580000,0x00000000f7700000)
  from space 13824K, 63% used [0x00000000f7700000,0x00000000f7f9b6f0,0x00000000f8480000)
  to   space 13312K, 0% used [0x00000000f9500000,0x00000000f9500000,0x00000000fa200000)
 ParOldGen       total 104448K, used 17419K [0x00000000e0000000, 0x00000000e6600000, 0x00000000f5580000)
  object space 104448K, 16% used [0x00000000e0000000,0x00000000e1102f88,0x00000000e6600000)
 Metaspace       used 39734K, capacity 40331K, committed 40872K, reserved 1085440K
  class space    used 5133K, capacity 5286K, committed 5296K, reserved 1048576K
}
Event: 10.705 GC heap before
{Heap before GC invocations=11 (full 3):
 PSYoungGen      total 48128K, used 43117K [0x00000000f5580000, 0x00000000fa200000, 0x0000000100000000)
  eden space 34304K, 100% used [0x00000000f5580000,0x00000000f7700000,0x00000000f7700000)
  from space 13824K, 63% used [0x00000000f7700000,0x00000000f7f9b6f0,0x00000000f8480000)
  to   space 13312K, 0% used [0x00000000f9500000,0x00000000f9500000,0x00000000fa200000)
 ParOldGen       total 104448K, used 17419K [0x00000000e0000000, 0x00000000e6600000, 0x00000000f5580000)
  object space 104448K, 16% used [0x00000000e0000000,0x00000000e1102f88,0x00000000e6600000)
 Metaspace       used 41841K, capacity 42547K, committed 43048K, reserved 1087488K
  class space    used 5363K, capacity 5566K, committed 5680K, reserved 1048576K
Event: 10.711 GC heap after
Heap after GC invocations=11 (full 3):
 PSYoungGen      total 64512K, used 10324K [0x00000000f5580000, 0x00000000fa400000, 0x0000000100000000)
  eden space 51200K, 0% used [0x00000000f5580000,0x00000000f5580000,0x00000000f8780000)
  from space 13312K, 77% used [0x00000000f9500000,0x00000000f9f15220,0x00000000fa200000)
  to   space 13824K, 0% used [0x00000000f8780000,0x00000000f8780000,0x00000000f9500000)
 ParOldGen       total 104448K, used 17427K [0x00000000e0000000, 0x00000000e6600000, 0x00000000f5580000)
  object space 104448K, 16% used [0x00000000e0000000,0x00000000e1104f88,0x00000000e6600000)
 Metaspace       used 41841K, capacity 42547K, committed 43048K, reserved 1087488K
  class space    used 5363K, capacity 5566K, committed 5680K, reserved 1048576K
}

Deoptimization events (10 events):
Event: 10.851 Thread 0x0000000017b74000 Uncommon trap: reason=class_check action=maybe_recompile pc=0x0000000003e54afc method=org.jetbrains.kotlin.storage.LockBasedStorageManager$LockBasedLazyValue.invoke()Ljava/lang/Object; @ 24
Event: 10.851 Thread 0x0000000017b74000 Uncommon trap: reason=class_check action=maybe_recompile pc=0x0000000003eecd7c method=org.jetbrains.kotlin.storage.LockBasedStorageManager$LockBasedLazyValue.invoke()Ljava/lang/Object; @ 24
Event: 11.035 Thread 0x0000000017b74000 Uncommon trap: reason=bimorphic action=maybe_recompile pc=0x000000000409ff00 method=org.jetbrains.kotlin.types.FlexibleType.getConstructor()Lorg/jetbrains/kotlin/types/TypeConstructor; @ 4
Event: 11.035 Thread 0x0000000017b74000 Uncommon trap: reason=bimorphic action=maybe_recompile pc=0x000000000409ff00 method=org.jetbrains.kotlin.types.FlexibleType.getConstructor()Lorg/jetbrains/kotlin/types/TypeConstructor; @ 4
Event: 11.035 Thread 0x0000000017b74000 Uncommon trap: reason=bimorphic action=maybe_recompile pc=0x000000000409ff00 method=org.jetbrains.kotlin.types.FlexibleType.getConstructor()Lorg/jetbrains/kotlin/types/TypeConstructor; @ 4
Event: 11.035 Thread 0x0000000017b74000 Uncommon trap: reason=bimorphic action=maybe_recompile pc=0x000000000409ff00 method=org.jetbrains.kotlin.types.FlexibleType.getConstructor()Lorg/jetbrains/kotlin/types/TypeConstructor; @ 4
Event: 11.145 Thread 0x0000000017b74000 Uncommon trap: reason=class_check action=maybe_recompile pc=0x00000000040a55b8 method=org.jetbrains.kotlin.load.java.lazy.descriptors.LazyJavaScope.getFunctionNamesLazy()Ljava/util/Set; @ 13
Event: 11.145 Thread 0x0000000017b74000 Uncommon trap: reason=class_check action=maybe_recompile pc=0x00000000040a55b8 method=org.jetbrains.kotlin.load.java.lazy.descriptors.LazyJavaScope.getFunctionNamesLazy()Ljava/util/Set; @ 13
Event: 11.147 Thread 0x0000000017b74000 Uncommon trap: reason=class_check action=maybe_recompile pc=0x00000000040a55b8 method=org.jetbrains.kotlin.load.java.lazy.descriptors.LazyJavaScope.getFunctionNamesLazy()Ljava/util/Set; @ 13
Event: 11.147 Thread 0x0000000017b74000 Uncommon trap: reason=class_check action=maybe_recompile pc=0x00000000040a55b8 method=org.jetbrains.kotlin.load.java.lazy.descriptors.LazyJavaScope.getFunctionNamesLazy()Ljava/util/Set; @ 13

Classes redefined (0 events):
No events

Internal exceptions (10 events):
Event: 2.770 Thread 0x0000000017b74000 Implicit null exception at 0x000000000365316f to 0x00000000036531d9
Event: 2.827 Thread 0x0000000017b74000 Exception <a 'java/lang/NoSuchMethodError': java.lang.Object.lambda$comparing$77a9974f$1(Ljava/util/function/Function;Ljava/lang/Object;Ljava/lang/Object;)I> (0x00000000f713eaf0) thrown at [D:\src\AOSP-openjdk-cygwin\jdk8u\hotspot\src\share\vm\interpreter
Event: 2.945 Thread 0x0000000017b74000 Exception <a 'java/lang/ArrayIndexOutOfBoundsException': 67> (0x00000000f58d3558) thrown at [D:\src\AOSP-openjdk-cygwin\jdk8u\hotspot\src\share\vm\interpreter\interpreterRuntime.cpp, line 366]
Event: 3.068 Thread 0x0000000017b74000 Exception <a 'java/lang/NoSuchMethodError': java.lang.Object.lambda$static$0(I)[Lorg/jetbrains/kotlin/com/intellij/openapi/editor/event/DocumentListener;> (0x00000000f6222718) thrown at [D:\src\AOSP-openjdk-cygwin\jdk8u\hotspot\src\share\vm\interpreter\li
Event: 3.092 Thread 0x0000000017b74000 Exception <a 'java/lang/NoSuchMethodError': java.lang.Object.lambda$static$0(I)[Lorg/jetbrains/kotlin/com/intellij/psi/PsiAnnotation;> (0x00000000f63fd3d0) thrown at [D:\src\AOSP-openjdk-cygwin\jdk8u\hotspot\src\share\vm\interpreter\linkResolver.cpp, line
Event: 3.140 Thread 0x0000000017b74000 Exception <a 'java/lang/NoSuchMethodError': java.lang.Object.lambda$static$0(I)[Lorg/jetbrains/kotlin/com/intellij/psi/PsiElement;> (0x00000000f67fc478) thrown at [D:\src\AOSP-openjdk-cygwin\jdk8u\hotspot\src\share\vm\interpreter\linkResolver.cpp, line 58
Event: 3.326 Thread 0x0000000017b74000 Exception <a 'java/lang/NoSuchMethodError': java.lang.Object.lambda$static$0(I)[Lorg/jetbrains/kotlin/psi/KtExpression;> (0x00000000f71df6e0) thrown at [D:\src\AOSP-openjdk-cygwin\jdk8u\hotspot\src\share\vm\interpreter\linkResolver.cpp, line 584]
Event: 3.333 Thread 0x0000000017b74000 Exception <a 'java/lang/NoSuchMethodError': java.lang.Object.lambda$static$0(I)[Lorg/jetbrains/kotlin/psi/KtDeclaration;> (0x00000000f723fa28) thrown at [D:\src\AOSP-openjdk-cygwin\jdk8u\hotspot\src\share\vm\interpreter\linkResolver.cpp, line 584]
Event: 10.023 Thread 0x0000000017b74000 Exception <a 'java/lang/NoSuchMethodError': java.lang.Object.lambda$static$0(I)[Lorg/jetbrains/kotlin/psi/KtTypeElement;> (0x00000000f6600058) thrown at [D:\src\AOSP-openjdk-cygwin\jdk8u\hotspot\src\share\vm\interpreter\linkResolver.cpp, line 584]
Event: 10.377 Thread 0x0000000017b74000 Exception <a 'java/lang/NoSuchMethodError': java.lang.Object.lambda$static$0(I)[Lorg/jetbrains/kotlin/com/intellij/psi/PsiClass;> (0x00000000f5abde00) thrown at [D:\src\AOSP-openjdk-cygwin\jdk8u\hotspot\src\share\vm\interpreter\linkResolver.cpp, line 584]

Events (10 events):
Event: 11.186 loading class org/jetbrains/kotlin/builtins/UnsignedTypes
Event: 11.186 loading class org/jetbrains/kotlin/builtins/UnsignedTypes done
Event: 11.186 loading class org/jetbrains/kotlin/builtins/UnsignedType
Event: 11.186 loading class org/jetbrains/kotlin/builtins/UnsignedType done
Event: 11.187 loading class org/jetbrains/kotlin/psi/KtExpression
Event: 11.187 loading class org/jetbrains/kotlin/psi/KtExpression done
Event: 11.187 loading class org/jetbrains/kotlin/types/expressions/KotlinTypeInfo
Event: 11.187 loading class org/jetbrains/kotlin/types/expressions/KotlinTypeInfo done
Event: 11.187 loading class org/jetbrains/kotlin/types/expressions/ExpressionTypingVisitorDispatcher
Event: 11.187 loading class org/jetbrains/kotlin/types/expressions/ExpressionTypingVisitorDispatcher done


Dynamic libraries:
0x00007ff645360000 - 0x00007ff645391000 	C:\Program Files\Android\Android Studio\jre\jre\bin\java.exe
0x00007ffd33770000 - 0x00007ffd33951000 	C:\Windows\SYSTEM32\ntdll.dll
0x00007ffd324a0000 - 0x00007ffd32551000 	C:\Windows\System32\KERNEL32.DLL
0x00007ffd30850000 - 0x00007ffd30ac3000 	C:\Windows\System32\KERNELBASE.dll
0x00007ffd30d90000 - 0x00007ffd30e31000 	C:\Windows\System32\ADVAPI32.dll
0x00007ffd328d0000 - 0x00007ffd3296e000 	C:\Windows\System32\msvcrt.dll
0x00007ffd30e40000 - 0x00007ffd30e9b000 	C:\Windows\System32\sechost.dll
0x00007ffd33440000 - 0x00007ffd33564000 	C:\Windows\System32\RPCRT4.dll
0x00007ffd30c00000 - 0x00007ffd30d90000 	C:\Windows\System32\USER32.dll
0x00007ffd30830000 - 0x00007ffd30850000 	C:\Windows\System32\win32u.dll
0x00007ffd33340000 - 0x00007ffd33368000 	C:\Windows\System32\GDI32.dll
0x00007ffd2fb40000 - 0x00007ffd2fcd2000 	C:\Windows\System32\gdi32full.dll
0x00007ffd30030000 - 0x00007ffd300cf000 	C:\Windows\System32\msvcp_win.dll
0x00007ffd2fce0000 - 0x00007ffd2fdd8000 	C:\Windows\System32\ucrtbase.dll
0x00007ffd23790000 - 0x00007ffd239f9000 	C:\Windows\WinSxS\amd64_microsoft.windows.common-controls_6595b64144ccf1df_6.0.17134.765_none_fb42a1a930655896\COMCTL32.dll
0x00007ffd33010000 - 0x00007ffd33332000 	C:\Windows\System32\combase.dll
0x00007ffd30ad0000 - 0x00007ffd30b4a000 	C:\Windows\System32\bcryptPrimitives.dll
0x00007ffd32450000 - 0x00007ffd3247d000 	C:\Windows\System32\IMM32.DLL
0x000000005e9a0000 - 0x000000005ea72000 	C:\Program Files\Android\Android Studio\jre\jre\bin\msvcr100.dll
0x000000005eb60000 - 0x000000005f3a1000 	C:\Program Files\Android\Android Studio\jre\jre\bin\server\jvm.dll
0x00007ffd32560000 - 0x00007ffd32568000 	C:\Windows\System32\PSAPI.DLL
0x00007ffd2dc00000 - 0x00007ffd2dc23000 	C:\Windows\SYSTEM32\WINMM.dll
0x00007ffd169f0000 - 0x00007ffd169f9000 	C:\Windows\SYSTEM32\WSOCK32.dll
0x00007ffd28e30000 - 0x00007ffd28e3a000 	C:\Windows\SYSTEM32\VERSION.dll
0x00007ffd336d0000 - 0x00007ffd3373c000 	C:\Windows\System32\WS2_32.dll
0x00007ffd2d7b0000 - 0x00007ffd2d7da000 	C:\Windows\SYSTEM32\winmmbase.dll
0x00007ffd300d0000 - 0x00007ffd30119000 	C:\Windows\System32\cfgmgr32.dll
0x00007ffd23cf0000 - 0x00007ffd23cff000 	C:\Program Files\Android\Android Studio\jre\jre\bin\verify.dll
0x00007ffd16e30000 - 0x00007ffd16e59000 	C:\Program Files\Android\Android Studio\jre\jre\bin\java.dll
0x00007ffd16e10000 - 0x00007ffd16e26000 	C:\Program Files\Android\Android Studio\jre\jre\bin\zip.dll
0x00007ffd30f70000 - 0x00007ffd323b0000 	C:\Windows\System32\SHELL32.dll
0x00007ffd32b10000 - 0x00007ffd32bb9000 	C:\Windows\System32\shcore.dll
0x00007ffd30120000 - 0x00007ffd3082d000 	C:\Windows\System32\windows.storage.dll
0x00007ffd333d0000 - 0x00007ffd33421000 	C:\Windows\System32\shlwapi.dll
0x00007ffd2fb00000 - 0x00007ffd2fb11000 	C:\Windows\System32\kernel.appcore.dll
0x00007ffd2fb20000 - 0x00007ffd2fb3f000 	C:\Windows\System32\profapi.dll
0x00007ffd2fab0000 - 0x00007ffd2fafc000 	C:\Windows\System32\powrprof.dll
0x00007ffd2faa0000 - 0x00007ffd2faaa000 	C:\Windows\System32\FLTLIB.DLL
0x00007ffd19c70000 - 0x00007ffd19c7d000 	C:\Program Files\Android\Android Studio\jre\jre\bin\management.dll
0x00007ffd16df0000 - 0x00007ffd16e0a000 	C:\Program Files\Android\Android Studio\jre\jre\bin\net.dll
0x00007ffd2f300000 - 0x00007ffd2f366000 	C:\Windows\system32\mswsock.dll
0x00007ffd04b40000 - 0x00007ffd04b51000 	C:\Program Files\Android\Android Studio\jre\jre\bin\nio.dll
0x00007ffd2f4b0000 - 0x00007ffd2f4c7000 	C:\Windows\SYSTEM32\CRYPTSP.dll
0x00007ffd2eee0000 - 0x00007ffd2ef13000 	C:\Windows\system32\rsaenh.dll
0x00007ffd2f5e0000 - 0x00007ffd2f605000 	C:\Windows\SYSTEM32\bcrypt.dll
0x00007ffd2f9b0000 - 0x00007ffd2f9d8000 	C:\Windows\SYSTEM32\USERENV.dll
0x00007ffd2f4d0000 - 0x00007ffd2f4db000 	C:\Windows\SYSTEM32\CRYPTBASE.dll
0x00007ffd2f080000 - 0x00007ffd2f0b8000 	C:\Windows\SYSTEM32\IPHLPAPI.DLL
0x00007ffd328c0000 - 0x00007ffd328c8000 	C:\Windows\System32\NSI.dll
0x00007ffd24d50000 - 0x00007ffd24d66000 	C:\Windows\SYSTEM32\dhcpcsvc6.DLL
0x00007ffd24f00000 - 0x00007ffd24f1a000 	C:\Windows\SYSTEM32\dhcpcsvc.DLL

VM Arguments:
jvm_args: -Djava.awt.headless=true -Djava.rmi.server.hostname=127.0.0.1 -Xmx512m -Dkotlin.environment.keepalive 
java_command: org.jetbrains.kotlin.daemon.KotlinCompileDaemon --daemon-runFilesPath C:\Users\deonoize\AppData\Local\kotlin\daemon --daemon-autoshutdownIdleSeconds=7200 --daemon-compilerClasspath C:\Users\deonoize\.gradle\caches\modules-2\files-2.1\org.jetbrains.kotlin\kotlin-compiler-embeddable\1.3.21\677cc9553b8964c895abc76da9b6a0faea8f671d\kotlin-compiler-embeddable-1.3.21.jar;C:\Users\deonoize\.gradle\caches\modules-2\files-2.1\org.jetbrains.kotlin\kotlin-reflect\1.3.21\d0d5ff2ac2ebd8a42697af41e20fc225a23c5d3b\kotlin-reflect-1.3.21.jar;C:\Users\deonoize\.gradle\caches\modules-2\files-2.1\org.jetbrains.kotlin\kotlin-stdlib\1.3.21\4bcc2012b84840e19e1e28074284cac908be0295\kotlin-stdlib-1.3.21.jar;C:\Users\deonoize\.gradle\caches\modules-2\files-2.1\org.jetbrains.kotlin\kotlin-script-runtime\1.3.21\29363d474ee6fda354900636320a177c7286def9\kotlin-script-runtime-1.3.21.jar;C:\Users\deonoize\.gradle\caches\modules-2\files-2.1\org.jetbrains.intellij.deps\trove4j\1.0.20181211\216c2e14b070f334479d800987affe4054cd563f\trove4j-1.0.20181211.jar;C:\Users\deonoize\.gradle\caches\modules-2\files-2.1\org.jetbrains.kotlin\kotlin-stdlib-common\1.3.21\f30e4a9897913e53d778f564110bafa1fef46643\kotlin-stdlib-common-1.3.21.jar;C:\Users\deonoize\.gradle\caches\modules-2\files-2.1\org.jetbrains\annotations\13.0\919f0dfe192fb4e063e7dacadee7f8bb9a2672a9\annotations-13.0.jar;C:\Program Files\Android\Android Studio\jre\lib\tools.jar
java_class_path (initial): C:\Users\deonoize\.gradle\caches\modules-2\files-2.1\org.jetbrains.kotlin\kotlin-compiler-embeddable\1.3.21\677cc9553b8964c895abc76da9b6a0faea8f671d\kotlin-compiler-embeddable-1.3.21.jar;C:\Users\deonoize\.gradle\caches\modules-2\files-2.1\org.jetbrains.kotlin\kotlin-reflect\1.3.21\d0d5ff2ac2ebd8a42697af41e20fc225a23c5d3b\kotlin-reflect-1.3.21.jar;C:\Users\deonoize\.gradle\caches\modules-2\files-2.1\org.jetbrains.kotlin\kotlin-stdlib\1.3.21\4bcc2012b84840e19e1e28074284cac908be0295\kotlin-stdlib-1.3.21.jar;C:\Users\deonoize\.gradle\caches\modules-2\files-2.1\org.jetbrains.kotlin\kotlin-script-runtime\1.3.21\29363d474ee6fda354900636320a177c7286def9\kotlin-script-runtime-1.3.21.jar;C:\Users\deonoize\.gradle\caches\modules-2\files-2.1\org.jetbrains.intellij.deps\trove4j\1.0.20181211\216c2e14b070f334479d800987affe4054cd563f\trove4j-1.0.20181211.jar;C:\Users\deonoize\.gradle\caches\modules-2\files-2.1\org.jetbrains.kotlin\kotlin-stdlib-common\1.3.21\f30e4a9897913e53d778f564110bafa1fef46643\kotlin-stdlib-common-1.3.21.jar;C:\Users\deonoize\.gradle\caches\modules-2\files-2.1\org.jetbrains\annotations\13.0\919f0dfe192fb4e063e7dacadee7f8bb9a2672a9\annotations-13.0.jar;C:\Program Files\Android\Android Studio\jre\lib\tools.jar
Launcher Type: SUN_STANDARD

Environment Variables:
PATH=C:\Program Files (x86)\Common Files\Oracle\Java\javapath;C:\ProgramData\Oracle\Java\javapath;C:\Windows\system32;C:\Windows;C:\Windows\System32\Wbem;C:\Windows\System32\WindowsPowerShell\v1.0\;C:\Program Files (x86)\NVIDIA Corporation\PhysX\Common;C:\WINDOWS\system32;C:\WINDOWS;C:\WINDOWS\System32\Wbem;C:\WINDOWS\System32\WindowsPowerShell\v1.0\;C:\WINDOWS\System32\OpenSSH\;C:\Program Files\dotnet\;C:\Program Files\NVIDIA Corporation\NVIDIA NvDLISR;C:\Program Files\Microsoft VS Code\bin;C:\ProgramData\ComposerSetup\bin;E:\Programs\nodejs\;C:\Program Files\Git\cmd;C:\Program Files\heroku\bin;C:\Program Files (x86)\Common Files\Acronis\SnapAPI\;C:\Users\deonoize\AppData\Local\Microsoft\WindowsApps;C:\Users\deonoize\AppData\Local\GitHubDesktop\bin;C:\Program Files\Microsoft VS Code\bin;C:\Users\deonoize\AppData\Roaming\Composer\vendor\bin;E:\Programs\OSPanel\modules\php\PHP-7.2;C:\Users\deonoize\AppData\Roaming\npm;C:\Users\deonoize\AppData\Local\atom\bin;C:\Program Files\heroku\bin;E:\Programs\dart-sass;
USERNAME=deonoize
OS=Windows_NT
PROCESSOR_IDENTIFIER=Intel64 Family 6 Model 142 Stepping 10, GenuineIntel



---------------  S Y S T E M  ---------------

OS: Windows 10.0 , 64 bit Build 17134 (10.0.17134.753)

CPU:total 8 (initial active 8) (4 cores per cpu, 2 threads per core) family 6 model 142 stepping 10, cmov, cx8, fxsr, mmx, sse, sse2, sse3, ssse3, sse4.1, sse4.2, popcnt, avx, avx2, aes, clmul, erms, 3dnowpref, lzcnt, ht, tsc, tscinvbit, bmi1, bmi2, adx

Memory: 4k page, physical 8260236k(542260k free), swap 12454540k(5168k free)

vm_info: OpenJDK 64-Bit Server VM (25.152-b01) for windows-amd64 JRE (1.8.0_152-release-1343-b01), built by "builder" with MS VC++ 10.0 (VS2010)

time: Mon Jun 03 01:05:28 2019
elapsed time: 11 seconds (0d 0h 0m 11s)

