#
# There is insufficient memory for the Java Runtime Environment to continue.
# Native memory allocation (malloc) failed to allocate 1799520 bytes for Chunk::new
# Possible reasons:
#   The system is out of physical RAM or swap space
#   In 32 bit mode, the process size limit was hit
# Possible solutions:
#   Reduce memory load on the system
#   Increase physical memory or swap space
#   Check if swap backing store is full
#   Use 64 bit Java on a 64 bit OS
#   Decrease Java heap size (-Xmx/-Xms)
#   Decrease number of Java threads
#   Decrease Java thread stack sizes (-Xss)
#   Set larger code cache with -XX:ReservedCodeCacheSize=
# This output file may be truncated or incomplete.
#
#  Out of Memory Error (allocation.cpp:390), pid=17036, tid=0x000000000000382c
#
# JRE version: OpenJDK Runtime Environment (8.0_152-b01) (build 1.8.0_152-release-1343-b01)
# Java VM: OpenJDK 64-Bit Server VM (25.152-b01 mixed mode windows-amd64 compressed oops)
# Failed to write core dump. Minidumps are not enabled by default on client versions of Windows
#

---------------  T H R E A D  ---------------

Current thread (0x000000001983c000):  JavaThread "C2 CompilerThread0" daemon [_thread_in_native, id=14380, stack(0x000000001a010000,0x000000001a110000)]

Stack: [0x000000001a010000,0x000000001a110000]
[error occurred during error reporting (printing stack bounds), id 0xc0000005]

Native frames: (J=compiled Java code, j=interpreted, Vv=VM code, C=native code)


Current CompileTask:
C2:  10779 8497       4       org.jetbrains.kotlin.types.DescriptorSubstitutor::substituteTypeParameters (327 bytes)


---------------  P R O C E S S  ---------------

Java Threads: ( => current thread )
  0x00000000198d1000 JavaThread "Service Thread" daemon [_thread_blocked, id=17148, stack(0x000000001a410000,0x000000001a510000)]
  0x0000000019855800 JavaThread "C1 CompilerThread3" daemon [_thread_in_native, id=7556, stack(0x000000001a310000,0x000000001a410000)]
  0x0000000019847800 JavaThread "C2 CompilerThread2" daemon [_thread_in_native, id=15484, stack(0x000000001a210000,0x000000001a310000)]
  0x000000001983f000 JavaThread "C2 CompilerThread1" daemon [_thread_in_native, id=4440, stack(0x000000001a110000,0x000000001a210000)]
=>0x000000001983c000 JavaThread "C2 CompilerThread0" daemon [_thread_in_native, id=14380, stack(0x000000001a010000,0x000000001a110000)]
  0x000000001983a800 JavaThread "Attach Listener" daemon [_thread_blocked, id=9820, stack(0x0000000019f10000,0x000000001a010000)]
  0x0000000019839000 JavaThread "Signal Dispatcher" daemon [_thread_blocked, id=10476, stack(0x0000000019e10000,0x0000000019f10000)]
  0x0000000019830800 JavaThread "Finalizer" daemon [_thread_blocked, id=16268, stack(0x0000000019c10000,0x0000000019d10000)]
  0x000000001793b800 JavaThread "Reference Handler" daemon [_thread_blocked, id=16368, stack(0x0000000019710000,0x0000000019810000)]
  0x00000000028d4800 JavaThread "main" [_thread_in_Java, id=15368, stack(0x00000000026f0000,0x00000000027f0000)]

Other Threads:
  0x0000000017936000 VMThread [stack: 0x0000000019610000,0x0000000019710000] [id=12392]
  0x00000000198da000 WatcherThread [stack: 0x000000001a510000,0x000000001a610000] [id=3932]

VM state:not at safepoint (normal execution)

VM Mutex/Monitor currently owned by a thread: None

Heap:
 PSYoungGen      total 138240K, used 43563K [0x00000000d5f80000, 0x00000000e1080000, 0x0000000100000000)
  eden space 133120K, 28% used [0x00000000d5f80000,0x00000000d850ecb0,0x00000000de180000)
  from space 5120K, 99% used [0x00000000de180000,0x00000000de67c1c0,0x00000000de680000)
  to   space 20480K, 0% used [0x00000000dfc80000,0x00000000dfc80000,0x00000000e1080000)
 ParOldGen       total 130048K, used 69801K [0x0000000081e00000, 0x0000000089d00000, 0x00000000d5f80000)
  object space 130048K, 53% used [0x0000000081e00000,0x000000008622a530,0x0000000089d00000)
 Metaspace       used 51582K, capacity 52497K, committed 52696K, reserved 1095680K
  class space    used 6123K, capacity 6392K, committed 6400K, reserved 1048576K

Card table byte_map: [0x0000000011d90000,0x0000000012190000] byte_map_base: 0x0000000011981000

Marking Bits: (ParMarkBitMap*) 0x0000000053245aa0
 Begin Bits: [0x0000000012c40000, 0x0000000014bc8000)
 End Bits:   [0x0000000014bc8000, 0x0000000016b50000)

Polling page: 0x0000000000910000

CodeCache: size=245760Kb used=27882Kb max_used=27882Kb free=217877Kb
 bounds [0x00000000029d0000, 0x0000000004530000, 0x00000000119d0000]
 total_blobs=8331 nmethods=7866 adapters=374
 compilation: enabled

Compilation events (10 events):
Event: 10.770 Thread 0x0000000019855800 nmethod 8982 0x0000000004517b10 code [0x0000000004517c80, 0x0000000004517ec8]
Event: 10.770 Thread 0x0000000019855800 8985       1       org.jetbrains.kotlin.serialization.deserialization.DeserializationContext::getContainerSource (5 bytes)
Event: 10.770 Thread 0x0000000019855800 nmethod 8985 0x0000000004517850 code [0x00000000045179a0, 0x0000000004517ab0]
Event: 10.770 Thread 0x0000000019855800 8986   !   3       org.jetbrains.kotlin.types.TypeSubstitutor::safeSubstitute (83 bytes)
Event: 10.771 Thread 0x0000000019855800 nmethod 8986 0x00000000045213d0 code [0x0000000004521640, 0x00000000045221d8]
Event: 10.771 Thread 0x0000000019855800 8987       3       org.jetbrains.kotlin.psi.KtPsiUtil::deparenthesizeOnce (68 bytes)
Event: 10.772 Thread 0x0000000019855800 nmethod 8987 0x0000000004522750 code [0x00000000045229e0, 0x0000000004523f68]
Event: 10.772 Thread 0x0000000019855800 8988       3       org.jetbrains.kotlin.types.DisjointKeysUnionTypeSubstitution::approximateCapturedTypes (26 bytes)
Event: 10.773 Thread 0x0000000019855800 nmethod 8988 0x0000000004517250 code [0x00000000045173e0, 0x0000000004517758]
Event: 10.773 Thread 0x0000000019855800 8989       3       org.jetbrains.kotlin.types.DisjointKeysUnionTypeSubstitution::approximateContravariantCapturedTypes (26 bytes)

GC Heap History (10 events):
Event: 2.095 GC heap before
{Heap before GC invocations=5 (full 1):
 PSYoungGen      total 71680K, used 66560K [0x00000000d5f80000, 0x00000000deb80000, 0x0000000100000000)
  eden space 66560K, 100% used [0x00000000d5f80000,0x00000000da080000,0x00000000da080000)
  from space 5120K, 0% used [0x00000000da080000,0x00000000da080000,0x00000000da580000)
  to   space 5120K, 0% used [0x00000000de680000,0x00000000de680000,0x00000000deb80000)
 ParOldGen       total 65024K, used 7726K [0x0000000081e00000, 0x0000000085d80000, 0x00000000d5f80000)
  object space 65024K, 11% used [0x0000000081e00000,0x000000008258b918,0x0000000085d80000)
 Metaspace       used 30650K, capacity 31101K, committed 31488K, reserved 1077248K
  class space    used 3890K, capacity 4062K, committed 4096K, reserved 1048576K
Event: 2.106 GC heap after
Heap after GC invocations=5 (full 1):
 PSYoungGen      total 101888K, used 5106K [0x00000000d5f80000, 0x00000000deb80000, 0x0000000100000000)
  eden space 96768K, 0% used [0x00000000d5f80000,0x00000000d5f80000,0x00000000dbe00000)
  from space 5120K, 99% used [0x00000000de680000,0x00000000deb7cb28,0x00000000deb80000)
  to   space 5120K, 0% used [0x00000000de180000,0x00000000de180000,0x00000000de680000)
 ParOldGen       total 65024K, used 19708K [0x0000000081e00000, 0x0000000085d80000, 0x00000000d5f80000)
  object space 65024K, 30% used [0x0000000081e00000,0x000000008313f278,0x0000000085d80000)
 Metaspace       used 30650K, capacity 31101K, committed 31488K, reserved 1077248K
  class space    used 3890K, capacity 4062K, committed 4096K, reserved 1048576K
}
Event: 3.641 GC heap before
{Heap before GC invocations=6 (full 1):
 PSYoungGen      total 101888K, used 53408K [0x00000000d5f80000, 0x00000000deb80000, 0x0000000100000000)
  eden space 96768K, 49% used [0x00000000d5f80000,0x00000000d8eab778,0x00000000dbe00000)
  from space 5120K, 99% used [0x00000000de680000,0x00000000deb7cb28,0x00000000deb80000)
  to   space 5120K, 0% used [0x00000000de180000,0x00000000de180000,0x00000000de680000)
 ParOldGen       total 65024K, used 19708K [0x0000000081e00000, 0x0000000085d80000, 0x00000000d5f80000)
  object space 65024K, 30% used [0x0000000081e00000,0x000000008313f278,0x0000000085d80000)
 Metaspace       used 34650K, capacity 35179K, committed 35416K, reserved 1081344K
  class space    used 4300K, capacity 4443K, committed 4480K, reserved 1048576K
Event: 3.669 GC heap after
Heap after GC invocations=6 (full 1):
 PSYoungGen      total 138240K, used 5095K [0x00000000d5f80000, 0x00000000e1080000, 0x0000000100000000)
  eden space 133120K, 0% used [0x00000000d5f80000,0x00000000d5f80000,0x00000000de180000)
  from space 5120K, 99% used [0x00000000de180000,0x00000000de679fd8,0x00000000de680000)
  to   space 20480K, 0% used [0x00000000dfc80000,0x00000000dfc80000,0x00000000e1080000)
 ParOldGen       total 65024K, used 32117K [0x0000000081e00000, 0x0000000085d80000, 0x00000000d5f80000)
  object space 65024K, 49% used [0x0000000081e00000,0x0000000083d5d400,0x0000000085d80000)
 Metaspace       used 34650K, capacity 35179K, committed 35416K, reserved 1081344K
  class space    used 4300K, capacity 4443K, committed 4480K, reserved 1048576K
}
Event: 3.669 GC heap before
{Heap before GC invocations=7 (full 2):
 PSYoungGen      total 138240K, used 5095K [0x00000000d5f80000, 0x00000000e1080000, 0x0000000100000000)
  eden space 133120K, 0% used [0x00000000d5f80000,0x00000000d5f80000,0x00000000de180000)
  from space 5120K, 99% used [0x00000000de180000,0x00000000de679fd8,0x00000000de680000)
  to   space 20480K, 0% used [0x00000000dfc80000,0x00000000dfc80000,0x00000000e1080000)
 ParOldGen       total 65024K, used 32117K [0x0000000081e00000, 0x0000000085d80000, 0x00000000d5f80000)
  object space 65024K, 49% used [0x0000000081e00000,0x0000000083d5d400,0x0000000085d80000)
 Metaspace       used 34650K, capacity 35179K, committed 35416K, reserved 1081344K
  class space    used 4300K, capacity 4443K, committed 4480K, reserved 1048576K
Event: 3.880 GC heap after
Heap after GC invocations=7 (full 2):
 PSYoungGen      total 138240K, used 0K [0x00000000d5f80000, 0x00000000e1080000, 0x0000000100000000)
  eden space 133120K, 0% used [0x00000000d5f80000,0x00000000d5f80000,0x00000000de180000)
  from space 5120K, 0% used [0x00000000de180000,0x00000000de180000,0x00000000de680000)
  to   space 20480K, 0% used [0x00000000dfc80000,0x00000000dfc80000,0x00000000e1080000)
 ParOldGen       total 130048K, used 25080K [0x0000000081e00000, 0x0000000089d00000, 0x00000000d5f80000)
  object space 130048K, 19% used [0x0000000081e00000,0x000000008367e378,0x0000000089d00000)
 Metaspace       used 34650K, capacity 35179K, committed 35416K, reserved 1081344K
  class space    used 4300K, capacity 4443K, committed 4480K, reserved 1048576K
}
Event: 6.699 GC heap before
{Heap before GC invocations=8 (full 2):
 PSYoungGen      total 138240K, used 133120K [0x00000000d5f80000, 0x00000000e1080000, 0x0000000100000000)
  eden space 133120K, 100% used [0x00000000d5f80000,0x00000000de180000,0x00000000de180000)
  from space 5120K, 0% used [0x00000000de180000,0x00000000de180000,0x00000000de680000)
  to   space 20480K, 0% used [0x00000000dfc80000,0x00000000dfc80000,0x00000000e1080000)
 ParOldGen       total 130048K, used 25080K [0x0000000081e00000, 0x0000000089d00000, 0x00000000d5f80000)
  object space 130048K, 19% used [0x0000000081e00000,0x000000008367e378,0x0000000089d00000)
 Metaspace       used 42395K, capacity 43089K, committed 43352K, reserved 1087488K
  class space    used 4986K, capacity 5140K, committed 5248K, reserved 1048576K
Event: 6.721 GC heap after
Heap after GC invocations=8 (full 2):
 PSYoungGen      total 153600K, used 20452K [0x00000000d5f80000, 0x00000000e1080000, 0x0000000100000000)
  eden space 133120K, 0% used [0x00000000d5f80000,0x00000000d5f80000,0x00000000de180000)
  from space 20480K, 99% used [0x00000000dfc80000,0x00000000e10791b8,0x00000000e1080000)
  to   space 5120K, 0% used [0x00000000de180000,0x00000000de180000,0x00000000de680000)
 ParOldGen       total 130048K, used 31638K [0x0000000081e00000, 0x0000000089d00000, 0x00000000d5f80000)
  object space 130048K, 24% used [0x0000000081e00000,0x0000000083ce5860,0x0000000089d00000)
 Metaspace       used 42395K, capacity 43089K, committed 43352K, reserved 1087488K
  class space    used 4986K, capacity 5140K, committed 5248K, reserved 1048576K
}
Event: 9.832 GC heap before
{Heap before GC invocations=9 (full 2):
 PSYoungGen      total 153600K, used 153572K [0x00000000d5f80000, 0x00000000e1080000, 0x0000000100000000)
  eden space 133120K, 100% used [0x00000000d5f80000,0x00000000de180000,0x00000000de180000)
  from space 20480K, 99% used [0x00000000dfc80000,0x00000000e10791b8,0x00000000e1080000)
  to   space 5120K, 0% used [0x00000000de180000,0x00000000de180000,0x00000000de680000)
 ParOldGen       total 130048K, used 31638K [0x0000000081e00000, 0x0000000089d00000, 0x00000000d5f80000)
  object space 130048K, 24% used [0x0000000081e00000,0x0000000083ce5860,0x0000000089d00000)
 Metaspace       used 49707K, capacity 50569K, committed 50776K, reserved 1093632K
  class space    used 5973K, capacity 6238K, committed 6272K, reserved 1048576K
Event: 9.888 GC heap after
Heap after GC invocations=9 (full 2):
 PSYoungGen      total 138240K, used 5104K [0x00000000d5f80000, 0x00000000e1080000, 0x0000000100000000)
  eden space 133120K, 0% used [0x00000000d5f80000,0x00000000d5f80000,0x00000000de180000)
  from space 5120K, 99% used [0x00000000de180000,0x00000000de67c1c0,0x00000000de680000)
  to   space 20480K, 0% used [0x00000000dfc80000,0x00000000dfc80000,0x00000000e1080000)
 ParOldGen       total 130048K, used 69801K [0x0000000081e00000, 0x0000000089d00000, 0x00000000d5f80000)
  object space 130048K, 53% used [0x0000000081e00000,0x000000008622a530,0x0000000089d00000)
 Metaspace       used 49707K, capacity 50569K, committed 50776K, reserved 1093632K
  class space    used 5973K, capacity 6238K, committed 6272K, reserved 1048576K
}

Deoptimization events (10 events):
Event: 10.752 Thread 0x00000000028d4800 Uncommon trap: reason=class_check action=maybe_recompile pc=0x0000000003ee13f8 method=org.jetbrains.kotlin.resolve.OverridingUtil.resolveUnknownVisibilityForMember(Lorg/jetbrains/kotlin/descriptors/CallableMemberDescriptor;Lkotlin/jvm/functions/Function1;
Event: 10.752 Thread 0x00000000028d4800 Uncommon trap: reason=bimorphic action=maybe_recompile pc=0x0000000002b83564 method=org.jetbrains.kotlin.resolve.OverridingUtil.allHasSameContainingDeclaration(Ljava/util/Collection;)Z @ 35
Event: 10.752 Thread 0x00000000028d4800 Uncommon trap: reason=class_check action=maybe_recompile pc=0x0000000003ee13f8 method=org.jetbrains.kotlin.resolve.OverridingUtil.resolveUnknownVisibilityForMember(Lorg/jetbrains/kotlin/descriptors/CallableMemberDescriptor;Lkotlin/jvm/functions/Function1;
Event: 10.754 Thread 0x00000000028d4800 Uncommon trap: reason=bimorphic action=maybe_recompile pc=0x000000000409d4ac method=org.jetbrains.kotlin.resolve.OverridingUtil.extractAndBindOverridesForMember(Lorg/jetbrains/kotlin/descriptors/CallableMemberDescriptor;Ljava/util/Collection;Lorg/jetbrain
Event: 10.766 Thread 0x00000000028d4800 Uncommon trap: reason=unstable_if action=reinterpret pc=0x00000000042fdf78 method=org.jetbrains.kotlin.psi.KtPsiUtil.deparenthesizeOnce(Lorg/jetbrains/kotlin/psi/KtExpression;Z)Lorg/jetbrains/kotlin/psi/KtExpression; @ 38
Event: 10.769 Thread 0x00000000028d4800 Uncommon trap: reason=bimorphic action=maybe_recompile pc=0x00000000044a582c method=org.jetbrains.kotlin.utils.DFS.doDfs(Ljava/lang/Object;Lorg/jetbrains/kotlin/utils/DFS$Neighbors;Lorg/jetbrains/kotlin/utils/DFS$Visited;Lorg/jetbrains/kotlin/utils/DFS$No
Event: 10.769 Thread 0x00000000028d4800 Uncommon trap: reason=bimorphic action=maybe_recompile pc=0x00000000044a582c method=org.jetbrains.kotlin.utils.DFS.doDfs(Ljava/lang/Object;Lorg/jetbrains/kotlin/utils/DFS$Neighbors;Lorg/jetbrains/kotlin/utils/DFS$Visited;Lorg/jetbrains/kotlin/utils/DFS$No
Event: 10.769 Thread 0x00000000028d4800 Uncommon trap: reason=bimorphic action=maybe_recompile pc=0x00000000044a582c method=org.jetbrains.kotlin.utils.DFS.doDfs(Ljava/lang/Object;Lorg/jetbrains/kotlin/utils/DFS$Neighbors;Lorg/jetbrains/kotlin/utils/DFS$Visited;Lorg/jetbrains/kotlin/utils/DFS$No
Event: 10.769 Thread 0x00000000028d4800 Uncommon trap: reason=bimorphic action=maybe_recompile pc=0x00000000044a582c method=org.jetbrains.kotlin.utils.DFS.doDfs(Ljava/lang/Object;Lorg/jetbrains/kotlin/utils/DFS$Neighbors;Lorg/jetbrains/kotlin/utils/DFS$Visited;Lorg/jetbrains/kotlin/utils/DFS$No
Event: 10.770 Thread 0x00000000028d4800 Uncommon trap: reason=bimorphic action=maybe_recompile pc=0x000000000409c768 method=org.jetbrains.kotlin.resolve.OverridingUtil.generateOverridesInFunctionGroup(Lorg/jetbrains/kotlin/name/Name;Ljava/util/Collection;Ljava/util/Collection;Lorg/jetbrains/kot

Classes redefined (0 events):
No events

Internal exceptions (10 events):
Event: 9.764 Thread 0x00000000028d4800 Implicit null exception at 0x00000000033cb87c to 0x00000000033d2455
Event: 9.764 Thread 0x00000000028d4800 Implicit null exception at 0x00000000033cb87c to 0x00000000033d2455
Event: 9.764 Thread 0x00000000028d4800 Implicit null exception at 0x00000000033cb87c to 0x00000000033d2455
Event: 9.764 Thread 0x00000000028d4800 Implicit null exception at 0x00000000033cb87c to 0x00000000033d2455
Event: 9.764 Thread 0x00000000028d4800 Implicit null exception at 0x00000000033cb87c to 0x00000000033d2455
Event: 9.764 Thread 0x00000000028d4800 Implicit null exception at 0x00000000033cb87c to 0x00000000033d2455
Event: 9.764 Thread 0x00000000028d4800 Implicit null exception at 0x00000000033cb87c to 0x00000000033d2455
Event: 9.764 Thread 0x00000000028d4800 Implicit null exception at 0x000000000334cc48 to 0x00000000033510c9
Event: 9.764 Thread 0x00000000028d4800 Implicit null exception at 0x00000000032bc059 to 0x00000000032bc30d
Event: 9.810 Thread 0x00000000028d4800 Implicit null exception at 0x0000000002b9dd96 to 0x0000000002b9e131

Events (10 events):
Event: 10.769 Thread 0x00000000028d4800 DEOPT UNPACKING pc=0x0000000002a1557b sp=0x00000000027e7808 mode 2
Event: 10.769 Thread 0x00000000028d4800 Uncommon trap: trap_request=0xffffffc6 fr.pc=0x00000000044a582c
Event: 10.769 Thread 0x00000000028d4800 DEOPT PACKING pc=0x00000000044a582c sp=0x00000000027e7710
Event: 10.769 Thread 0x00000000028d4800 DEOPT UNPACKING pc=0x0000000002a1557b sp=0x00000000027e7778 mode 2
Event: 10.769 Thread 0x00000000028d4800 Uncommon trap: trap_request=0xffffffc6 fr.pc=0x00000000044a582c
Event: 10.769 Thread 0x00000000028d4800 DEOPT PACKING pc=0x00000000044a582c sp=0x00000000027e7280
Event: 10.769 Thread 0x00000000028d4800 DEOPT UNPACKING pc=0x0000000002a1557b sp=0x00000000027e72c8 mode 2
Event: 10.770 Thread 0x00000000028d4800 Uncommon trap: trap_request=0xffffffc6 fr.pc=0x000000000409c768
Event: 10.770 Thread 0x00000000028d4800 DEOPT PACKING pc=0x000000000409c768 sp=0x00000000027e80f0
Event: 10.770 Thread 0x00000000028d4800 DEOPT UNPACKING pc=0x0000000002a1557b sp=0x00000000027e8140 mode 2


Dynamic libraries:
0x00007ff70c1a0000 - 0x00007ff70c1d1000 	C:\Program Files\Android\Android Studio\jre\jre\bin\java.exe
0x00007fff87310000 - 0x00007fff874f1000 	C:\Windows\SYSTEM32\ntdll.dll
0x00007fff87080000 - 0x00007fff87131000 	C:\Windows\System32\KERNEL32.DLL
0x00007fff842e0000 - 0x00007fff84553000 	C:\Windows\System32\KERNELBASE.dll
0x00007fff866f0000 - 0x00007fff86791000 	C:\Windows\System32\ADVAPI32.dll
0x00007fff84b00000 - 0x00007fff84b9e000 	C:\Windows\System32\msvcrt.dll
0x00007fff867a0000 - 0x00007fff867fb000 	C:\Windows\System32\sechost.dll
0x00007fff871a0000 - 0x00007fff872c4000 	C:\Windows\System32\RPCRT4.dll
0x00007fff86870000 - 0x00007fff86a00000 	C:\Windows\System32\USER32.dll
0x00007fff84700000 - 0x00007fff84720000 	C:\Windows\System32\win32u.dll
0x00007fff86d80000 - 0x00007fff86da8000 	C:\Windows\System32\GDI32.dll
0x00007fff84560000 - 0x00007fff846f2000 	C:\Windows\System32\gdi32full.dll
0x00007fff83930000 - 0x00007fff839cf000 	C:\Windows\System32\msvcp_win.dll
0x00007fff841e0000 - 0x00007fff842d8000 	C:\Windows\System32\ucrtbase.dll
0x00007fff77ee0000 - 0x00007fff78149000 	C:\Windows\WinSxS\amd64_microsoft.windows.common-controls_6595b64144ccf1df_6.0.17134.765_none_fb42a1a930655896\COMCTL32.dll
0x00007fff847a0000 - 0x00007fff84ac2000 	C:\Windows\System32\combase.dll
0x00007fff84720000 - 0x00007fff8479a000 	C:\Windows\System32\bcryptPrimitives.dll
0x00007fff84ad0000 - 0x00007fff84afd000 	C:\Windows\System32\IMM32.DLL
0x00000000528c0000 - 0x0000000052992000 	C:\Program Files\Android\Android Studio\jre\jre\bin\msvcr100.dll
0x0000000052a80000 - 0x00000000532c1000 	C:\Program Files\Android\Android Studio\jre\jre\bin\server\jvm.dll
0x00007fff872d0000 - 0x00007fff872d8000 	C:\Windows\System32\PSAPI.DLL
0x00007fff7f4b0000 - 0x00007fff7f4b9000 	C:\Windows\SYSTEM32\WSOCK32.dll
0x00007fff82260000 - 0x00007fff8226a000 	C:\Windows\SYSTEM32\VERSION.dll
0x00007fff81600000 - 0x00007fff81623000 	C:\Windows\SYSTEM32\WINMM.dll
0x00007fff86800000 - 0x00007fff8686c000 	C:\Windows\System32\WS2_32.dll
0x00007fff811b0000 - 0x00007fff811da000 	C:\Windows\SYSTEM32\WINMMBASE.dll
0x00007fff839d0000 - 0x00007fff83a19000 	C:\Windows\System32\cfgmgr32.dll
0x00007fff735c0000 - 0x00007fff735cf000 	C:\Program Files\Android\Android Studio\jre\jre\bin\verify.dll
0x00007fff70d80000 - 0x00007fff70da9000 	C:\Program Files\Android\Android Studio\jre\jre\bin\java.dll
0x00007fff6f220000 - 0x00007fff6f236000 	C:\Program Files\Android\Android Studio\jre\jre\bin\zip.dll
0x00007fff85250000 - 0x00007fff86690000 	C:\Windows\System32\SHELL32.dll
0x00007fff86fb0000 - 0x00007fff87059000 	C:\Windows\System32\shcore.dll
0x00007fff83a20000 - 0x00007fff8412d000 	C:\Windows\System32\windows.storage.dll
0x00007fff86ad0000 - 0x00007fff86b21000 	C:\Windows\System32\shlwapi.dll
0x00007fff836c0000 - 0x00007fff836d1000 	C:\Windows\System32\kernel.appcore.dll
0x00007fff836a0000 - 0x00007fff836bf000 	C:\Windows\System32\profapi.dll
0x00007fff83650000 - 0x00007fff8369c000 	C:\Windows\System32\powrprof.dll
0x00007fff83640000 - 0x00007fff8364a000 	C:\Windows\System32\FLTLIB.DLL
0x00007fff6f040000 - 0x00007fff6f05a000 	C:\Program Files\Android\Android Studio\jre\jre\bin\net.dll
0x00007fff82ea0000 - 0x00007fff82f06000 	C:\Windows\system32\mswsock.dll
0x00007fff6c1f0000 - 0x00007fff6c201000 	C:\Program Files\Android\Android Studio\jre\jre\bin\nio.dll

VM Arguments:
java_command: org.jetbrains.kotlin.cli.jvm.K2JVMCompiler -Xadd-compiler-builtins -Xbuild-file=C:\Users\deonoize\AppData\Local\Temp\kjps8432890381838100645app_debug.script.xml -classpath C:\Users\deonoize\.gradle\caches\modules-2\files-2.1\org.jetbrains.kotlin\kotlin-android-extensions-runtime\1.3.31\721b62ccbafe51a284ca0d1c5dcfdce8cedd4255\kotlin-android-extensions-runtime-1.3.31.jar;C:\Users\deonoize\.gradle\caches\modules-2\files-2.1\org.jetbrains.kotlin\kotlin-stdlib-jdk7\1.3.31\e652770b6416c6d85934086899ffed3eccd35813\kotlin-stdlib-jdk7-1.3.31.jar;C:\Users\deonoize\.gradle\caches\modules-2\files-2.1\org.jetbrains.kotlin\kotlin-stdlib\1.3.31\11289d20fd95ae219333f3456072be9f081c30cc\kotlin-stdlib-1.3.31.jar;C:\Users\deonoize\.gradle\caches\modules-2\files-2.1\org.jetbrains.kotlin\kotlin-stdlib-common\1.3.31\20c34a04ea25cb1ef0139598bd67c764562cb170\kotlin-stdlib-common-1.3.31.jar;C:\Users\deonoize\.gradle\caches\modules-2\files-2.1\org.jetbrains\annotations\13.0\919f0dfe192fb4e063e7dacadee7f8bb9a2672a9\annotations-13.0.jar;C:\Users\deonoize\.gradle\caches\transforms-2\files-2.1\87e82ad8187c36413565b2e5d9328db0\jars\classes.jar;C:\Users\deonoize\.gradle\caches\transforms-2\files-2.1\e5985f024271b5c928840b53ea00187e\jars\classes.jar;C:\Users\deonoize\.gradle\caches\transforms-2\files-2.1\0ce4aaf8afaae96bc63fa0c2478afd7a\jars\classes.jar;C:\Users\deonoize\.gradle\caches\transforms-2\files-2.1\9c05832c3f31f0156443276d0c4c5d0d\jars\classes.jar;C:\Users\deonoize\.gradle\caches\transforms-2\files-2.1\6d91fe7ab13e57adc2a591d85b12b1dc\jars\classes.jar;C:\Users\deonoize\.gradle\caches\transforms-2\files-2.1\512c6c31a7a1a4ad14625673f658a561\jars\classes.jar;C:\Users\deonoize\.gradle\caches\transforms-2\files-2.1\fbb1b9d116a68eee83297d3304caf468\jars\classes.jar;C:\Users\deonoize\.gradle\caches\transforms-2\files-2.1\9886776a6e1d21cdec8139bcd49e4730\jars\classes.jar;C:\Users\deonoize\.gradle\caches\transforms-2\files-2.1\98be2e133347ea76fdcb2f7a8a7cedcc\jars\classes.jar;C:\U
java_class_path (initial): C:\Users\deonoize\.gradle\caches\modules-2\files-2.1\org.jetbrains.kotlin\kotlin-compiler-embeddable\1.3.31\965ef6d9abe1555cc5d0a34dd24ce93b49123e7c\kotlin-compiler-embeddable-1.3.31.jar;C:\Users\deonoize\.gradle\caches\modules-2\files-2.1\org.jetbrains.kotlin\kotlin-reflect\1.3.31\5a426a5ada97967ca60fba495eeaa66cfa7c9e2f\kotlin-reflect-1.3.31.jar;C:\Users\deonoize\.gradle\caches\modules-2\files-2.1\org.jetbrains.kotlin\kotlin-stdlib\1.3.31\11289d20fd95ae219333f3456072be9f081c30cc\kotlin-stdlib-1.3.31.jar;C:\Users\deonoize\.gradle\caches\modules-2\files-2.1\org.jetbrains.kotlin\kotlin-script-runtime\1.3.31\e63e9d1a9ddb5f43ac72115de992aed8eb938cb5\kotlin-script-runtime-1.3.31.jar;C:\Users\deonoize\.gradle\caches\modules-2\files-2.1\org.jetbrains.intellij.deps\trove4j\1.0.20181211\216c2e14b070f334479d800987affe4054cd563f\trove4j-1.0.20181211.jar;C:\Users\deonoize\.gradle\caches\modules-2\files-2.1\org.jetbrains.kotlin\kotlin-stdlib-common\1.3.31\20c34a04ea25cb1ef0139598bd67c764562cb170\kotlin-stdlib-common-1.3.31.jar;C:\Users\deonoize\.gradle\caches\modules-2\files-2.1\org.jetbrains\annotations\13.0\919f0dfe192fb4e063e7dacadee7f8bb9a2672a9\annotations-13.0.jar;C:\Program Files\Android\Android Studio\jre\lib\tools.jar
Launcher Type: SUN_STANDARD

Environment Variables:
PATH=C:\ProgramData\Oracle\Java\javapath;C:\Windows\system32;C:\Windows;C:\Windows\System32\Wbem;C:\Windows\System32\WindowsPowerShell\v1.0\;C:\Program Files (x86)\NVIDIA Corporation\PhysX\Common;C:\WINDOWS\system32;C:\WINDOWS;C:\WINDOWS\System32\Wbem;C:\WINDOWS\System32\WindowsPowerShell\v1.0\;C:\WINDOWS\System32\OpenSSH\;C:\Program Files\dotnet\;C:\Program Files\NVIDIA Corporation\NVIDIA NvDLISR;C:\Program Files\Microsoft VS Code\bin;C:\ProgramData\ComposerSetup\bin;E:\Programs\nodejs\;C:\Program Files\Git\cmd;C:\Program Files\heroku\bin;C:\Program Files (x86)\Common Files\Acronis\SnapAPI\;C:\Users\deonoize\AppData\Local\Microsoft\WindowsApps;C:\Users\deonoize\AppData\Local\GitHubDesktop\bin;C:\Program Files\Microsoft VS Code\bin;C:\Users\deonoize\AppData\Roaming\Composer\vendor\bin;E:\Programs\OSPanel\modules\php\PHP-7.2;C:\Users\deonoize\AppData\Roaming\npm;C:\Users\deonoize\AppData\Local\atom\bin;C:\Program Files\heroku\bin;E:\Programs\dart-sass;
USERNAME=deonoize
OS=Windows_NT
PROCESSOR_IDENTIFIER=Intel64 Family 6 Model 142 Stepping 10, GenuineIntel



---------------  S Y S T E M  ---------------

OS: Windows 10.0 , 64 bit Build 17134 (10.0.17134.753)

CPU:total 8 (initial active 8) (4 cores per cpu, 2 threads per core) family 6 model 142 stepping 10, cmov, cx8, fxsr, mmx, sse, sse2, sse3, ssse3, sse4.1, sse4.2, popcnt, avx, avx2, aes, clmul, erms, 3dnowpref, lzcnt, ht, tsc, tscinvbit, bmi1, bmi2, adx

Memory: 4k page, physical 8260236k(639636k free), swap 12454540k(5332k free)

vm_info: OpenJDK 64-Bit Server VM (25.152-b01) for windows-amd64 JRE (1.8.0_152-release-1343-b01), built by "builder" with MS VC++ 10.0 (VS2010)

time: Tue Jun 11 05:10:25 2019
elapsed time: 10 seconds (0d 0h 0m 10s)

