#
# There is insufficient memory for the Java Runtime Environment to continue.
# Native memory allocation (malloc) failed to allocate 1132176 bytes for Chunk::new
# Possible reasons:
#   The system is out of physical RAM or swap space
#   In 32 bit mode, the process size limit was hit
# Possible solutions:
#   Reduce memory load on the system
#   Increase physical memory or swap space
#   Check if swap backing store is full
#   Use 64 bit Java on a 64 bit OS
#   Decrease Java heap size (-Xmx/-Xms)
#   Decrease number of Java threads
#   Decrease Java thread stack sizes (-Xss)
#   Set larger code cache with -XX:ReservedCodeCacheSize=
# This output file may be truncated or incomplete.
#
#  Out of Memory Error (allocation.cpp:390), pid=9628, tid=0x00000000000023c4
#
# JRE version: OpenJDK Runtime Environment (8.0_152-b01) (build 1.8.0_152-release-1343-b01)
# Java VM: OpenJDK 64-Bit Server VM (25.152-b01 mixed mode windows-amd64 compressed oops)
# Failed to write core dump. Minidumps are not enabled by default on client versions of Windows
#

---------------  T H R E A D  ---------------

Current thread (0x0000000019fae000):  JavaThread "C2 CompilerThread2" daemon [_thread_in_native, id=9156, stack(0x000000001a990000,0x000000001aa90000)]

Stack: [0x000000001a990000,0x000000001aa90000]
[error occurred during error reporting (printing stack bounds), id 0xc0000005]

Native frames: (J=compiled Java code, j=interpreted, Vv=VM code, C=native code)


Current CompileTask:
C2:   6749 6644       4       org.jetbrains.kotlin.com.intellij.lang.java.parser.ExpressionParser::parseExpression (240 bytes)


---------------  P R O C E S S  ---------------

Java Threads: ( => current thread )
  0x000000001a04b800 JavaThread "Service Thread" daemon [_thread_blocked, id=1712, stack(0x000000001ab90000,0x000000001ac90000)]
  0x0000000019fb9000 JavaThread "C1 CompilerThread3" daemon [_thread_blocked, id=14528, stack(0x000000001aa90000,0x000000001ab90000)]
=>0x0000000019fae000 JavaThread "C2 CompilerThread2" daemon [_thread_in_native, id=9156, stack(0x000000001a990000,0x000000001aa90000)]
  0x0000000019fab000 JavaThread "C2 CompilerThread1" daemon [_thread_in_native, id=7964, stack(0x000000001a890000,0x000000001a990000)]
  0x0000000019fa8000 JavaThread "C2 CompilerThread0" daemon [_thread_in_native, id=8824, stack(0x000000001a790000,0x000000001a890000)]
  0x0000000019fa7000 JavaThread "Attach Listener" daemon [_thread_blocked, id=12520, stack(0x000000001a690000,0x000000001a790000)]
  0x0000000019fb5800 JavaThread "Signal Dispatcher" daemon [_thread_blocked, id=12544, stack(0x000000001a590000,0x000000001a690000)]
  0x000000000313b000 JavaThread "Finalizer" daemon [_thread_blocked, id=7744, stack(0x000000001a380000,0x000000001a480000)]
  0x00000000180ac800 JavaThread "Reference Handler" daemon [_thread_blocked, id=15968, stack(0x0000000019e80000,0x0000000019f80000)]
  0x0000000003044800 JavaThread "main" [_thread_in_Java, id=9460, stack(0x0000000002f40000,0x0000000003040000)]

Other Threads:
  0x00000000180a6800 VMThread [stack: 0x0000000019d80000,0x0000000019e80000] [id=772]
  0x000000001a04c800 WatcherThread [stack: 0x000000001ac90000,0x000000001ad90000] [id=1560]

VM state:not at safepoint (normal execution)

VM Mutex/Monitor currently owned by a thread: None

Heap:
 PSYoungGen      total 104960K, used 58541K [0x00000000d5f80000, 0x00000000de080000, 0x0000000100000000)
  eden space 87040K, 46% used [0x00000000d5f80000,0x00000000d872d4d8,0x00000000db480000)
  from space 17920K, 99% used [0x00000000dc880000,0x00000000dd9fe0a0,0x00000000dda00000)
  to   space 20480K, 0% used [0x00000000db480000,0x00000000db480000,0x00000000dc880000)
 ParOldGen       total 65024K, used 20643K [0x0000000081e00000, 0x0000000085d80000, 0x00000000d5f80000)
  object space 65024K, 31% used [0x0000000081e00000,0x0000000083228fe0,0x0000000085d80000)
 Metaspace       used 44412K, capacity 45183K, committed 45488K, reserved 1089536K
  class space    used 5561K, capacity 5783K, committed 5808K, reserved 1048576K

Card table byte_map: [0x0000000012500000,0x0000000012900000] byte_map_base: 0x00000000120f1000

Marking Bits: (ParMarkBitMap*) 0x000000005e9f5aa0
 Begin Bits: [0x00000000133b0000, 0x0000000015338000)
 End Bits:   [0x0000000015338000, 0x00000000172c0000)

Polling page: 0x0000000001250000

CodeCache: size=245760Kb used=21735Kb max_used=21735Kb free=224025Kb
 bounds [0x0000000003140000, 0x0000000004690000, 0x0000000012140000]
 total_blobs=7086 nmethods=6632 adapters=365
 compilation: enabled

Compilation events (10 events):
Event: 6.734 Thread 0x0000000019fb9000 6736       2       org.jetbrains.kotlin.com.intellij.extapi.psi.StubBasedPsiElementBase::getStubOrPsiChild (64 bytes)
Event: 6.735 Thread 0x0000000019fb9000 nmethod 6736 0x0000000004687c50 code [0x0000000004687e20, 0x0000000004688178]
Event: 6.735 Thread 0x0000000019fb9000 6738       2       org.jetbrains.kotlin.com.intellij.psi.impl.source.PsiFieldImpl::getNode (16 bytes)
Event: 6.735 Thread 0x0000000019fb9000 nmethod 6738 0x0000000004688350 code [0x00000000046884c0, 0x0000000004688698]
Event: 6.735 Thread 0x0000000019fb9000 6733       2       org.jetbrains.kotlin.com.intellij.util.containers.ContainerUtil::addIfNotNull (16 bytes)
Event: 6.735 Thread 0x0000000019fb9000 nmethod 6733 0x0000000004688790 code [0x0000000004688900, 0x0000000004688ac8]
Event: 6.735 Thread 0x0000000019fb9000 6737       2       org.jetbrains.kotlin.com.intellij.util.containers.ContainerUtilRt::addIfNotNull (22 bytes)
Event: 6.736 Thread 0x0000000019fb9000 nmethod 6737 0x0000000004688bd0 code [0x0000000004688d40, 0x0000000004688ef8]
Event: 6.736 Thread 0x0000000019fb9000 6731       2       java.lang.String::compareTo (9 bytes)
Event: 6.736 Thread 0x0000000019fb9000 nmethod 6731 0x0000000004688fd0 code [0x0000000004689140, 0x00000000046892e8]

GC Heap History (10 events):
Event: 2.715 GC heap before
{Heap before GC invocations=6 (full 1):
 PSYoungGen      total 53248K, used 53231K [0x00000000d5f80000, 0x00000000daa80000, 0x0000000100000000)
  eden space 48128K, 100% used [0x00000000d5f80000,0x00000000d8e80000,0x00000000d8e80000)
  from space 5120K, 99% used [0x00000000da580000,0x00000000daa7bfb8,0x00000000daa80000)
  to   space 5120K, 0% used [0x00000000da080000,0x00000000da080000,0x00000000da580000)
 ParOldGen       total 65024K, used 10339K [0x0000000081e00000, 0x0000000085d80000, 0x00000000d5f80000)
  object space 65024K, 15% used [0x0000000081e00000,0x0000000082818de0,0x0000000085d80000)
 Metaspace       used 33013K, capacity 33505K, committed 33840K, reserved 1079296K
  class space    used 4232K, capacity 4364K, committed 4400K, reserved 1048576K
Event: 2.739 GC heap after
Heap after GC invocations=6 (full 1):
 PSYoungGen      total 71680K, used 5095K [0x00000000d5f80000, 0x00000000dc500000, 0x0000000100000000)
  eden space 66560K, 0% used [0x00000000d5f80000,0x00000000d5f80000,0x00000000da080000)
  from space 5120K, 99% used [0x00000000da080000,0x00000000da579fd8,0x00000000da580000)
  to   space 16896K, 0% used [0x00000000db480000,0x00000000db480000,0x00000000dc500000)
 ParOldGen       total 65024K, used 22932K [0x0000000081e00000, 0x0000000085d80000, 0x00000000d5f80000)
  object space 65024K, 35% used [0x0000000081e00000,0x0000000083465358,0x0000000085d80000)
 Metaspace       used 33013K, capacity 33505K, committed 33840K, reserved 1079296K
  class space    used 4232K, capacity 4364K, committed 4400K, reserved 1048576K
}
Event: 3.402 GC heap before
{Heap before GC invocations=7 (full 1):
 PSYoungGen      total 71680K, used 25257K [0x00000000d5f80000, 0x00000000dc500000, 0x0000000100000000)
  eden space 66560K, 30% used [0x00000000d5f80000,0x00000000d73304c8,0x00000000da080000)
  from space 5120K, 99% used [0x00000000da080000,0x00000000da579fd8,0x00000000da580000)
  to   space 16896K, 0% used [0x00000000db480000,0x00000000db480000,0x00000000dc500000)
 ParOldGen       total 65024K, used 22932K [0x0000000081e00000, 0x0000000085d80000, 0x00000000d5f80000)
  object space 65024K, 35% used [0x0000000081e00000,0x0000000083465358,0x0000000085d80000)
 Metaspace       used 34754K, capacity 35279K, committed 35496K, reserved 1081344K
  class space    used 4439K, capacity 4605K, committed 4656K, reserved 1048576K
Event: 3.419 GC heap after
Heap after GC invocations=7 (full 1):
 PSYoungGen      total 88064K, used 10438K [0x00000000d5f80000, 0x00000000ddf00000, 0x0000000100000000)
  eden space 71168K, 0% used [0x00000000d5f80000,0x00000000d5f80000,0x00000000da500000)
  from space 16896K, 61% used [0x00000000db480000,0x00000000dbeb1908,0x00000000dc500000)
  to   space 15872K, 0% used [0x00000000da500000,0x00000000da500000,0x00000000db480000)
 ParOldGen       total 65024K, used 22940K [0x0000000081e00000, 0x0000000085d80000, 0x00000000d5f80000)
  object space 65024K, 35% used [0x0000000081e00000,0x0000000083467358,0x0000000085d80000)
 Metaspace       used 34754K, capacity 35279K, committed 35496K, reserved 1081344K
  class space    used 4439K, capacity 4605K, committed 4656K, reserved 1048576K
}
Event: 3.419 GC heap before
{Heap before GC invocations=8 (full 2):
 PSYoungGen      total 88064K, used 10438K [0x00000000d5f80000, 0x00000000ddf00000, 0x0000000100000000)
  eden space 71168K, 0% used [0x00000000d5f80000,0x00000000d5f80000,0x00000000da500000)
  from space 16896K, 61% used [0x00000000db480000,0x00000000dbeb1908,0x00000000dc500000)
  to   space 15872K, 0% used [0x00000000da500000,0x00000000da500000,0x00000000db480000)
 ParOldGen       total 65024K, used 22940K [0x0000000081e00000, 0x0000000085d80000, 0x00000000d5f80000)
  object space 65024K, 35% used [0x0000000081e00000,0x0000000083467358,0x0000000085d80000)
 Metaspace       used 34754K, capacity 35279K, committed 35496K, reserved 1081344K
  class space    used 4439K, capacity 4605K, committed 4656K, reserved 1048576K
Event: 3.587 GC heap after
Heap after GC invocations=8 (full 2):
 PSYoungGen      total 88064K, used 0K [0x00000000d5f80000, 0x00000000ddf00000, 0x0000000100000000)
  eden space 71168K, 0% used [0x00000000d5f80000,0x00000000d5f80000,0x00000000da500000)
  from space 16896K, 0% used [0x00000000db480000,0x00000000db480000,0x00000000dc500000)
  to   space 15872K, 0% used [0x00000000da500000,0x00000000da500000,0x00000000db480000)
 ParOldGen       total 65024K, used 19996K [0x0000000081e00000, 0x0000000085d80000, 0x00000000d5f80000)
  object space 65024K, 30% used [0x0000000081e00000,0x00000000831872b0,0x0000000085d80000)
 Metaspace       used 34754K, capacity 35279K, committed 35496K, reserved 1081344K
  class space    used 4439K, capacity 4605K, committed 4656K, reserved 1048576K
}
Event: 5.600 GC heap before
{Heap before GC invocations=9 (full 2):
 PSYoungGen      total 88064K, used 71168K [0x00000000d5f80000, 0x00000000ddf00000, 0x0000000100000000)
  eden space 71168K, 100% used [0x00000000d5f80000,0x00000000da500000,0x00000000da500000)
  from space 16896K, 0% used [0x00000000db480000,0x00000000db480000,0x00000000dc500000)
  to   space 15872K, 0% used [0x00000000da500000,0x00000000da500000,0x00000000db480000)
 ParOldGen       total 65024K, used 19996K [0x0000000081e00000, 0x0000000085d80000, 0x00000000d5f80000)
  object space 65024K, 30% used [0x0000000081e00000,0x00000000831872b0,0x0000000085d80000)
 Metaspace       used 39801K, capacity 40441K, committed 40752K, reserved 1085440K
  class space    used 4959K, capacity 5136K, committed 5168K, reserved 1048576K
Event: 5.612 GC heap after
Heap after GC invocations=9 (full 2):
 PSYoungGen      total 87040K, used 15597K [0x00000000d5f80000, 0x00000000dda00000, 0x0000000100000000)
  eden space 71168K, 0% used [0x00000000d5f80000,0x00000000d5f80000,0x00000000da500000)
  from space 15872K, 98% used [0x00000000da500000,0x00000000db43b468,0x00000000db480000)
  to   space 17920K, 0% used [0x00000000dc880000,0x00000000dc880000,0x00000000dda00000)
 ParOldGen       total 65024K, used 20004K [0x0000000081e00000, 0x0000000085d80000, 0x00000000d5f80000)
  object space 65024K, 30% used [0x0000000081e00000,0x00000000831892b0,0x0000000085d80000)
 Metaspace       used 39801K, capacity 40441K, committed 40752K, reserved 1085440K
  class space    used 4959K, capacity 5136K, committed 5168K, reserved 1048576K
}
Event: 6.139 GC heap before
{Heap before GC invocations=10 (full 2):
 PSYoungGen      total 87040K, used 86765K [0x00000000d5f80000, 0x00000000dda00000, 0x0000000100000000)
  eden space 71168K, 100% used [0x00000000d5f80000,0x00000000da500000,0x00000000da500000)
  from space 15872K, 98% used [0x00000000da500000,0x00000000db43b468,0x00000000db480000)
  to   space 17920K, 0% used [0x00000000dc880000,0x00000000dc880000,0x00000000dda00000)
 ParOldGen       total 65024K, used 20004K [0x0000000081e00000, 0x0000000085d80000, 0x00000000d5f80000)
  object space 65024K, 30% used [0x0000000081e00000,0x00000000831892b0,0x0000000085d80000)
 Metaspace       used 40619K, capacity 41343K, committed 41648K, reserved 1085440K
  class space    used 4994K, capacity 5177K, committed 5296K, reserved 1048576K
Event: 6.152 GC heap after
Heap after GC invocations=10 (full 2):
 PSYoungGen      total 104960K, used 17912K [0x00000000d5f80000, 0x00000000de080000, 0x0000000100000000)
  eden space 87040K, 0% used [0x00000000d5f80000,0x00000000d5f80000,0x00000000db480000)
  from space 17920K, 99% used [0x00000000dc880000,0x00000000dd9fe0a0,0x00000000dda00000)
  to   space 20480K, 0% used [0x00000000db480000,0x00000000db480000,0x00000000dc880000)
 ParOldGen       total 65024K, used 20643K [0x0000000081e00000, 0x0000000085d80000, 0x00000000d5f80000)
  object space 65024K, 31% used [0x0000000081e00000,0x0000000083228fe0,0x0000000085d80000)
 Metaspace       used 40619K, capacity 41343K, committed 41648K, reserved 1085440K
  class space    used 4994K, capacity 5177K, committed 5296K, reserved 1048576K
}

Deoptimization events (10 events):
Event: 6.710 Thread 0x0000000003044800 Uncommon trap: reason=bimorphic action=maybe_recompile pc=0x0000000003cfab6c method=org.jetbrains.kotlin.com.intellij.psi.impl.source.tree.SharedImplUtil.findFileElement(Lorg/jetbrains/kotlin/com/intellij/lang/ASTNode;)Lorg/jetbrains/kotlin/com/intellij/l
Event: 6.717 Thread 0x0000000003044800 Uncommon trap: reason=bimorphic action=maybe_recompile pc=0x00000000044f3dd8 method=kotlin.collections.CollectionsKt___CollectionsKt.firstOrNull(Ljava/lang/Iterable;)Ljava/lang/Object; @ 19
Event: 6.719 Thread 0x0000000003044800 Uncommon trap: reason=class_check action=maybe_recompile pc=0x0000000003fdca94 method=org.jetbrains.kotlin.com.intellij.psi.impl.source.tree.CompositeElement.getPsi()Lorg/jetbrains/kotlin/com/intellij/psi/PsiElement; @ 15
Event: 6.719 Thread 0x0000000003044800 Uncommon trap: reason=class_check action=maybe_recompile pc=0x000000000400a2f0 method=org.jetbrains.kotlin.com.intellij.extapi.psi.StubBasedPsiElementBase.<init>(Lorg/jetbrains/kotlin/com/intellij/lang/ASTNode;)V @ 22
Event: 6.721 Thread 0x0000000003044800 Uncommon trap: reason=bimorphic action=maybe_recompile pc=0x000000000401694c method=org.jetbrains.kotlin.com.intellij.psi.impl.source.tree.CompositeElement.countChildren(Lorg/jetbrains/kotlin/com/intellij/psi/tree/TokenSet;)I @ 3
Event: 6.722 Thread 0x0000000003044800 Uncommon trap: reason=speculate_class_check action=maybe_recompile pc=0x0000000004059f14 method=org.jetbrains.kotlin.com.intellij.psi.impl.source.tree.CompositeElement.countChildren(Lorg/jetbrains/kotlin/com/intellij/psi/tree/TokenSet;)I @ 3
Event: 6.725 Thread 0x0000000003044800 Uncommon trap: reason=speculate_class_check action=maybe_recompile pc=0x0000000004059f14 method=org.jetbrains.kotlin.com.intellij.psi.impl.source.tree.CompositeElement.countChildren(Lorg/jetbrains/kotlin/com/intellij/psi/tree/TokenSet;)I @ 3
Event: 6.726 Thread 0x0000000003044800 Uncommon trap: reason=speculate_class_check action=maybe_recompile pc=0x0000000004059f14 method=org.jetbrains.kotlin.com.intellij.psi.impl.source.tree.CompositeElement.countChildren(Lorg/jetbrains/kotlin/com/intellij/psi/tree/TokenSet;)I @ 3
Event: 6.730 Thread 0x0000000003044800 Uncommon trap: reason=bimorphic action=maybe_recompile pc=0x000000000401694c method=org.jetbrains.kotlin.com.intellij.psi.impl.source.tree.CompositeElement.countChildren(Lorg/jetbrains/kotlin/com/intellij/psi/tree/TokenSet;)I @ 3
Event: 6.732 Thread 0x0000000003044800 Uncommon trap: reason=bimorphic action=maybe_recompile pc=0x000000000401694c method=org.jetbrains.kotlin.com.intellij.psi.impl.source.tree.CompositeElement.countChildren(Lorg/jetbrains/kotlin/com/intellij/psi/tree/TokenSet;)I @ 3

Classes redefined (0 events):
No events

Internal exceptions (10 events):
Event: 3.133 Thread 0x0000000003044800 Exception <a 'java/lang/NoSuchMethodError': java.lang.Object.lambda$static$0(I)[Lorg/jetbrains/kotlin/psi/KtDeclaration;> (0x00000000d69d1148) thrown at [D:\src\AOSP-openjdk-cygwin\jdk8u\hotspot\src\share\vm\interpreter\linkResolver.cpp, line 584]
Event: 3.177 Thread 0x0000000003044800 Implicit null exception at 0x000000000399d614 to 0x000000000399d7ec
Event: 3.383 Thread 0x0000000003044800 Exception <a 'java/lang/NoSuchMethodError': java.lang.Object.lambda$static$0(I)[Lorg/jetbrains/kotlin/psi/KtTypeElement;> (0x00000000d71eef98) thrown at [D:\src\AOSP-openjdk-cygwin\jdk8u\hotspot\src\share\vm\interpreter\linkResolver.cpp, line 584]
Event: 4.547 Thread 0x0000000003044800 Exception <a 'java/lang/NoSuchMethodError': java.lang.Object.lambda$static$0(I)[Lorg/jetbrains/kotlin/com/intellij/psi/PsiClass;> (0x00000000d8b88998) thrown at [D:\src\AOSP-openjdk-cygwin\jdk8u\hotspot\src\share\vm\interpreter\linkResolver.cpp, line 584]
Event: 6.639 Thread 0x0000000003044800 Exception <a 'java/lang/NoSuchMethodError': java.lang.Object.lambda$static$0(I)[Lorg/jetbrains/kotlin/com/intellij/psi/PsiReference;> (0x00000000d7f380f0) thrown at [D:\src\AOSP-openjdk-cygwin\jdk8u\hotspot\src\share\vm\interpreter\linkResolver.cpp, line 
Event: 6.644 Thread 0x0000000003044800 Exception <a 'java/lang/NoSuchMethodError': java.lang.Object.lambda$static$0(I)[Lorg/jetbrains/kotlin/com/intellij/psi/PsiTypeElement;> (0x00000000d7f6fc98) thrown at [D:\src\AOSP-openjdk-cygwin\jdk8u\hotspot\src\share\vm\interpreter\linkResolver.cpp, lin
Event: 6.708 Thread 0x0000000003044800 Exception <a 'java/lang/NoSuchMethodError': java.lang.Object.lambda$static$0(I)[Lorg/jetbrains/kotlin/com/intellij/psi/PsiTypeParameter;> (0x00000000d8532840) thrown at [D:\src\AOSP-openjdk-cygwin\jdk8u\hotspot\src\share\vm\interpreter\linkResolver.cpp, l
Event: 6.725 Thread 0x0000000003044800 Exception <a 'java/lang/NoSuchMethodError': java.lang.Object.lambda$static$0(I)[Lorg/jetbrains/kotlin/com/intellij/psi/PsiMethod;> (0x00000000d8600c68) thrown at [D:\src\AOSP-openjdk-cygwin\jdk8u\hotspot\src\share\vm\interpreter\linkResolver.cpp, line 584
Event: 6.726 Thread 0x0000000003044800 Exception <a 'java/lang/NoSuchMethodError': java.lang.Object.lambda$static$0(I)[Lorg/jetbrains/kotlin/com/intellij/psi/PsiField;> (0x00000000d860b378) thrown at [D:\src\AOSP-openjdk-cygwin\jdk8u\hotspot\src\share\vm\interpreter\linkResolver.cpp, line 584]
Event: 6.744 Thread 0x0000000003044800 Exception <a 'java/lang/NoSuchMethodError': java.lang.Object.lambda$static$0(I)[Lorg/jetbrains/kotlin/com/intellij/psi/PsiJavaCodeReferenceElement;> (0x00000000d86986f8) thrown at [D:\src\AOSP-openjdk-cygwin\jdk8u\hotspot\src\share\vm\interpreter\linkReso

Events (10 events):
Event: 6.740 loading class org/jetbrains/kotlin/com/intellij/psi/PsiAnonymousClass
Event: 6.740 loading class org/jetbrains/kotlin/com/intellij/psi/PsiAnonymousClass done
Event: 6.743 loading class org/jetbrains/kotlin/com/intellij/psi/impl/source/PsiReferenceListImpl
Event: 6.743 loading class org/jetbrains/kotlin/com/intellij/psi/impl/source/PsiReferenceListImpl done
Event: 6.744 loading class org/jetbrains/kotlin/com/intellij/psi/PsiJavaCodeReferenceElement
Event: 6.744 loading class org/jetbrains/kotlin/com/intellij/psi/PsiJavaCodeReferenceElement done
Event: 6.744 loading class org/jetbrains/kotlin/com/intellij/psi/PsiJavaCodeReferenceElement
Event: 6.744 loading class org/jetbrains/kotlin/com/intellij/psi/PsiJavaCodeReferenceElement done
Event: 6.744 loading class org/jetbrains/kotlin/com/intellij/util/ArrayFactory
Event: 6.744 loading class org/jetbrains/kotlin/com/intellij/util/ArrayFactory done


Dynamic libraries:
0x00007ff63b2b0000 - 0x00007ff63b2e1000 	C:\Program Files\Android\Android Studio\jre\jre\bin\java.exe
0x00007ffd33770000 - 0x00007ffd33951000 	C:\Windows\SYSTEM32\ntdll.dll
0x00007ffd324a0000 - 0x00007ffd32551000 	C:\Windows\System32\KERNEL32.DLL
0x00007ffd30850000 - 0x00007ffd30ac3000 	C:\Windows\System32\KERNELBASE.dll
0x00007ffd30d90000 - 0x00007ffd30e31000 	C:\Windows\System32\ADVAPI32.dll
0x00007ffd328d0000 - 0x00007ffd3296e000 	C:\Windows\System32\msvcrt.dll
0x00007ffd30e40000 - 0x00007ffd30e9b000 	C:\Windows\System32\sechost.dll
0x00007ffd33440000 - 0x00007ffd33564000 	C:\Windows\System32\RPCRT4.dll
0x00007ffd30c00000 - 0x00007ffd30d90000 	C:\Windows\System32\USER32.dll
0x00007ffd30830000 - 0x00007ffd30850000 	C:\Windows\System32\win32u.dll
0x00007ffd33340000 - 0x00007ffd33368000 	C:\Windows\System32\GDI32.dll
0x00007ffd2fb40000 - 0x00007ffd2fcd2000 	C:\Windows\System32\gdi32full.dll
0x00007ffd30030000 - 0x00007ffd300cf000 	C:\Windows\System32\msvcp_win.dll
0x00007ffd2fce0000 - 0x00007ffd2fdd8000 	C:\Windows\System32\ucrtbase.dll
0x00007ffd23790000 - 0x00007ffd239f9000 	C:\Windows\WinSxS\amd64_microsoft.windows.common-controls_6595b64144ccf1df_6.0.17134.765_none_fb42a1a930655896\COMCTL32.dll
0x00007ffd33010000 - 0x00007ffd33332000 	C:\Windows\System32\combase.dll
0x00007ffd30ad0000 - 0x00007ffd30b4a000 	C:\Windows\System32\bcryptPrimitives.dll
0x00007ffd32450000 - 0x00007ffd3247d000 	C:\Windows\System32\IMM32.DLL
0x000000005dcd0000 - 0x000000005dda2000 	C:\Program Files\Android\Android Studio\jre\jre\bin\msvcr100.dll
0x000000005e230000 - 0x000000005ea71000 	C:\Program Files\Android\Android Studio\jre\jre\bin\server\jvm.dll
0x00007ffd32560000 - 0x00007ffd32568000 	C:\Windows\System32\PSAPI.DLL
0x00007ffd2dc00000 - 0x00007ffd2dc23000 	C:\Windows\SYSTEM32\WINMM.dll
0x00007ffd28e30000 - 0x00007ffd28e3a000 	C:\Windows\SYSTEM32\VERSION.dll
0x00007ffd169f0000 - 0x00007ffd169f9000 	C:\Windows\SYSTEM32\WSOCK32.dll
0x00007ffd336d0000 - 0x00007ffd3373c000 	C:\Windows\System32\WS2_32.dll
0x00007ffd2d7b0000 - 0x00007ffd2d7da000 	C:\Windows\SYSTEM32\WINMMBASE.dll
0x00007ffd300d0000 - 0x00007ffd30119000 	C:\Windows\System32\cfgmgr32.dll
0x00007ffd23cd0000 - 0x00007ffd23cdf000 	C:\Program Files\Android\Android Studio\jre\jre\bin\verify.dll
0x00007ffd16fc0000 - 0x00007ffd16fe9000 	C:\Program Files\Android\Android Studio\jre\jre\bin\java.dll
0x00007ffd19c70000 - 0x00007ffd19c86000 	C:\Program Files\Android\Android Studio\jre\jre\bin\zip.dll
0x00007ffd30f70000 - 0x00007ffd323b0000 	C:\Windows\System32\SHELL32.dll
0x00007ffd32b10000 - 0x00007ffd32bb9000 	C:\Windows\System32\shcore.dll
0x00007ffd30120000 - 0x00007ffd3082d000 	C:\Windows\System32\windows.storage.dll
0x00007ffd333d0000 - 0x00007ffd33421000 	C:\Windows\System32\shlwapi.dll
0x00007ffd2fb00000 - 0x00007ffd2fb11000 	C:\Windows\System32\kernel.appcore.dll
0x00007ffd2fb20000 - 0x00007ffd2fb3f000 	C:\Windows\System32\profapi.dll
0x00007ffd2fab0000 - 0x00007ffd2fafc000 	C:\Windows\System32\powrprof.dll
0x00007ffd2faa0000 - 0x00007ffd2faaa000 	C:\Windows\System32\FLTLIB.DLL
0x00007ffd19250000 - 0x00007ffd1926a000 	C:\Program Files\Android\Android Studio\jre\jre\bin\net.dll
0x00007ffd2f300000 - 0x00007ffd2f366000 	C:\Windows\system32\mswsock.dll
0x00007ffd17b40000 - 0x00007ffd17b51000 	C:\Program Files\Android\Android Studio\jre\jre\bin\nio.dll

VM Arguments:
java_command: org.jetbrains.kotlin.cli.jvm.K2JVMCompiler -Xadd-compiler-builtins -Xbuild-file=C:\Users\deonoize\AppData\Local\Temp\kjps5613879313826520346app_debug.script.xml -classpath C:\Users\deonoize\.gradle\caches\modules-2\files-2.1\org.jetbrains.kotlin\kotlin-stdlib-jdk7\1.3.21\d207ce2c9bcf17dc8e51bab4dbfdac4d013e7138\kotlin-stdlib-jdk7-1.3.21.jar;C:\Users\deonoize\.gradle\caches\modules-2\files-2.1\org.jetbrains.kotlin\kotlin-stdlib\1.3.21\4bcc2012b84840e19e1e28074284cac908be0295\kotlin-stdlib-1.3.21.jar;C:\Users\deonoize\.gradle\caches\modules-2\files-2.1\org.jetbrains.kotlin\kotlin-stdlib-common\1.3.21\f30e4a9897913e53d778f564110bafa1fef46643\kotlin-stdlib-common-1.3.21.jar;C:\Users\deonoize\.gradle\caches\modules-2\files-2.1\org.jetbrains\annotations\13.0\919f0dfe192fb4e063e7dacadee7f8bb9a2672a9\annotations-13.0.jar;C:\Users\deonoize\.gradle\caches\transforms-2\files-2.1\52118daa9060e2ba38bd078775b7f54e\jars\classes.jar;C:\Users\deonoize\.gradle\caches\transforms-2\files-2.1\e9a34b6c5673ec857bb9c197ff6329dc\jars\classes.jar;C:\Users\deonoize\.gradle\caches\transforms-2\files-2.1\8d6d0db5337798adef251721851164bd\jars\classes.jar;C:\Users\deonoize\.gradle\caches\transforms-2\files-2.1\cc78bdd607aad57a16e1de21dbd361ee\jars\classes.jar;C:\Users\deonoize\.gradle\caches\transforms-2\files-2.1\5f75bcfd87296d097c56a5387391e173\jars\classes.jar;C:\Users\deonoize\.gradle\caches\transforms-2\files-2.1\ef1ebf664e5b860e0ff48ce2fa52201a\jars\classes.jar;C:\Users\deonoize\.gradle\caches\transforms-2\files-2.1\724c5d8c2080817c7d7bc587747e5f0a\jars\classes.jar;C:\Users\deonoize\.gradle\caches\transforms-2\files-2.1\a47e0f921703977241fd58c90847eaa8\jars\classes.jar;C:\Users\deonoize\.gradle\caches\transforms-2\files-2.1\1627fd81cc5586d16aed0670f0856984\jars\classes.jar;C:\Users\deonoize\.gradle\caches\transforms-2\files-2.1\b11c34e7964b5d003b3bc0b94e381416\jars\classes.jar;C:\Users\deonoize\.gradle\caches\transforms-2\files-2.1\abf8b51f7e5cc45e8c62764667ffcb51\jars\class
java_class_path (initial): C:\Users\deonoize\.gradle\caches\modules-2\files-2.1\org.jetbrains.kotlin\kotlin-compiler-embeddable\1.3.21\677cc9553b8964c895abc76da9b6a0faea8f671d\kotlin-compiler-embeddable-1.3.21.jar;C:\Users\deonoize\.gradle\caches\modules-2\files-2.1\org.jetbrains.kotlin\kotlin-reflect\1.3.21\d0d5ff2ac2ebd8a42697af41e20fc225a23c5d3b\kotlin-reflect-1.3.21.jar;C:\Users\deonoize\.gradle\caches\modules-2\files-2.1\org.jetbrains.kotlin\kotlin-stdlib\1.3.21\4bcc2012b84840e19e1e28074284cac908be0295\kotlin-stdlib-1.3.21.jar;C:\Users\deonoize\.gradle\caches\modules-2\files-2.1\org.jetbrains.kotlin\kotlin-script-runtime\1.3.21\29363d474ee6fda354900636320a177c7286def9\kotlin-script-runtime-1.3.21.jar;C:\Users\deonoize\.gradle\caches\modules-2\files-2.1\org.jetbrains.intellij.deps\trove4j\1.0.20181211\216c2e14b070f334479d800987affe4054cd563f\trove4j-1.0.20181211.jar;C:\Users\deonoize\.gradle\caches\modules-2\files-2.1\org.jetbrains.kotlin\kotlin-stdlib-common\1.3.21\f30e4a9897913e53d778f564110bafa1fef46643\kotlin-stdlib-common-1.3.21.jar;C:\Users\deonoize\.gradle\caches\modules-2\files-2.1\org.jetbrains\annotations\13.0\919f0dfe192fb4e063e7dacadee7f8bb9a2672a9\annotations-13.0.jar;C:\Program Files\Android\Android Studio\jre\lib\tools.jar
Launcher Type: SUN_STANDARD

Environment Variables:
PATH=C:\Program Files (x86)\Common Files\Oracle\Java\javapath;C:\ProgramData\Oracle\Java\javapath;C:\Windows\system32;C:\Windows;C:\Windows\System32\Wbem;C:\Windows\System32\WindowsPowerShell\v1.0\;C:\Program Files (x86)\NVIDIA Corporation\PhysX\Common;C:\WINDOWS\system32;C:\WINDOWS;C:\WINDOWS\System32\Wbem;C:\WINDOWS\System32\WindowsPowerShell\v1.0\;C:\WINDOWS\System32\OpenSSH\;C:\Program Files\dotnet\;C:\Program Files\NVIDIA Corporation\NVIDIA NvDLISR;C:\Program Files\Microsoft VS Code\bin;C:\ProgramData\ComposerSetup\bin;E:\Programs\nodejs\;C:\Program Files\Git\cmd;C:\Program Files\heroku\bin;C:\Program Files (x86)\Common Files\Acronis\SnapAPI\;C:\Users\deonoize\AppData\Local\Microsoft\WindowsApps;C:\Users\deonoize\AppData\Local\GitHubDesktop\bin;C:\Program Files\Microsoft VS Code\bin;C:\Users\deonoize\AppData\Roaming\Composer\vendor\bin;E:\Programs\OSPanel\modules\php\PHP-7.2;C:\Users\deonoize\AppData\Roaming\npm;C:\Users\deonoize\AppData\Local\atom\bin;C:\Program Files\heroku\bin;E:\Programs\dart-sass;
USERNAME=deonoize
OS=Windows_NT
PROCESSOR_IDENTIFIER=Intel64 Family 6 Model 142 Stepping 10, GenuineIntel



---------------  S Y S T E M  ---------------

OS: Windows 10.0 , 64 bit Build 17134 (10.0.17134.753)

CPU:total 8 (initial active 8) (4 cores per cpu, 2 threads per core) family 6 model 142 stepping 10, cmov, cx8, fxsr, mmx, sse, sse2, sse3, ssse3, sse4.1, sse4.2, popcnt, avx, avx2, aes, clmul, erms, 3dnowpref, lzcnt, ht, tsc, tscinvbit, bmi1, bmi2, adx

Memory: 4k page, physical 8260236k(536532k free), swap 12454540k(5360k free)

vm_info: OpenJDK 64-Bit Server VM (25.152-b01) for windows-amd64 JRE (1.8.0_152-release-1343-b01), built by "builder" with MS VC++ 10.0 (VS2010)

time: Tue Jun 04 18:55:05 2019
elapsed time: 6 seconds (0d 0h 0m 6s)

