#
# There is insufficient memory for the Java Runtime Environment to continue.
# Native memory allocation (malloc) failed to allocate 1027056 bytes for Chunk::new
# Possible reasons:
#   The system is out of physical RAM or swap space
#   In 32 bit mode, the process size limit was hit
# Possible solutions:
#   Reduce memory load on the system
#   Increase physical memory or swap space
#   Check if swap backing store is full
#   Use 64 bit Java on a 64 bit OS
#   Decrease Java heap size (-Xmx/-Xms)
#   Decrease number of Java threads
#   Decrease Java thread stack sizes (-Xss)
#   Set larger code cache with -XX:ReservedCodeCacheSize=
# This output file may be truncated or incomplete.
#
#  Out of Memory Error (allocation.cpp:390), pid=16076, tid=0x0000000000000c3c
#
# JRE version: OpenJDK Runtime Environment (8.0_152-b01) (build 1.8.0_152-release-1343-b01)
# Java VM: OpenJDK 64-Bit Server VM (25.152-b01 mixed mode windows-amd64 compressed oops)
# Failed to write core dump. Minidumps are not enabled by default on client versions of Windows
#

---------------  T H R E A D  ---------------

Current thread (0x0000000016589000):  JavaThread "C2 CompilerThread0" daemon [_thread_in_native, id=3132, stack(0x0000000016d60000,0x0000000016e60000)]

Stack: [0x0000000016d60000,0x0000000016e60000]
[error occurred during error reporting (printing stack bounds), id 0xc0000005]

Native frames: (J=compiled Java code, j=interpreted, Vv=VM code, C=native code)


Current CompileTask:
C2:  20459 7476   !   4       org.jetbrains.kotlin.metadata.ProtoBuf$Function::<init> (1112 bytes)


---------------  P R O C E S S  ---------------

Java Threads: ( => current thread )
  0x00000000176e3800 JavaThread "RMI RenewClean-[127.0.0.1:1364,org.jetbrains.kotlin.daemon.common.LoopbackNetworkInterface$ClientLoopbackSocketFactory@1ffd6118]" daemon [_thread_blocked, id=10856, stack(0x0000000018af0000,0x0000000018bf0000)]
  0x0000000017702800 JavaThread "RMI TCP Connection(2)-127.0.0.1" daemon [_thread_in_Java, id=8932, stack(0x00000000188f0000,0x00000000189f0000)]
  0x0000000017695000 JavaThread "RMI Scheduler(0)" daemon [_thread_blocked, id=12412, stack(0x00000000187f0000,0x00000000188f0000)]
  0x0000000017668800 JavaThread "RMI TCP Connection(1)-127.0.0.1" daemon [_thread_in_native, id=13256, stack(0x00000000186f0000,0x00000000187f0000)]
  0x0000000002da2800 JavaThread "DestroyJavaVM" [_thread_blocked, id=13280, stack(0x0000000002bb0000,0x0000000002cb0000)]
  0x00000000175cf800 JavaThread "GC Daemon" daemon [_thread_blocked, id=9600, stack(0x00000000182a0000,0x00000000183a0000)]
  0x0000000017640000 JavaThread "RMI Reaper" [_thread_blocked, id=8672, stack(0x00000000181a0000,0x00000000182a0000)]
  0x00000000175b4800 JavaThread "Timer-0" daemon [_thread_blocked, id=9012, stack(0x0000000017fa0000,0x00000000180a0000)]
  0x00000000175ad800 JavaThread "RMI TCP Accept-17409" daemon [_thread_in_native, id=3268, stack(0x0000000017ea0000,0x0000000017fa0000)]
  0x000000001662e800 JavaThread "Service Thread" daemon [_thread_blocked, id=2980, stack(0x0000000017160000,0x0000000017260000)]
  0x00000000165a6800 JavaThread "C1 CompilerThread3" daemon [_thread_blocked, id=3224, stack(0x0000000017060000,0x0000000017160000)]
  0x000000001659a000 JavaThread "C2 CompilerThread2" daemon [_thread_in_native, id=13820, stack(0x0000000016f60000,0x0000000017060000)]
  0x000000001658c000 JavaThread "C2 CompilerThread1" daemon [_thread_in_native, id=13924, stack(0x0000000016e60000,0x0000000016f60000)]
=>0x0000000016589000 JavaThread "C2 CompilerThread0" daemon [_thread_in_native, id=3132, stack(0x0000000016d60000,0x0000000016e60000)]
  0x0000000016587800 JavaThread "Attach Listener" daemon [_thread_blocked, id=13348, stack(0x0000000016c60000,0x0000000016d60000)]
  0x0000000016586000 JavaThread "Signal Dispatcher" daemon [_thread_blocked, id=9852, stack(0x0000000016b60000,0x0000000016c60000)]
  0x0000000002e99800 JavaThread "Finalizer" daemon [_thread_blocked, id=8480, stack(0x0000000016960000,0x0000000016a60000)]
  0x0000000002e96000 JavaThread "Reference Handler" daemon [_thread_blocked, id=16180, stack(0x0000000016460000,0x0000000016560000)]

Other Threads:
  0x0000000014656000 VMThread [stack: 0x0000000016360000,0x0000000016460000] [id=16156]
  0x000000001662f800 WatcherThread [stack: 0x0000000017260000,0x0000000017360000] [id=1724]

VM state:not at safepoint (normal execution)

VM Mutex/Monitor currently owned by a thread: None

Heap:
 PSYoungGen      total 90624K, used 71602K [0x00000000f5580000, 0x00000000fcb80000, 0x0000000100000000)
  eden space 69120K, 72% used [0x00000000f5580000,0x00000000f8671418,0x00000000f9900000)
  from space 21504K, 99% used [0x00000000f9900000,0x00000000fadfb6e8,0x00000000fae00000)
  to   space 17408K, 0% used [0x00000000fae00000,0x00000000fae00000,0x00000000fbf00000)
 ParOldGen       total 131072K, used 29448K [0x00000000e0000000, 0x00000000e8000000, 0x00000000f5580000)
  object space 131072K, 22% used [0x00000000e0000000,0x00000000e1cc21e0,0x00000000e8000000)
 Metaspace       used 48747K, capacity 49711K, committed 50216K, reserved 1093632K
  class space    used 6057K, capacity 6326K, committed 6448K, reserved 1048576K

Card table byte_map: [0x0000000012260000,0x0000000012370000] byte_map_base: 0x0000000011b60000

Marking Bits: (ParMarkBitMap*) 0x000000005e9f5aa0
 Begin Bits: [0x0000000012b70000, 0x0000000013370000)
 End Bits:   [0x0000000013370000, 0x0000000013b70000)

Polling page: 0x00000000013b0000

CodeCache: size=245760Kb used=22155Kb max_used=22429Kb free=223604Kb
 bounds [0x0000000002ea0000, 0x00000000044a0000, 0x0000000011ea0000]
 total_blobs=7216 nmethods=6713 adapters=414
 compilation: enabled

Compilation events (10 events):
Event: 20.418 Thread 0x00000000165a6800 nmethod 7558% 0x00000000031c9590 code [0x00000000031c97c0, 0x00000000031ca2e8]
Event: 20.419 Thread 0x00000000165a6800 7559       3       org.jetbrains.kotlin.com.intellij.lang.java.parser.JavaParserUtil::braceMatchingBuilder (83 bytes)
Event: 20.419 Thread 0x00000000165a6800 nmethod 7559 0x000000000338f310 code [0x000000000338f520, 0x000000000338ff88]
Event: 20.438 Thread 0x00000000165a6800 7566 %     3       org.jetbrains.kotlin.com.intellij.lang.impl.PsiBuilderImpl::balanceWhiteSpaces @ 170 (348 bytes)
Event: 20.441 Thread 0x00000000165a6800 nmethod 7566% 0x000000000347e590 code [0x000000000347eaa0, 0x0000000003482658]
Event: 20.442 Thread 0x00000000165a6800 7567       2       org.jetbrains.kotlin.com.intellij.lang.ASTFactory::leaf (109 bytes)
Event: 20.443 Thread 0x00000000165a6800 nmethod 7567 0x000000000306de50 code [0x000000000306e040, 0x000000000306e5a8]
Event: 20.446 Thread 0x00000000165a6800 7568       2       org.jetbrains.kotlin.com.intellij.psi.impl.source.tree.LazyParseablePsiElement::<init> (20 bytes)
Event: 20.446 Thread 0x00000000165a6800 nmethod 7568 0x000000000315aa50 code [0x000000000315ac20, 0x000000000315afa8]
Event: 20.447 Thread 0x00000000165a6800 7569       2       org.jetbrains.kotlin.com.intellij.psi.impl.source.tree.JavaDocElementType$3::createNode (9 bytes)

GC Heap History (10 events):
Event: 16.444 GC heap before
{Heap before GC invocations=8 (full 2):
 PSYoungGen      total 54272K, used 52146K [0x00000000f5580000, 0x00000000f9c00000, 0x0000000100000000)
  eden space 49152K, 95% used [0x00000000f5580000,0x00000000f8371938,0x00000000f8580000)
  from space 5120K, 99% used [0x00000000f9680000,0x00000000f9b7b0c8,0x00000000f9b80000)
  to   space 512K, 0% used [0x00000000f9b80000,0x00000000f9b80000,0x00000000f9c00000)
 ParOldGen       total 75776K, used 18342K [0x00000000e0000000, 0x00000000e4a00000, 0x00000000f5580000)
  object space 75776K, 24% used [0x00000000e0000000,0x00000000e11e99e8,0x00000000e4a00000)
 Metaspace       used 34583K, capacity 35251K, committed 35496K, reserved 1079296K
  class space    used 4580K, capacity 4768K, committed 4784K, reserved 1048576K
Event: 16.450 GC heap after
Heap after GC invocations=8 (full 2):
 PSYoungGen      total 57344K, used 510K [0x00000000f5580000, 0x00000000fa900000, 0x0000000100000000)
  eden space 56832K, 0% used [0x00000000f5580000,0x00000000f5580000,0x00000000f8d00000)
  from space 512K, 99% used [0x00000000f9b80000,0x00000000f9bffb28,0x00000000f9c00000)
  to   space 14336K, 0% used [0x00000000f8d00000,0x00000000f8d00000,0x00000000f9b00000)
 ParOldGen       total 75776K, used 29655K [0x00000000e0000000, 0x00000000e4a00000, 0x00000000f5580000)
  object space 75776K, 39% used [0x00000000e0000000,0x00000000e1cf5dc0,0x00000000e4a00000)
 Metaspace       used 34583K, capacity 35251K, committed 35496K, reserved 1079296K
  class space    used 4580K, capacity 4768K, committed 4784K, reserved 1048576K
}
Event: 16.450 GC heap before
{Heap before GC invocations=9 (full 3):
 PSYoungGen      total 57344K, used 510K [0x00000000f5580000, 0x00000000fa900000, 0x0000000100000000)
  eden space 56832K, 0% used [0x00000000f5580000,0x00000000f5580000,0x00000000f8d00000)
  from space 512K, 99% used [0x00000000f9b80000,0x00000000f9bffb28,0x00000000f9c00000)
  to   space 14336K, 0% used [0x00000000f8d00000,0x00000000f8d00000,0x00000000f9b00000)
 ParOldGen       total 75776K, used 29655K [0x00000000e0000000, 0x00000000e4a00000, 0x00000000f5580000)
  object space 75776K, 39% used [0x00000000e0000000,0x00000000e1cf5dc0,0x00000000e4a00000)
 Metaspace       used 34583K, capacity 35251K, committed 35496K, reserved 1079296K
  class space    used 4580K, capacity 4768K, committed 4784K, reserved 1048576K
Event: 16.509 GC heap after
Heap after GC invocations=9 (full 3):
 PSYoungGen      total 57344K, used 0K [0x00000000f5580000, 0x00000000fa900000, 0x0000000100000000)
  eden space 56832K, 0% used [0x00000000f5580000,0x00000000f5580000,0x00000000f8d00000)
  from space 512K, 0% used [0x00000000f9b80000,0x00000000f9b80000,0x00000000f9c00000)
  to   space 14336K, 0% used [0x00000000f8d00000,0x00000000f8d00000,0x00000000f9b00000)
 ParOldGen       total 131072K, used 19346K [0x00000000e0000000, 0x00000000e8000000, 0x00000000f5580000)
  object space 131072K, 14% used [0x00000000e0000000,0x00000000e12e49f8,0x00000000e8000000)
 Metaspace       used 34583K, capacity 35251K, committed 35496K, reserved 1079296K
  class space    used 4580K, capacity 4768K, committed 4784K, reserved 1048576K
}
Event: 17.189 GC heap before
{Heap before GC invocations=10 (full 3):
 PSYoungGen      total 57344K, used 56832K [0x00000000f5580000, 0x00000000fa900000, 0x0000000100000000)
  eden space 56832K, 100% used [0x00000000f5580000,0x00000000f8d00000,0x00000000f8d00000)
  from space 512K, 0% used [0x00000000f9b80000,0x00000000f9b80000,0x00000000f9c00000)
  to   space 14336K, 0% used [0x00000000f8d00000,0x00000000f8d00000,0x00000000f9b00000)
 ParOldGen       total 131072K, used 19346K [0x00000000e0000000, 0x00000000e8000000, 0x00000000f5580000)
  object space 131072K, 14% used [0x00000000e0000000,0x00000000e12e49f8,0x00000000e8000000)
 Metaspace       used 41221K, capacity 41993K, committed 42408K, reserved 1085440K
  class space    used 5296K, capacity 5525K, committed 5552K, reserved 1048576K
Event: 17.198 GC heap after
Heap after GC invocations=10 (full 3):
 PSYoungGen      total 71168K, used 14304K [0x00000000f5580000, 0x00000000fbf00000, 0x0000000100000000)
  eden space 56832K, 0% used [0x00000000f5580000,0x00000000f5580000,0x00000000f8d00000)
  from space 14336K, 99% used [0x00000000f8d00000,0x00000000f9af8398,0x00000000f9b00000)
  to   space 17408K, 0% used [0x00000000fae00000,0x00000000fae00000,0x00000000fbf00000)
 ParOldGen       total 131072K, used 20954K [0x00000000e0000000, 0x00000000e8000000, 0x00000000f5580000)
  object space 131072K, 15% used [0x00000000e0000000,0x00000000e1476950,0x00000000e8000000)
 Metaspace       used 41221K, capacity 41993K, committed 42408K, reserved 1085440K
  class space    used 5296K, capacity 5525K, committed 5552K, reserved 1048576K
}
Event: 18.198 GC heap before
{Heap before GC invocations=11 (full 3):
 PSYoungGen      total 71168K, used 71136K [0x00000000f5580000, 0x00000000fbf00000, 0x0000000100000000)
  eden space 56832K, 100% used [0x00000000f5580000,0x00000000f8d00000,0x00000000f8d00000)
  from space 14336K, 99% used [0x00000000f8d00000,0x00000000f9af8398,0x00000000f9b00000)
  to   space 17408K, 0% used [0x00000000fae00000,0x00000000fae00000,0x00000000fbf00000)
 ParOldGen       total 131072K, used 20954K [0x00000000e0000000, 0x00000000e8000000, 0x00000000f5580000)
  object space 131072K, 15% used [0x00000000e0000000,0x00000000e1476950,0x00000000e8000000)
 Metaspace       used 45722K, capacity 46559K, committed 47144K, reserved 1089536K
  class space    used 5825K, capacity 6066K, committed 6192K, reserved 1048576K
Event: 18.220 GC heap after
Heap after GC invocations=11 (full 3):
 PSYoungGen      total 86528K, used 17389K [0x00000000f5580000, 0x00000000fcb80000, 0x0000000100000000)
  eden space 69120K, 0% used [0x00000000f5580000,0x00000000f5580000,0x00000000f9900000)
  from space 17408K, 99% used [0x00000000fae00000,0x00000000fbefb5e0,0x00000000fbf00000)
  to   space 21504K, 0% used [0x00000000f9900000,0x00000000f9900000,0x00000000fae00000)
 ParOldGen       total 131072K, used 24037K [0x00000000e0000000, 0x00000000e8000000, 0x00000000f5580000)
  object space 131072K, 18% used [0x00000000e0000000,0x00000000e17795e8,0x00000000e8000000)
 Metaspace       used 45722K, capacity 46559K, committed 47144K, reserved 1089536K
  class space    used 5825K, capacity 6066K, committed 6192K, reserved 1048576K
}
Event: 20.060 GC heap before
{Heap before GC invocations=12 (full 3):
 PSYoungGen      total 86528K, used 86509K [0x00000000f5580000, 0x00000000fcb80000, 0x0000000100000000)
  eden space 69120K, 100% used [0x00000000f5580000,0x00000000f9900000,0x00000000f9900000)
  from space 17408K, 99% used [0x00000000fae00000,0x00000000fbefb5e0,0x00000000fbf00000)
  to   space 21504K, 0% used [0x00000000f9900000,0x00000000f9900000,0x00000000fae00000)
 ParOldGen       total 131072K, used 24037K [0x00000000e0000000, 0x00000000e8000000, 0x00000000f5580000)
  object space 131072K, 18% used [0x00000000e0000000,0x00000000e17795e8,0x00000000e8000000)
 Metaspace       used 47605K, capacity 48461K, committed 48936K, reserved 1091584K
  class space    used 5916K, capacity 6153K, committed 6192K, reserved 1048576K
Event: 20.082 GC heap after
Heap after GC invocations=12 (full 3):
 PSYoungGen      total 90624K, used 21485K [0x00000000f5580000, 0x00000000fcb80000, 0x0000000100000000)
  eden space 69120K, 0% used [0x00000000f5580000,0x00000000f5580000,0x00000000f9900000)
  from space 21504K, 99% used [0x00000000f9900000,0x00000000fadfb6e8,0x00000000fae00000)
  to   space 17408K, 0% used [0x00000000fae00000,0x00000000fae00000,0x00000000fbf00000)
 ParOldGen       total 131072K, used 29448K [0x00000000e0000000, 0x00000000e8000000, 0x00000000f5580000)
  object space 131072K, 22% used [0x00000000e0000000,0x00000000e1cc21e0,0x00000000e8000000)
 Metaspace       used 47605K, capacity 48461K, committed 48936K, reserved 1091584K
  class space    used 5916K, capacity 6153K, committed 6192K, reserved 1048576K
}

Deoptimization events (10 events):
Event: 20.389 Thread 0x0000000017702800 Uncommon trap: reason=class_check action=maybe_recompile pc=0x0000000003a1b4f4 method=org.jetbrains.kotlin.com.intellij.lang.impl.TokenSequence$Builder.performLexing()Lorg/jetbrains/kotlin/com/intellij/lang/impl/TokenSequence; @ 19
Event: 20.390 Thread 0x0000000017702800 Uncommon trap: reason=class_check action=maybe_recompile pc=0x0000000003a1b4f4 method=org.jetbrains.kotlin.com.intellij.lang.impl.TokenSequence$Builder.performLexing()Lorg/jetbrains/kotlin/com/intellij/lang/impl/TokenSequence; @ 19
Event: 20.390 Thread 0x0000000017702800 Uncommon trap: reason=class_check action=maybe_recompile pc=0x0000000003a1b4f4 method=org.jetbrains.kotlin.com.intellij.lang.impl.TokenSequence$Builder.performLexing()Lorg/jetbrains/kotlin/com/intellij/lang/impl/TokenSequence; @ 19
Event: 20.438 Thread 0x0000000017702800 Uncommon trap: reason=unstable_if action=reinterpret pc=0x00000000039ec670 method=org.jetbrains.kotlin.com.intellij.lang.impl.PsiBuilderImpl.balanceWhiteSpaces()V @ 255
Event: 20.442 Thread 0x0000000017702800 Uncommon trap: reason=class_check action=maybe_recompile pc=0x0000000003a23e10 method=org.jetbrains.kotlin.com.intellij.lang.impl.PsiBuilderImpl.prepareLightTree()Lorg/jetbrains/kotlin/com/intellij/lang/impl/PsiBuilderImpl$StartMarker; @ 531
Event: 20.442 Thread 0x0000000017702800 Uncommon trap: reason=unstable_if action=reinterpret pc=0x00000000036d98bc method=org.jetbrains.kotlin.com.intellij.psi.impl.source.tree.JavaASTFactory.createLeaf(Lorg/jetbrains/kotlin/com/intellij/psi/tree/IElementType;Ljava/lang/CharSequence;)Lorg/jetbr
Event: 20.442 Thread 0x0000000017702800 Uncommon trap: reason=bimorphic action=maybe_recompile pc=0x0000000003a30b20 method=org.jetbrains.kotlin.com.intellij.lang.impl.PsiBuilderImpl.bind(Lorg/jetbrains/kotlin/com/intellij/lang/impl/PsiBuilderImpl$StartMarker;Lorg/jetbrains/kotlin/com/intellij/
Event: 20.442 Thread 0x0000000017702800 Uncommon trap: reason=bimorphic action=maybe_recompile pc=0x0000000003a054c8 method=org.jetbrains.kotlin.com.intellij.lang.impl.PsiBuilderImpl.bind(Lorg/jetbrains/kotlin/com/intellij/lang/impl/PsiBuilderImpl$StartMarker;Lorg/jetbrains/kotlin/com/intellij/
Event: 20.446 Thread 0x0000000017702800 Uncommon trap: reason=bimorphic action=maybe_recompile pc=0x0000000003a054c8 method=org.jetbrains.kotlin.com.intellij.lang.impl.PsiBuilderImpl.bind(Lorg/jetbrains/kotlin/com/intellij/lang/impl/PsiBuilderImpl$StartMarker;Lorg/jetbrains/kotlin/com/intellij/
Event: 20.447 Thread 0x0000000017702800 Uncommon trap: reason=bimorphic action=maybe_recompile pc=0x0000000003a054c8 method=org.jetbrains.kotlin.com.intellij.lang.impl.PsiBuilderImpl.bind(Lorg/jetbrains/kotlin/com/intellij/lang/impl/PsiBuilderImpl$StartMarker;Lorg/jetbrains/kotlin/com/intellij/

Classes redefined (0 events):
No events

Internal exceptions (10 events):
Event: 7.675 Thread 0x0000000017702800 Exception <a 'java/lang/reflect/InvocationTargetException'> (0x00000000f71a42c0) thrown at [D:\src\AOSP-openjdk-cygwin\jdk8u\hotspot\src\share\vm\runtime\reflection.cpp, line 1092]
Event: 7.681 Thread 0x0000000017702800 Exception <a 'sun/nio/fs/WindowsException'> (0x00000000f71a73d0) thrown at [D:\src\AOSP-openjdk-cygwin\jdk8u\hotspot\src\share\vm\prims\jni.cpp, line 709]
Event: 7.681 Thread 0x0000000017702800 Exception <a 'java/lang/reflect/InvocationTargetException'> (0x00000000f71a7fc8) thrown at [D:\src\AOSP-openjdk-cygwin\jdk8u\hotspot\src\share\vm\runtime\reflection.cpp, line 1092]
Event: 7.681 Thread 0x0000000017702800 Exception <a 'java/io/FileNotFoundException'> (0x00000000f71a8988) thrown at [D:\src\AOSP-openjdk-cygwin\jdk8u\hotspot\src\share\vm\prims\jni.cpp, line 709]
Event: 7.682 Thread 0x0000000017702800 Exception <a 'java/io/FileNotFoundException'> (0x00000000f71a9d60) thrown at [D:\src\AOSP-openjdk-cygwin\jdk8u\hotspot\src\share\vm\prims\jni.cpp, line 709]
Event: 8.279 Thread 0x0000000017702800 Exception <a 'java/lang/NoSuchMethodError': java.lang.Object.lambda$static$0(I)[Lorg/jetbrains/kotlin/psi/KtExpression;> (0x00000000f77d4e88) thrown at [D:\src\AOSP-openjdk-cygwin\jdk8u\hotspot\src\share\vm\interpreter\linkResolver.cpp, line 584]
Event: 8.294 Thread 0x0000000017702800 Exception <a 'java/lang/NoSuchMethodError': java.lang.Object.lambda$static$0(I)[Lorg/jetbrains/kotlin/psi/KtDeclaration;> (0x00000000f7827008) thrown at [D:\src\AOSP-openjdk-cygwin\jdk8u\hotspot\src\share\vm\interpreter\linkResolver.cpp, line 584]
Event: 8.309 Thread 0x0000000017702800 Implicit null exception at 0x0000000003608f90 to 0x0000000003609059
Event: 16.659 Thread 0x0000000017702800 Implicit null exception at 0x0000000003631914 to 0x0000000003631aec
Event: 17.419 Thread 0x0000000017702800 Exception <a 'java/lang/NoSuchMethodError': java.lang.Object.lambda$static$0(I)[Lorg/jetbrains/kotlin/psi/KtTypeElement;> (0x00000000f5b8ab28) thrown at [D:\src\AOSP-openjdk-cygwin\jdk8u\hotspot\src\share\vm\interpreter\linkResolver.cpp, line 584]

Events (10 events):
Event: 20.445 loading class org/jetbrains/kotlin/com/intellij/util/ArrayFactory done
Event: 20.446 Thread 0x0000000017702800 Uncommon trap: trap_request=0xffffffc6 fr.pc=0x0000000003a054c8
Event: 20.446 Thread 0x0000000017702800 DEOPT PACKING pc=0x0000000003a054c8 sp=0x00000000189e7870
Event: 20.446 Thread 0x0000000017702800 DEOPT UNPACKING pc=0x0000000002ee557b sp=0x00000000189e7870 mode 2
Event: 20.447 Thread 0x00000000165a6800 flushing nmethod 0x0000000003909c90
Event: 20.447 Thread 0x0000000017702800 Uncommon trap: trap_request=0xffffffc6 fr.pc=0x0000000003a054c8
Event: 20.447 Thread 0x0000000017702800 DEOPT PACKING pc=0x0000000003a054c8 sp=0x00000000189e7870
Event: 20.447 Thread 0x00000000165a6800 flushing nmethod 0x0000000003958050
Event: 20.447 Thread 0x0000000017702800 DEOPT UNPACKING pc=0x0000000002ee557b sp=0x00000000189e7870 mode 2
Event: 20.447 Thread 0x00000000165a6800 flushing nmethod 0x000000000399bc10


Dynamic libraries:
0x00007ff63b2b0000 - 0x00007ff63b2e1000 	C:\Program Files\Android\Android Studio\jre\jre\bin\java.exe
0x00007ffd33770000 - 0x00007ffd33951000 	C:\Windows\SYSTEM32\ntdll.dll
0x00007ffd324a0000 - 0x00007ffd32551000 	C:\Windows\System32\KERNEL32.DLL
0x00007ffd30850000 - 0x00007ffd30ac3000 	C:\Windows\System32\KERNELBASE.dll
0x00007ffd30d90000 - 0x00007ffd30e31000 	C:\Windows\System32\ADVAPI32.dll
0x00007ffd328d0000 - 0x00007ffd3296e000 	C:\Windows\System32\msvcrt.dll
0x00007ffd30e40000 - 0x00007ffd30e9b000 	C:\Windows\System32\sechost.dll
0x00007ffd33440000 - 0x00007ffd33564000 	C:\Windows\System32\RPCRT4.dll
0x00007ffd30c00000 - 0x00007ffd30d90000 	C:\Windows\System32\USER32.dll
0x00007ffd30830000 - 0x00007ffd30850000 	C:\Windows\System32\win32u.dll
0x00007ffd33340000 - 0x00007ffd33368000 	C:\Windows\System32\GDI32.dll
0x00007ffd2fb40000 - 0x00007ffd2fcd2000 	C:\Windows\System32\gdi32full.dll
0x00007ffd30030000 - 0x00007ffd300cf000 	C:\Windows\System32\msvcp_win.dll
0x00007ffd2fce0000 - 0x00007ffd2fdd8000 	C:\Windows\System32\ucrtbase.dll
0x00007ffd23790000 - 0x00007ffd239f9000 	C:\Windows\WinSxS\amd64_microsoft.windows.common-controls_6595b64144ccf1df_6.0.17134.765_none_fb42a1a930655896\COMCTL32.dll
0x00007ffd33010000 - 0x00007ffd33332000 	C:\Windows\System32\combase.dll
0x00007ffd30ad0000 - 0x00007ffd30b4a000 	C:\Windows\System32\bcryptPrimitives.dll
0x00007ffd32450000 - 0x00007ffd3247d000 	C:\Windows\System32\IMM32.DLL
0x000000005dcd0000 - 0x000000005dda2000 	C:\Program Files\Android\Android Studio\jre\jre\bin\msvcr100.dll
0x000000005e230000 - 0x000000005ea71000 	C:\Program Files\Android\Android Studio\jre\jre\bin\server\jvm.dll
0x00007ffd32560000 - 0x00007ffd32568000 	C:\Windows\System32\PSAPI.DLL
0x00007ffd169f0000 - 0x00007ffd169f9000 	C:\Windows\SYSTEM32\WSOCK32.dll
0x00007ffd28e30000 - 0x00007ffd28e3a000 	C:\Windows\SYSTEM32\VERSION.dll
0x00007ffd2dc00000 - 0x00007ffd2dc23000 	C:\Windows\SYSTEM32\WINMM.dll
0x00007ffd336d0000 - 0x00007ffd3373c000 	C:\Windows\System32\WS2_32.dll
0x00007ffd2d7b0000 - 0x00007ffd2d7da000 	C:\Windows\SYSTEM32\winmmbase.dll
0x00007ffd300d0000 - 0x00007ffd30119000 	C:\Windows\System32\cfgmgr32.dll
0x00007ffd23cd0000 - 0x00007ffd23cdf000 	C:\Program Files\Android\Android Studio\jre\jre\bin\verify.dll
0x00007ffd16fc0000 - 0x00007ffd16fe9000 	C:\Program Files\Android\Android Studio\jre\jre\bin\java.dll
0x00007ffd19c70000 - 0x00007ffd19c86000 	C:\Program Files\Android\Android Studio\jre\jre\bin\zip.dll
0x00007ffd30f70000 - 0x00007ffd323b0000 	C:\Windows\System32\SHELL32.dll
0x00007ffd32b10000 - 0x00007ffd32bb9000 	C:\Windows\System32\shcore.dll
0x00007ffd30120000 - 0x00007ffd3082d000 	C:\Windows\System32\windows.storage.dll
0x00007ffd333d0000 - 0x00007ffd33421000 	C:\Windows\System32\shlwapi.dll
0x00007ffd2fb00000 - 0x00007ffd2fb11000 	C:\Windows\System32\kernel.appcore.dll
0x00007ffd2fb20000 - 0x00007ffd2fb3f000 	C:\Windows\System32\profapi.dll
0x00007ffd2fab0000 - 0x00007ffd2fafc000 	C:\Windows\System32\powrprof.dll
0x00007ffd2faa0000 - 0x00007ffd2faaa000 	C:\Windows\System32\FLTLIB.DLL
0x00007ffd23cb0000 - 0x00007ffd23cbd000 	C:\Program Files\Android\Android Studio\jre\jre\bin\management.dll
0x00007ffd19250000 - 0x00007ffd1926a000 	C:\Program Files\Android\Android Studio\jre\jre\bin\net.dll
0x00007ffd2f300000 - 0x00007ffd2f366000 	C:\Windows\system32\mswsock.dll
0x00007ffd17b40000 - 0x00007ffd17b51000 	C:\Program Files\Android\Android Studio\jre\jre\bin\nio.dll
0x00007ffd2f4b0000 - 0x00007ffd2f4c7000 	C:\Windows\SYSTEM32\CRYPTSP.dll
0x00007ffd2eee0000 - 0x00007ffd2ef13000 	C:\Windows\system32\rsaenh.dll
0x00007ffd2f5e0000 - 0x00007ffd2f605000 	C:\Windows\SYSTEM32\bcrypt.dll
0x00007ffd2f9b0000 - 0x00007ffd2f9d8000 	C:\Windows\SYSTEM32\USERENV.dll
0x00007ffd2f4d0000 - 0x00007ffd2f4db000 	C:\Windows\SYSTEM32\CRYPTBASE.dll
0x00007ffd2f080000 - 0x00007ffd2f0b8000 	C:\Windows\SYSTEM32\IPHLPAPI.DLL
0x00007ffd328c0000 - 0x00007ffd328c8000 	C:\Windows\System32\NSI.dll
0x00007ffd24d50000 - 0x00007ffd24d66000 	C:\Windows\SYSTEM32\dhcpcsvc6.DLL
0x00007ffd24f00000 - 0x00007ffd24f1a000 	C:\Windows\SYSTEM32\dhcpcsvc.DLL

VM Arguments:
jvm_args: -Djava.awt.headless=true -Djava.rmi.server.hostname=127.0.0.1 -Xmx512m -Dkotlin.environment.keepalive 
java_command: org.jetbrains.kotlin.daemon.KotlinCompileDaemon --daemon-runFilesPath C:\Users\deonoize\AppData\Local\kotlin\daemon --daemon-autoshutdownIdleSeconds=7200 --daemon-compilerClasspath C:\Users\deonoize\.gradle\caches\modules-2\files-2.1\org.jetbrains.kotlin\kotlin-compiler-embeddable\1.3.21\677cc9553b8964c895abc76da9b6a0faea8f671d\kotlin-compiler-embeddable-1.3.21.jar;C:\Users\deonoize\.gradle\caches\modules-2\files-2.1\org.jetbrains.kotlin\kotlin-reflect\1.3.21\d0d5ff2ac2ebd8a42697af41e20fc225a23c5d3b\kotlin-reflect-1.3.21.jar;C:\Users\deonoize\.gradle\caches\modules-2\files-2.1\org.jetbrains.kotlin\kotlin-stdlib\1.3.21\4bcc2012b84840e19e1e28074284cac908be0295\kotlin-stdlib-1.3.21.jar;C:\Users\deonoize\.gradle\caches\modules-2\files-2.1\org.jetbrains.kotlin\kotlin-script-runtime\1.3.21\29363d474ee6fda354900636320a177c7286def9\kotlin-script-runtime-1.3.21.jar;C:\Users\deonoize\.gradle\caches\modules-2\files-2.1\org.jetbrains.intellij.deps\trove4j\1.0.20181211\216c2e14b070f334479d800987affe4054cd563f\trove4j-1.0.20181211.jar;C:\Users\deonoize\.gradle\caches\modules-2\files-2.1\org.jetbrains.kotlin\kotlin-stdlib-common\1.3.21\f30e4a9897913e53d778f564110bafa1fef46643\kotlin-stdlib-common-1.3.21.jar;C:\Users\deonoize\.gradle\caches\modules-2\files-2.1\org.jetbrains\annotations\13.0\919f0dfe192fb4e063e7dacadee7f8bb9a2672a9\annotations-13.0.jar;C:\Program Files\Android\Android Studio\jre\lib\tools.jar
java_class_path (initial): C:\Users\deonoize\.gradle\caches\modules-2\files-2.1\org.jetbrains.kotlin\kotlin-compiler-embeddable\1.3.21\677cc9553b8964c895abc76da9b6a0faea8f671d\kotlin-compiler-embeddable-1.3.21.jar;C:\Users\deonoize\.gradle\caches\modules-2\files-2.1\org.jetbrains.kotlin\kotlin-reflect\1.3.21\d0d5ff2ac2ebd8a42697af41e20fc225a23c5d3b\kotlin-reflect-1.3.21.jar;C:\Users\deonoize\.gradle\caches\modules-2\files-2.1\org.jetbrains.kotlin\kotlin-stdlib\1.3.21\4bcc2012b84840e19e1e28074284cac908be0295\kotlin-stdlib-1.3.21.jar;C:\Users\deonoize\.gradle\caches\modules-2\files-2.1\org.jetbrains.kotlin\kotlin-script-runtime\1.3.21\29363d474ee6fda354900636320a177c7286def9\kotlin-script-runtime-1.3.21.jar;C:\Users\deonoize\.gradle\caches\modules-2\files-2.1\org.jetbrains.intellij.deps\trove4j\1.0.20181211\216c2e14b070f334479d800987affe4054cd563f\trove4j-1.0.20181211.jar;C:\Users\deonoize\.gradle\caches\modules-2\files-2.1\org.jetbrains.kotlin\kotlin-stdlib-common\1.3.21\f30e4a9897913e53d778f564110bafa1fef46643\kotlin-stdlib-common-1.3.21.jar;C:\Users\deonoize\.gradle\caches\modules-2\files-2.1\org.jetbrains\annotations\13.0\919f0dfe192fb4e063e7dacadee7f8bb9a2672a9\annotations-13.0.jar;C:\Program Files\Android\Android Studio\jre\lib\tools.jar
Launcher Type: SUN_STANDARD

Environment Variables:
PATH=C:\Program Files (x86)\Common Files\Oracle\Java\javapath;C:\ProgramData\Oracle\Java\javapath;C:\Windows\system32;C:\Windows;C:\Windows\System32\Wbem;C:\Windows\System32\WindowsPowerShell\v1.0\;C:\Program Files (x86)\NVIDIA Corporation\PhysX\Common;C:\WINDOWS\system32;C:\WINDOWS;C:\WINDOWS\System32\Wbem;C:\WINDOWS\System32\WindowsPowerShell\v1.0\;C:\WINDOWS\System32\OpenSSH\;C:\Program Files\dotnet\;C:\Program Files\NVIDIA Corporation\NVIDIA NvDLISR;C:\Program Files\Microsoft VS Code\bin;C:\ProgramData\ComposerSetup\bin;E:\Programs\nodejs\;C:\Program Files\Git\cmd;C:\Program Files\heroku\bin;C:\Program Files (x86)\Common Files\Acronis\SnapAPI\;C:\Users\deonoize\AppData\Local\Microsoft\WindowsApps;C:\Users\deonoize\AppData\Local\GitHubDesktop\bin;C:\Program Files\Microsoft VS Code\bin;C:\Users\deonoize\AppData\Roaming\Composer\vendor\bin;E:\Programs\OSPanel\modules\php\PHP-7.2;C:\Users\deonoize\AppData\Roaming\npm;C:\Users\deonoize\AppData\Local\atom\bin;C:\Program Files\heroku\bin;E:\Programs\dart-sass;
USERNAME=deonoize
OS=Windows_NT
PROCESSOR_IDENTIFIER=Intel64 Family 6 Model 142 Stepping 10, GenuineIntel



---------------  S Y S T E M  ---------------

OS: Windows 10.0 , 64 bit Build 17134 (10.0.17134.753)

CPU:total 8 (initial active 8) (4 cores per cpu, 2 threads per core) family 6 model 142 stepping 10, cmov, cx8, fxsr, mmx, sse, sse2, sse3, ssse3, sse4.1, sse4.2, popcnt, avx, avx2, aes, clmul, erms, 3dnowpref, lzcnt, ht, tsc, tscinvbit, bmi1, bmi2, adx

Memory: 4k page, physical 8260236k(492788k free), swap 12454540k(5696k free)

vm_info: OpenJDK 64-Bit Server VM (25.152-b01) for windows-amd64 JRE (1.8.0_152-release-1343-b01), built by "builder" with MS VC++ 10.0 (VS2010)

time: Tue Jun 04 18:54:56 2019
elapsed time: 20 seconds (0d 0h 0m 20s)

