#
# There is insufficient memory for the Java Runtime Environment to continue.
# Native memory allocation (malloc) failed to allocate 857536 bytes for Chunk::new
# Possible reasons:
#   The system is out of physical RAM or swap space
#   In 32 bit mode, the process size limit was hit
# Possible solutions:
#   Reduce memory load on the system
#   Increase physical memory or swap space
#   Check if swap backing store is full
#   Use 64 bit Java on a 64 bit OS
#   Decrease Java heap size (-Xmx/-Xms)
#   Decrease number of Java threads
#   Decrease Java thread stack sizes (-Xss)
#   Set larger code cache with -XX:ReservedCodeCacheSize=
# This output file may be truncated or incomplete.
#
#  Out of Memory Error (allocation.cpp:390), pid=17932, tid=0x0000000000000ee8
#
# JRE version: OpenJDK Runtime Environment (8.0_152-b01) (build 1.8.0_152-release-1343-b01)
# Java VM: OpenJDK 64-Bit Server VM (25.152-b01 mixed mode windows-amd64 compressed oops)
# Failed to write core dump. Minidumps are not enabled by default on client versions of Windows
#

---------------  T H R E A D  ---------------

Current thread (0x000000001460a000):  JavaThread "C2 CompilerThread2" daemon [_thread_in_native, id=3816, stack(0x0000000016ee0000,0x0000000016fe0000)]

Stack: [0x0000000016ee0000,0x0000000016fe0000]
[error occurred during error reporting (printing stack bounds), id 0xc0000005]

Native frames: (J=compiled Java code, j=interpreted, Vv=VM code, C=native code)


Current CompileTask:
C2:  65744 9916   !   4       java.io.ObjectOutputStream::writeObject0 (619 bytes)


---------------  P R O C E S S  ---------------

Java Threads: ( => current thread )
  0x0000000017a0f800 JavaThread "Cache worker for execution history cache (E:\android\JustHobby\.gradle\5.1.1\executionHistory)" [_thread_blocked, id=11728, stack(0x0000000027190000,0x0000000027290000)]
  0x0000000017a15800 JavaThread "Execution worker for ':' Thread 7" [_thread_blocked, id=17240, stack(0x0000000027090000,0x0000000027190000)]
  0x0000000017a14000 JavaThread "Execution worker for ':' Thread 6" [_thread_blocked, id=18344, stack(0x0000000026f90000,0x0000000027090000)]
  0x0000000017a14800 JavaThread "Execution worker for ':' Thread 5" [_thread_blocked, id=13120, stack(0x0000000026e90000,0x0000000026f90000)]
  0x0000000017a10000 JavaThread "Execution worker for ':' Thread 4" [_thread_blocked, id=11736, stack(0x0000000026d90000,0x0000000026e90000)]
  0x0000000017a11000 JavaThread "Execution worker for ':' Thread 3" [_thread_blocked, id=15820, stack(0x0000000026c90000,0x0000000026d90000)]
  0x0000000017a0e800 JavaThread "Execution worker for ':' Thread 2" [_thread_blocked, id=9024, stack(0x0000000026b90000,0x0000000026c90000)]
  0x000000001c052000 JavaThread "Execution worker for ':'" [_thread_blocked, id=11180, stack(0x0000000026a90000,0x0000000026b90000)]
  0x000000001c04f000 JavaThread "Cache worker for file content cache (E:\android\JustHobby\.gradle\5.1.1\fileContent)" [_thread_blocked, id=8832, stack(0x0000000026990000,0x0000000026a90000)]
  0x000000001c04e000 JavaThread "Cache worker for Build Output Cleanup Cache (E:\android\JustHobby\.gradle\buildOutputCleanup)" [_thread_blocked, id=4124, stack(0x0000000026890000,0x0000000026990000)]
  0x000000001c04f800 JavaThread "pool-3-thread-1" [_thread_blocked, id=9144, stack(0x0000000026790000,0x0000000026890000)]
  0x000000001c052800 JavaThread "Build operations Thread 8" [_thread_blocked, id=18184, stack(0x0000000026690000,0x0000000026790000)]
  0x000000001c045000 JavaThread "Build operations Thread 7" [_thread_blocked, id=3964, stack(0x0000000026590000,0x0000000026690000)]
  0x000000001c048000 JavaThread "Build operations Thread 6" [_thread_blocked, id=17872, stack(0x0000000026490000,0x0000000026590000)]
  0x000000001c04c000 JavaThread "Build operations Thread 5" [_thread_blocked, id=18004, stack(0x0000000026390000,0x0000000026490000)]
  0x000000001c044800 JavaThread "Build operations Thread 4" [_thread_blocked, id=15112, stack(0x0000000026290000,0x0000000026390000)]
  0x000000001c047800 JavaThread "Build operations Thread 3" [_thread_blocked, id=9912, stack(0x0000000026190000,0x0000000026290000)]
  0x000000001c04b000 JavaThread "Build operations Thread 2" [_thread_blocked, id=2260, stack(0x0000000026090000,0x0000000026190000)]
  0x000000001c04a800 JavaThread "Build operations" [_thread_blocked, id=9176, stack(0x0000000025f90000,0x0000000026090000)]
  0x000000001c046800 JavaThread "Cache worker for cache directory md-rule (C:\Users\deonoize\.gradle\caches\5.1.1\md-rule)" [_thread_blocked, id=10292, stack(0x0000000025e90000,0x0000000025f90000)]
  0x000000001f8ce800 JavaThread "Cache worker for cache directory md-supplier (C:\Users\deonoize\.gradle\caches\5.1.1\md-supplier)" [_thread_blocked, id=5632, stack(0x0000000025d90000,0x0000000025e90000)]
  0x000000001f8ce000 JavaThread "Cache worker for file hash cache (E:\android\JustHobby\.gradle\5.1.1\fileHashes)" [_thread_blocked, id=14900, stack(0x0000000025c90000,0x0000000025d90000)]
  0x000000001f8d2800 JavaThread "Thread-42" [_thread_in_Java, id=3460, stack(0x0000000025b90000,0x0000000025c90000)]
  0x000000001f8d1800 JavaThread "Stdin handler" [_thread_blocked, id=5680, stack(0x0000000025a90000,0x0000000025b90000)]
  0x000000001f8d1000 JavaThread "Asynchronous log dispatcher for DefaultDaemonConnection: socket connection from /127.0.0.1:39842 to /127.0.0.1:39875" [_thread_blocked, id=12440, stack(0x0000000025990000,0x0000000025a90000)]
  0x000000001f8d0000 JavaThread "Cancel handler" [_thread_blocked, id=16304, stack(0x0000000025890000,0x0000000025990000)]
  0x000000001f8cd000 JavaThread "Handler for socket connection from /127.0.0.1:39842 to /127.0.0.1:39875" [_thread_in_native, id=11636, stack(0x0000000025790000,0x0000000025890000)]
  0x0000000017a13000 JavaThread "Cache worker for file content cache (C:\Users\deonoize\.gradle\caches\5.1.1\fileContent)" [_thread_blocked, id=14484, stack(0x0000000023990000,0x0000000023a90000)]
  0x0000000017a11800 JavaThread "Memory manager" [_thread_blocked, id=3520, stack(0x0000000023890000,0x0000000023990000)]
  0x000000001c049000 JavaThread "Cache worker for execution history cache (C:\Users\deonoize\.gradle\caches\5.1.1\executionHistory)" [_thread_blocked, id=14836, stack(0x000000001f190000,0x000000001f290000)]
  0x000000001651c800 JavaThread "Cache worker for journal cache (C:\Users\deonoize\.gradle\caches\journal-1)" [_thread_blocked, id=12488, stack(0x000000001af10000,0x000000001b010000)]
  0x000000001651c000 JavaThread "File lock request listener" [_thread_in_native, id=11020, stack(0x000000001ae10000,0x000000001af10000)]
  0x0000000018bec800 JavaThread "Cache worker for file hash cache (C:\Users\deonoize\.gradle\caches\5.1.1\fileHashes)" [_thread_blocked, id=15160, stack(0x000000001ad10000,0x000000001ae10000)]
  0x0000000018633800 JavaThread "Daemon worker" [_thread_in_vm, id=17356, stack(0x000000001a810000,0x000000001a910000)]
  0x0000000018336800 JavaThread "Daemon" [_thread_blocked, id=1796, stack(0x000000001a310000,0x000000001a410000)]
  0x0000000018325800 JavaThread "Daemon periodic checks" [_thread_blocked, id=15784, stack(0x000000001a210000,0x000000001a310000)]
  0x00000000180ac800 JavaThread "Incoming local TCP Connector on port 39842" [_thread_in_native, id=14196, stack(0x0000000019fc0000,0x000000001a0c0000)]
  0x00000000165a8000 JavaThread "Service Thread" daemon [_thread_blocked, id=16676, stack(0x00000000170e0000,0x00000000171e0000)]
  0x0000000016520800 JavaThread "C1 CompilerThread3" daemon [_thread_blocked, id=13524, stack(0x0000000016fe0000,0x00000000170e0000)]
=>0x000000001460a000 JavaThread "C2 CompilerThread2" daemon [_thread_in_native, id=3816, stack(0x0000000016ee0000,0x0000000016fe0000)]
  0x0000000016512000 JavaThread "C2 CompilerThread1" daemon [_thread_in_native, id=14532, stack(0x0000000016de0000,0x0000000016ee0000)]
  0x000000001650e800 JavaThread "C2 CompilerThread0" daemon [_thread_blocked, id=17008, stack(0x0000000016ce0000,0x0000000016de0000)]
  0x000000001650d000 JavaThread "Attach Listener" daemon [_thread_blocked, id=14324, stack(0x0000000016be0000,0x0000000016ce0000)]
  0x000000001650c800 JavaThread "Signal Dispatcher" daemon [_thread_blocked, id=8376, stack(0x0000000016ae0000,0x0000000016be0000)]
  0x0000000002d8e000 JavaThread "Finalizer" daemon [_thread_blocked, id=992, stack(0x00000000168e0000,0x00000000169e0000)]
  0x0000000002d85000 JavaThread "Reference Handler" daemon [_thread_blocked, id=6288, stack(0x00000000163e0000,0x00000000164e0000)]
  0x0000000002b8e000 JavaThread "main" [_thread_blocked, id=9512, stack(0x0000000002b90000,0x0000000002c90000)]

Other Threads:
  0x00000000145f6000 VMThread [stack: 0x00000000162e0000,0x00000000163e0000] [id=16392]
  0x00000000165a9000 WatcherThread [stack: 0x00000000171e0000,0x00000000172e0000] [id=12796]

VM state:not at safepoint (normal execution)

VM Mutex/Monitor currently owned by a thread:  ([mutex/lock_event])
[0x0000000002c906d0] Compile_lock - owner thread: 0x0000000000000000

Heap:
 PSYoungGen      total 133120K, used 93533K [0x00000000f5580000, 0x00000000ff800000, 0x0000000100000000)
  eden space 116736K, 66% used [0x00000000f5580000,0x00000000fa0de9c8,0x00000000fc780000)
  from space 16384K, 99% used [0x00000000fc780000,0x00000000fd778da8,0x00000000fd780000)
  to   space 21504K, 0% used [0x00000000fe300000,0x00000000fe300000,0x00000000ff800000)
 ParOldGen       total 146944K, used 41240K [0x00000000e0000000, 0x00000000e8f80000, 0x00000000f5580000)
  object space 146944K, 28% used [0x00000000e0000000,0x00000000e28462e0,0x00000000e8f80000)
 Metaspace       used 72906K, capacity 75225K, committed 75416K, reserved 1114112K
  class space    used 9585K, capacity 10110K, committed 10160K, reserved 1048576K

Card table byte_map: [0x0000000012150000,0x0000000012260000] byte_map_base: 0x0000000011a50000

Marking Bits: (ParMarkBitMap*) 0x0000000076585aa0
 Begin Bits: [0x0000000012b10000, 0x0000000013310000)
 End Bits:   [0x0000000013310000, 0x0000000013b10000)

Polling page: 0x0000000000df0000

CodeCache: size=245760Kb used=25974Kb max_used=26034Kb free=219785Kb
 bounds [0x0000000002d90000, 0x0000000004720000, 0x0000000011d90000]
 total_blobs=9280 nmethods=8432 adapters=760
 compilation: enabled

Compilation events (10 events):
Event: 65.707 Thread 0x0000000016520800 nmethod 9996 0x00000000040cac10 code [0x00000000040cad80, 0x00000000040cafa8]
Event: 65.708 Thread 0x0000000016520800 9997       3       org.gradle.internal.component.local.model.DefaultLocalComponentMetadata$DefaultLocalConfigurationMetadata::<init> (89 bytes)
Event: 65.708 Thread 0x0000000016520800 nmethod 9997 0x00000000040c98d0 code [0x00000000040c9ac0, 0x00000000040ca490]
Event: 65.708 Thread 0x0000000016520800 10000       3       org.gradle.api.internal.artifacts.configurations.DefaultConfigurationPublications$1::getChildren (173 bytes)
Event: 65.710 Thread 0x0000000016520800 nmethod 10000 0x00000000040c2ed0 code [0x00000000040c32a0, 0x00000000040c54d8]
Event: 65.710 Thread 0x0000000016520800 10004       1       com.google.common.collect.LinkedHashMultimap$ValueSet::setSuccessorInValueSet (6 bytes)
Event: 65.711 Thread 0x0000000016520800 nmethod 10004 0x00000000040c95d0 code [0x00000000040c9720, 0x00000000040c9850]
Event: 65.711 Thread 0x0000000016520800 9998       3       org.gradle.api.internal.artifacts.configurations.DefaultConfigurationPublications$1::getArtifacts (8 bytes)
Event: 65.711 Thread 0x0000000016520800 nmethod 9998 0x00000000040c9250 code [0x00000000040c93a0, 0x00000000040c9510]
Event: 65.711 Thread 0x0000000016520800 9999       3       org.gradle.internal.component.local.model.DefaultLocalComponentMetadata::addArtifacts (59 bytes)

GC Heap History (10 events):
Event: 10.811 GC heap before
{Heap before GC invocations=16 (full 2):
 PSYoungGen      total 121344K, used 103912K [0x00000000f5580000, 0x00000000fd980000, 0x0000000100000000)
  eden space 108544K, 86% used [0x00000000f5580000,0x00000000fb166500,0x00000000fbf80000)
  from space 12800K, 76% used [0x00000000fc000000,0x00000000fc993b20,0x00000000fcc80000)
  to   space 13312K, 0% used [0x00000000fcc80000,0x00000000fcc80000,0x00000000fd980000)
 ParOldGen       total 94720K, used 22076K [0x00000000e0000000, 0x00000000e5c80000, 0x00000000f5580000)
  object space 94720K, 23% used [0x00000000e0000000,0x00000000e158f020,0x00000000e5c80000)
 Metaspace       used 57540K, capacity 59048K, committed 59160K, reserved 1099776K
  class space    used 7741K, capacity 8157K, committed 8240K, reserved 1048576K
Event: 10.819 GC heap after
Heap after GC invocations=16 (full 2):
 PSYoungGen      total 119808K, used 13280K [0x00000000f5580000, 0x00000000fee00000, 0x0000000100000000)
  eden space 106496K, 0% used [0x00000000f5580000,0x00000000f5580000,0x00000000fbd80000)
  from space 13312K, 99% used [0x00000000fcc80000,0x00000000fd978380,0x00000000fd980000)
  to   space 15360K, 0% used [0x00000000fbd80000,0x00000000fbd80000,0x00000000fcc80000)
 ParOldGen       total 94720K, used 23180K [0x00000000e0000000, 0x00000000e5c80000, 0x00000000f5580000)
  object space 94720K, 24% used [0x00000000e0000000,0x00000000e16a30b8,0x00000000e5c80000)
 Metaspace       used 57540K, capacity 59048K, committed 59160K, reserved 1099776K
  class space    used 7741K, capacity 8157K, committed 8240K, reserved 1048576K
}
Event: 10.819 GC heap before
{Heap before GC invocations=17 (full 3):
 PSYoungGen      total 119808K, used 13280K [0x00000000f5580000, 0x00000000fee00000, 0x0000000100000000)
  eden space 106496K, 0% used [0x00000000f5580000,0x00000000f5580000,0x00000000fbd80000)
  from space 13312K, 99% used [0x00000000fcc80000,0x00000000fd978380,0x00000000fd980000)
  to   space 15360K, 0% used [0x00000000fbd80000,0x00000000fbd80000,0x00000000fcc80000)
 ParOldGen       total 94720K, used 23180K [0x00000000e0000000, 0x00000000e5c80000, 0x00000000f5580000)
  object space 94720K, 24% used [0x00000000e0000000,0x00000000e16a30b8,0x00000000e5c80000)
 Metaspace       used 57540K, capacity 59048K, committed 59160K, reserved 1099776K
  class space    used 7741K, capacity 8157K, committed 8240K, reserved 1048576K
Event: 11.039 GC heap after
Heap after GC invocations=17 (full 3):
 PSYoungGen      total 119808K, used 0K [0x00000000f5580000, 0x00000000fee00000, 0x0000000100000000)
  eden space 106496K, 0% used [0x00000000f5580000,0x00000000f5580000,0x00000000fbd80000)
  from space 13312K, 0% used [0x00000000fcc80000,0x00000000fcc80000,0x00000000fd980000)
  to   space 15360K, 0% used [0x00000000fbd80000,0x00000000fbd80000,0x00000000fcc80000)
 ParOldGen       total 146944K, used 33505K [0x00000000e0000000, 0x00000000e8f80000, 0x00000000f5580000)
  object space 146944K, 22% used [0x00000000e0000000,0x00000000e20b8770,0x00000000e8f80000)
 Metaspace       used 57540K, capacity 59048K, committed 59160K, reserved 1099776K
  class space    used 7741K, capacity 8157K, committed 8240K, reserved 1048576K
}
Event: 13.820 GC heap before
{Heap before GC invocations=18 (full 3):
 PSYoungGen      total 119808K, used 106496K [0x00000000f5580000, 0x00000000fee00000, 0x0000000100000000)
  eden space 106496K, 100% used [0x00000000f5580000,0x00000000fbd80000,0x00000000fbd80000)
  from space 13312K, 0% used [0x00000000fcc80000,0x00000000fcc80000,0x00000000fd980000)
  to   space 15360K, 0% used [0x00000000fbd80000,0x00000000fbd80000,0x00000000fcc80000)
 ParOldGen       total 146944K, used 33505K [0x00000000e0000000, 0x00000000e8f80000, 0x00000000f5580000)
  object space 146944K, 22% used [0x00000000e0000000,0x00000000e20b8770,0x00000000e8f80000)
 Metaspace       used 62342K, capacity 64318K, committed 64536K, reserved 1105920K
  class space    used 8432K, capacity 8902K, committed 9008K, reserved 1048576K
Event: 13.835 GC heap after
Heap after GC invocations=18 (full 3):
 PSYoungGen      total 121856K, used 9874K [0x00000000f5580000, 0x00000000fe800000, 0x0000000100000000)
  eden space 106496K, 0% used [0x00000000f5580000,0x00000000f5580000,0x00000000fbd80000)
  from space 15360K, 64% used [0x00000000fbd80000,0x00000000fc724b70,0x00000000fcc80000)
  to   space 15360K, 0% used [0x00000000fd900000,0x00000000fd900000,0x00000000fe800000)
 ParOldGen       total 146944K, used 33513K [0x00000000e0000000, 0x00000000e8f80000, 0x00000000f5580000)
  object space 146944K, 22% used [0x00000000e0000000,0x00000000e20ba770,0x00000000e8f80000)
 Metaspace       used 62342K, capacity 64318K, committed 64536K, reserved 1105920K
  class space    used 8432K, capacity 8902K, committed 9008K, reserved 1048576K
}
Event: 25.167 GC heap before
{Heap before GC invocations=19 (full 3):
 PSYoungGen      total 121856K, used 116370K [0x00000000f5580000, 0x00000000fe800000, 0x0000000100000000)
  eden space 106496K, 100% used [0x00000000f5580000,0x00000000fbd80000,0x00000000fbd80000)
  from space 15360K, 64% used [0x00000000fbd80000,0x00000000fc724b70,0x00000000fcc80000)
  to   space 15360K, 0% used [0x00000000fd900000,0x00000000fd900000,0x00000000fe800000)
 ParOldGen       total 146944K, used 33513K [0x00000000e0000000, 0x00000000e8f80000, 0x00000000f5580000)
  object space 146944K, 22% used [0x00000000e0000000,0x00000000e20ba770,0x00000000e8f80000)
 Metaspace       used 64580K, capacity 66634K, committed 66840K, reserved 1107968K
  class space    used 8678K, capacity 9190K, committed 9264K, reserved 1048576K
Event: 25.178 GC heap after
Heap after GC invocations=19 (full 3):
 PSYoungGen      total 131584K, used 12308K [0x00000000f5580000, 0x00000000fe780000, 0x0000000100000000)
  eden space 116736K, 0% used [0x00000000f5580000,0x00000000f5580000,0x00000000fc780000)
  from space 14848K, 82% used [0x00000000fd900000,0x00000000fe5053d8,0x00000000fe780000)
  to   space 16384K, 0% used [0x00000000fc780000,0x00000000fc780000,0x00000000fd780000)
 ParOldGen       total 146944K, used 33521K [0x00000000e0000000, 0x00000000e8f80000, 0x00000000f5580000)
  object space 146944K, 22% used [0x00000000e0000000,0x00000000e20bc770,0x00000000e8f80000)
 Metaspace       used 64580K, capacity 66634K, committed 66840K, reserved 1107968K
  class space    used 8678K, capacity 9190K, committed 9264K, reserved 1048576K
}
Event: 31.877 GC heap before
{Heap before GC invocations=20 (full 3):
 PSYoungGen      total 131584K, used 129044K [0x00000000f5580000, 0x00000000fe780000, 0x0000000100000000)
  eden space 116736K, 100% used [0x00000000f5580000,0x00000000fc780000,0x00000000fc780000)
  from space 14848K, 82% used [0x00000000fd900000,0x00000000fe5053d8,0x00000000fe780000)
  to   space 16384K, 0% used [0x00000000fc780000,0x00000000fc780000,0x00000000fd780000)
 ParOldGen       total 146944K, used 33521K [0x00000000e0000000, 0x00000000e8f80000, 0x00000000f5580000)
  object space 146944K, 22% used [0x00000000e0000000,0x00000000e20bc770,0x00000000e8f80000)
 Metaspace       used 68109K, capacity 70348K, committed 70552K, reserved 1110016K
  class space    used 9177K, capacity 9643K, committed 9648K, reserved 1048576K
Event: 31.897 GC heap after
Heap after GC invocations=20 (full 3):
 PSYoungGen      total 133120K, used 16355K [0x00000000f5580000, 0x00000000ff800000, 0x0000000100000000)
  eden space 116736K, 0% used [0x00000000f5580000,0x00000000f5580000,0x00000000fc780000)
  from space 16384K, 99% used [0x00000000fc780000,0x00000000fd778da8,0x00000000fd780000)
  to   space 21504K, 0% used [0x00000000fe300000,0x00000000fe300000,0x00000000ff800000)
 ParOldGen       total 146944K, used 41240K [0x00000000e0000000, 0x00000000e8f80000, 0x00000000f5580000)
  object space 146944K, 28% used [0x00000000e0000000,0x00000000e28462e0,0x00000000e8f80000)
 Metaspace       used 68109K, capacity 70348K, committed 70552K, reserved 1110016K
  class space    used 9177K, capacity 9643K, committed 9648K, reserved 1048576K
}

Deoptimization events (10 events):
Event: 65.496 Thread 0x0000000018633800 Uncommon trap: reason=class_check action=maybe_recompile pc=0x000000000425230c method=java.util.Iterator.forEachRemaining(Ljava/util/function/Consumer;)V @ 6
Event: 65.496 Thread 0x0000000018633800 Uncommon trap: reason=class_check action=maybe_recompile pc=0x000000000425230c method=java.util.Iterator.forEachRemaining(Ljava/util/function/Consumer;)V @ 6
Event: 65.592 Thread 0x0000000018633800 Uncommon trap: reason=class_check action=maybe_recompile pc=0x000000000421a7f8 method=com.google.common.collect.TransformedIterator.next()Ljava/lang/Object; @ 5
Event: 65.592 Thread 0x0000000018633800 Uncommon trap: reason=class_check action=maybe_recompile pc=0x000000000421a7f8 method=com.google.common.collect.TransformedIterator.next()Ljava/lang/Object; @ 5
Event: 65.602 Thread 0x0000000018633800 Uncommon trap: reason=class_check action=maybe_recompile pc=0x000000000448b65c method=com.google.common.collect.ImmutableMap.copyOf(Ljava/util/Map;)Lcom/google/common/collect/ImmutableMap; @ 49
Event: 65.602 Thread 0x0000000018633800 Uncommon trap: reason=class_check action=maybe_recompile pc=0x0000000004483dec method=com.google.common.collect.Iterables.castOrCopyToCollection(Ljava/lang/Iterable;)Ljava/util/Collection; @ 1
Event: 65.623 Thread 0x0000000018633800 Uncommon trap: reason=class_check action=maybe_recompile pc=0x00000000043504e0 method=com.sun.org.apache.xerces.internal.dom.ParentNode.getChildNodes()Lorg/w3c/dom/NodeList; @ 8
Event: 65.623 Thread 0x0000000018633800 Uncommon trap: reason=class_check action=maybe_recompile pc=0x00000000043504e0 method=com.sun.org.apache.xerces.internal.dom.ParentNode.getChildNodes()Lorg/w3c/dom/NodeList; @ 8
Event: 65.626 Thread 0x0000000018633800 Uncommon trap: reason=bimorphic action=maybe_recompile pc=0x0000000004336974 method=com.sun.org.apache.xerces.internal.dom.ElementImpl.getAttributes()Lorg/w3c/dom/NamedNodeMap; @ 8
Event: 65.626 Thread 0x0000000018633800 Uncommon trap: reason=class_check action=maybe_recompile pc=0x00000000043504e0 method=com.sun.org.apache.xerces.internal.dom.ParentNode.getChildNodes()Lorg/w3c/dom/NodeList; @ 8

Classes redefined (0 events):
No events

Internal exceptions (10 events):
Event: 33.150 Thread 0x0000000018644000 Exception <a 'java/lang/NoSuchMethodError': <clinit>> (0x00000000f656e530) thrown at [D:\src\AOSP-openjdk-cygwin\jdk8u\hotspot\src\share\vm\prims\jni.cpp, line 1613]
Event: 33.276 Thread 0x0000000018644000 Exception <a 'java/lang/NoSuchMethodError': <clinit>> (0x00000000f6f19320) thrown at [D:\src\AOSP-openjdk-cygwin\jdk8u\hotspot\src\share\vm\prims\jni.cpp, line 1613]
Event: 33.404 Thread 0x0000000018336800 Exception <a 'java/lang/NoSuchMethodError': <clinit>> (0x00000000f79e9e58) thrown at [D:\src\AOSP-openjdk-cygwin\jdk8u\hotspot\src\share\vm\prims\jni.cpp, line 1613]
Event: 33.405 Thread 0x0000000018336800 Exception <a 'java/lang/NoSuchMethodError': <clinit>> (0x00000000f79f5250) thrown at [D:\src\AOSP-openjdk-cygwin\jdk8u\hotspot\src\share\vm\prims\jni.cpp, line 1613]
Event: 65.296 Thread 0x0000000018633800 Implicit null exception at 0x00000000043daff4 to 0x00000000043db281
Event: 65.296 Thread 0x0000000018633800 Implicit null exception at 0x00000000046b1db1 to 0x00000000046b2359
Event: 65.296 Thread 0x0000000018633800 Implicit null exception at 0x00000000043bb254 to 0x00000000043bb461
Event: 65.297 Thread 0x0000000018633800 Implicit null exception at 0x0000000003e775ef to 0x0000000003e77676
Event: 65.443 Thread 0x0000000018633800 Exception <a 'sun/nio/fs/WindowsException'> (0x00000000f8e69e90) thrown at [D:\src\AOSP-openjdk-cygwin\jdk8u\hotspot\src\share\vm\prims\jni.cpp, line 709]
Event: 65.446 Thread 0x0000000018633800 Exception <a 'sun/nio/fs/WindowsException'> (0x00000000f8e768f8) thrown at [D:\src\AOSP-openjdk-cygwin\jdk8u\hotspot\src\share\vm\prims\jni.cpp, line 709]

Events (10 events):
Event: 65.627 Thread 0x0000000016520800 flushing nmethod 0x00000000032b5590
Event: 65.631 Thread 0x000000001650e800 flushing nmethod 0x000000000376a190
Event: 65.637 Thread 0x0000000016520800 flushing nmethod 0x000000000381a6d0
Event: 65.645 Thread 0x0000000016520800 flushing nmethod 0x0000000003e3d2d0
Event: 65.648 Thread 0x000000001650e800 flushing nmethod 0x000000000419eed0
Event: 65.667 Thread 0x0000000016520800 flushing nmethod 0x00000000043b0c10
Event: 65.698 loading class java/util/AbstractList$1
Event: 65.698 loading class java/util/AbstractList$1 done
Event: 65.700 Executing VM operation: RevokeBias
Event: 65.700 Executing VM operation: RevokeBias done


Dynamic libraries:
0x00007ff7667b0000 - 0x00007ff7667e1000 	C:\Program Files\Android\Android Studio\jre\bin\java.exe
0x00007ff9e6620000 - 0x00007ff9e6801000 	C:\Windows\SYSTEM32\ntdll.dll
0x00007ff9e3b50000 - 0x00007ff9e3c01000 	C:\Windows\System32\KERNEL32.DLL
0x00007ff9e3230000 - 0x00007ff9e34a3000 	C:\Windows\System32\KERNELBASE.dll
0x00007ff9e61a0000 - 0x00007ff9e6241000 	C:\Windows\System32\ADVAPI32.dll
0x00007ff9e6250000 - 0x00007ff9e62ee000 	C:\Windows\System32\msvcrt.dll
0x00007ff9e3fe0000 - 0x00007ff9e403b000 	C:\Windows\System32\sechost.dll
0x00007ff9e6410000 - 0x00007ff9e6534000 	C:\Windows\System32\RPCRT4.dll
0x00007ff9e6010000 - 0x00007ff9e61a0000 	C:\Windows\System32\USER32.dll
0x00007ff9e2a50000 - 0x00007ff9e2a70000 	C:\Windows\System32\win32u.dll
0x00007ff9e3fb0000 - 0x00007ff9e3fd8000 	C:\Windows\System32\GDI32.dll
0x00007ff9e3600000 - 0x00007ff9e3791000 	C:\Windows\System32\gdi32full.dll
0x00007ff9e3990000 - 0x00007ff9e3a2f000 	C:\Windows\System32\msvcp_win.dll
0x00007ff9e34b0000 - 0x00007ff9e35a8000 	C:\Windows\System32\ucrtbase.dll
0x00007ff9d64a0000 - 0x00007ff9d6709000 	C:\Windows\WinSxS\amd64_microsoft.windows.common-controls_6595b64144ccf1df_6.0.17134.829_none_fb46a5473061b9d5\COMCTL32.dll
0x00007ff9e3c80000 - 0x00007ff9e3fa2000 	C:\Windows\System32\combase.dll
0x00007ff9e3a30000 - 0x00007ff9e3aaa000 	C:\Windows\System32\bcryptPrimitives.dll
0x00007ff9e63e0000 - 0x00007ff9e640d000 	C:\Windows\System32\IMM32.DLL
0x0000000076830000 - 0x0000000076902000 	C:\Program Files\Android\Android Studio\jre\jre\bin\msvcr100.dll
0x0000000075dc0000 - 0x0000000076601000 	C:\Program Files\Android\Android Studio\jre\jre\bin\server\jvm.dll
0x00007ff9e6000000 - 0x00007ff9e6008000 	C:\Windows\System32\PSAPI.DLL
0x00007ff9c3a50000 - 0x00007ff9c3a59000 	C:\Windows\SYSTEM32\WSOCK32.dll
0x00007ff9e0b80000 - 0x00007ff9e0ba3000 	C:\Windows\SYSTEM32\WINMM.dll
0x00007ff9de2a0000 - 0x00007ff9de2aa000 	C:\Windows\SYSTEM32\VERSION.dll
0x00007ff9e62f0000 - 0x00007ff9e635c000 	C:\Windows\System32\WS2_32.dll
0x00007ff9e0730000 - 0x00007ff9e075a000 	C:\Windows\SYSTEM32\WINMMBASE.dll
0x00007ff9e35b0000 - 0x00007ff9e35f9000 	C:\Windows\System32\cfgmgr32.dll
0x00007ff9de800000 - 0x00007ff9de80f000 	C:\Program Files\Android\Android Studio\jre\jre\bin\verify.dll
0x00007ff9dbf30000 - 0x00007ff9dbf59000 	C:\Program Files\Android\Android Studio\jre\jre\bin\java.dll
0x00007ff9dbf10000 - 0x00007ff9dbf26000 	C:\Program Files\Android\Android Studio\jre\jre\bin\zip.dll
0x00007ff9e4040000 - 0x00007ff9e5480000 	C:\Windows\System32\SHELL32.dll
0x00007ff9e6540000 - 0x00007ff9e65e9000 	C:\Windows\System32\shcore.dll
0x00007ff9e2a70000 - 0x00007ff9e317d000 	C:\Windows\System32\windows.storage.dll
0x00007ff9e3c10000 - 0x00007ff9e3c61000 	C:\Windows\System32\shlwapi.dll
0x00007ff9e29d0000 - 0x00007ff9e29e1000 	C:\Windows\System32\kernel.appcore.dll
0x00007ff9e29a0000 - 0x00007ff9e29bf000 	C:\Windows\System32\profapi.dll
0x00007ff9e2950000 - 0x00007ff9e299c000 	C:\Windows\System32\powrprof.dll
0x00007ff9e29c0000 - 0x00007ff9e29ca000 	C:\Windows\System32\FLTLIB.DLL
0x00007ff9d58a0000 - 0x00007ff9d58ba000 	C:\Program Files\Android\Android Studio\jre\jre\bin\net.dll
0x00007ff9e2150000 - 0x00007ff9e21b6000 	C:\Windows\system32\mswsock.dll
0x00007ff9d5880000 - 0x00007ff9d5891000 	C:\Program Files\Android\Android Studio\jre\jre\bin\nio.dll
0x00007ff9ca7e0000 - 0x00007ff9ca7fe000 	C:\Users\deonoize\.gradle\native\25\windows-amd64\native-platform.dll
0x00007ff9dd8b0000 - 0x00007ff9dd8bd000 	C:\Program Files\Android\Android Studio\jre\jre\bin\management.dll
0x00007ff9e2300000 - 0x00007ff9e2317000 	C:\Windows\SYSTEM32\CRYPTSP.dll
0x00007ff9e1d40000 - 0x00007ff9e1d73000 	C:\Windows\system32\rsaenh.dll
0x00007ff9e2430000 - 0x00007ff9e2455000 	C:\Windows\SYSTEM32\bcrypt.dll
0x00007ff9e2860000 - 0x00007ff9e2888000 	C:\Windows\SYSTEM32\USERENV.dll
0x00007ff9e2320000 - 0x00007ff9e232b000 	C:\Windows\SYSTEM32\CRYPTBASE.dll
0x00007ff9e1ee0000 - 0x00007ff9e1f18000 	C:\Windows\SYSTEM32\IPHLPAPI.DLL
0x00007ff9e3c70000 - 0x00007ff9e3c78000 	C:\Windows\System32\NSI.dll
0x00007ff9d9fd0000 - 0x00007ff9d9fe6000 	C:\Windows\SYSTEM32\dhcpcsvc6.DLL
0x00007ff9dbe60000 - 0x00007ff9dbe7a000 	C:\Windows\SYSTEM32\dhcpcsvc.DLL
0x00007ff9c37e0000 - 0x00007ff9c37fe000 	C:\Users\deonoize\AppData\Local\Temp\native-platform5379710664808448489dir\native-platform.dll

VM Arguments:
jvm_args: -XX:MaxMetaspaceSize=256m -XX:+HeapDumpOnOutOfMemoryError -Xmx512m -Dfile.encoding=windows-1251 -Duser.country=RU -Duser.language=ru -Duser.variant 
java_command: org.gradle.launcher.daemon.bootstrap.GradleDaemon 5.1.1
java_class_path (initial): C:\Users\deonoize\.gradle\wrapper\dists\gradle-5.1.1-all\97z1ksx6lirer3kbvdnh7jtjg\gradle-5.1.1\lib\gradle-launcher-5.1.1.jar
Launcher Type: SUN_STANDARD

Environment Variables:
PATH=C:\ProgramData\Oracle\Java\javapath;C:\Windows\system32;C:\Windows;C:\Windows\System32\Wbem;C:\Windows\System32\WindowsPowerShell\v1.0\;C:\Program Files (x86)\NVIDIA Corporation\PhysX\Common;C:\WINDOWS\system32;C:\WINDOWS;C:\WINDOWS\System32\Wbem;C:\WINDOWS\System32\WindowsPowerShell\v1.0\;C:\WINDOWS\System32\OpenSSH\;C:\Program Files\dotnet\;C:\Program Files\NVIDIA Corporation\NVIDIA NvDLISR;C:\Program Files\Microsoft VS Code\bin;C:\ProgramData\ComposerSetup\bin;E:\Programs\nodejs\;C:\Program Files\Git\cmd;C:\Program Files\heroku\bin;C:\Program Files (x86)\Common Files\Acronis\SnapAPI\;C:\Users\deonoize\AppData\Local\Microsoft\WindowsApps;C:\Users\deonoize\AppData\Local\GitHubDesktop\bin;C:\Program Files\Microsoft VS Code\bin;C:\Users\deonoize\AppData\Roaming\Composer\vendor\bin;E:\Programs\OSPanel\modules\php\PHP-7.2;C:\Users\deonoize\AppData\Roaming\npm;C:\Users\deonoize\AppData\Local\atom\bin;C:\Program Files\heroku\bin;E:\Programs\dart-sass;
USERNAME=deonoize
OS=Windows_NT
PROCESSOR_IDENTIFIER=Intel64 Family 6 Model 142 Stepping 10, GenuineIntel



---------------  S Y S T E M  ---------------

OS: Windows 10.0 , 64 bit Build 17134 (10.0.17134.753)

CPU:total 8 (initial active 8) (4 cores per cpu, 2 threads per core) family 6 model 142 stepping 10, cmov, cx8, fxsr, mmx, sse, sse2, sse3, ssse3, sse4.1, sse4.2, popcnt, avx, avx2, aes, clmul, erms, 3dnowpref, lzcnt, ht, tsc, tscinvbit, bmi1, bmi2, adx

Memory: 4k page, physical 8260236k(737376k free), swap 12454540k(5236k free)

vm_info: OpenJDK 64-Bit Server VM (25.152-b01) for windows-amd64 JRE (1.8.0_152-release-1343-b01), built by "builder" with MS VC++ 10.0 (VS2010)

time: Mon Jun 17 19:27:30 2019
elapsed time: 65 seconds (0d 0h 1m 5s)

