#
# There is insufficient memory for the Java Runtime Environment to continue.
# Native memory allocation (malloc) failed to allocate 1939216 bytes for Chunk::new
# Possible reasons:
#   The system is out of physical RAM or swap space
#   In 32 bit mode, the process size limit was hit
# Possible solutions:
#   Reduce memory load on the system
#   Increase physical memory or swap space
#   Check if swap backing store is full
#   Use 64 bit Java on a 64 bit OS
#   Decrease Java heap size (-Xmx/-Xms)
#   Decrease number of Java threads
#   Decrease Java thread stack sizes (-Xss)
#   Set larger code cache with -XX:ReservedCodeCacheSize=
# This output file may be truncated or incomplete.
#
#  Out of Memory Error (allocation.cpp:390), pid=14592, tid=0x0000000000004228
#
# JRE version: OpenJDK Runtime Environment (8.0_152-b01) (build 1.8.0_152-release-1343-b01)
# Java VM: OpenJDK 64-Bit Server VM (25.152-b01 mixed mode windows-amd64 compressed oops)
# Failed to write core dump. Minidumps are not enabled by default on client versions of Windows
#

---------------  T H R E A D  ---------------

Current thread (0x000000001a1e6000):  JavaThread "C2 CompilerThread0" daemon [_thread_in_native, id=16936, stack(0x000000001a9c0000,0x000000001aac0000)]

Stack: [0x000000001a9c0000,0x000000001aac0000]
[error occurred during error reporting (printing stack bounds), id 0xc0000005]

Native frames: (J=compiled Java code, j=interpreted, Vv=VM code, C=native code)


Current CompileTask:
C2:   2111 1895   !   4       java.net.URLClassLoader$1::run (63 bytes)


---------------  P R O C E S S  ---------------

Java Threads: ( => current thread )
  0x000000001a288000 JavaThread "Service Thread" daemon [_thread_blocked, id=2816, stack(0x000000001adc0000,0x000000001aec0000)]
  0x000000001a1f1800 JavaThread "C1 CompilerThread3" daemon [_thread_blocked, id=14932, stack(0x000000001acc0000,0x000000001adc0000)]
  0x000000001a1ec000 JavaThread "C2 CompilerThread2" daemon [_thread_in_native, id=16696, stack(0x000000001abc0000,0x000000001acc0000)]
  0x000000001a1eb800 JavaThread "C2 CompilerThread1" daemon [_thread_in_native, id=16524, stack(0x000000001aac0000,0x000000001abc0000)]
=>0x000000001a1e6000 JavaThread "C2 CompilerThread0" daemon [_thread_in_native, id=16936, stack(0x000000001a9c0000,0x000000001aac0000)]
  0x000000001a1f6000 JavaThread "Attach Listener" daemon [_thread_blocked, id=11812, stack(0x000000001a8c0000,0x000000001a9c0000)]
  0x000000001a1f4800 JavaThread "Signal Dispatcher" daemon [_thread_blocked, id=13768, stack(0x000000001a7c0000,0x000000001a8c0000)]
  0x000000001a1e1000 JavaThread "Finalizer" daemon [_thread_blocked, id=11936, stack(0x000000001a5c0000,0x000000001a6c0000)]
  0x00000000182cc000 JavaThread "Reference Handler" daemon [_thread_blocked, id=1580, stack(0x000000001a0c0000,0x000000001a1c0000)]
  0x0000000003264800 JavaThread "main" [_thread_in_vm, id=16200, stack(0x00000000030a0000,0x00000000031a0000)]

Other Threads:
  0x00000000182c6800 VMThread [stack: 0x0000000019fc0000,0x000000001a0c0000] [id=13900]
  0x000000001a288800 WatcherThread [stack: 0x000000001aec0000,0x000000001afc0000] [id=17360]

VM state:not at safepoint (normal execution)

VM Mutex/Monitor currently owned by a thread: None

Heap:
 PSYoungGen      total 71680K, used 59868K [0x00000000d5f80000, 0x00000000daa80000, 0x0000000100000000)
  eden space 66560K, 89% used [0x00000000d5f80000,0x00000000d99f7078,0x00000000da080000)
  from space 5120K, 0% used [0x00000000da080000,0x00000000da080000,0x00000000da580000)
  to   space 5120K, 0% used [0x00000000da580000,0x00000000da580000,0x00000000daa80000)
 ParOldGen       total 65024K, used 7793K [0x0000000081e00000, 0x0000000085d80000, 0x00000000d5f80000)
  object space 65024K, 11% used [0x0000000081e00000,0x000000008259c7d0,0x0000000085d80000)
 Metaspace       used 28861K, capacity 29329K, committed 29488K, reserved 1075200K
  class space    used 3688K, capacity 3836K, committed 3888K, reserved 1048576K

Card table byte_map: [0x0000000012720000,0x0000000012b20000] byte_map_base: 0x0000000012311000

Marking Bits: (ParMarkBitMap*) 0x000000005e9f5aa0
 Begin Bits: [0x00000000135d0000, 0x0000000015558000)
 End Bits:   [0x0000000015558000, 0x00000000174e0000)

Polling page: 0x00000000019c0000

CodeCache: size=245760Kb used=6582Kb max_used=6582Kb free=239177Kb
 bounds [0x0000000003360000, 0x00000000039e0000, 0x0000000012360000]
 total_blobs=2592 nmethods=2187 adapters=318
 compilation: enabled

Compilation events (10 events):
Event: 2.073 Thread 0x000000001a1f1800 nmethod 2184 0x00000000039cbc90 code [0x00000000039cbe20, 0x00000000039cc228]
Event: 2.084 Thread 0x000000001a1f1800 2186   !   3       sun.reflect.annotation.AnnotationParser::parseAnnotation2 (284 bytes)
Event: 2.086 Thread 0x000000001a1f1800 nmethod 2186 0x00000000039cc410 code [0x00000000039cc7c0, 0x00000000039ce458]
Event: 2.096 Thread 0x000000001a1f1800 2187       3       java.util.LinkedHashMap::afterNodeAccess (116 bytes)
Event: 2.097 Thread 0x000000001a1f1800 nmethod 2187 0x00000000039cf650 code [0x00000000039cf7c0, 0x00000000039cfc70]
Event: 2.097 Thread 0x000000001a1f1800 2188       3       sun.reflect.NativeConstructorAccessorImpl::newInstance (89 bytes)
Event: 2.097 Thread 0x000000001a1ec000 2190  s    4       java.lang.reflect.Executable::declaredAnnotations (59 bytes)
Event: 2.098 Thread 0x000000001a1f1800 nmethod 2188 0x00000000039cfdd0 code [0x00000000039d0040, 0x00000000039d1378]
Event: 2.103 Thread 0x000000001a1f1800 2191       1       java.lang.reflect.Constructor::getSignature (5 bytes)
Event: 2.103 Thread 0x000000001a1f1800 nmethod 2191 0x00000000039c6650 code [0x00000000039c67a0, 0x00000000039c68b0]

GC Heap History (8 events):
Event: 0.519 GC heap before
{Heap before GC invocations=1 (full 0):
 PSYoungGen      total 38400K, used 33280K [0x00000000d5f80000, 0x00000000d8a00000, 0x0000000100000000)
  eden space 33280K, 100% used [0x00000000d5f80000,0x00000000d8000000,0x00000000d8000000)
  from space 5120K, 0% used [0x00000000d8500000,0x00000000d8500000,0x00000000d8a00000)
  to   space 5120K, 0% used [0x00000000d8000000,0x00000000d8000000,0x00000000d8500000)
 ParOldGen       total 87552K, used 0K [0x0000000081e00000, 0x0000000087380000, 0x00000000d5f80000)
  object space 87552K, 0% used [0x0000000081e00000,0x0000000081e00000,0x0000000087380000)
 Metaspace       used 9251K, capacity 9972K, committed 10112K, reserved 1058816K
  class space    used 1038K, capacity 1072K, committed 1152K, reserved 1048576K
Event: 0.524 GC heap after
Heap after GC invocations=1 (full 0):
 PSYoungGen      total 38400K, used 5113K [0x00000000d5f80000, 0x00000000daa80000, 0x0000000100000000)
  eden space 33280K, 0% used [0x00000000d5f80000,0x00000000d5f80000,0x00000000d8000000)
  from space 5120K, 99% used [0x00000000d8000000,0x00000000d84fe758,0x00000000d8500000)
  to   space 5120K, 0% used [0x00000000da580000,0x00000000da580000,0x00000000daa80000)
 ParOldGen       total 87552K, used 3020K [0x0000000081e00000, 0x0000000087380000, 0x00000000d5f80000)
  object space 87552K, 3% used [0x0000000081e00000,0x00000000820f3310,0x0000000087380000)
 Metaspace       used 9251K, capacity 9972K, committed 10112K, reserved 1058816K
  class space    used 1038K, capacity 1072K, committed 1152K, reserved 1048576K
}
Event: 0.940 GC heap before
{Heap before GC invocations=2 (full 0):
 PSYoungGen      total 38400K, used 38393K [0x00000000d5f80000, 0x00000000daa80000, 0x0000000100000000)
  eden space 33280K, 100% used [0x00000000d5f80000,0x00000000d8000000,0x00000000d8000000)
  from space 5120K, 99% used [0x00000000d8000000,0x00000000d84fe758,0x00000000d8500000)
  to   space 5120K, 0% used [0x00000000da580000,0x00000000da580000,0x00000000daa80000)
 ParOldGen       total 87552K, used 3020K [0x0000000081e00000, 0x0000000087380000, 0x00000000d5f80000)
  object space 87552K, 3% used [0x0000000081e00000,0x00000000820f3310,0x0000000087380000)
 Metaspace       used 17589K, capacity 17860K, committed 18048K, reserved 1064960K
  class space    used 2058K, capacity 2126K, committed 2176K, reserved 1048576K
Event: 0.947 GC heap after
Heap after GC invocations=2 (full 0):
 PSYoungGen      total 71680K, used 5104K [0x00000000d5f80000, 0x00000000daa80000, 0x0000000100000000)
  eden space 66560K, 0% used [0x00000000d5f80000,0x00000000d5f80000,0x00000000da080000)
  from space 5120K, 99% used [0x00000000da580000,0x00000000daa7c020,0x00000000daa80000)
  to   space 5120K, 0% used [0x00000000da080000,0x00000000da080000,0x00000000da580000)
 ParOldGen       total 87552K, used 8161K [0x0000000081e00000, 0x0000000087380000, 0x00000000d5f80000)
  object space 87552K, 9% used [0x0000000081e00000,0x00000000825f8680,0x0000000087380000)
 Metaspace       used 17589K, capacity 17860K, committed 18048K, reserved 1064960K
  class space    used 2058K, capacity 2126K, committed 2176K, reserved 1048576K
}
Event: 1.103 GC heap before
{Heap before GC invocations=3 (full 0):
 PSYoungGen      total 71680K, used 17423K [0x00000000d5f80000, 0x00000000daa80000, 0x0000000100000000)
  eden space 66560K, 18% used [0x00000000d5f80000,0x00000000d6b87c18,0x00000000da080000)
  from space 5120K, 99% used [0x00000000da580000,0x00000000daa7c020,0x00000000daa80000)
  to   space 5120K, 0% used [0x00000000da080000,0x00000000da080000,0x00000000da580000)
 ParOldGen       total 87552K, used 8161K [0x0000000081e00000, 0x0000000087380000, 0x00000000d5f80000)
  object space 87552K, 9% used [0x0000000081e00000,0x00000000825f8680,0x0000000087380000)
 Metaspace       used 20756K, capacity 21130K, committed 21296K, reserved 1067008K
  class space    used 2708K, capacity 2835K, committed 2864K, reserved 1048576K
Event: 1.108 GC heap after
Heap after GC invocations=3 (full 0):
 PSYoungGen      total 71680K, used 5108K [0x00000000d5f80000, 0x00000000daa80000, 0x0000000100000000)
  eden space 66560K, 0% used [0x00000000d5f80000,0x00000000d5f80000,0x00000000da080000)
  from space 5120K, 99% used [0x00000000da080000,0x00000000da57d040,0x00000000da580000)
  to   space 5120K, 0% used [0x00000000da580000,0x00000000da580000,0x00000000daa80000)
 ParOldGen       total 87552K, used 10792K [0x0000000081e00000, 0x0000000087380000, 0x00000000d5f80000)
  object space 87552K, 12% used [0x0000000081e00000,0x000000008288a3c0,0x0000000087380000)
 Metaspace       used 20756K, capacity 21130K, committed 21296K, reserved 1067008K
  class space    used 2708K, capacity 2835K, committed 2864K, reserved 1048576K
}
Event: 1.108 GC heap before
{Heap before GC invocations=4 (full 1):
 PSYoungGen      total 71680K, used 5108K [0x00000000d5f80000, 0x00000000daa80000, 0x0000000100000000)
  eden space 66560K, 0% used [0x00000000d5f80000,0x00000000d5f80000,0x00000000da080000)
  from space 5120K, 99% used [0x00000000da080000,0x00000000da57d040,0x00000000da580000)
  to   space 5120K, 0% used [0x00000000da580000,0x00000000da580000,0x00000000daa80000)
 ParOldGen       total 87552K, used 10792K [0x0000000081e00000, 0x0000000087380000, 0x00000000d5f80000)
  object space 87552K, 12% used [0x0000000081e00000,0x000000008288a3c0,0x0000000087380000)
 Metaspace       used 20756K, capacity 21130K, committed 21296K, reserved 1067008K
  class space    used 2708K, capacity 2835K, committed 2864K, reserved 1048576K
Event: 1.132 GC heap after
Heap after GC invocations=4 (full 1):
 PSYoungGen      total 71680K, used 0K [0x00000000d5f80000, 0x00000000daa80000, 0x0000000100000000)
  eden space 66560K, 0% used [0x00000000d5f80000,0x00000000d5f80000,0x00000000da080000)
  from space 5120K, 0% used [0x00000000da080000,0x00000000da080000,0x00000000da580000)
  to   space 5120K, 0% used [0x00000000da580000,0x00000000da580000,0x00000000daa80000)
 ParOldGen       total 65024K, used 7793K [0x0000000081e00000, 0x0000000085d80000, 0x00000000d5f80000)
  object space 65024K, 11% used [0x0000000081e00000,0x000000008259c7d0,0x0000000085d80000)
 Metaspace       used 20756K, capacity 21130K, committed 21296K, reserved 1067008K
  class space    used 2708K, capacity 2835K, committed 2864K, reserved 1048576K
}

Deoptimization events (10 events):
Event: 1.868 Thread 0x0000000003264800 Uncommon trap: reason=bimorphic action=maybe_recompile pc=0x00000000038c5be4 method=java.util.AbstractList$Itr.hasNext()Z @ 8
Event: 1.868 Thread 0x0000000003264800 Uncommon trap: reason=bimorphic action=maybe_recompile pc=0x00000000038c5be4 method=java.util.AbstractList$Itr.hasNext()Z @ 8
Event: 1.868 Thread 0x0000000003264800 Uncommon trap: reason=bimorphic action=maybe_recompile pc=0x00000000038c78a4 method=java.util.AbstractList$Itr.next()Ljava/lang/Object; @ 14
Event: 1.869 Thread 0x0000000003264800 Uncommon trap: reason=bimorphic action=maybe_recompile pc=0x00000000038c5be4 method=java.util.AbstractList$Itr.hasNext()Z @ 8
Event: 1.871 Thread 0x0000000003264800 Uncommon trap: reason=bimorphic action=maybe_recompile pc=0x00000000038c5be4 method=java.util.AbstractList$Itr.hasNext()Z @ 8
Event: 1.871 Thread 0x0000000003264800 Uncommon trap: reason=bimorphic action=maybe_recompile pc=0x00000000038c78a4 method=java.util.AbstractList$Itr.next()Ljava/lang/Object; @ 14
Event: 1.871 Thread 0x0000000003264800 Uncommon trap: reason=bimorphic action=maybe_recompile pc=0x00000000038c78a4 method=java.util.AbstractList$Itr.next()Ljava/lang/Object; @ 14
Event: 1.871 Thread 0x0000000003264800 Uncommon trap: reason=bimorphic action=maybe_recompile pc=0x00000000038c78a4 method=java.util.AbstractList$Itr.next()Ljava/lang/Object; @ 14
Event: 1.959 Thread 0x0000000003264800 Uncommon trap: reason=unstable_if action=reinterpret pc=0x00000000038e0d18 method=org.jetbrains.kotlin.com.intellij.util.SmartList.get(I)Ljava/lang/Object; @ 56
Event: 1.988 Thread 0x0000000003264800 Uncommon trap: reason=unstable_if action=reinterpret pc=0x000000000397e138 method=java.lang.reflect.Method.equals(Ljava/lang/Object;)Z @ 49

Classes redefined (0 events):
No events

Internal exceptions (10 events):
Event: 0.449 Thread 0x0000000003264800 Exception <a 'java/lang/ArrayIndexOutOfBoundsException'> (0x00000000d7a66e78) thrown at [D:\src\AOSP-openjdk-cygwin\jdk8u\hotspot\src\share\vm\runtime\sharedRuntime.cpp, line 605]
Event: 0.537 Thread 0x0000000003264800 Exception <a 'java/lang/ArrayIndexOutOfBoundsException'> (0x00000000d60e5908) thrown at [D:\src\AOSP-openjdk-cygwin\jdk8u\hotspot\src\share\vm\runtime\sharedRuntime.cpp, line 605]
Event: 0.691 Thread 0x0000000003264800 Exception <a 'java/lang/NoSuchFieldError': method resolution failed> (0x00000000d6ca16b8) thrown at [D:\src\AOSP-openjdk-cygwin\jdk8u\hotspot\src\share\vm\prims\methodHandles.cpp, line 1167]
Event: 0.691 Thread 0x0000000003264800 Exception <a 'java/lang/NoSuchFieldError': method resolution failed> (0x00000000d6caebc0) thrown at [D:\src\AOSP-openjdk-cygwin\jdk8u\hotspot\src\share\vm\prims\methodHandles.cpp, line 1167]
Event: 0.735 Thread 0x0000000003264800 Implicit null exception at 0x000000000370dbfb to 0x000000000370e1bd
Event: 0.849 Thread 0x0000000003264800 Exception <a 'java/lang/NoSuchMethodError': java.lang.Object.lambda$comparing$77a9974f$1(Ljava/util/function/Function;Ljava/lang/Object;Ljava/lang/Object;)I> (0x00000000d78b1718) thrown at [D:\src\AOSP-openjdk-cygwin\jdk8u\hotspot\src\share\vm\interpreter
Event: 0.923 Thread 0x0000000003264800 Exception <a 'java/lang/ArrayIndexOutOfBoundsException': 67> (0x00000000d7e130b0) thrown at [D:\src\AOSP-openjdk-cygwin\jdk8u\hotspot\src\share\vm\interpreter\interpreterRuntime.cpp, line 366]
Event: 1.063 Thread 0x0000000003264800 Exception <a 'java/lang/NoSuchMethodError': java.lang.Object.lambda$static$0(I)[Lorg/jetbrains/kotlin/com/intellij/openapi/editor/event/DocumentListener;> (0x00000000d674c2c8) thrown at [D:\src\AOSP-openjdk-cygwin\jdk8u\hotspot\src\share\vm\interpreter\li
Event: 1.086 Thread 0x0000000003264800 Exception <a 'java/lang/NoSuchMethodError': java.lang.Object.lambda$static$0(I)[Lorg/jetbrains/kotlin/com/intellij/psi/PsiAnnotation;> (0x00000000d690ac18) thrown at [D:\src\AOSP-openjdk-cygwin\jdk8u\hotspot\src\share\vm\interpreter\linkResolver.cpp, line
Event: 1.162 Thread 0x0000000003264800 Exception <a 'java/lang/NoSuchMethodError': java.lang.Object.lambda$static$0(I)[Lorg/jetbrains/kotlin/com/intellij/psi/PsiElement;> (0x00000000d6293680) thrown at [D:\src\AOSP-openjdk-cygwin\jdk8u\hotspot\src\share\vm\interpreter\linkResolver.cpp, line 58

Events (10 events):
Event: 2.106 loading class org/jetbrains/kotlin/resolve/calls/tower/ScopeTowerProcessor
Event: 2.106 loading class org/jetbrains/kotlin/resolve/calls/tower/ScopeTowerProcessor done
Event: 2.106 loading class org/jetbrains/kotlin/resolve/calls/tower/TowerResolver$ResultCollector
Event: 2.106 loading class org/jetbrains/kotlin/resolve/calls/tower/TowerResolver$ResultCollector done
Event: 2.106 loading class org/jetbrains/kotlin/resolve/calls/tower/TowerData
Event: 2.106 loading class org/jetbrains/kotlin/resolve/calls/tower/TowerData done
Event: 2.108 loading class org/jetbrains/kotlin/resolve/calls/model/KotlinCallComponents
Event: 2.108 loading class org/jetbrains/kotlin/resolve/calls/model/KotlinCallComponents done
Event: 2.108 loading class org/jetbrains/kotlin/resolve/calls/tower/KotlinToResolvedCallTransformer
Event: 2.108 loading class org/jetbrains/kotlin/resolve/calls/tower/KotlinToResolvedCallTransformer done


Dynamic libraries:
0x00007ff6fbfb0000 - 0x00007ff6fbfe1000 	C:\Program Files\Android\Android Studio\jre\jre\bin\java.exe
0x00007ffd33770000 - 0x00007ffd33951000 	C:\Windows\SYSTEM32\ntdll.dll
0x00007ffd324a0000 - 0x00007ffd32551000 	C:\Windows\System32\KERNEL32.DLL
0x00007ffd30850000 - 0x00007ffd30ac3000 	C:\Windows\System32\KERNELBASE.dll
0x00007ffd30d90000 - 0x00007ffd30e31000 	C:\Windows\System32\ADVAPI32.dll
0x00007ffd328d0000 - 0x00007ffd3296e000 	C:\Windows\System32\msvcrt.dll
0x00007ffd30e40000 - 0x00007ffd30e9b000 	C:\Windows\System32\sechost.dll
0x00007ffd33440000 - 0x00007ffd33564000 	C:\Windows\System32\RPCRT4.dll
0x00007ffd30c00000 - 0x00007ffd30d90000 	C:\Windows\System32\USER32.dll
0x00007ffd30830000 - 0x00007ffd30850000 	C:\Windows\System32\win32u.dll
0x00007ffd33340000 - 0x00007ffd33368000 	C:\Windows\System32\GDI32.dll
0x00007ffd2fb40000 - 0x00007ffd2fcd2000 	C:\Windows\System32\gdi32full.dll
0x00007ffd30030000 - 0x00007ffd300cf000 	C:\Windows\System32\msvcp_win.dll
0x00007ffd2fce0000 - 0x00007ffd2fdd8000 	C:\Windows\System32\ucrtbase.dll
0x00007ffd23790000 - 0x00007ffd239f9000 	C:\Windows\WinSxS\amd64_microsoft.windows.common-controls_6595b64144ccf1df_6.0.17134.765_none_fb42a1a930655896\COMCTL32.dll
0x00007ffd33010000 - 0x00007ffd33332000 	C:\Windows\System32\combase.dll
0x00007ffd30ad0000 - 0x00007ffd30b4a000 	C:\Windows\System32\bcryptPrimitives.dll
0x00007ffd32450000 - 0x00007ffd3247d000 	C:\Windows\System32\IMM32.DLL
0x000000005dcd0000 - 0x000000005dda2000 	C:\Program Files\Android\Android Studio\jre\jre\bin\msvcr100.dll
0x000000005e230000 - 0x000000005ea71000 	C:\Program Files\Android\Android Studio\jre\jre\bin\server\jvm.dll
0x00007ffd32560000 - 0x00007ffd32568000 	C:\Windows\System32\PSAPI.DLL
0x00007ffd169f0000 - 0x00007ffd169f9000 	C:\Windows\SYSTEM32\WSOCK32.dll
0x00007ffd28e30000 - 0x00007ffd28e3a000 	C:\Windows\SYSTEM32\VERSION.dll
0x00007ffd2dc00000 - 0x00007ffd2dc23000 	C:\Windows\SYSTEM32\WINMM.dll
0x00007ffd336d0000 - 0x00007ffd3373c000 	C:\Windows\System32\WS2_32.dll
0x00007ffd2d7b0000 - 0x00007ffd2d7da000 	C:\Windows\SYSTEM32\winmmbase.dll
0x00007ffd300d0000 - 0x00007ffd30119000 	C:\Windows\System32\cfgmgr32.dll
0x00007ffd23cd0000 - 0x00007ffd23cdf000 	C:\Program Files\Android\Android Studio\jre\jre\bin\verify.dll
0x00007ffd16fc0000 - 0x00007ffd16fe9000 	C:\Program Files\Android\Android Studio\jre\jre\bin\java.dll
0x00007ffd19c70000 - 0x00007ffd19c86000 	C:\Program Files\Android\Android Studio\jre\jre\bin\zip.dll
0x00007ffd30f70000 - 0x00007ffd323b0000 	C:\Windows\System32\SHELL32.dll
0x00007ffd32b10000 - 0x00007ffd32bb9000 	C:\Windows\System32\shcore.dll
0x00007ffd30120000 - 0x00007ffd3082d000 	C:\Windows\System32\windows.storage.dll
0x00007ffd333d0000 - 0x00007ffd33421000 	C:\Windows\System32\shlwapi.dll
0x00007ffd2fb00000 - 0x00007ffd2fb11000 	C:\Windows\System32\kernel.appcore.dll
0x00007ffd2fb20000 - 0x00007ffd2fb3f000 	C:\Windows\System32\profapi.dll
0x00007ffd2fab0000 - 0x00007ffd2fafc000 	C:\Windows\System32\powrprof.dll
0x00007ffd2faa0000 - 0x00007ffd2faaa000 	C:\Windows\System32\FLTLIB.DLL
0x00007ffd21020000 - 0x00007ffd2103a000 	C:\Program Files\Android\Android Studio\jre\jre\bin\net.dll
0x00007ffd2f300000 - 0x00007ffd2f366000 	C:\Windows\system32\mswsock.dll
0x00007ffd1b280000 - 0x00007ffd1b291000 	C:\Program Files\Android\Android Studio\jre\jre\bin\nio.dll

VM Arguments:
java_command: org.jetbrains.kotlin.cli.jvm.K2JVMCompiler -Xadd-compiler-builtins -Xbuild-file=C:\Users\deonoize\AppData\Local\Temp\kjps1465622438942751194app_debug.script.xml -classpath C:\Users\deonoize\.gradle\caches\modules-2\files-2.1\org.jetbrains.kotlin\kotlin-stdlib-jdk7\1.3.21\d207ce2c9bcf17dc8e51bab4dbfdac4d013e7138\kotlin-stdlib-jdk7-1.3.21.jar;C:\Users\deonoize\.gradle\caches\modules-2\files-2.1\org.jetbrains.kotlin\kotlin-stdlib\1.3.21\4bcc2012b84840e19e1e28074284cac908be0295\kotlin-stdlib-1.3.21.jar;C:\Users\deonoize\.gradle\caches\modules-2\files-2.1\org.jetbrains.kotlin\kotlin-stdlib-common\1.3.21\f30e4a9897913e53d778f564110bafa1fef46643\kotlin-stdlib-common-1.3.21.jar;C:\Users\deonoize\.gradle\caches\modules-2\files-2.1\org.jetbrains\annotations\13.0\919f0dfe192fb4e063e7dacadee7f8bb9a2672a9\annotations-13.0.jar;C:\Users\deonoize\.gradle\caches\transforms-2\files-2.1\52118daa9060e2ba38bd078775b7f54e\jars\classes.jar;C:\Users\deonoize\.gradle\caches\transforms-2\files-2.1\e9a34b6c5673ec857bb9c197ff6329dc\jars\classes.jar;C:\Users\deonoize\.gradle\caches\transforms-2\files-2.1\8d6d0db5337798adef251721851164bd\jars\classes.jar;C:\Users\deonoize\.gradle\caches\transforms-2\files-2.1\cc78bdd607aad57a16e1de21dbd361ee\jars\classes.jar;C:\Users\deonoize\.gradle\caches\transforms-2\files-2.1\5f75bcfd87296d097c56a5387391e173\jars\classes.jar;C:\Users\deonoize\.gradle\caches\transforms-2\files-2.1\ef1ebf664e5b860e0ff48ce2fa52201a\jars\classes.jar;C:\Users\deonoize\.gradle\caches\transforms-2\files-2.1\724c5d8c2080817c7d7bc587747e5f0a\jars\classes.jar;C:\Users\deonoize\.gradle\caches\transforms-2\files-2.1\a47e0f921703977241fd58c90847eaa8\jars\classes.jar;C:\Users\deonoize\.gradle\caches\transforms-2\files-2.1\1627fd81cc5586d16aed0670f0856984\jars\classes.jar;C:\Users\deonoize\.gradle\caches\transforms-2\files-2.1\b11c34e7964b5d003b3bc0b94e381416\jars\classes.jar;C:\Users\deonoize\.gradle\caches\transforms-2\files-2.1\abf8b51f7e5cc45e8c62764667ffcb51\jars\class
java_class_path (initial): C:\Users\deonoize\.gradle\caches\modules-2\files-2.1\org.jetbrains.kotlin\kotlin-compiler-embeddable\1.3.21\677cc9553b8964c895abc76da9b6a0faea8f671d\kotlin-compiler-embeddable-1.3.21.jar;C:\Users\deonoize\.gradle\caches\modules-2\files-2.1\org.jetbrains.kotlin\kotlin-reflect\1.3.21\d0d5ff2ac2ebd8a42697af41e20fc225a23c5d3b\kotlin-reflect-1.3.21.jar;C:\Users\deonoize\.gradle\caches\modules-2\files-2.1\org.jetbrains.kotlin\kotlin-stdlib\1.3.21\4bcc2012b84840e19e1e28074284cac908be0295\kotlin-stdlib-1.3.21.jar;C:\Users\deonoize\.gradle\caches\modules-2\files-2.1\org.jetbrains.kotlin\kotlin-script-runtime\1.3.21\29363d474ee6fda354900636320a177c7286def9\kotlin-script-runtime-1.3.21.jar;C:\Users\deonoize\.gradle\caches\modules-2\files-2.1\org.jetbrains.intellij.deps\trove4j\1.0.20181211\216c2e14b070f334479d800987affe4054cd563f\trove4j-1.0.20181211.jar;C:\Users\deonoize\.gradle\caches\modules-2\files-2.1\org.jetbrains.kotlin\kotlin-stdlib-common\1.3.21\f30e4a9897913e53d778f564110bafa1fef46643\kotlin-stdlib-common-1.3.21.jar;C:\Users\deonoize\.gradle\caches\modules-2\files-2.1\org.jetbrains\annotations\13.0\919f0dfe192fb4e063e7dacadee7f8bb9a2672a9\annotations-13.0.jar;C:\Program Files\Android\Android Studio\jre\lib\tools.jar
Launcher Type: SUN_STANDARD

Environment Variables:
PATH=C:\Program Files (x86)\Common Files\Oracle\Java\javapath;C:\ProgramData\Oracle\Java\javapath;C:\Windows\system32;C:\Windows;C:\Windows\System32\Wbem;C:\Windows\System32\WindowsPowerShell\v1.0\;C:\Program Files (x86)\NVIDIA Corporation\PhysX\Common;C:\WINDOWS\system32;C:\WINDOWS;C:\WINDOWS\System32\Wbem;C:\WINDOWS\System32\WindowsPowerShell\v1.0\;C:\WINDOWS\System32\OpenSSH\;C:\Program Files\dotnet\;C:\Program Files\NVIDIA Corporation\NVIDIA NvDLISR;C:\Program Files\Microsoft VS Code\bin;C:\ProgramData\ComposerSetup\bin;E:\Programs\nodejs\;C:\Program Files\Git\cmd;C:\Program Files\heroku\bin;C:\Program Files (x86)\Common Files\Acronis\SnapAPI\;C:\Users\deonoize\AppData\Local\Microsoft\WindowsApps;C:\Users\deonoize\AppData\Local\GitHubDesktop\bin;C:\Program Files\Microsoft VS Code\bin;C:\Users\deonoize\AppData\Roaming\Composer\vendor\bin;E:\Programs\OSPanel\modules\php\PHP-7.2;C:\Users\deonoize\AppData\Roaming\npm;C:\Users\deonoize\AppData\Local\atom\bin;C:\Program Files\heroku\bin;E:\Programs\dart-sass;
USERNAME=deonoize
OS=Windows_NT
PROCESSOR_IDENTIFIER=Intel64 Family 6 Model 142 Stepping 10, GenuineIntel



---------------  S Y S T E M  ---------------

OS: Windows 10.0 , 64 bit Build 17134 (10.0.17134.753)

CPU:total 8 (initial active 8) (4 cores per cpu, 2 threads per core) family 6 model 142 stepping 10, cmov, cx8, fxsr, mmx, sse, sse2, sse3, ssse3, sse4.1, sse4.2, popcnt, avx, avx2, aes, clmul, erms, 3dnowpref, lzcnt, ht, tsc, tscinvbit, bmi1, bmi2, adx

Memory: 4k page, physical 8260236k(1487144k free), swap 12454540k(4136k free)

vm_info: OpenJDK 64-Bit Server VM (25.152-b01) for windows-amd64 JRE (1.8.0_152-release-1343-b01), built by "builder" with MS VC++ 10.0 (VS2010)

time: Wed Jun 05 13:59:04 2019
elapsed time: 2 seconds (0d 0h 0m 2s)

