#
# There is insufficient memory for the Java Runtime Environment to continue.
# Native memory allocation (malloc) failed to allocate 1029856 bytes for Chunk::new
# Possible reasons:
#   The system is out of physical RAM or swap space
#   In 32 bit mode, the process size limit was hit
# Possible solutions:
#   Reduce memory load on the system
#   Increase physical memory or swap space
#   Check if swap backing store is full
#   Use 64 bit Java on a 64 bit OS
#   Decrease Java heap size (-Xmx/-Xms)
#   Decrease number of Java threads
#   Decrease Java thread stack sizes (-Xss)
#   Set larger code cache with -XX:ReservedCodeCacheSize=
# This output file may be truncated or incomplete.
#
#  Out of Memory Error (allocation.cpp:390), pid=16484, tid=0x0000000000002918
#
# JRE version: OpenJDK Runtime Environment (8.0_152-b01) (build 1.8.0_152-release-1343-b01)
# Java VM: OpenJDK 64-Bit Server VM (25.152-b01 mixed mode windows-amd64 compressed oops)
# Failed to write core dump. Minidumps are not enabled by default on client versions of Windows
#

---------------  T H R E A D  ---------------

Current thread (0x00000000193eb000):  JavaThread "C2 CompilerThread1" daemon [_thread_in_native, id=10520, stack(0x0000000019cc0000,0x0000000019dc0000)]

Stack: [0x0000000019cc0000,0x0000000019dc0000]
[error occurred during error reporting (printing stack bounds), id 0xc0000005]

Native frames: (J=compiled Java code, j=interpreted, Vv=VM code, C=native code)


Current CompileTask:
C2:   2324 1879   !   4       java.net.URLClassLoader$1::run (63 bytes)


---------------  P R O C E S S  ---------------

Java Threads: ( => current thread )
  0x0000000019484000 JavaThread "Service Thread" daemon [_thread_blocked, id=13912, stack(0x0000000019fc0000,0x000000001a0c0000)]
  0x00000000193f7000 JavaThread "C1 CompilerThread3" daemon [_thread_blocked, id=2828, stack(0x0000000019ec0000,0x0000000019fc0000)]
  0x00000000193ee000 JavaThread "C2 CompilerThread2" daemon [_thread_blocked, id=14540, stack(0x0000000019dc0000,0x0000000019ec0000)]
=>0x00000000193eb000 JavaThread "C2 CompilerThread1" daemon [_thread_in_native, id=10520, stack(0x0000000019cc0000,0x0000000019dc0000)]
  0x00000000193e8000 JavaThread "C2 CompilerThread0" daemon [_thread_in_native, id=2728, stack(0x0000000019bc0000,0x0000000019cc0000)]
  0x00000000193e7000 JavaThread "Attach Listener" daemon [_thread_blocked, id=4620, stack(0x0000000019ac0000,0x0000000019bc0000)]
  0x00000000193f5800 JavaThread "Signal Dispatcher" daemon [_thread_blocked, id=12556, stack(0x00000000199c0000,0x0000000019ac0000)]
  0x00000000193e1000 JavaThread "Finalizer" daemon [_thread_blocked, id=7600, stack(0x00000000197c0000,0x00000000198c0000)]
  0x00000000174fc000 JavaThread "Reference Handler" daemon [_thread_blocked, id=15640, stack(0x00000000192c0000,0x00000000193c0000)]
  0x0000000002494800 JavaThread "main" [_thread_in_native, id=12412, stack(0x0000000002390000,0x0000000002490000)]

Other Threads:
  0x00000000174f6800 VMThread [stack: 0x00000000191c0000,0x00000000192c0000] [id=11932]
  0x0000000019485000 WatcherThread [stack: 0x000000001a0c0000,0x000000001a1c0000] [id=6724]

VM state:not at safepoint (normal execution)

VM Mutex/Monitor currently owned by a thread: None

Heap:
 PSYoungGen      total 71680K, used 48255K [0x00000000d5f80000, 0x00000000deb80000, 0x0000000100000000)
  eden space 66560K, 72% used [0x00000000d5f80000,0x00000000d8e9fd50,0x00000000da080000)
  from space 5120K, 0% used [0x00000000da080000,0x00000000da080000,0x00000000da580000)
  to   space 5120K, 0% used [0x00000000de680000,0x00000000de680000,0x00000000deb80000)
 ParOldGen       total 68096K, used 7940K [0x0000000081e00000, 0x0000000086080000, 0x00000000d5f80000)
  object space 68096K, 11% used [0x0000000081e00000,0x00000000825c10f0,0x0000000086080000)
 Metaspace       used 27014K, capacity 27431K, committed 27696K, reserved 1073152K
  class space    used 3470K, capacity 3611K, committed 3632K, reserved 1048576K

Card table byte_map: [0x0000000011950000,0x0000000011d50000] byte_map_base: 0x0000000011541000

Marking Bits: (ParMarkBitMap*) 0x000000005e9f5aa0
 Begin Bits: [0x0000000012800000, 0x0000000014788000)
 End Bits:   [0x0000000014788000, 0x0000000016710000)

Polling page: 0x00000000005b0000

CodeCache: size=245760Kb used=6101Kb max_used=6112Kb free=239658Kb
 bounds [0x0000000002590000, 0x0000000002b90000, 0x0000000011590000]
 total_blobs=2477 nmethods=2075 adapters=315
 compilation: enabled

Compilation events (10 events):
Event: 2.291 Thread 0x00000000193ee000 nmethod 2080 0x0000000002b81990 code [0x0000000002b81ac0, 0x0000000002b81b58]
Event: 2.291 Thread 0x00000000193ee000 2081       4       java.util.HashMap::hash (20 bytes)
Event: 2.292 Thread 0x00000000193ee000 nmethod 2081 0x0000000002b81710 code [0x0000000002b81840, 0x0000000002b818f8]
Event: 2.293 Thread 0x00000000193f7000 nmethod 2077 0x0000000002b88490 code [0x0000000002b887e0, 0x0000000002b89f58]
Event: 2.293 Thread 0x00000000193f7000 2082       3       kotlin.collections.EmptyList::iterator (7 bytes)
Event: 2.293 Thread 0x00000000193f7000 nmethod 2082 0x0000000002b813d0 code [0x0000000002b81520, 0x0000000002b81670]
Event: 2.293 Thread 0x00000000193f7000 2078       3       java.nio.ByteBuffer::wrap (8 bytes)
Event: 2.293 Thread 0x00000000193f7000 nmethod 2078 0x0000000002b80c90 code [0x0000000002b80e20, 0x0000000002b811b8]
Event: 2.294 Thread 0x00000000193ee000 2083       4       java.util.jar.Attributes$Name::hashCode (24 bytes)
Event: 2.295 Thread 0x00000000193ee000 nmethod 2083 0x0000000002b86d10 code [0x0000000002b86e60, 0x0000000002b86f08]

GC Heap History (8 events):
Event: 0.494 GC heap before
{Heap before GC invocations=1 (full 0):
 PSYoungGen      total 38400K, used 33280K [0x00000000d5f80000, 0x00000000d8a00000, 0x0000000100000000)
  eden space 33280K, 100% used [0x00000000d5f80000,0x00000000d8000000,0x00000000d8000000)
  from space 5120K, 0% used [0x00000000d8500000,0x00000000d8500000,0x00000000d8a00000)
  to   space 5120K, 0% used [0x00000000d8000000,0x00000000d8000000,0x00000000d8500000)
 ParOldGen       total 87552K, used 0K [0x0000000081e00000, 0x0000000087380000, 0x00000000d5f80000)
  object space 87552K, 0% used [0x0000000081e00000,0x0000000081e00000,0x0000000087380000)
 Metaspace       used 9247K, capacity 9972K, committed 10112K, reserved 1058816K
  class space    used 1038K, capacity 1072K, committed 1152K, reserved 1048576K
Event: 0.500 GC heap after
Heap after GC invocations=1 (full 0):
 PSYoungGen      total 38400K, used 5113K [0x00000000d5f80000, 0x00000000daa80000, 0x0000000100000000)
  eden space 33280K, 0% used [0x00000000d5f80000,0x00000000d5f80000,0x00000000d8000000)
  from space 5120K, 99% used [0x00000000d8000000,0x00000000d84fe538,0x00000000d8500000)
  to   space 5120K, 0% used [0x00000000da580000,0x00000000da580000,0x00000000daa80000)
 ParOldGen       total 87552K, used 3021K [0x0000000081e00000, 0x0000000087380000, 0x00000000d5f80000)
  object space 87552K, 3% used [0x0000000081e00000,0x00000000820f35d0,0x0000000087380000)
 Metaspace       used 9247K, capacity 9972K, committed 10112K, reserved 1058816K
  class space    used 1038K, capacity 1072K, committed 1152K, reserved 1048576K
}
Event: 0.896 GC heap before
{Heap before GC invocations=2 (full 0):
 PSYoungGen      total 38400K, used 38393K [0x00000000d5f80000, 0x00000000daa80000, 0x0000000100000000)
  eden space 33280K, 100% used [0x00000000d5f80000,0x00000000d8000000,0x00000000d8000000)
  from space 5120K, 99% used [0x00000000d8000000,0x00000000d84fe538,0x00000000d8500000)
  to   space 5120K, 0% used [0x00000000da580000,0x00000000da580000,0x00000000daa80000)
 ParOldGen       total 87552K, used 3021K [0x0000000081e00000, 0x0000000087380000, 0x00000000d5f80000)
  object space 87552K, 3% used [0x0000000081e00000,0x00000000820f35d0,0x0000000087380000)
 Metaspace       used 17563K, capacity 17860K, committed 18048K, reserved 1064960K
  class space    used 2055K, capacity 2126K, committed 2176K, reserved 1048576K
Event: 0.903 GC heap after
Heap after GC invocations=2 (full 0):
 PSYoungGen      total 71680K, used 5104K [0x00000000d5f80000, 0x00000000daa80000, 0x0000000100000000)
  eden space 66560K, 0% used [0x00000000d5f80000,0x00000000d5f80000,0x00000000da080000)
  from space 5120K, 99% used [0x00000000da580000,0x00000000daa7c040,0x00000000daa80000)
  to   space 5120K, 0% used [0x00000000da080000,0x00000000da080000,0x00000000da580000)
 ParOldGen       total 87552K, used 8179K [0x0000000081e00000, 0x0000000087380000, 0x00000000d5f80000)
  object space 87552K, 9% used [0x0000000081e00000,0x00000000825fcff8,0x0000000087380000)
 Metaspace       used 17563K, capacity 17860K, committed 18048K, reserved 1064960K
  class space    used 2055K, capacity 2126K, committed 2176K, reserved 1048576K
}
Event: 1.105 GC heap before
{Heap before GC invocations=3 (full 0):
 PSYoungGen      total 71680K, used 17498K [0x00000000d5f80000, 0x00000000daa80000, 0x0000000100000000)
  eden space 66560K, 18% used [0x00000000d5f80000,0x00000000d6b9ab88,0x00000000da080000)
  from space 5120K, 99% used [0x00000000da580000,0x00000000daa7c040,0x00000000daa80000)
  to   space 5120K, 0% used [0x00000000da080000,0x00000000da080000,0x00000000da580000)
 ParOldGen       total 87552K, used 8179K [0x0000000081e00000, 0x0000000087380000, 0x00000000d5f80000)
  object space 87552K, 9% used [0x0000000081e00000,0x00000000825fcff8,0x0000000087380000)
 Metaspace       used 20824K, capacity 21130K, committed 21296K, reserved 1067008K
  class space    used 2719K, capacity 2835K, committed 2864K, reserved 1048576K
Event: 1.115 GC heap after
Heap after GC invocations=3 (full 0):
 PSYoungGen      total 71680K, used 5092K [0x00000000d5f80000, 0x00000000deb80000, 0x0000000100000000)
  eden space 66560K, 0% used [0x00000000d5f80000,0x00000000d5f80000,0x00000000da080000)
  from space 5120K, 99% used [0x00000000da080000,0x00000000da579030,0x00000000da580000)
  to   space 5120K, 0% used [0x00000000de680000,0x00000000de680000,0x00000000deb80000)
 ParOldGen       total 87552K, used 10934K [0x0000000081e00000, 0x0000000087380000, 0x00000000d5f80000)
  object space 87552K, 12% used [0x0000000081e00000,0x00000000828adad8,0x0000000087380000)
 Metaspace       used 20824K, capacity 21130K, committed 21296K, reserved 1067008K
  class space    used 2719K, capacity 2835K, committed 2864K, reserved 1048576K
}
Event: 1.115 GC heap before
{Heap before GC invocations=4 (full 1):
 PSYoungGen      total 71680K, used 5092K [0x00000000d5f80000, 0x00000000deb80000, 0x0000000100000000)
  eden space 66560K, 0% used [0x00000000d5f80000,0x00000000d5f80000,0x00000000da080000)
  from space 5120K, 99% used [0x00000000da080000,0x00000000da579030,0x00000000da580000)
  to   space 5120K, 0% used [0x00000000de680000,0x00000000de680000,0x00000000deb80000)
 ParOldGen       total 87552K, used 10934K [0x0000000081e00000, 0x0000000087380000, 0x00000000d5f80000)
  object space 87552K, 12% used [0x0000000081e00000,0x00000000828adad8,0x0000000087380000)
 Metaspace       used 20824K, capacity 21130K, committed 21296K, reserved 1067008K
  class space    used 2719K, capacity 2835K, committed 2864K, reserved 1048576K
Event: 1.164 GC heap after
Heap after GC invocations=4 (full 1):
 PSYoungGen      total 71680K, used 0K [0x00000000d5f80000, 0x00000000deb80000, 0x0000000100000000)
  eden space 66560K, 0% used [0x00000000d5f80000,0x00000000d5f80000,0x00000000da080000)
  from space 5120K, 0% used [0x00000000da080000,0x00000000da080000,0x00000000da580000)
  to   space 5120K, 0% used [0x00000000de680000,0x00000000de680000,0x00000000deb80000)
 ParOldGen       total 68096K, used 7940K [0x0000000081e00000, 0x0000000086080000, 0x00000000d5f80000)
  object space 68096K, 11% used [0x0000000081e00000,0x00000000825c10f0,0x0000000086080000)
 Metaspace       used 20824K, capacity 21130K, committed 21296K, reserved 1067008K
  class space    used 2719K, capacity 2835K, committed 2864K, reserved 1048576K
}

Deoptimization events (10 events):
Event: 1.755 Thread 0x0000000002494800 Uncommon trap: reason=bimorphic action=maybe_recompile pc=0x0000000002ac3b44 method=gnu.trove.TObjectHash.equals(Ljava/lang/Object;Ljava/lang/Object;)Z @ 6
Event: 2.110 Thread 0x0000000002494800 Uncommon trap: reason=bimorphic action=maybe_recompile pc=0x0000000002abf424 method=java.util.AbstractList$Itr.hasNext()Z @ 8
Event: 2.110 Thread 0x0000000002494800 Uncommon trap: reason=bimorphic action=maybe_recompile pc=0x0000000002abf424 method=java.util.AbstractList$Itr.hasNext()Z @ 8
Event: 2.110 Thread 0x0000000002494800 Uncommon trap: reason=bimorphic action=maybe_recompile pc=0x0000000002ac8464 method=java.util.AbstractList$Itr.next()Ljava/lang/Object; @ 14
Event: 2.111 Thread 0x0000000002494800 Uncommon trap: reason=bimorphic action=maybe_recompile pc=0x0000000002abf424 method=java.util.AbstractList$Itr.hasNext()Z @ 8
Event: 2.115 Thread 0x0000000002494800 Uncommon trap: reason=bimorphic action=maybe_recompile pc=0x0000000002abf424 method=java.util.AbstractList$Itr.hasNext()Z @ 8
Event: 2.115 Thread 0x0000000002494800 Uncommon trap: reason=bimorphic action=maybe_recompile pc=0x0000000002ac8464 method=java.util.AbstractList$Itr.next()Ljava/lang/Object; @ 14
Event: 2.115 Thread 0x0000000002494800 Uncommon trap: reason=bimorphic action=maybe_recompile pc=0x0000000002ac8464 method=java.util.AbstractList$Itr.next()Ljava/lang/Object; @ 14
Event: 2.115 Thread 0x0000000002494800 Uncommon trap: reason=bimorphic action=maybe_recompile pc=0x0000000002ac8464 method=java.util.AbstractList$Itr.next()Ljava/lang/Object; @ 14
Event: 2.291 Thread 0x0000000002494800 Uncommon trap: reason=unstable_if action=reinterpret pc=0x0000000002acb918 method=org.jetbrains.kotlin.com.intellij.util.SmartList.get(I)Ljava/lang/Object; @ 56

Classes redefined (0 events):
No events

Internal exceptions (10 events):
Event: 0.514 Thread 0x0000000002494800 Exception <a 'java/lang/ArrayIndexOutOfBoundsException'> (0x00000000d60e9140) thrown at [D:\src\AOSP-openjdk-cygwin\jdk8u\hotspot\src\share\vm\runtime\sharedRuntime.cpp, line 605]
Event: 0.653 Thread 0x0000000002494800 Exception <a 'java/lang/NoSuchFieldError': method resolution failed> (0x00000000d6ca3180) thrown at [D:\src\AOSP-openjdk-cygwin\jdk8u\hotspot\src\share\vm\prims\methodHandles.cpp, line 1167]
Event: 0.654 Thread 0x0000000002494800 Exception <a 'java/lang/NoSuchFieldError': method resolution failed> (0x00000000d6cb0688) thrown at [D:\src\AOSP-openjdk-cygwin\jdk8u\hotspot\src\share\vm\prims\methodHandles.cpp, line 1167]
Event: 0.696 Thread 0x0000000002494800 Implicit null exception at 0x000000000290803b to 0x00000000029085fd
Event: 0.765 Thread 0x0000000002494800 Implicit null exception at 0x00000000029038af to 0x0000000002903919
Event: 0.808 Thread 0x0000000002494800 Exception <a 'java/lang/NoSuchMethodError': java.lang.Object.lambda$comparing$77a9974f$1(Ljava/util/function/Function;Ljava/lang/Object;Ljava/lang/Object;)I> (0x00000000d78b43f0) thrown at [D:\src\AOSP-openjdk-cygwin\jdk8u\hotspot\src\share\vm\interpreter
Event: 0.883 Thread 0x0000000002494800 Exception <a 'java/lang/ArrayIndexOutOfBoundsException': 67> (0x00000000d7e16e48) thrown at [D:\src\AOSP-openjdk-cygwin\jdk8u\hotspot\src\share\vm\interpreter\interpreterRuntime.cpp, line 366]
Event: 1.023 Thread 0x0000000002494800 Exception <a 'java/lang/NoSuchMethodError': java.lang.Object.lambda$static$0(I)[Lorg/jetbrains/kotlin/com/intellij/openapi/editor/event/DocumentListener;> (0x00000000d6753450) thrown at [D:\src\AOSP-openjdk-cygwin\jdk8u\hotspot\src\share\vm\interpreter\li
Event: 1.056 Thread 0x0000000002494800 Exception <a 'java/lang/NoSuchMethodError': java.lang.Object.lambda$static$0(I)[Lorg/jetbrains/kotlin/com/intellij/psi/PsiAnnotation;> (0x00000000d6911cd0) thrown at [D:\src\AOSP-openjdk-cygwin\jdk8u\hotspot\src\share\vm\interpreter\linkResolver.cpp, line
Event: 1.218 Thread 0x0000000002494800 Exception <a 'java/lang/NoSuchMethodError': java.lang.Object.lambda$static$0(I)[Lorg/jetbrains/kotlin/com/intellij/psi/PsiElement;> (0x00000000d62123f8) thrown at [D:\src\AOSP-openjdk-cygwin\jdk8u\hotspot\src\share\vm\interpreter\linkResolver.cpp, line 58

Events (10 events):
Event: 2.316 loading class org/jetbrains/kotlin/android/synthetic/diagnostic/AndroidExtensionPropertiesCallChecker
Event: 2.316 loading class org/jetbrains/kotlin/android/synthetic/diagnostic/AndroidExtensionPropertiesCallChecker done
Event: 2.318 loading class org/jetbrains/kotlin/android/parcel/ParcelableDeclarationChecker
Event: 2.318 loading class org/jetbrains/kotlin/android/parcel/ParcelableDeclarationChecker done
Event: 2.320 loading class org/jetbrains/kotlin/android/parcel/ParcelableDeclarationChecker$Companion
Event: 2.320 loading class org/jetbrains/kotlin/android/parcel/ParcelableDeclarationChecker$Companion done
Event: 2.320 loading class kotlinx/android/parcel/IgnoredOnParcel
Event: 2.320 loading class kotlinx/android/parcel/IgnoredOnParcel done
Event: 2.321 loading class org/jetbrains/kotlin/android/parcel/ParcelableAnnotationChecker
Event: 2.321 loading class org/jetbrains/kotlin/android/parcel/ParcelableAnnotationChecker done


Dynamic libraries:
0x00007ff7960b0000 - 0x00007ff7960e1000 	C:\Program Files\Android\Android Studio\jre\jre\bin\java.exe
0x00007ffd33770000 - 0x00007ffd33951000 	C:\Windows\SYSTEM32\ntdll.dll
0x00007ffd324a0000 - 0x00007ffd32551000 	C:\Windows\System32\KERNEL32.DLL
0x00007ffd30850000 - 0x00007ffd30ac3000 	C:\Windows\System32\KERNELBASE.dll
0x00007ffd30d90000 - 0x00007ffd30e31000 	C:\Windows\System32\ADVAPI32.dll
0x00007ffd328d0000 - 0x00007ffd3296e000 	C:\Windows\System32\msvcrt.dll
0x00007ffd30e40000 - 0x00007ffd30e9b000 	C:\Windows\System32\sechost.dll
0x00007ffd33440000 - 0x00007ffd33564000 	C:\Windows\System32\RPCRT4.dll
0x00007ffd30c00000 - 0x00007ffd30d90000 	C:\Windows\System32\USER32.dll
0x00007ffd30830000 - 0x00007ffd30850000 	C:\Windows\System32\win32u.dll
0x00007ffd33340000 - 0x00007ffd33368000 	C:\Windows\System32\GDI32.dll
0x00007ffd2fb40000 - 0x00007ffd2fcd2000 	C:\Windows\System32\gdi32full.dll
0x00007ffd30030000 - 0x00007ffd300cf000 	C:\Windows\System32\msvcp_win.dll
0x00007ffd2fce0000 - 0x00007ffd2fdd8000 	C:\Windows\System32\ucrtbase.dll
0x00007ffd23790000 - 0x00007ffd239f9000 	C:\Windows\WinSxS\amd64_microsoft.windows.common-controls_6595b64144ccf1df_6.0.17134.765_none_fb42a1a930655896\COMCTL32.dll
0x00007ffd33010000 - 0x00007ffd33332000 	C:\Windows\System32\combase.dll
0x00007ffd30ad0000 - 0x00007ffd30b4a000 	C:\Windows\System32\bcryptPrimitives.dll
0x00007ffd32450000 - 0x00007ffd3247d000 	C:\Windows\System32\IMM32.DLL
0x000000005dcd0000 - 0x000000005dda2000 	C:\Program Files\Android\Android Studio\jre\jre\bin\msvcr100.dll
0x000000005e230000 - 0x000000005ea71000 	C:\Program Files\Android\Android Studio\jre\jre\bin\server\jvm.dll
0x00007ffd32560000 - 0x00007ffd32568000 	C:\Windows\System32\PSAPI.DLL
0x00007ffd169f0000 - 0x00007ffd169f9000 	C:\Windows\SYSTEM32\WSOCK32.dll
0x00007ffd2dc00000 - 0x00007ffd2dc23000 	C:\Windows\SYSTEM32\WINMM.dll
0x00007ffd28e30000 - 0x00007ffd28e3a000 	C:\Windows\SYSTEM32\VERSION.dll
0x00007ffd336d0000 - 0x00007ffd3373c000 	C:\Windows\System32\WS2_32.dll
0x00007ffd2d7b0000 - 0x00007ffd2d7da000 	C:\Windows\SYSTEM32\winmmbase.dll
0x00007ffd300d0000 - 0x00007ffd30119000 	C:\Windows\System32\cfgmgr32.dll
0x00007ffd23cd0000 - 0x00007ffd23cdf000 	C:\Program Files\Android\Android Studio\jre\jre\bin\verify.dll
0x00007ffd16fc0000 - 0x00007ffd16fe9000 	C:\Program Files\Android\Android Studio\jre\jre\bin\java.dll
0x00007ffd19c70000 - 0x00007ffd19c86000 	C:\Program Files\Android\Android Studio\jre\jre\bin\zip.dll
0x00007ffd30f70000 - 0x00007ffd323b0000 	C:\Windows\System32\SHELL32.dll
0x00007ffd32b10000 - 0x00007ffd32bb9000 	C:\Windows\System32\shcore.dll
0x00007ffd30120000 - 0x00007ffd3082d000 	C:\Windows\System32\windows.storage.dll
0x00007ffd333d0000 - 0x00007ffd33421000 	C:\Windows\System32\shlwapi.dll
0x00007ffd2fb00000 - 0x00007ffd2fb11000 	C:\Windows\System32\kernel.appcore.dll
0x00007ffd2fb20000 - 0x00007ffd2fb3f000 	C:\Windows\System32\profapi.dll
0x00007ffd2fab0000 - 0x00007ffd2fafc000 	C:\Windows\System32\powrprof.dll
0x00007ffd2faa0000 - 0x00007ffd2faaa000 	C:\Windows\System32\FLTLIB.DLL
0x00007ffd21020000 - 0x00007ffd2103a000 	C:\Program Files\Android\Android Studio\jre\jre\bin\net.dll
0x00007ffd2f300000 - 0x00007ffd2f366000 	C:\Windows\system32\mswsock.dll
0x00007ffd1b280000 - 0x00007ffd1b291000 	C:\Program Files\Android\Android Studio\jre\jre\bin\nio.dll

VM Arguments:
java_command: org.jetbrains.kotlin.cli.jvm.K2JVMCompiler -Xadd-compiler-builtins -Xbuild-file=C:\Users\deonoize\AppData\Local\Temp\kjps434199309959142473app_debug.script.xml -classpath C:\Users\deonoize\.gradle\caches\modules-2\files-2.1\org.jetbrains.kotlin\kotlin-stdlib-jdk7\1.3.21\d207ce2c9bcf17dc8e51bab4dbfdac4d013e7138\kotlin-stdlib-jdk7-1.3.21.jar;C:\Users\deonoize\.gradle\caches\modules-2\files-2.1\org.jetbrains.kotlin\kotlin-stdlib\1.3.21\4bcc2012b84840e19e1e28074284cac908be0295\kotlin-stdlib-1.3.21.jar;C:\Users\deonoize\.gradle\caches\modules-2\files-2.1\org.jetbrains.kotlin\kotlin-stdlib-common\1.3.21\f30e4a9897913e53d778f564110bafa1fef46643\kotlin-stdlib-common-1.3.21.jar;C:\Users\deonoize\.gradle\caches\modules-2\files-2.1\org.jetbrains\annotations\13.0\919f0dfe192fb4e063e7dacadee7f8bb9a2672a9\annotations-13.0.jar;C:\Users\deonoize\.gradle\caches\transforms-2\files-2.1\52118daa9060e2ba38bd078775b7f54e\jars\classes.jar;C:\Users\deonoize\.gradle\caches\transforms-2\files-2.1\e9a34b6c5673ec857bb9c197ff6329dc\jars\classes.jar;C:\Users\deonoize\.gradle\caches\transforms-2\files-2.1\8d6d0db5337798adef251721851164bd\jars\classes.jar;C:\Users\deonoize\.gradle\caches\transforms-2\files-2.1\cc78bdd607aad57a16e1de21dbd361ee\jars\classes.jar;C:\Users\deonoize\.gradle\caches\transforms-2\files-2.1\5f75bcfd87296d097c56a5387391e173\jars\classes.jar;C:\Users\deonoize\.gradle\caches\transforms-2\files-2.1\ef1ebf664e5b860e0ff48ce2fa52201a\jars\classes.jar;C:\Users\deonoize\.gradle\caches\transforms-2\files-2.1\724c5d8c2080817c7d7bc587747e5f0a\jars\classes.jar;C:\Users\deonoize\.gradle\caches\transforms-2\files-2.1\a47e0f921703977241fd58c90847eaa8\jars\classes.jar;C:\Users\deonoize\.gradle\caches\transforms-2\files-2.1\1627fd81cc5586d16aed0670f0856984\jars\classes.jar;C:\Users\deonoize\.gradle\caches\transforms-2\files-2.1\b11c34e7964b5d003b3bc0b94e381416\jars\classes.jar;C:\Users\deonoize\.gradle\caches\transforms-2\files-2.1\abf8b51f7e5cc45e8c62764667ffcb51\jars\classe
java_class_path (initial): C:\Users\deonoize\.gradle\caches\modules-2\files-2.1\org.jetbrains.kotlin\kotlin-compiler-embeddable\1.3.21\677cc9553b8964c895abc76da9b6a0faea8f671d\kotlin-compiler-embeddable-1.3.21.jar;C:\Users\deonoize\.gradle\caches\modules-2\files-2.1\org.jetbrains.kotlin\kotlin-reflect\1.3.21\d0d5ff2ac2ebd8a42697af41e20fc225a23c5d3b\kotlin-reflect-1.3.21.jar;C:\Users\deonoize\.gradle\caches\modules-2\files-2.1\org.jetbrains.kotlin\kotlin-stdlib\1.3.21\4bcc2012b84840e19e1e28074284cac908be0295\kotlin-stdlib-1.3.21.jar;C:\Users\deonoize\.gradle\caches\modules-2\files-2.1\org.jetbrains.kotlin\kotlin-script-runtime\1.3.21\29363d474ee6fda354900636320a177c7286def9\kotlin-script-runtime-1.3.21.jar;C:\Users\deonoize\.gradle\caches\modules-2\files-2.1\org.jetbrains.intellij.deps\trove4j\1.0.20181211\216c2e14b070f334479d800987affe4054cd563f\trove4j-1.0.20181211.jar;C:\Users\deonoize\.gradle\caches\modules-2\files-2.1\org.jetbrains.kotlin\kotlin-stdlib-common\1.3.21\f30e4a9897913e53d778f564110bafa1fef46643\kotlin-stdlib-common-1.3.21.jar;C:\Users\deonoize\.gradle\caches\modules-2\files-2.1\org.jetbrains\annotations\13.0\919f0dfe192fb4e063e7dacadee7f8bb9a2672a9\annotations-13.0.jar;C:\Program Files\Android\Android Studio\jre\lib\tools.jar
Launcher Type: SUN_STANDARD

Environment Variables:
PATH=C:\Program Files (x86)\Common Files\Oracle\Java\javapath;C:\ProgramData\Oracle\Java\javapath;C:\Windows\system32;C:\Windows;C:\Windows\System32\Wbem;C:\Windows\System32\WindowsPowerShell\v1.0\;C:\Program Files (x86)\NVIDIA Corporation\PhysX\Common;C:\WINDOWS\system32;C:\WINDOWS;C:\WINDOWS\System32\Wbem;C:\WINDOWS\System32\WindowsPowerShell\v1.0\;C:\WINDOWS\System32\OpenSSH\;C:\Program Files\dotnet\;C:\Program Files\NVIDIA Corporation\NVIDIA NvDLISR;C:\Program Files\Microsoft VS Code\bin;C:\ProgramData\ComposerSetup\bin;E:\Programs\nodejs\;C:\Program Files\Git\cmd;C:\Program Files\heroku\bin;C:\Program Files (x86)\Common Files\Acronis\SnapAPI\;C:\Users\deonoize\AppData\Local\Microsoft\WindowsApps;C:\Users\deonoize\AppData\Local\GitHubDesktop\bin;C:\Program Files\Microsoft VS Code\bin;C:\Users\deonoize\AppData\Roaming\Composer\vendor\bin;E:\Programs\OSPanel\modules\php\PHP-7.2;C:\Users\deonoize\AppData\Roaming\npm;C:\Users\deonoize\AppData\Local\atom\bin;C:\Program Files\heroku\bin;E:\Programs\dart-sass;
USERNAME=deonoize
OS=Windows_NT
PROCESSOR_IDENTIFIER=Intel64 Family 6 Model 142 Stepping 10, GenuineIntel



---------------  S Y S T E M  ---------------

OS: Windows 10.0 , 64 bit Build 17134 (10.0.17134.753)

CPU:total 8 (initial active 8) (4 cores per cpu, 2 threads per core) family 6 model 142 stepping 10, cmov, cx8, fxsr, mmx, sse, sse2, sse3, ssse3, sse4.1, sse4.2, popcnt, avx, avx2, aes, clmul, erms, 3dnowpref, lzcnt, ht, tsc, tscinvbit, bmi1, bmi2, adx

Memory: 4k page, physical 8260236k(1631916k free), swap 12454540k(6092k free)

vm_info: OpenJDK 64-Bit Server VM (25.152-b01) for windows-amd64 JRE (1.8.0_152-release-1343-b01), built by "builder" with MS VC++ 10.0 (VS2010)

time: Wed Jun 05 14:50:13 2019
elapsed time: 2 seconds (0d 0h 0m 2s)

