#
# There is insufficient memory for the Java Runtime Environment to continue.
# Native memory allocation (malloc) failed to allocate 441376 bytes for Chunk::new
# Possible reasons:
#   The system is out of physical RAM or swap space
#   In 32 bit mode, the process size limit was hit
# Possible solutions:
#   Reduce memory load on the system
#   Increase physical memory or swap space
#   Check if swap backing store is full
#   Use 64 bit Java on a 64 bit OS
#   Decrease Java heap size (-Xmx/-Xms)
#   Decrease number of Java threads
#   Decrease Java thread stack sizes (-Xss)
#   Set larger code cache with -XX:ReservedCodeCacheSize=
# This output file may be truncated or incomplete.
#
#  Out of Memory Error (allocation.cpp:390), pid=944, tid=0x0000000000002b74
#
# JRE version: OpenJDK Runtime Environment (8.0_152-b01) (build 1.8.0_152-release-1343-b01)
# Java VM: OpenJDK 64-Bit Server VM (25.152-b01 mixed mode windows-amd64 compressed oops)
# Failed to write core dump. Minidumps are not enabled by default on client versions of Windows
#

---------------  T H R E A D  ---------------

Current thread (0x0000000019b4b800):  JavaThread "C2 CompilerThread0" daemon [_thread_in_native, id=11124, stack(0x000000001a320000,0x000000001a420000)]

Stack: [0x000000001a320000,0x000000001a420000]
[error occurred during error reporting (printing stack bounds), id 0xc0000005]

Native frames: (J=compiled Java code, j=interpreted, Vv=VM code, C=native code)


Current CompileTask:
C2:   6437 5830       4       org.jetbrains.kotlin.resolve.OverridingUtil::generateOverridesInFunctionGroup (73 bytes)


---------------  P R O C E S S  ---------------

Java Threads: ( => current thread )
  0x0000000019bda800 JavaThread "Service Thread" daemon [_thread_blocked, id=14744, stack(0x000000001a720000,0x000000001a820000)]
  0x0000000019b59000 JavaThread "C1 CompilerThread3" daemon [_thread_blocked, id=3952, stack(0x000000001a620000,0x000000001a720000)]
  0x0000000019b50800 JavaThread "C2 CompilerThread2" daemon [_thread_in_native, id=7844, stack(0x000000001a520000,0x000000001a620000)]
  0x0000000019b4d800 JavaThread "C2 CompilerThread1" daemon [_thread_in_native, id=14972, stack(0x000000001a420000,0x000000001a520000)]
=>0x0000000019b4b800 JavaThread "C2 CompilerThread0" daemon [_thread_in_native, id=11124, stack(0x000000001a320000,0x000000001a420000)]
  0x0000000019b4a000 JavaThread "Attach Listener" daemon [_thread_blocked, id=7512, stack(0x000000001a220000,0x000000001a320000)]
  0x0000000019b49000 JavaThread "Signal Dispatcher" daemon [_thread_blocked, id=14584, stack(0x000000001a120000,0x000000001a220000)]
  0x0000000019b40800 JavaThread "Finalizer" daemon [_thread_blocked, id=7528, stack(0x0000000019f20000,0x000000001a020000)]
  0x0000000017c4b800 JavaThread "Reference Handler" daemon [_thread_blocked, id=9332, stack(0x0000000019a20000,0x0000000019b20000)]
  0x0000000002be4000 JavaThread "main" [_thread_in_Java, id=6512, stack(0x0000000002ae0000,0x0000000002be0000)]

Other Threads:
  0x0000000017c46800 VMThread [stack: 0x0000000019920000,0x0000000019a20000] [id=14116]
  0x0000000019be3800 WatcherThread [stack: 0x000000001a820000,0x000000001a920000] [id=11324]

VM state:not at safepoint (normal execution)

VM Mutex/Monitor currently owned by a thread: None

Heap:
 PSYoungGen      total 71680K, used 34880K [0x00000000d5f80000, 0x00000000daa80000, 0x0000000100000000)
  eden space 66560K, 44% used [0x00000000d5f80000,0x00000000d7c907e0,0x00000000da080000)
  from space 5120K, 99% used [0x00000000da580000,0x00000000daa7fbe0,0x00000000daa80000)
  to   space 5120K, 0% used [0x00000000da080000,0x00000000da080000,0x00000000da580000)
 ParOldGen       total 64512K, used 31856K [0x0000000081e00000, 0x0000000085d00000, 0x00000000d5f80000)
  object space 64512K, 49% used [0x0000000081e00000,0x0000000083d1c1d8,0x0000000085d00000)
 Metaspace       used 40333K, capacity 41033K, committed 41264K, reserved 1085440K
  class space    used 4978K, capacity 5142K, committed 5168K, reserved 1048576K

Card table byte_map: [0x00000000120a0000,0x00000000124a0000] byte_map_base: 0x0000000011c91000

Marking Bits: (ParMarkBitMap*) 0x000000005f325aa0
 Begin Bits: [0x0000000012f50000, 0x0000000014ed8000)
 End Bits:   [0x0000000014ed8000, 0x0000000016e60000)

Polling page: 0x00000000012b0000

CodeCache: size=245760Kb used=19017Kb max_used=19017Kb free=226742Kb
 bounds [0x0000000002ce0000, 0x0000000003f90000, 0x0000000011ce0000]
 total_blobs=6319 nmethods=5871 adapters=359
 compilation: enabled

Compilation events (10 events):
Event: 6.432 Thread 0x0000000019b59000 nmethod 5893 0x0000000003f81690 code [0x0000000003f81b80, 0x0000000003f84428]
Event: 6.432 Thread 0x0000000019b59000 5897       3       org.jetbrains.kotlin.types.checker.KotlinTypeCheckerImpl$1::assertEqualTypeConstructors (28 bytes)
Event: 6.433 Thread 0x0000000019b59000 nmethod 5897 0x0000000003f74850 code [0x0000000003f749e0, 0x0000000003f74d78]
Event: 6.433 Thread 0x0000000019b59000 5895       1       org.jetbrains.kotlin.load.java.FieldOverridabilityCondition::getContract (4 bytes)
Event: 6.433 Thread 0x0000000019b59000 nmethod 5895 0x0000000003f74590 code [0x0000000003f746e0, 0x0000000003f747f0]
Event: 6.433 Thread 0x0000000019b59000 5896       1       org.jetbrains.kotlin.load.java.ErasedOverridabilityCondition::getContract (4 bytes)
Event: 6.433 Thread 0x0000000019b59000 nmethod 5896 0x0000000003f742d0 code [0x0000000003f74420, 0x0000000003f74530]
Event: 6.433 Thread 0x0000000019b59000 5892       3       org.jetbrains.kotlin.types.checker.KotlinTypeCheckerImpl::equalTypes (10 bytes)
Event: 6.433 Thread 0x0000000019b59000 nmethod 5892 0x0000000003f73ed0 code [0x0000000003f74040, 0x0000000003f741e8]
Event: 6.433 Thread 0x0000000019b59000 5894       3       org.jetbrains.kotlin.serialization.deserialization.descriptors.DeserializedSimpleFunctionDescriptor::<init> (116 bytes)

GC Heap History (10 events):
Event: 1.071 GC heap before
{Heap before GC invocations=4 (full 1):
 PSYoungGen      total 71680K, used 5092K [0x00000000d5f80000, 0x00000000daa80000, 0x0000000100000000)
  eden space 66560K, 0% used [0x00000000d5f80000,0x00000000d5f80000,0x00000000da080000)
  from space 5120K, 99% used [0x00000000da080000,0x00000000da579030,0x00000000da580000)
  to   space 5120K, 0% used [0x00000000da580000,0x00000000da580000,0x00000000daa80000)
 ParOldGen       total 87552K, used 10836K [0x0000000081e00000, 0x0000000087380000, 0x00000000d5f80000)
  object space 87552K, 12% used [0x0000000081e00000,0x00000000828952b0,0x0000000087380000)
 Metaspace       used 20753K, capacity 21130K, committed 21296K, reserved 1067008K
  class space    used 2708K, capacity 2835K, committed 2864K, reserved 1048576K
Event: 1.094 GC heap after
Heap after GC invocations=4 (full 1):
 PSYoungGen      total 71680K, used 0K [0x00000000d5f80000, 0x00000000daa80000, 0x0000000100000000)
  eden space 66560K, 0% used [0x00000000d5f80000,0x00000000d5f80000,0x00000000da080000)
  from space 5120K, 0% used [0x00000000da080000,0x00000000da080000,0x00000000da580000)
  to   space 5120K, 0% used [0x00000000da580000,0x00000000da580000,0x00000000daa80000)
 ParOldGen       total 64512K, used 7793K [0x0000000081e00000, 0x0000000085d00000, 0x00000000d5f80000)
  object space 64512K, 12% used [0x0000000081e00000,0x000000008259c4b0,0x0000000085d00000)
 Metaspace       used 20753K, capacity 21130K, committed 21296K, reserved 1067008K
  class space    used 2708K, capacity 2835K, committed 2864K, reserved 1048576K
}
Event: 2.117 GC heap before
{Heap before GC invocations=5 (full 1):
 PSYoungGen      total 71680K, used 66560K [0x00000000d5f80000, 0x00000000daa80000, 0x0000000100000000)
  eden space 66560K, 100% used [0x00000000d5f80000,0x00000000da080000,0x00000000da080000)
  from space 5120K, 0% used [0x00000000da080000,0x00000000da080000,0x00000000da580000)
  to   space 5120K, 0% used [0x00000000da580000,0x00000000da580000,0x00000000daa80000)
 ParOldGen       total 64512K, used 7793K [0x0000000081e00000, 0x0000000085d00000, 0x00000000d5f80000)
  object space 64512K, 12% used [0x0000000081e00000,0x000000008259c4b0,0x0000000085d00000)
 Metaspace       used 30175K, capacity 30621K, committed 30768K, reserved 1075200K
  class space    used 3926K, capacity 4094K, committed 4144K, reserved 1048576K
Event: 2.126 GC heap after
Heap after GC invocations=5 (full 1):
 PSYoungGen      total 71680K, used 5118K [0x00000000d5f80000, 0x00000000daa80000, 0x0000000100000000)
  eden space 66560K, 0% used [0x00000000d5f80000,0x00000000d5f80000,0x00000000da080000)
  from space 5120K, 99% used [0x00000000da580000,0x00000000daa7fb18,0x00000000daa80000)
  to   space 5120K, 0% used [0x00000000da080000,0x00000000da080000,0x00000000da580000)
 ParOldGen       total 64512K, used 20067K [0x0000000081e00000, 0x0000000085d00000, 0x00000000d5f80000)
  object space 64512K, 31% used [0x0000000081e00000,0x0000000083198f48,0x0000000085d00000)
 Metaspace       used 30175K, capacity 30621K, committed 30768K, reserved 1075200K
  class space    used 3926K, capacity 4094K, committed 4144K, reserved 1048576K
}
Event: 5.151 GC heap before
{Heap before GC invocations=6 (full 1):
 PSYoungGen      total 71680K, used 41647K [0x00000000d5f80000, 0x00000000daa80000, 0x0000000100000000)
  eden space 66560K, 54% used [0x00000000d5f80000,0x00000000d832c1f0,0x00000000da080000)
  from space 5120K, 99% used [0x00000000da580000,0x00000000daa7fb18,0x00000000daa80000)
  to   space 5120K, 0% used [0x00000000da080000,0x00000000da080000,0x00000000da580000)
 ParOldGen       total 64512K, used 20067K [0x0000000081e00000, 0x0000000085d00000, 0x00000000d5f80000)
  object space 64512K, 31% used [0x0000000081e00000,0x0000000083198f48,0x0000000085d00000)
 Metaspace       used 34770K, capacity 35287K, committed 35496K, reserved 1081344K
  class space    used 4448K, capacity 4607K, committed 4656K, reserved 1048576K
Event: 5.161 GC heap after
Heap after GC invocations=6 (full 1):
 PSYoungGen      total 71680K, used 5095K [0x00000000d5f80000, 0x00000000daa80000, 0x0000000100000000)
  eden space 66560K, 0% used [0x00000000d5f80000,0x00000000d5f80000,0x00000000da080000)
  from space 5120K, 99% used [0x00000000da080000,0x00000000da579fc8,0x00000000da580000)
  to   space 5120K, 0% used [0x00000000da580000,0x00000000da580000,0x00000000daa80000)
 ParOldGen       total 64512K, used 30081K [0x0000000081e00000, 0x0000000085d00000, 0x00000000d5f80000)
  object space 64512K, 46% used [0x0000000081e00000,0x0000000083b606d0,0x0000000085d00000)
 Metaspace       used 34770K, capacity 35287K, committed 35496K, reserved 1081344K
  class space    used 4448K, capacity 4607K, committed 4656K, reserved 1048576K
}
Event: 5.161 GC heap before
{Heap before GC invocations=7 (full 2):
 PSYoungGen      total 71680K, used 5095K [0x00000000d5f80000, 0x00000000daa80000, 0x0000000100000000)
  eden space 66560K, 0% used [0x00000000d5f80000,0x00000000d5f80000,0x00000000da080000)
  from space 5120K, 99% used [0x00000000da080000,0x00000000da579fc8,0x00000000da580000)
  to   space 5120K, 0% used [0x00000000da580000,0x00000000da580000,0x00000000daa80000)
 ParOldGen       total 64512K, used 30081K [0x0000000081e00000, 0x0000000085d00000, 0x00000000d5f80000)
  object space 64512K, 46% used [0x0000000081e00000,0x0000000083b606d0,0x0000000085d00000)
 Metaspace       used 34770K, capacity 35287K, committed 35496K, reserved 1081344K
  class space    used 4448K, capacity 4607K, committed 4656K, reserved 1048576K
Event: 5.239 GC heap after
Heap after GC invocations=7 (full 2):
 PSYoungGen      total 71680K, used 0K [0x00000000d5f80000, 0x00000000daa80000, 0x0000000100000000)
  eden space 66560K, 0% used [0x00000000d5f80000,0x00000000d5f80000,0x00000000da080000)
  from space 5120K, 0% used [0x00000000da080000,0x00000000da080000,0x00000000da580000)
  to   space 5120K, 0% used [0x00000000da580000,0x00000000da580000,0x00000000daa80000)
 ParOldGen       total 64512K, used 22142K [0x0000000081e00000, 0x0000000085d00000, 0x00000000d5f80000)
  object space 64512K, 34% used [0x0000000081e00000,0x000000008339fa28,0x0000000085d00000)
 Metaspace       used 34770K, capacity 35287K, committed 35496K, reserved 1081344K
  class space    used 4448K, capacity 4607K, committed 4656K, reserved 1048576K
}
Event: 6.146 GC heap before
{Heap before GC invocations=8 (full 2):
 PSYoungGen      total 71680K, used 66560K [0x00000000d5f80000, 0x00000000daa80000, 0x0000000100000000)
  eden space 66560K, 100% used [0x00000000d5f80000,0x00000000da080000,0x00000000da080000)
  from space 5120K, 0% used [0x00000000da080000,0x00000000da080000,0x00000000da580000)
  to   space 5120K, 0% used [0x00000000da580000,0x00000000da580000,0x00000000daa80000)
 ParOldGen       total 64512K, used 22142K [0x0000000081e00000, 0x0000000085d00000, 0x00000000d5f80000)
  object space 64512K, 34% used [0x0000000081e00000,0x000000008339fa28,0x0000000085d00000)
 Metaspace       used 39609K, capacity 40241K, committed 40496K, reserved 1085440K
  class space    used 4950K, capacity 5134K, committed 5168K, reserved 1048576K
Event: 6.156 GC heap after
Heap after GC invocations=8 (full 2):
 PSYoungGen      total 71680K, used 5118K [0x00000000d5f80000, 0x00000000daa80000, 0x0000000100000000)
  eden space 66560K, 0% used [0x00000000d5f80000,0x00000000d5f80000,0x00000000da080000)
  from space 5120K, 99% used [0x00000000da580000,0x00000000daa7fbe0,0x00000000daa80000)
  to   space 5120K, 0% used [0x00000000da080000,0x00000000da080000,0x00000000da580000)
 ParOldGen       total 64512K, used 31856K [0x0000000081e00000, 0x0000000085d00000, 0x00000000d5f80000)
  object space 64512K, 49% used [0x0000000081e00000,0x0000000083d1c1d8,0x0000000085d00000)
 Metaspace       used 39609K, capacity 40241K, committed 40496K, reserved 1085440K
  class space    used 4950K, capacity 5134K, committed 5168K, reserved 1048576K
}

Deoptimization events (10 events):
Event: 6.296 Thread 0x0000000002be4000 Uncommon trap: reason=class_check action=maybe_recompile pc=0x000000000348ace4 method=java.lang.Character.codePointAt(Ljava/lang/CharSequence;I)I @ 2
Event: 6.323 Thread 0x0000000002be4000 Uncommon trap: reason=bimorphic action=maybe_recompile pc=0x0000000003e4a96c method=org.jetbrains.kotlin.types.FlexibleType.getConstructor()Lorg/jetbrains/kotlin/types/TypeConstructor; @ 1
Event: 6.323 Thread 0x0000000002be4000 Uncommon trap: reason=bimorphic action=maybe_recompile pc=0x0000000003e4a96c method=org.jetbrains.kotlin.types.FlexibleType.getConstructor()Lorg/jetbrains/kotlin/types/TypeConstructor; @ 1
Event: 6.323 Thread 0x0000000002be4000 Uncommon trap: reason=bimorphic action=maybe_recompile pc=0x0000000003e4a96c method=org.jetbrains.kotlin.types.FlexibleType.getConstructor()Lorg/jetbrains/kotlin/types/TypeConstructor; @ 1
Event: 6.323 Thread 0x0000000002be4000 Uncommon trap: reason=bimorphic action=maybe_recompile pc=0x0000000003e4a96c method=org.jetbrains.kotlin.types.FlexibleType.getConstructor()Lorg/jetbrains/kotlin/types/TypeConstructor; @ 1
Event: 6.363 Thread 0x0000000002be4000 Uncommon trap: reason=predicate action=maybe_recompile pc=0x0000000003f11f1c method=org.jetbrains.kotlin.com.intellij.extapi.psi.StubBasedPsiElementBase.getStubOrPsiChildren(Lorg/jetbrains/kotlin/com/intellij/psi/tree/TokenSet;Lorg/jetbrains/kotlin/com/in
Event: 6.381 Thread 0x0000000002be4000 Uncommon trap: reason=array_check action=maybe_recompile pc=0x0000000003f39b14 method=org.jetbrains.kotlin.com.intellij.extapi.psi.StubBasedPsiElementBase.getStubOrPsiChildren(Lorg/jetbrains/kotlin/com/intellij/psi/tree/TokenSet;Lorg/jetbrains/kotlin/com/
Event: 6.381 Thread 0x0000000002be4000 Uncommon trap: reason=array_check action=maybe_recompile pc=0x0000000003f39b14 method=org.jetbrains.kotlin.com.intellij.extapi.psi.StubBasedPsiElementBase.getStubOrPsiChildren(Lorg/jetbrains/kotlin/com/intellij/psi/tree/TokenSet;Lorg/jetbrains/kotlin/com/
Event: 6.382 Thread 0x0000000002be4000 Uncommon trap: reason=array_check action=maybe_recompile pc=0x0000000003f39b14 method=org.jetbrains.kotlin.com.intellij.extapi.psi.StubBasedPsiElementBase.getStubOrPsiChildren(Lorg/jetbrains/kotlin/com/intellij/psi/tree/TokenSet;Lorg/jetbrains/kotlin/com/
Event: 6.382 Thread 0x0000000002be4000 Uncommon trap: reason=array_check action=maybe_recompile pc=0x0000000003f39b14 method=org.jetbrains.kotlin.com.intellij.extapi.psi.StubBasedPsiElementBase.getStubOrPsiChildren(Lorg/jetbrains/kotlin/com/intellij/psi/tree/TokenSet;Lorg/jetbrains/kotlin/com/

Classes redefined (0 events):
No events

Internal exceptions (10 events):
Event: 0.822 Thread 0x0000000002be4000 Exception <a 'java/lang/NoSuchMethodError': java.lang.Object.lambda$comparing$77a9974f$1(Ljava/util/function/Function;Ljava/lang/Object;Ljava/lang/Object;)I> (0x00000000d78ad520) thrown at [D:\src\AOSP-openjdk-cygwin\jdk8u\hotspot\src\share\vm\interpreter
Event: 0.901 Thread 0x0000000002be4000 Exception <a 'java/lang/ArrayIndexOutOfBoundsException': 67> (0x00000000d7e12928) thrown at [D:\src\AOSP-openjdk-cygwin\jdk8u\hotspot\src\share\vm\interpreter\interpreterRuntime.cpp, line 366]
Event: 1.030 Thread 0x0000000002be4000 Exception <a 'java/lang/NoSuchMethodError': java.lang.Object.lambda$static$0(I)[Lorg/jetbrains/kotlin/com/intellij/openapi/editor/event/DocumentListener;> (0x00000000d674e858) thrown at [D:\src\AOSP-openjdk-cygwin\jdk8u\hotspot\src\share\vm\interpreter\li
Event: 1.049 Thread 0x0000000002be4000 Exception <a 'java/lang/NoSuchMethodError': java.lang.Object.lambda$static$0(I)[Lorg/jetbrains/kotlin/com/intellij/psi/PsiAnnotation;> (0x00000000d690db68) thrown at [D:\src\AOSP-openjdk-cygwin\jdk8u\hotspot\src\share\vm\interpreter\linkResolver.cpp, line
Event: 1.124 Thread 0x0000000002be4000 Exception <a 'java/lang/NoSuchMethodError': java.lang.Object.lambda$static$0(I)[Lorg/jetbrains/kotlin/com/intellij/psi/PsiElement;> (0x00000000d6293520) thrown at [D:\src\AOSP-openjdk-cygwin\jdk8u\hotspot\src\share\vm\interpreter\linkResolver.cpp, line 58
Event: 2.389 Thread 0x0000000002be4000 Exception <a 'java/lang/NoSuchMethodError': java.lang.Object.lambda$static$0(I)[Lorg/jetbrains/kotlin/psi/KtExpression;> (0x00000000d69e7b80) thrown at [D:\src\AOSP-openjdk-cygwin\jdk8u\hotspot\src\share\vm\interpreter\linkResolver.cpp, line 584]
Event: 4.806 Thread 0x0000000002be4000 Exception <a 'java/lang/NoSuchMethodError': java.lang.Object.lambda$static$0(I)[Lorg/jetbrains/kotlin/psi/KtDeclaration;> (0x00000000d7a626f8) thrown at [D:\src\AOSP-openjdk-cygwin\jdk8u\hotspot\src\share\vm\interpreter\linkResolver.cpp, line 584]
Event: 4.857 Thread 0x0000000002be4000 Exception <a 'java/lang/NoSuchMethodError': java.lang.Object.lambda$static$0(I)[Lorg/jetbrains/kotlin/psi/KtTypeElement;> (0x00000000d7bc8ba8) thrown at [D:\src\AOSP-openjdk-cygwin\jdk8u\hotspot\src\share\vm\interpreter\linkResolver.cpp, line 584]
Event: 4.889 Thread 0x0000000002be4000 Implicit null exception at 0x00000000034a1e94 to 0x00000000034a206c
Event: 5.625 Thread 0x0000000002be4000 Exception <a 'java/lang/NoSuchMethodError': java.lang.Object.lambda$static$0(I)[Lorg/jetbrains/kotlin/com/intellij/psi/PsiClass;> (0x00000000d8122620) thrown at [D:\src\AOSP-openjdk-cygwin\jdk8u\hotspot\src\share\vm\interpreter\linkResolver.cpp, line 584]

Events (10 events):
Event: 6.382 Thread 0x0000000002be4000 DEOPT PACKING pc=0x0000000003f39b14 sp=0x0000000002bde1a0
Event: 6.382 Thread 0x0000000002be4000 DEOPT UNPACKING pc=0x0000000002d2557b sp=0x0000000002bde150 mode 2
Event: 6.400 loading class org/jetbrains/kotlin/descriptors/impl/FunctionDescriptorImpl$1
Event: 6.400 loading class org/jetbrains/kotlin/descriptors/impl/FunctionDescriptorImpl$1 done
Event: 6.405 loading class org/jetbrains/kotlin/resolve/OverridingUtil$3
Event: 6.405 loading class org/jetbrains/kotlin/resolve/OverridingUtil$3 done
Event: 6.405 Executing VM operation: Deoptimize
Event: 6.405 Executing VM operation: Deoptimize done
Event: 6.424 Thread 0x0000000002be4000 DEOPT PACKING pc=0x0000000003a1d081 sp=0x0000000002bdc6b0
Event: 6.424 Thread 0x0000000002be4000 DEOPT UNPACKING pc=0x0000000002d275d0 sp=0x0000000002bdc3c8 mode 0


Dynamic libraries:
0x00007ff645360000 - 0x00007ff645391000 	C:\Program Files\Android\Android Studio\jre\jre\bin\java.exe
0x00007ffd33770000 - 0x00007ffd33951000 	C:\Windows\SYSTEM32\ntdll.dll
0x00007ffd324a0000 - 0x00007ffd32551000 	C:\Windows\System32\KERNEL32.DLL
0x00007ffd30850000 - 0x00007ffd30ac3000 	C:\Windows\System32\KERNELBASE.dll
0x00007ffd30d90000 - 0x00007ffd30e31000 	C:\Windows\System32\ADVAPI32.dll
0x00007ffd328d0000 - 0x00007ffd3296e000 	C:\Windows\System32\msvcrt.dll
0x00007ffd30e40000 - 0x00007ffd30e9b000 	C:\Windows\System32\sechost.dll
0x00007ffd33440000 - 0x00007ffd33564000 	C:\Windows\System32\RPCRT4.dll
0x00007ffd30c00000 - 0x00007ffd30d90000 	C:\Windows\System32\USER32.dll
0x00007ffd30830000 - 0x00007ffd30850000 	C:\Windows\System32\win32u.dll
0x00007ffd33340000 - 0x00007ffd33368000 	C:\Windows\System32\GDI32.dll
0x00007ffd2fb40000 - 0x00007ffd2fcd2000 	C:\Windows\System32\gdi32full.dll
0x00007ffd30030000 - 0x00007ffd300cf000 	C:\Windows\System32\msvcp_win.dll
0x00007ffd2fce0000 - 0x00007ffd2fdd8000 	C:\Windows\System32\ucrtbase.dll
0x00007ffd23790000 - 0x00007ffd239f9000 	C:\Windows\WinSxS\amd64_microsoft.windows.common-controls_6595b64144ccf1df_6.0.17134.765_none_fb42a1a930655896\COMCTL32.dll
0x00007ffd33010000 - 0x00007ffd33332000 	C:\Windows\System32\combase.dll
0x00007ffd30ad0000 - 0x00007ffd30b4a000 	C:\Windows\System32\bcryptPrimitives.dll
0x00007ffd32450000 - 0x00007ffd3247d000 	C:\Windows\System32\IMM32.DLL
0x000000005e9a0000 - 0x000000005ea72000 	C:\Program Files\Android\Android Studio\jre\jre\bin\msvcr100.dll
0x000000005eb60000 - 0x000000005f3a1000 	C:\Program Files\Android\Android Studio\jre\jre\bin\server\jvm.dll
0x00007ffd32560000 - 0x00007ffd32568000 	C:\Windows\System32\PSAPI.DLL
0x00007ffd169f0000 - 0x00007ffd169f9000 	C:\Windows\SYSTEM32\WSOCK32.dll
0x00007ffd336d0000 - 0x00007ffd3373c000 	C:\Windows\System32\WS2_32.dll
0x00007ffd2dc00000 - 0x00007ffd2dc23000 	C:\Windows\SYSTEM32\WINMM.dll
0x00007ffd28e30000 - 0x00007ffd28e3a000 	C:\Windows\SYSTEM32\VERSION.dll
0x00007ffd2d7b0000 - 0x00007ffd2d7da000 	C:\Windows\SYSTEM32\winmmbase.dll
0x00007ffd300d0000 - 0x00007ffd30119000 	C:\Windows\System32\cfgmgr32.dll
0x00007ffd23cf0000 - 0x00007ffd23cff000 	C:\Program Files\Android\Android Studio\jre\jre\bin\verify.dll
0x00007ffd16e30000 - 0x00007ffd16e59000 	C:\Program Files\Android\Android Studio\jre\jre\bin\java.dll
0x00007ffd16e10000 - 0x00007ffd16e26000 	C:\Program Files\Android\Android Studio\jre\jre\bin\zip.dll
0x00007ffd30f70000 - 0x00007ffd323b0000 	C:\Windows\System32\SHELL32.dll
0x00007ffd32b10000 - 0x00007ffd32bb9000 	C:\Windows\System32\shcore.dll
0x00007ffd30120000 - 0x00007ffd3082d000 	C:\Windows\System32\windows.storage.dll
0x00007ffd333d0000 - 0x00007ffd33421000 	C:\Windows\System32\shlwapi.dll
0x00007ffd2fb00000 - 0x00007ffd2fb11000 	C:\Windows\System32\kernel.appcore.dll
0x00007ffd2fb20000 - 0x00007ffd2fb3f000 	C:\Windows\System32\profapi.dll
0x00007ffd2fab0000 - 0x00007ffd2fafc000 	C:\Windows\System32\powrprof.dll
0x00007ffd2faa0000 - 0x00007ffd2faaa000 	C:\Windows\System32\FLTLIB.DLL
0x00007ffd16df0000 - 0x00007ffd16e0a000 	C:\Program Files\Android\Android Studio\jre\jre\bin\net.dll
0x00007ffd2f300000 - 0x00007ffd2f366000 	C:\Windows\system32\mswsock.dll
0x00007ffd04b40000 - 0x00007ffd04b51000 	C:\Program Files\Android\Android Studio\jre\jre\bin\nio.dll

VM Arguments:
java_command: org.jetbrains.kotlin.cli.jvm.K2JVMCompiler -Xadd-compiler-builtins -Xbuild-file=C:\Users\deonoize\AppData\Local\Temp\kjps3611205745786601569app_debug.script.xml -classpath C:\Users\deonoize\.gradle\caches\modules-2\files-2.1\org.jetbrains.kotlin\kotlin-stdlib-jdk7\1.3.21\d207ce2c9bcf17dc8e51bab4dbfdac4d013e7138\kotlin-stdlib-jdk7-1.3.21.jar;C:\Users\deonoize\.gradle\caches\modules-2\files-2.1\org.jetbrains.kotlin\kotlin-stdlib\1.3.21\4bcc2012b84840e19e1e28074284cac908be0295\kotlin-stdlib-1.3.21.jar;C:\Users\deonoize\.gradle\caches\modules-2\files-2.1\org.jetbrains.kotlin\kotlin-stdlib-common\1.3.21\f30e4a9897913e53d778f564110bafa1fef46643\kotlin-stdlib-common-1.3.21.jar;C:\Users\deonoize\.gradle\caches\modules-2\files-2.1\org.jetbrains\annotations\13.0\919f0dfe192fb4e063e7dacadee7f8bb9a2672a9\annotations-13.0.jar;C:\Users\deonoize\.gradle\caches\transforms-2\files-2.1\52118daa9060e2ba38bd078775b7f54e\jars\classes.jar;C:\Users\deonoize\.gradle\caches\transforms-2\files-2.1\e9a34b6c5673ec857bb9c197ff6329dc\jars\classes.jar;C:\Users\deonoize\.gradle\caches\transforms-2\files-2.1\8d6d0db5337798adef251721851164bd\jars\classes.jar;C:\Users\deonoize\.gradle\caches\transforms-2\files-2.1\cc78bdd607aad57a16e1de21dbd361ee\jars\classes.jar;C:\Users\deonoize\.gradle\caches\transforms-2\files-2.1\5f75bcfd87296d097c56a5387391e173\jars\classes.jar;C:\Users\deonoize\.gradle\caches\transforms-2\files-2.1\ef1ebf664e5b860e0ff48ce2fa52201a\jars\classes.jar;C:\Users\deonoize\.gradle\caches\transforms-2\files-2.1\724c5d8c2080817c7d7bc587747e5f0a\jars\classes.jar;C:\Users\deonoize\.gradle\caches\transforms-2\files-2.1\a47e0f921703977241fd58c90847eaa8\jars\classes.jar;C:\Users\deonoize\.gradle\caches\transforms-2\files-2.1\1627fd81cc5586d16aed0670f0856984\jars\classes.jar;C:\Users\deonoize\.gradle\caches\transforms-2\files-2.1\b11c34e7964b5d003b3bc0b94e381416\jars\classes.jar;C:\Users\deonoize\.gradle\caches\transforms-2\files-2.1\abf8b51f7e5cc45e8c62764667ffcb51\jars\class
java_class_path (initial): C:\Users\deonoize\.gradle\caches\modules-2\files-2.1\org.jetbrains.kotlin\kotlin-compiler-embeddable\1.3.21\677cc9553b8964c895abc76da9b6a0faea8f671d\kotlin-compiler-embeddable-1.3.21.jar;C:\Users\deonoize\.gradle\caches\modules-2\files-2.1\org.jetbrains.kotlin\kotlin-reflect\1.3.21\d0d5ff2ac2ebd8a42697af41e20fc225a23c5d3b\kotlin-reflect-1.3.21.jar;C:\Users\deonoize\.gradle\caches\modules-2\files-2.1\org.jetbrains.kotlin\kotlin-stdlib\1.3.21\4bcc2012b84840e19e1e28074284cac908be0295\kotlin-stdlib-1.3.21.jar;C:\Users\deonoize\.gradle\caches\modules-2\files-2.1\org.jetbrains.kotlin\kotlin-script-runtime\1.3.21\29363d474ee6fda354900636320a177c7286def9\kotlin-script-runtime-1.3.21.jar;C:\Users\deonoize\.gradle\caches\modules-2\files-2.1\org.jetbrains.intellij.deps\trove4j\1.0.20181211\216c2e14b070f334479d800987affe4054cd563f\trove4j-1.0.20181211.jar;C:\Users\deonoize\.gradle\caches\modules-2\files-2.1\org.jetbrains.kotlin\kotlin-stdlib-common\1.3.21\f30e4a9897913e53d778f564110bafa1fef46643\kotlin-stdlib-common-1.3.21.jar;C:\Users\deonoize\.gradle\caches\modules-2\files-2.1\org.jetbrains\annotations\13.0\919f0dfe192fb4e063e7dacadee7f8bb9a2672a9\annotations-13.0.jar;C:\Program Files\Android\Android Studio\jre\lib\tools.jar
Launcher Type: SUN_STANDARD

Environment Variables:
PATH=C:\Program Files (x86)\Common Files\Oracle\Java\javapath;C:\ProgramData\Oracle\Java\javapath;C:\Windows\system32;C:\Windows;C:\Windows\System32\Wbem;C:\Windows\System32\WindowsPowerShell\v1.0\;C:\Program Files (x86)\NVIDIA Corporation\PhysX\Common;C:\WINDOWS\system32;C:\WINDOWS;C:\WINDOWS\System32\Wbem;C:\WINDOWS\System32\WindowsPowerShell\v1.0\;C:\WINDOWS\System32\OpenSSH\;C:\Program Files\dotnet\;C:\Program Files\NVIDIA Corporation\NVIDIA NvDLISR;C:\Program Files\Microsoft VS Code\bin;C:\ProgramData\ComposerSetup\bin;E:\Programs\nodejs\;C:\Program Files\Git\cmd;C:\Program Files\heroku\bin;C:\Program Files (x86)\Common Files\Acronis\SnapAPI\;C:\Users\deonoize\AppData\Local\Microsoft\WindowsApps;C:\Users\deonoize\AppData\Local\GitHubDesktop\bin;C:\Program Files\Microsoft VS Code\bin;C:\Users\deonoize\AppData\Roaming\Composer\vendor\bin;E:\Programs\OSPanel\modules\php\PHP-7.2;C:\Users\deonoize\AppData\Roaming\npm;C:\Users\deonoize\AppData\Local\atom\bin;C:\Program Files\heroku\bin;E:\Programs\dart-sass;
USERNAME=deonoize
OS=Windows_NT
PROCESSOR_IDENTIFIER=Intel64 Family 6 Model 142 Stepping 10, GenuineIntel



---------------  S Y S T E M  ---------------

OS: Windows 10.0 , 64 bit Build 17134 (10.0.17134.753)

CPU:total 8 (initial active 8) (4 cores per cpu, 2 threads per core) family 6 model 142 stepping 10, cmov, cx8, fxsr, mmx, sse, sse2, sse3, ssse3, sse4.1, sse4.2, popcnt, avx, avx2, aes, clmul, erms, 3dnowpref, lzcnt, ht, tsc, tscinvbit, bmi1, bmi2, adx

Memory: 4k page, physical 8260236k(512468k free), swap 12454540k(5548k free)

vm_info: OpenJDK 64-Bit Server VM (25.152-b01) for windows-amd64 JRE (1.8.0_152-release-1343-b01), built by "builder" with MS VC++ 10.0 (VS2010)

time: Mon Jun 03 01:05:37 2019
elapsed time: 6 seconds (0d 0h 0m 6s)

