#
# There is insufficient memory for the Java Runtime Environment to continue.
# Native memory allocation (malloc) failed to allocate 1006816 bytes for Chunk::new
# Possible reasons:
#   The system is out of physical RAM or swap space
#   In 32 bit mode, the process size limit was hit
# Possible solutions:
#   Reduce memory load on the system
#   Increase physical memory or swap space
#   Check if swap backing store is full
#   Use 64 bit Java on a 64 bit OS
#   Decrease Java heap size (-Xmx/-Xms)
#   Decrease number of Java threads
#   Decrease Java thread stack sizes (-Xss)
#   Set larger code cache with -XX:ReservedCodeCacheSize=
# This output file may be truncated or incomplete.
#
#  Out of Memory Error (allocation.cpp:390), pid=12324, tid=0x0000000000003164
#
# JRE version: OpenJDK Runtime Environment (8.0_152-b01) (build 1.8.0_152-release-1343-b01)
# Java VM: OpenJDK 64-Bit Server VM (25.152-b01 mixed mode windows-amd64 compressed oops)
# Failed to write core dump. Minidumps are not enabled by default on client versions of Windows
#

---------------  T H R E A D  ---------------

Current thread (0x00000000166b8000):  JavaThread "C2 CompilerThread0" daemon [_thread_in_native, id=12644, stack(0x0000000016e90000,0x0000000016f90000)]

Stack: [0x0000000016e90000,0x0000000016f90000]
[error occurred during error reporting (printing stack bounds), id 0xc0000005]

Native frames: (J=compiled Java code, j=interpreted, Vv=VM code, C=native code)


Current CompileTask:
C2:   4662 1881   !   4       java.net.URLClassLoader$1::run (63 bytes)


---------------  P R O C E S S  ---------------

Java Threads: ( => current thread )
  0x00000000177d1000 JavaThread "RMI RenewClean-[127.0.0.1:4360,org.jetbrains.kotlin.daemon.common.LoopbackNetworkInterface$ClientLoopbackSocketFactory@50583f37]" daemon [_thread_blocked, id=608, stack(0x0000000018c40000,0x0000000018d40000)]
  0x000000001779e800 JavaThread "RMI TCP Connection(2)-127.0.0.1" daemon [_thread_blocked, id=4728, stack(0x0000000018a40000,0x0000000018b40000)]
  0x00000000177c3000 JavaThread "RMI Scheduler(0)" daemon [_thread_blocked, id=7732, stack(0x0000000018940000,0x0000000018a40000)]
  0x0000000017798000 JavaThread "RMI TCP Connection(1)-127.0.0.1" daemon [_thread_in_native, id=5588, stack(0x0000000018840000,0x0000000018940000)]
  0x0000000002ef2800 JavaThread "DestroyJavaVM" [_thread_blocked, id=10652, stack(0x0000000002df0000,0x0000000002ef0000)]
  0x0000000017703000 JavaThread "GC Daemon" daemon [_thread_blocked, id=5788, stack(0x00000000183f0000,0x00000000184f0000)]
  0x000000001777e800 JavaThread "RMI Reaper" [_thread_blocked, id=436, stack(0x00000000182f0000,0x00000000183f0000)]
  0x00000000176f0000 JavaThread "Timer-0" daemon [_thread_blocked, id=5236, stack(0x00000000180f0000,0x00000000181f0000)]
  0x00000000176ed800 JavaThread "RMI TCP Accept-17891" daemon [_thread_in_native, id=7160, stack(0x0000000017ff0000,0x00000000180f0000)]
  0x0000000016753000 JavaThread "Service Thread" daemon [_thread_blocked, id=10284, stack(0x0000000017290000,0x0000000017390000)]
  0x00000000166d6000 JavaThread "C1 CompilerThread3" daemon [_thread_in_native, id=11528, stack(0x0000000017190000,0x0000000017290000)]
  0x00000000166bc000 JavaThread "C2 CompilerThread2" daemon [_thread_in_native, id=7268, stack(0x0000000017090000,0x0000000017190000)]
  0x00000000166bb000 JavaThread "C2 CompilerThread1" daemon [_thread_in_native, id=1976, stack(0x0000000016f90000,0x0000000017090000)]
=>0x00000000166b8000 JavaThread "C2 CompilerThread0" daemon [_thread_in_native, id=12644, stack(0x0000000016e90000,0x0000000016f90000)]
  0x00000000166c5800 JavaThread "Attach Listener" daemon [_thread_blocked, id=9224, stack(0x0000000016d90000,0x0000000016e90000)]
  0x00000000166c4800 JavaThread "Signal Dispatcher" daemon [_thread_blocked, id=3284, stack(0x0000000016c90000,0x0000000016d90000)]
  0x00000000166b0800 JavaThread "Finalizer" daemon [_thread_blocked, id=5228, stack(0x0000000016a90000,0x0000000016b90000)]
  0x0000000002fe7000 JavaThread "Reference Handler" daemon [_thread_blocked, id=7216, stack(0x0000000016590000,0x0000000016690000)]

Other Threads:
  0x00000000147a6000 VMThread [stack: 0x0000000016490000,0x0000000016590000] [id=12000]
  0x000000001675b800 WatcherThread [stack: 0x0000000017390000,0x0000000017490000] [id=4292]

VM state:not at safepoint (normal execution)

VM Mutex/Monitor currently owned by a thread: None

Heap:
 PSYoungGen      total 38400K, used 30273K [0x00000000f5580000, 0x00000000fa080000, 0x0000000100000000)
  eden space 33280K, 90% used [0x00000000f5580000,0x00000000f7310798,0x00000000f7600000)
  from space 5120K, 0% used [0x00000000f7600000,0x00000000f7600000,0x00000000f7b00000)
  to   space 5120K, 0% used [0x00000000f9b80000,0x00000000f9b80000,0x00000000fa080000)
 ParOldGen       total 74752K, used 11246K [0x00000000e0000000, 0x00000000e4900000, 0x00000000f5580000)
  object space 74752K, 15% used [0x00000000e0000000,0x00000000e0afb978,0x00000000e4900000)
 Metaspace       used 28227K, capacity 28701K, committed 29104K, reserved 1075200K
  class space    used 3820K, capacity 3987K, committed 4016K, reserved 1048576K

Card table byte_map: [0x00000000123b0000,0x00000000124c0000] byte_map_base: 0x0000000011cb0000

Marking Bits: (ParMarkBitMap*) 0x0000000056905aa0
 Begin Bits: [0x0000000012cc0000, 0x00000000134c0000)
 End Bits:   [0x00000000134c0000, 0x0000000013cc0000)

Polling page: 0x0000000001050000

CodeCache: size=245760Kb used=5625Kb max_used=5625Kb free=240135Kb
 bounds [0x0000000002ff0000, 0x0000000003580000, 0x0000000011ff0000]
 total_blobs=2419 nmethods=1972 adapters=360
 compilation: enabled

Compilation events (10 events):
Event: 4.606 Thread 0x00000000166d6000 nmethod 1972 0x0000000003562010 code [0x0000000003562180, 0x0000000003562390]
Event: 4.608 Thread 0x00000000166d6000 1974       3       java.lang.Package::<init> (56 bytes)
Event: 4.608 Thread 0x00000000166d6000 nmethod 1974 0x0000000003562450 code [0x00000000035625a0, 0x0000000003562810]
Event: 4.638 Thread 0x00000000166d6000 1975       3       java.lang.StringBuilder::length (5 bytes)
Event: 4.638 Thread 0x00000000166d6000 nmethod 1975 0x00000000035628d0 code [0x0000000003562a20, 0x0000000003562b90]
Event: 4.641 Thread 0x00000000166d6000 1976       3       org.jetbrains.kotlin.com.intellij.psi.impl.source.tree.TreeElement::getElementType (14 bytes)
Event: 4.642 Thread 0x00000000166d6000 nmethod 1976 0x0000000003562c10 code [0x0000000003562d80, 0x0000000003562f48]
Event: 4.645 Thread 0x00000000166d6000 1978       3       org.jetbrains.kotlin.com.intellij.lexer.FlexAdapter::getTokenType (9 bytes)
Event: 4.646 Thread 0x00000000166d6000 nmethod 1978 0x0000000003562fd0 code [0x0000000003563140, 0x0000000003563368]
Event: 4.646 Thread 0x00000000166d6000 1981       3       org.jetbrains.kotlin.lexer._JetLexer::advance (2227 bytes)

GC Heap History (10 events):
Event: 1.447 GC heap before
{Heap before GC invocations=1 (full 0):
 PSYoungGen      total 38400K, used 14198K [0x00000000f5580000, 0x00000000f8000000, 0x0000000100000000)
  eden space 33280K, 42% used [0x00000000f5580000,0x00000000f635da48,0x00000000f7600000)
  from space 5120K, 0% used [0x00000000f7b00000,0x00000000f7b00000,0x00000000f8000000)
  to   space 5120K, 0% used [0x00000000f7600000,0x00000000f7600000,0x00000000f7b00000)
 ParOldGen       total 87552K, used 0K [0x00000000e0000000, 0x00000000e5580000, 0x00000000f5580000)
  object space 87552K, 0% used [0x00000000e0000000,0x00000000e0000000,0x00000000e5580000)
 Metaspace       used 8967K, capacity 9110K, committed 9216K, reserved 1056768K
  class space    used 956K, capacity 1023K, committed 1024K, reserved 1048576K
Event: 1.450 GC heap after
Heap after GC invocations=1 (full 0):
 PSYoungGen      total 38400K, used 2921K [0x00000000f5580000, 0x00000000f8000000, 0x0000000100000000)
  eden space 33280K, 0% used [0x00000000f5580000,0x00000000f5580000,0x00000000f7600000)
  from space 5120K, 57% used [0x00000000f7600000,0x00000000f78da7f0,0x00000000f7b00000)
  to   space 5120K, 0% used [0x00000000f7b00000,0x00000000f7b00000,0x00000000f8000000)
 ParOldGen       total 87552K, used 8K [0x00000000e0000000, 0x00000000e5580000, 0x00000000f5580000)
  object space 87552K, 0% used [0x00000000e0000000,0x00000000e0002000,0x00000000e5580000)
 Metaspace       used 8967K, capacity 9110K, committed 9216K, reserved 1056768K
  class space    used 956K, capacity 1023K, committed 1024K, reserved 1048576K
}
Event: 1.450 GC heap before
{Heap before GC invocations=2 (full 1):
 PSYoungGen      total 38400K, used 2921K [0x00000000f5580000, 0x00000000f8000000, 0x0000000100000000)
  eden space 33280K, 0% used [0x00000000f5580000,0x00000000f5580000,0x00000000f7600000)
  from space 5120K, 57% used [0x00000000f7600000,0x00000000f78da7f0,0x00000000f7b00000)
  to   space 5120K, 0% used [0x00000000f7b00000,0x00000000f7b00000,0x00000000f8000000)
 ParOldGen       total 87552K, used 8K [0x00000000e0000000, 0x00000000e5580000, 0x00000000f5580000)
  object space 87552K, 0% used [0x00000000e0000000,0x00000000e0002000,0x00000000e5580000)
 Metaspace       used 8967K, capacity 9110K, committed 9216K, reserved 1056768K
  class space    used 956K, capacity 1023K, committed 1024K, reserved 1048576K
Event: 1.459 GC heap after
Heap after GC invocations=2 (full 1):
 PSYoungGen      total 38400K, used 0K [0x00000000f5580000, 0x00000000f8000000, 0x0000000100000000)
  eden space 33280K, 0% used [0x00000000f5580000,0x00000000f5580000,0x00000000f7600000)
  from space 5120K, 0% used [0x00000000f7600000,0x00000000f7600000,0x00000000f7b00000)
  to   space 5120K, 0% used [0x00000000f7b00000,0x00000000f7b00000,0x00000000f8000000)
 ParOldGen       total 87552K, used 2703K [0x00000000e0000000, 0x00000000e5580000, 0x00000000f5580000)
  object space 87552K, 3% used [0x00000000e0000000,0x00000000e02a3cf0,0x00000000e5580000)
 Metaspace       used 8967K, capacity 9110K, committed 9216K, reserved 1056768K
  class space    used 956K, capacity 1023K, committed 1024K, reserved 1048576K
}
Event: 2.451 GC heap before
{Heap before GC invocations=3 (full 1):
 PSYoungGen      total 38400K, used 33280K [0x00000000f5580000, 0x00000000f8000000, 0x0000000100000000)
  eden space 33280K, 100% used [0x00000000f5580000,0x00000000f7600000,0x00000000f7600000)
  from space 5120K, 0% used [0x00000000f7600000,0x00000000f7600000,0x00000000f7b00000)
  to   space 5120K, 0% used [0x00000000f7b00000,0x00000000f7b00000,0x00000000f8000000)
 ParOldGen       total 87552K, used 2703K [0x00000000e0000000, 0x00000000e5580000, 0x00000000f5580000)
  object space 87552K, 3% used [0x00000000e0000000,0x00000000e02a3cf0,0x00000000e5580000)
 Metaspace       used 14138K, capacity 14392K, committed 14592K, reserved 1062912K
  class space    used 1628K, capacity 1730K, committed 1792K, reserved 1048576K
Event: 2.463 GC heap after
Heap after GC invocations=3 (full 1):
 PSYoungGen      total 38400K, used 5103K [0x00000000f5580000, 0x00000000f8000000, 0x0000000100000000)
  eden space 33280K, 0% used [0x00000000f5580000,0x00000000f5580000,0x00000000f7600000)
  from space 5120K, 99% used [0x00000000f7b00000,0x00000000f7ffbd88,0x00000000f8000000)
  to   space 5120K, 0% used [0x00000000f7600000,0x00000000f7600000,0x00000000f7b00000)
 ParOldGen       total 87552K, used 5269K [0x00000000e0000000, 0x00000000e5580000, 0x00000000f5580000)
  object space 87552K, 6% used [0x00000000e0000000,0x00000000e0525448,0x00000000e5580000)
 Metaspace       used 14138K, capacity 14392K, committed 14592K, reserved 1062912K
  class space    used 1628K, capacity 1730K, committed 1792K, reserved 1048576K
}
Event: 3.690 GC heap before
{Heap before GC invocations=4 (full 1):
 PSYoungGen      total 38400K, used 36997K [0x00000000f5580000, 0x00000000f8000000, 0x0000000100000000)
  eden space 33280K, 95% used [0x00000000f5580000,0x00000000f74a5930,0x00000000f7600000)
  from space 5120K, 99% used [0x00000000f7b00000,0x00000000f7ffbd88,0x00000000f8000000)
  to   space 5120K, 0% used [0x00000000f7600000,0x00000000f7600000,0x00000000f7b00000)
 ParOldGen       total 87552K, used 5269K [0x00000000e0000000, 0x00000000e5580000, 0x00000000f5580000)
  object space 87552K, 6% used [0x00000000e0000000,0x00000000e0525448,0x00000000e5580000)
 Metaspace       used 20796K, capacity 21123K, committed 21296K, reserved 1069056K
  class space    used 2452K, capacity 2572K, committed 2608K, reserved 1048576K
Event: 3.701 GC heap after
Heap after GC invocations=4 (full 1):
 PSYoungGen      total 38400K, used 5104K [0x00000000f5580000, 0x00000000fa080000, 0x0000000100000000)
  eden space 33280K, 0% used [0x00000000f5580000,0x00000000f5580000,0x00000000f7600000)
  from space 5120K, 99% used [0x00000000f7600000,0x00000000f7afc098,0x00000000f7b00000)
  to   space 5120K, 0% used [0x00000000f9b80000,0x00000000f9b80000,0x00000000fa080000)
 ParOldGen       total 87552K, used 10390K [0x00000000e0000000, 0x00000000e5580000, 0x00000000f5580000)
  object space 87552K, 11% used [0x00000000e0000000,0x00000000e0a258b8,0x00000000e5580000)
 Metaspace       used 20796K, capacity 21123K, committed 21296K, reserved 1069056K
  class space    used 2452K, capacity 2572K, committed 2608K, reserved 1048576K
}
Event: 3.701 GC heap before
{Heap before GC invocations=5 (full 2):
 PSYoungGen      total 38400K, used 5104K [0x00000000f5580000, 0x00000000fa080000, 0x0000000100000000)
  eden space 33280K, 0% used [0x00000000f5580000,0x00000000f5580000,0x00000000f7600000)
  from space 5120K, 99% used [0x00000000f7600000,0x00000000f7afc098,0x00000000f7b00000)
  to   space 5120K, 0% used [0x00000000f9b80000,0x00000000f9b80000,0x00000000fa080000)
 ParOldGen       total 87552K, used 10390K [0x00000000e0000000, 0x00000000e5580000, 0x00000000f5580000)
  object space 87552K, 11% used [0x00000000e0000000,0x00000000e0a258b8,0x00000000e5580000)
 Metaspace       used 20796K, capacity 21123K, committed 21296K, reserved 1069056K
  class space    used 2452K, capacity 2572K, committed 2608K, reserved 1048576K
Event: 3.755 GC heap after
Heap after GC invocations=5 (full 2):
 PSYoungGen      total 38400K, used 0K [0x00000000f5580000, 0x00000000fa080000, 0x0000000100000000)
  eden space 33280K, 0% used [0x00000000f5580000,0x00000000f5580000,0x00000000f7600000)
  from space 5120K, 0% used [0x00000000f7600000,0x00000000f7600000,0x00000000f7b00000)
  to   space 5120K, 0% used [0x00000000f9b80000,0x00000000f9b80000,0x00000000fa080000)
 ParOldGen       total 74752K, used 11246K [0x00000000e0000000, 0x00000000e4900000, 0x00000000f5580000)
  object space 74752K, 15% used [0x00000000e0000000,0x00000000e0afb978,0x00000000e4900000)
 Metaspace       used 20796K, capacity 21123K, committed 21296K, reserved 1069056K
  class space    used 2452K, capacity 2572K, committed 2608K, reserved 1048576K
}

Deoptimization events (10 events):
Event: 4.187 Thread 0x000000001779e800 Uncommon trap: reason=class_check action=maybe_recompile pc=0x00000000033ba56c method=java.util.Collections$UnmodifiableList.get(I)Ljava/lang/Object; @ 5
Event: 4.188 Thread 0x000000001779e800 Uncommon trap: reason=class_check action=maybe_recompile pc=0x00000000033ba56c method=java.util.Collections$UnmodifiableList.get(I)Ljava/lang/Object; @ 5
Event: 4.188 Thread 0x000000001779e800 Uncommon trap: reason=bimorphic action=maybe_recompile pc=0x00000000032ac758 method=java.io.FilterInputStream.read([B)I @ 5
Event: 4.189 Thread 0x000000001779e800 Uncommon trap: reason=bimorphic action=maybe_recompile pc=0x00000000032ac758 method=java.io.FilterInputStream.read([B)I @ 5
Event: 4.189 Thread 0x000000001779e800 Uncommon trap: reason=bimorphic action=maybe_recompile pc=0x00000000032ac758 method=java.io.FilterInputStream.read([B)I @ 5
Event: 4.189 Thread 0x000000001779e800 Uncommon trap: reason=class_check action=maybe_recompile pc=0x00000000033b9cc0 method=java.util.Collections$UnmodifiableCollection.size()I @ 4
Event: 4.189 Thread 0x000000001779e800 Uncommon trap: reason=class_check action=maybe_recompile pc=0x00000000033ba56c method=java.util.Collections$UnmodifiableList.get(I)Ljava/lang/Object; @ 5
Event: 4.189 Thread 0x000000001779e800 Uncommon trap: reason=class_check action=maybe_recompile pc=0x00000000033ba56c method=java.util.Collections$UnmodifiableList.get(I)Ljava/lang/Object; @ 5
Event: 4.191 Thread 0x000000001779e800 Uncommon trap: reason=unstable_if action=reinterpret pc=0x0000000003171d48 method=java.lang.String.startsWith(Ljava/lang/String;I)Z @ 25
Event: 4.303 Thread 0x000000001779e800 Uncommon trap: reason=bimorphic action=maybe_recompile pc=0x00000000032ac758 method=java.io.FilterInputStream.read([B)I @ 5

Classes redefined (0 events):
No events

Internal exceptions (10 events):
Event: 3.354 Thread 0x000000001779e800 Exception <a 'java/io/FileNotFoundException'> (0x00000000f67f50c8) thrown at [D:\src\AOSP-openjdk-cygwin\jdk8u\hotspot\src\share\vm\prims\jni.cpp, line 709]
Event: 3.354 Thread 0x000000001779e800 Exception <a 'java/io/FileNotFoundException'> (0x00000000f67f64a0) thrown at [D:\src\AOSP-openjdk-cygwin\jdk8u\hotspot\src\share\vm\prims\jni.cpp, line 709]
Event: 3.493 Thread 0x000000001779e800 Implicit null exception at 0x0000000003358bef to 0x0000000003358c59
Event: 3.600 Thread 0x000000001779e800 Exception <a 'java/lang/NoSuchMethodError': java.lang.Object.lambda$comparing$77a9974f$1(Ljava/util/function/Function;Ljava/lang/Object;Ljava/lang/Object;)I> (0x00000000f71cc370) thrown at [D:\src\AOSP-openjdk-cygwin\jdk8u\hotspot\src\share\vm\interpreter
Event: 3.850 Thread 0x000000001779e800 Exception <a 'java/lang/ArrayIndexOutOfBoundsException': 67> (0x00000000f59336d8) thrown at [D:\src\AOSP-openjdk-cygwin\jdk8u\hotspot\src\share\vm\interpreter\interpreterRuntime.cpp, line 366]
Event: 4.123 Thread 0x000000001779e800 Exception <a 'java/lang/NoSuchMethodError': java.lang.Object.lambda$static$0(I)[Lorg/jetbrains/kotlin/com/intellij/openapi/editor/event/DocumentListener;> (0x00000000f6284ef8) thrown at [D:\src\AOSP-openjdk-cygwin\jdk8u\hotspot\src\share\vm\interpreter\li
Event: 4.175 Thread 0x000000001779e800 Exception <a 'java/lang/NoSuchMethodError': java.lang.Object.lambda$static$0(I)[Lorg/jetbrains/kotlin/com/intellij/psi/PsiAnnotation;> (0x00000000f64612e0) thrown at [D:\src\AOSP-openjdk-cygwin\jdk8u\hotspot\src\share\vm\interpreter\linkResolver.cpp, line
Event: 4.274 Thread 0x000000001779e800 Exception <a 'java/lang/NoSuchMethodError': java.lang.Object.lambda$static$0(I)[Lorg/jetbrains/kotlin/com/intellij/psi/PsiElement;> (0x00000000f6862e08) thrown at [D:\src\AOSP-openjdk-cygwin\jdk8u\hotspot\src\share\vm\interpreter\linkResolver.cpp, line 58
Event: 4.629 Thread 0x000000001779e800 Exception <a 'java/lang/NoSuchMethodError': java.lang.Object.lambda$static$0(I)[Lorg/jetbrains/kotlin/psi/KtExpression;> (0x00000000f725a268) thrown at [D:\src\AOSP-openjdk-cygwin\jdk8u\hotspot\src\share\vm\interpreter\linkResolver.cpp, line 584]
Event: 4.641 Thread 0x000000001779e800 Exception <a 'java/lang/NoSuchMethodError': java.lang.Object.lambda$static$0(I)[Lorg/jetbrains/kotlin/psi/KtDeclaration;> (0x00000000f72bac20) thrown at [D:\src\AOSP-openjdk-cygwin\jdk8u\hotspot\src\share\vm\interpreter\linkResolver.cpp, line 584]

Events (10 events):
Event: 4.639 loading class org/jetbrains/kotlin/name/FqNameUnsafe
Event: 4.639 loading class org/jetbrains/kotlin/name/FqNameUnsafe done
Event: 4.640 loading class org/jetbrains/kotlin/name/FqNameUnsafe$1
Event: 4.640 loading class org/jetbrains/kotlin/name/FqNameUnsafe$1 done
Event: 4.641 loading class org/jetbrains/kotlin/psi/KtDeclaration
Event: 4.641 loading class org/jetbrains/kotlin/psi/KtDeclaration done
Event: 4.641 loading class org/jetbrains/kotlin/psi/KtDeclaration
Event: 4.641 loading class org/jetbrains/kotlin/psi/KtDeclaration done
Event: 4.641 loading class org/jetbrains/kotlin/com/intellij/util/ArrayFactory
Event: 4.641 loading class org/jetbrains/kotlin/com/intellij/util/ArrayFactory done


Dynamic libraries:
0x00007ff7ec460000 - 0x00007ff7ec491000 	C:\Program Files\Android\Android Studio\jre\jre\bin\java.exe
0x00007ffaab740000 - 0x00007ffaab921000 	C:\Windows\SYSTEM32\ntdll.dll
0x00007ffaab650000 - 0x00007ffaab701000 	C:\Windows\System32\KERNEL32.DLL
0x00007ffaa88b0000 - 0x00007ffaa8b23000 	C:\Windows\System32\KERNELBASE.dll
0x00007ffaa8fe0000 - 0x00007ffaa9081000 	C:\Windows\System32\ADVAPI32.dll
0x00007ffaaac60000 - 0x00007ffaaacfe000 	C:\Windows\System32\msvcrt.dll
0x00007ffaa9480000 - 0x00007ffaa94db000 	C:\Windows\System32\sechost.dll
0x00007ffaa9680000 - 0x00007ffaa97a4000 	C:\Windows\System32\RPCRT4.dll
0x00007ffaa8db0000 - 0x00007ffaa8f40000 	C:\Windows\System32\USER32.dll
0x00007ffaa8890000 - 0x00007ffaa88b0000 	C:\Windows\System32\win32u.dll
0x00007ffaaad00000 - 0x00007ffaaad28000 	C:\Windows\System32\GDI32.dll
0x00007ffaa7b10000 - 0x00007ffaa7ca2000 	C:\Windows\System32\gdi32full.dll
0x00007ffaa8b30000 - 0x00007ffaa8bcf000 	C:\Windows\System32\msvcp_win.dll
0x00007ffaa86e0000 - 0x00007ffaa87d8000 	C:\Windows\System32\ucrtbase.dll
0x00007ffa9c0b0000 - 0x00007ffa9c319000 	C:\Windows\WinSxS\amd64_microsoft.windows.common-controls_6595b64144ccf1df_6.0.17134.765_none_fb42a1a930655896\COMCTL32.dll
0x00007ffaab320000 - 0x00007ffaab642000 	C:\Windows\System32\combase.dll
0x00007ffaa7f00000 - 0x00007ffaa7f7a000 	C:\Windows\System32\bcryptPrimitives.dll
0x00007ffaab270000 - 0x00007ffaab29d000 	C:\Windows\System32\IMM32.DLL
0x0000000055b90000 - 0x0000000055c62000 	C:\Program Files\Android\Android Studio\jre\jre\bin\msvcr100.dll
0x0000000056140000 - 0x0000000056981000 	C:\Program Files\Android\Android Studio\jre\jre\bin\server\jvm.dll
0x00007ffaa9360000 - 0x00007ffaa9368000 	C:\Windows\System32\PSAPI.DLL
0x00007ffaa2640000 - 0x00007ffaa264a000 	C:\Windows\SYSTEM32\VERSION.dll
0x00007ffaa5bd0000 - 0x00007ffaa5bf3000 	C:\Windows\SYSTEM32\WINMM.dll
0x00007ffaa5780000 - 0x00007ffaa57aa000 	C:\Windows\SYSTEM32\WINMMBASE.dll
0x00007ffaa7f80000 - 0x00007ffaa7fc9000 	C:\Windows\System32\cfgmgr32.dll
0x00007ffa9bca0000 - 0x00007ffa9bca9000 	C:\Windows\SYSTEM32\WSOCK32.dll
0x00007ffaaabf0000 - 0x00007ffaaac5c000 	C:\Windows\System32\WS2_32.dll
0x00007ffa88380000 - 0x00007ffa8838f000 	C:\Program Files\Android\Android Studio\jre\jre\bin\verify.dll
0x00007ffa6c370000 - 0x00007ffa6c399000 	C:\Program Files\Android\Android Studio\jre\jre\bin\java.dll
0x00007ffa6c350000 - 0x00007ffa6c366000 	C:\Program Files\Android\Android Studio\jre\jre\bin\zip.dll
0x00007ffaa97b0000 - 0x00007ffaaabf0000 	C:\Windows\System32\SHELL32.dll
0x00007ffaa93d0000 - 0x00007ffaa9479000 	C:\Windows\System32\shcore.dll
0x00007ffaa7fd0000 - 0x00007ffaa86dd000 	C:\Windows\System32\windows.storage.dll
0x00007ffaa9370000 - 0x00007ffaa93c1000 	C:\Windows\System32\shlwapi.dll
0x00007ffaa7a90000 - 0x00007ffaa7aa1000 	C:\Windows\System32\kernel.appcore.dll
0x00007ffaa7a70000 - 0x00007ffaa7a8f000 	C:\Windows\System32\profapi.dll
0x00007ffaa7ab0000 - 0x00007ffaa7afc000 	C:\Windows\System32\powrprof.dll
0x00007ffaa7b00000 - 0x00007ffaa7b0a000 	C:\Windows\System32\FLTLIB.DLL
0x00007ffa6c340000 - 0x00007ffa6c34d000 	C:\Program Files\Android\Android Studio\jre\jre\bin\management.dll
0x00007ffa6c1e0000 - 0x00007ffa6c1fa000 	C:\Program Files\Android\Android Studio\jre\jre\bin\net.dll
0x00007ffaa72d0000 - 0x00007ffaa7336000 	C:\Windows\system32\mswsock.dll
0x00007ffa6c140000 - 0x00007ffa6c151000 	C:\Program Files\Android\Android Studio\jre\jre\bin\nio.dll
0x00007ffaa7480000 - 0x00007ffaa7497000 	C:\Windows\SYSTEM32\CRYPTSP.dll
0x00007ffaa6eb0000 - 0x00007ffaa6ee3000 	C:\Windows\system32\rsaenh.dll
0x00007ffaa75b0000 - 0x00007ffaa75d5000 	C:\Windows\SYSTEM32\bcrypt.dll
0x00007ffaa7980000 - 0x00007ffaa79a8000 	C:\Windows\SYSTEM32\USERENV.dll
0x00007ffaa74a0000 - 0x00007ffaa74ab000 	C:\Windows\SYSTEM32\CRYPTBASE.dll
0x00007ffaa7050000 - 0x00007ffaa7088000 	C:\Windows\SYSTEM32\IPHLPAPI.DLL
0x00007ffaa9090000 - 0x00007ffaa9098000 	C:\Windows\System32\NSI.dll
0x00007ffa9d7d0000 - 0x00007ffa9d7e6000 	C:\Windows\SYSTEM32\dhcpcsvc6.DLL
0x00007ffa9d7b0000 - 0x00007ffa9d7ca000 	C:\Windows\SYSTEM32\dhcpcsvc.DLL

VM Arguments:
jvm_args: -Djava.awt.headless=true -Djava.rmi.server.hostname=127.0.0.1 -Xmx512m -Dkotlin.environment.keepalive 
java_command: org.jetbrains.kotlin.daemon.KotlinCompileDaemon --daemon-runFilesPath C:\Users\deonoize\AppData\Local\kotlin\daemon --daemon-autoshutdownIdleSeconds=7200 --daemon-compilerClasspath C:\Users\deonoize\.gradle\caches\modules-2\files-2.1\org.jetbrains.kotlin\kotlin-compiler-embeddable\1.3.21\677cc9553b8964c895abc76da9b6a0faea8f671d\kotlin-compiler-embeddable-1.3.21.jar;C:\Users\deonoize\.gradle\caches\modules-2\files-2.1\org.jetbrains.kotlin\kotlin-reflect\1.3.21\d0d5ff2ac2ebd8a42697af41e20fc225a23c5d3b\kotlin-reflect-1.3.21.jar;C:\Users\deonoize\.gradle\caches\modules-2\files-2.1\org.jetbrains.kotlin\kotlin-stdlib\1.3.21\4bcc2012b84840e19e1e28074284cac908be0295\kotlin-stdlib-1.3.21.jar;C:\Users\deonoize\.gradle\caches\modules-2\files-2.1\org.jetbrains.kotlin\kotlin-script-runtime\1.3.21\29363d474ee6fda354900636320a177c7286def9\kotlin-script-runtime-1.3.21.jar;C:\Users\deonoize\.gradle\caches\modules-2\files-2.1\org.jetbrains.intellij.deps\trove4j\1.0.20181211\216c2e14b070f334479d800987affe4054cd563f\trove4j-1.0.20181211.jar;C:\Users\deonoize\.gradle\caches\modules-2\files-2.1\org.jetbrains.kotlin\kotlin-stdlib-common\1.3.21\f30e4a9897913e53d778f564110bafa1fef46643\kotlin-stdlib-common-1.3.21.jar;C:\Users\deonoize\.gradle\caches\modules-2\files-2.1\org.jetbrains\annotations\13.0\919f0dfe192fb4e063e7dacadee7f8bb9a2672a9\annotations-13.0.jar;C:\Program Files\Android\Android Studio\jre\lib\tools.jar
java_class_path (initial): C:\Users\deonoize\.gradle\caches\modules-2\files-2.1\org.jetbrains.kotlin\kotlin-compiler-embeddable\1.3.21\677cc9553b8964c895abc76da9b6a0faea8f671d\kotlin-compiler-embeddable-1.3.21.jar;C:\Users\deonoize\.gradle\caches\modules-2\files-2.1\org.jetbrains.kotlin\kotlin-reflect\1.3.21\d0d5ff2ac2ebd8a42697af41e20fc225a23c5d3b\kotlin-reflect-1.3.21.jar;C:\Users\deonoize\.gradle\caches\modules-2\files-2.1\org.jetbrains.kotlin\kotlin-stdlib\1.3.21\4bcc2012b84840e19e1e28074284cac908be0295\kotlin-stdlib-1.3.21.jar;C:\Users\deonoize\.gradle\caches\modules-2\files-2.1\org.jetbrains.kotlin\kotlin-script-runtime\1.3.21\29363d474ee6fda354900636320a177c7286def9\kotlin-script-runtime-1.3.21.jar;C:\Users\deonoize\.gradle\caches\modules-2\files-2.1\org.jetbrains.intellij.deps\trove4j\1.0.20181211\216c2e14b070f334479d800987affe4054cd563f\trove4j-1.0.20181211.jar;C:\Users\deonoize\.gradle\caches\modules-2\files-2.1\org.jetbrains.kotlin\kotlin-stdlib-common\1.3.21\f30e4a9897913e53d778f564110bafa1fef46643\kotlin-stdlib-common-1.3.21.jar;C:\Users\deonoize\.gradle\caches\modules-2\files-2.1\org.jetbrains\annotations\13.0\919f0dfe192fb4e063e7dacadee7f8bb9a2672a9\annotations-13.0.jar;C:\Program Files\Android\Android Studio\jre\lib\tools.jar
Launcher Type: SUN_STANDARD

Environment Variables:
PATH=C:\ProgramData\Oracle\Java\javapath;C:\Windows\system32;C:\Windows;C:\Windows\System32\Wbem;C:\Windows\System32\WindowsPowerShell\v1.0\;C:\Program Files (x86)\NVIDIA Corporation\PhysX\Common;C:\WINDOWS\system32;C:\WINDOWS;C:\WINDOWS\System32\Wbem;C:\WINDOWS\System32\WindowsPowerShell\v1.0\;C:\WINDOWS\System32\OpenSSH\;C:\Program Files\dotnet\;C:\Program Files\NVIDIA Corporation\NVIDIA NvDLISR;C:\Program Files\Microsoft VS Code\bin;C:\ProgramData\ComposerSetup\bin;E:\Programs\nodejs\;C:\Program Files\Git\cmd;C:\Program Files\heroku\bin;C:\Program Files (x86)\Common Files\Acronis\SnapAPI\;C:\Users\deonoize\AppData\Local\Microsoft\WindowsApps;C:\Users\deonoize\AppData\Local\GitHubDesktop\bin;C:\Program Files\Microsoft VS Code\bin;C:\Users\deonoize\AppData\Roaming\Composer\vendor\bin;E:\Programs\OSPanel\modules\php\PHP-7.2;C:\Users\deonoize\AppData\Roaming\npm;C:\Users\deonoize\AppData\Local\atom\bin;C:\Program Files\heroku\bin;E:\Programs\dart-sass;
USERNAME=deonoize
OS=Windows_NT
PROCESSOR_IDENTIFIER=Intel64 Family 6 Model 142 Stepping 10, GenuineIntel



---------------  S Y S T E M  ---------------

OS: Windows 10.0 , 64 bit Build 17134 (10.0.17134.753)

CPU:total 8 (initial active 8) (4 cores per cpu, 2 threads per core) family 6 model 142 stepping 10, cmov, cx8, fxsr, mmx, sse, sse2, sse3, ssse3, sse4.1, sse4.2, popcnt, avx, avx2, aes, clmul, erms, 3dnowpref, lzcnt, ht, tsc, tscinvbit, bmi1, bmi2, adx

Memory: 4k page, physical 8260236k(696688k free), swap 12454540k(5212k free)

vm_info: OpenJDK 64-Bit Server VM (25.152-b01) for windows-amd64 JRE (1.8.0_152-release-1343-b01), built by "builder" with MS VC++ 10.0 (VS2010)

time: Thu Jun 06 23:13:08 2019
elapsed time: 4 seconds (0d 0h 0m 4s)

