#
# There is insufficient memory for the Java Runtime Environment to continue.
# Native memory allocation (malloc) failed to allocate 1416896 bytes for Chunk::new
# Possible reasons:
#   The system is out of physical RAM or swap space
#   In 32 bit mode, the process size limit was hit
# Possible solutions:
#   Reduce memory load on the system
#   Increase physical memory or swap space
#   Check if swap backing store is full
#   Use 64 bit Java on a 64 bit OS
#   Decrease Java heap size (-Xmx/-Xms)
#   Decrease number of Java threads
#   Decrease Java thread stack sizes (-Xss)
#   Set larger code cache with -XX:ReservedCodeCacheSize=
# This output file may be truncated or incomplete.
#
#  Out of Memory Error (allocation.cpp:390), pid=3000, tid=0x00000000000005ec
#
# JRE version: OpenJDK Runtime Environment (8.0_152-b01) (build 1.8.0_152-release-1343-b01)
# Java VM: OpenJDK 64-Bit Server VM (25.152-b01 mixed mode windows-amd64 compressed oops)
# Failed to write core dump. Minidumps are not enabled by default on client versions of Windows
#

---------------  T H R E A D  ---------------

Current thread (0x000000001649c800):  JavaThread "C2 CompilerThread0" daemon [_thread_in_native, id=1516, stack(0x0000000016c70000,0x0000000016d70000)]

Stack: [0x0000000016c70000,0x0000000016d70000]
[error occurred during error reporting (printing stack bounds), id 0xc0000005]

Native frames: (J=compiled Java code, j=interpreted, Vv=VM code, C=native code)


Current CompileTask:
C2:   1811 1361       4       java.net.URLClassLoader$1::run (5 bytes)


---------------  P R O C E S S  ---------------

Java Threads: ( => current thread )
  0x0000000017ea5000 JavaThread "Cache worker for file hash cache (E:\android\JustHobby\.gradle\5.1.1\fileHashes)" [_thread_blocked, id=14152, stack(0x000000001c170000,0x000000001c270000)]
  0x0000000017ea4000 JavaThread "Cache worker for journal cache (C:\Users\deonoize\.gradle\caches\journal-1)" [_thread_blocked, id=8176, stack(0x000000001aea0000,0x000000001afa0000)]
  0x0000000017ea7000 JavaThread "File lock request listener" [_thread_in_native, id=1988, stack(0x000000001ada0000,0x000000001aea0000)]
  0x0000000018a86800 JavaThread "Cache worker for file hash cache (C:\Users\deonoize\.gradle\caches\5.1.1\fileHashes)" [_thread_blocked, id=7636, stack(0x000000001aca0000,0x000000001ada0000)]
  0x00000000182fb800 JavaThread "Thread-8" [_thread_blocked, id=14308, stack(0x000000001aba0000,0x000000001aca0000)]
  0x0000000017f16800 JavaThread "Stdin handler" [_thread_blocked, id=2240, stack(0x000000001a9a0000,0x000000001aaa0000)]
  0x0000000018e68800 JavaThread "Asynchronous log dispatcher for DefaultDaemonConnection: socket connection from /127.0.0.1:1051 to /127.0.0.1:1052" [_thread_blocked, id=6600, stack(0x000000001a8a0000,0x000000001a9a0000)]
  0x0000000018741800 JavaThread "Daemon worker" [_thread_in_vm, id=10176, stack(0x000000001a7a0000,0x000000001a8a0000)]
  0x0000000018016000 JavaThread "Cancel handler" [_thread_blocked, id=15232, stack(0x000000001a6a0000,0x000000001a7a0000)]
  0x00000000181e5800 JavaThread "Handler for socket connection from /127.0.0.1:1051 to /127.0.0.1:1052" [_thread_in_native, id=2340, stack(0x000000001a3a0000,0x000000001a4a0000)]
  0x0000000018688800 JavaThread "Daemon" [_thread_blocked, id=10256, stack(0x000000001a2a0000,0x000000001a3a0000)]
  0x00000000181bf800 JavaThread "Daemon periodic checks" [_thread_blocked, id=8800, stack(0x000000001a1a0000,0x000000001a2a0000)]
  0x00000000181ba000 JavaThread "Incoming local TCP Connector on port 1051" [_thread_in_native, id=5600, stack(0x0000000019f50000,0x000000001a050000)]
  0x0000000016539800 JavaThread "Service Thread" daemon [_thread_blocked, id=14476, stack(0x0000000017070000,0x0000000017170000)]
  0x00000000164ac800 JavaThread "C1 CompilerThread3" daemon [_thread_blocked, id=4188, stack(0x0000000016f70000,0x0000000017070000)]
  0x00000000164a7000 JavaThread "C2 CompilerThread2" daemon [_thread_in_native, id=2644, stack(0x0000000016e70000,0x0000000016f70000)]
  0x000000001649f000 JavaThread "C2 CompilerThread1" daemon [_thread_in_native, id=15200, stack(0x0000000016d70000,0x0000000016e70000)]
=>0x000000001649c800 JavaThread "C2 CompilerThread0" daemon [_thread_in_native, id=1516, stack(0x0000000016c70000,0x0000000016d70000)]
  0x0000000016497000 JavaThread "Attach Listener" daemon [_thread_blocked, id=14132, stack(0x0000000016b70000,0x0000000016c70000)]
  0x0000000016496000 JavaThread "Signal Dispatcher" daemon [_thread_blocked, id=12552, stack(0x0000000016a70000,0x0000000016b70000)]
  0x0000000016490800 JavaThread "Finalizer" daemon [_thread_blocked, id=14340, stack(0x0000000016870000,0x0000000016970000)]
  0x0000000002dd7000 JavaThread "Reference Handler" daemon [_thread_blocked, id=9836, stack(0x0000000016370000,0x0000000016470000)]
  0x000000000132e000 JavaThread "main" [_thread_blocked, id=5548, stack(0x0000000002be0000,0x0000000002ce0000)]

Other Threads:
  0x0000000014596800 VMThread [stack: 0x0000000016270000,0x0000000016370000] [id=14828]
  0x00000000164fc800 WatcherThread [stack: 0x0000000017170000,0x0000000017270000] [id=13016]

VM state:not at safepoint (normal execution)

VM Mutex/Monitor currently owned by a thread: None

Heap:
 PSYoungGen      total 38400K, used 33141K [0x00000000f5580000, 0x00000000f8000000, 0x0000000100000000)
  eden space 33280K, 84% used [0x00000000f5580000,0x00000000f70e53e8,0x00000000f7600000)
  from space 5120K, 99% used [0x00000000f7600000,0x00000000f7af8020,0x00000000f7b00000)
  to   space 5120K, 0% used [0x00000000f7b00000,0x00000000f7b00000,0x00000000f8000000)
 ParOldGen       total 87552K, used 1906K [0x00000000e0000000, 0x00000000e5580000, 0x00000000f5580000)
  object space 87552K, 2% used [0x00000000e0000000,0x00000000e01dc938,0x00000000e5580000)
 Metaspace       used 15510K, capacity 15884K, committed 16000K, reserved 1062912K
  class space    used 2204K, capacity 2364K, committed 2432K, reserved 1048576K

Card table byte_map: [0x00000000121a0000,0x00000000122b0000] byte_map_base: 0x0000000011aa0000

Marking Bits: (ParMarkBitMap*) 0x000000005e9f5aa0
 Begin Bits: [0x0000000012ab0000, 0x00000000132b0000)
 End Bits:   [0x00000000132b0000, 0x0000000013ab0000)

Polling page: 0x00000000012f0000

CodeCache: size=245760Kb used=5146Kb max_used=5158Kb free=240614Kb
 bounds [0x0000000002de0000, 0x00000000032f0000, 0x0000000011de0000]
 total_blobs=1845 nmethods=1460 adapters=299
 compilation: enabled

Compilation events (10 events):
Event: 1.798 Thread 0x00000000164ac800 1457       3       com.google.common.base.Splitter$SplittingIterator::<init> (39 bytes)
Event: 1.799 Thread 0x00000000164ac800 nmethod 1457 0x00000000032e2210 code [0x00000000032e2380, 0x00000000032e2630]
Event: 1.799 Thread 0x00000000164ac800 1416       1       java.nio.Buffer::capacity (5 bytes)
Event: 1.799 Thread 0x00000000164ac800 nmethod 1416 0x00000000032e2750 code [0x00000000032e28a0, 0x00000000032e29b0]
Event: 1.799 Thread 0x00000000164ac800 1461   !   3       java.lang.StringCoding::decode (120 bytes)
Event: 1.800 Thread 0x00000000164ac800 nmethod 1461 0x00000000032e2a10 code [0x00000000032e2d40, 0x00000000032e4758]
Event: 1.804 Thread 0x00000000164ac800 1462       3       java.util.Formatter$Flags::contains (22 bytes)
Event: 1.804 Thread 0x00000000164ac800 nmethod 1462 0x00000000032e5610 code [0x00000000032e5780, 0x00000000032e5990]
Event: 1.809 Thread 0x000000001649f000 nmethod 1428% 0x00000000032e9750 code [0x00000000032e9a00, 0x00000000032eaaa0]
Event: 1.809 Thread 0x000000001649f000 1429       4       com.google.common.base.CharMatcher::indexIn (48 bytes)

GC Heap History (6 events):
Event: 0.623 GC heap before
{Heap before GC invocations=1 (full 0):
 PSYoungGen      total 38400K, used 33280K [0x00000000f5580000, 0x00000000f8000000, 0x0000000100000000)
  eden space 33280K, 100% used [0x00000000f5580000,0x00000000f7600000,0x00000000f7600000)
  from space 5120K, 0% used [0x00000000f7b00000,0x00000000f7b00000,0x00000000f8000000)
  to   space 5120K, 0% used [0x00000000f7600000,0x00000000f7600000,0x00000000f7b00000)
 ParOldGen       total 87552K, used 0K [0x00000000e0000000, 0x00000000e5580000, 0x00000000f5580000)
  object space 87552K, 0% used [0x00000000e0000000,0x00000000e0000000,0x00000000e5580000)
 Metaspace       used 6920K, capacity 7016K, committed 7040K, reserved 1056768K
  class space    used 843K, capacity 877K, committed 896K, reserved 1048576K
Event: 0.627 GC heap after
Heap after GC invocations=1 (full 0):
 PSYoungGen      total 38400K, used 4328K [0x00000000f5580000, 0x00000000f8000000, 0x0000000100000000)
  eden space 33280K, 0% used [0x00000000f5580000,0x00000000f5580000,0x00000000f7600000)
  from space 5120K, 84% used [0x00000000f7600000,0x00000000f7a3a3a8,0x00000000f7b00000)
  to   space 5120K, 0% used [0x00000000f7b00000,0x00000000f7b00000,0x00000000f8000000)
 ParOldGen       total 87552K, used 8K [0x00000000e0000000, 0x00000000e5580000, 0x00000000f5580000)
  object space 87552K, 0% used [0x00000000e0000000,0x00000000e0002000,0x00000000e5580000)
 Metaspace       used 6920K, capacity 7016K, committed 7040K, reserved 1056768K
  class space    used 843K, capacity 877K, committed 896K, reserved 1048576K
}
Event: 1.019 GC heap before
{Heap before GC invocations=2 (full 0):
 PSYoungGen      total 38400K, used 37608K [0x00000000f5580000, 0x00000000f8000000, 0x0000000100000000)
  eden space 33280K, 100% used [0x00000000f5580000,0x00000000f7600000,0x00000000f7600000)
  from space 5120K, 84% used [0x00000000f7600000,0x00000000f7a3a3a8,0x00000000f7b00000)
  to   space 5120K, 0% used [0x00000000f7b00000,0x00000000f7b00000,0x00000000f8000000)
 ParOldGen       total 87552K, used 8K [0x00000000e0000000, 0x00000000e5580000, 0x00000000f5580000)
  object space 87552K, 0% used [0x00000000e0000000,0x00000000e0002000,0x00000000e5580000)
 Metaspace       used 8824K, capacity 9032K, committed 9216K, reserved 1056768K
  class space    used 1147K, capacity 1226K, committed 1280K, reserved 1048576K
Event: 1.022 GC heap after
Heap after GC invocations=2 (full 0):
 PSYoungGen      total 38400K, used 4548K [0x00000000f5580000, 0x00000000f8000000, 0x0000000100000000)
  eden space 33280K, 0% used [0x00000000f5580000,0x00000000f5580000,0x00000000f7600000)
  from space 5120K, 88% used [0x00000000f7b00000,0x00000000f7f710b8,0x00000000f8000000)
  to   space 5120K, 0% used [0x00000000f7600000,0x00000000f7600000,0x00000000f7b00000)
 ParOldGen       total 87552K, used 16K [0x00000000e0000000, 0x00000000e5580000, 0x00000000f5580000)
  object space 87552K, 0% used [0x00000000e0000000,0x00000000e0004000,0x00000000e5580000)
 Metaspace       used 8824K, capacity 9032K, committed 9216K, reserved 1056768K
  class space    used 1147K, capacity 1226K, committed 1280K, reserved 1048576K
}
Event: 1.617 GC heap before
{Heap before GC invocations=3 (full 0):
 PSYoungGen      total 38400K, used 37828K [0x00000000f5580000, 0x00000000f8000000, 0x0000000100000000)
  eden space 33280K, 100% used [0x00000000f5580000,0x00000000f7600000,0x00000000f7600000)
  from space 5120K, 88% used [0x00000000f7b00000,0x00000000f7f710b8,0x00000000f8000000)
  to   space 5120K, 0% used [0x00000000f7600000,0x00000000f7600000,0x00000000f7b00000)
 ParOldGen       total 87552K, used 16K [0x00000000e0000000, 0x00000000e5580000, 0x00000000f5580000)
  object space 87552K, 0% used [0x00000000e0000000,0x00000000e0004000,0x00000000e5580000)
 Metaspace       used 13316K, capacity 13628K, committed 13824K, reserved 1060864K
  class space    used 1829K, capacity 1970K, committed 2048K, reserved 1048576K
Event: 1.622 GC heap after
Heap after GC invocations=3 (full 0):
 PSYoungGen      total 38400K, used 5088K [0x00000000f5580000, 0x00000000f8000000, 0x0000000100000000)
  eden space 33280K, 0% used [0x00000000f5580000,0x00000000f5580000,0x00000000f7600000)
  from space 5120K, 99% used [0x00000000f7600000,0x00000000f7af8020,0x00000000f7b00000)
  to   space 5120K, 0% used [0x00000000f7b00000,0x00000000f7b00000,0x00000000f8000000)
 ParOldGen       total 87552K, used 1906K [0x00000000e0000000, 0x00000000e5580000, 0x00000000f5580000)
  object space 87552K, 2% used [0x00000000e0000000,0x00000000e01dc938,0x00000000e5580000)
 Metaspace       used 13316K, capacity 13628K, committed 13824K, reserved 1060864K
  class space    used 1829K, capacity 1970K, committed 2048K, reserved 1048576K
}

Deoptimization events (10 events):
Event: 1.483 Thread 0x0000000018741800 Uncommon trap: reason=bimorphic action=maybe_recompile pc=0x000000000306ac28 method=java.util.HashMap.putVal(ILjava/lang/Object;Ljava/lang/Object;ZZ)Ljava/lang/Object; @ 253
Event: 1.483 Thread 0x0000000018741800 Uncommon trap: reason=bimorphic action=maybe_recompile pc=0x000000000306ac28 method=java.util.HashMap.putVal(ILjava/lang/Object;Ljava/lang/Object;ZZ)Ljava/lang/Object; @ 253
Event: 1.483 Thread 0x0000000018741800 Uncommon trap: reason=bimorphic action=maybe_recompile pc=0x000000000306ac28 method=java.util.HashMap.putVal(ILjava/lang/Object;Ljava/lang/Object;ZZ)Ljava/lang/Object; @ 253
Event: 1.483 Thread 0x0000000018741800 Uncommon trap: reason=bimorphic action=maybe_recompile pc=0x0000000003065f24 method=java.util.HashMap.putVal(ILjava/lang/Object;Ljava/lang/Object;ZZ)Ljava/lang/Object; @ 253
Event: 1.597 Thread 0x0000000018741800 Uncommon trap: reason=class_check action=maybe_recompile pc=0x00000000030a9b18 method=java.util.regex.Matcher.match(II)Z @ 86
Event: 1.612 Thread 0x0000000018741800 Uncommon trap: reason=class_check action=maybe_recompile pc=0x00000000030a9b18 method=java.util.regex.Matcher.match(II)Z @ 86
Event: 1.612 Thread 0x0000000018741800 Uncommon trap: reason=class_check action=maybe_recompile pc=0x00000000030a9b18 method=java.util.regex.Matcher.match(II)Z @ 86
Event: 1.612 Thread 0x0000000018741800 Uncommon trap: reason=class_check action=maybe_recompile pc=0x000000000306ec1c method=java.util.regex.Matcher.match(II)Z @ 86
Event: 1.763 Thread 0x0000000018741800 Uncommon trap: reason=unstable_if action=reinterpret pc=0x00000000031e90b4 method=java.lang.String.lastIndexOf([CII[CIII)I @ 66
Event: 1.806 Thread 0x0000000018741800 Uncommon trap: reason=unstable_if action=reinterpret pc=0x00000000032477c0 method=java.util.WeakHashMap.expungeStaleEntries()V @ 9

Classes redefined (0 events):
No events

Internal exceptions (10 events):
Event: 1.447 Thread 0x00000000181e5800 Exception <a 'java/lang/NoSuchMethodError': <clinit>> (0x00000000f5f527c8) thrown at [D:\src\AOSP-openjdk-cygwin\jdk8u\hotspot\src\share\vm\prims\jni.cpp, line 1613]
Event: 1.449 Thread 0x00000000181e5800 Exception <a 'java/lang/NoSuchMethodError': <clinit>> (0x00000000f5f65878) thrown at [D:\src\AOSP-openjdk-cygwin\jdk8u\hotspot\src\share\vm\prims\jni.cpp, line 1613]
Event: 1.452 Thread 0x00000000181e5800 Exception <a 'java/lang/NoSuchMethodError': <clinit>> (0x00000000f5f8c630) thrown at [D:\src\AOSP-openjdk-cygwin\jdk8u\hotspot\src\share\vm\prims\jni.cpp, line 1613]
Event: 1.453 Thread 0x00000000181e5800 Exception <a 'java/lang/NoSuchMethodError': <clinit>> (0x00000000f5fa4240) thrown at [D:\src\AOSP-openjdk-cygwin\jdk8u\hotspot\src\share\vm\prims\jni.cpp, line 1613]
Event: 1.453 Thread 0x00000000181e5800 Exception <a 'java/lang/NoSuchMethodError': <clinit>> (0x00000000f5facd08) thrown at [D:\src\AOSP-openjdk-cygwin\jdk8u\hotspot\src\share\vm\prims\jni.cpp, line 1613]
Event: 1.454 Thread 0x00000000181e5800 Exception <a 'java/lang/NoSuchMethodError': <clinit>> (0x00000000f5fc2f60) thrown at [D:\src\AOSP-openjdk-cygwin\jdk8u\hotspot\src\share\vm\prims\jni.cpp, line 1613]
Event: 1.460 Thread 0x00000000181e5800 Exception <a 'java/lang/NoSuchMethodError': <clinit>> (0x00000000f6020720) thrown at [D:\src\AOSP-openjdk-cygwin\jdk8u\hotspot\src\share\vm\prims\jni.cpp, line 1613]
Event: 1.462 Thread 0x00000000181e5800 Exception <a 'java/lang/NoSuchMethodError': <clinit>> (0x00000000f604cbc8) thrown at [D:\src\AOSP-openjdk-cygwin\jdk8u\hotspot\src\share\vm\prims\jni.cpp, line 1613]
Event: 1.465 Thread 0x00000000181e5800 Exception <a 'java/lang/NoSuchMethodError': <clinit>> (0x00000000f607ac90) thrown at [D:\src\AOSP-openjdk-cygwin\jdk8u\hotspot\src\share\vm\prims\jni.cpp, line 1613]
Event: 1.465 Thread 0x00000000181e5800 Exception <a 'java/lang/NoSuchMethodError': <clinit>> (0x00000000f6086030) thrown at [D:\src\AOSP-openjdk-cygwin\jdk8u\hotspot\src\share\vm\prims\jni.cpp, line 1613]

Events (10 events):
Event: 1.808 loading class groovy/lang/GroovyRuntimeException
Event: 1.808 loading class groovy/lang/GroovyRuntimeException done
Event: 1.809 loading class org/gradle/groovy/scripts/ScriptCompilationException
Event: 1.809 loading class org/gradle/groovy/scripts/ScriptCompilationException done
Event: 1.809 loading class org/gradle/api/GradleScriptException
Event: 1.809 loading class org/gradle/api/GradleScriptException done
Event: 1.809 loading class groovy/lang/GroovyResourceLoader
Event: 1.809 loading class groovy/lang/GroovyResourceLoader done
Event: 1.809 loading class groovy/lang/GroovyClassLoader
Event: 1.809 loading class groovy/lang/GroovyClassLoader done


Dynamic libraries:
0x00007ff716120000 - 0x00007ff716151000 	C:\Program Files\Android\Android Studio\jre\bin\java.exe
0x00007ffd33770000 - 0x00007ffd33951000 	C:\Windows\SYSTEM32\ntdll.dll
0x00007ffd324a0000 - 0x00007ffd32551000 	C:\Windows\System32\KERNEL32.DLL
0x00007ffd30850000 - 0x00007ffd30ac3000 	C:\Windows\System32\KERNELBASE.dll
0x00007ffd30d90000 - 0x00007ffd30e31000 	C:\Windows\System32\ADVAPI32.dll
0x00007ffd328d0000 - 0x00007ffd3296e000 	C:\Windows\System32\msvcrt.dll
0x00007ffd30e40000 - 0x00007ffd30e9b000 	C:\Windows\System32\sechost.dll
0x00007ffd33440000 - 0x00007ffd33564000 	C:\Windows\System32\RPCRT4.dll
0x00007ffd30c00000 - 0x00007ffd30d90000 	C:\Windows\System32\USER32.dll
0x00007ffd30830000 - 0x00007ffd30850000 	C:\Windows\System32\win32u.dll
0x00007ffd33340000 - 0x00007ffd33368000 	C:\Windows\System32\GDI32.dll
0x00007ffd2fb40000 - 0x00007ffd2fcd2000 	C:\Windows\System32\gdi32full.dll
0x00007ffd30030000 - 0x00007ffd300cf000 	C:\Windows\System32\msvcp_win.dll
0x00007ffd2fce0000 - 0x00007ffd2fdd8000 	C:\Windows\System32\ucrtbase.dll
0x00007ffd23790000 - 0x00007ffd239f9000 	C:\Windows\WinSxS\amd64_microsoft.windows.common-controls_6595b64144ccf1df_6.0.17134.765_none_fb42a1a930655896\COMCTL32.dll
0x00007ffd33010000 - 0x00007ffd33332000 	C:\Windows\System32\combase.dll
0x00007ffd30ad0000 - 0x00007ffd30b4a000 	C:\Windows\System32\bcryptPrimitives.dll
0x00007ffd32450000 - 0x00007ffd3247d000 	C:\Windows\System32\IMM32.DLL
0x000000005dcd0000 - 0x000000005dda2000 	C:\Program Files\Android\Android Studio\jre\jre\bin\msvcr100.dll
0x000000005e230000 - 0x000000005ea71000 	C:\Program Files\Android\Android Studio\jre\jre\bin\server\jvm.dll
0x00007ffd32560000 - 0x00007ffd32568000 	C:\Windows\System32\PSAPI.DLL
0x00007ffd169f0000 - 0x00007ffd169f9000 	C:\Windows\SYSTEM32\WSOCK32.dll
0x00007ffd28e30000 - 0x00007ffd28e3a000 	C:\Windows\SYSTEM32\VERSION.dll
0x00007ffd2dc00000 - 0x00007ffd2dc23000 	C:\Windows\SYSTEM32\WINMM.dll
0x00007ffd336d0000 - 0x00007ffd3373c000 	C:\Windows\System32\WS2_32.dll
0x00007ffd2d7b0000 - 0x00007ffd2d7da000 	C:\Windows\SYSTEM32\winmmbase.dll
0x00007ffd300d0000 - 0x00007ffd30119000 	C:\Windows\System32\cfgmgr32.dll
0x00007ffd23cd0000 - 0x00007ffd23cdf000 	C:\Program Files\Android\Android Studio\jre\jre\bin\verify.dll
0x00007ffd16fc0000 - 0x00007ffd16fe9000 	C:\Program Files\Android\Android Studio\jre\jre\bin\java.dll
0x00007ffd19c70000 - 0x00007ffd19c86000 	C:\Program Files\Android\Android Studio\jre\jre\bin\zip.dll
0x00007ffd30f70000 - 0x00007ffd323b0000 	C:\Windows\System32\SHELL32.dll
0x00007ffd32b10000 - 0x00007ffd32bb9000 	C:\Windows\System32\shcore.dll
0x00007ffd30120000 - 0x00007ffd3082d000 	C:\Windows\System32\windows.storage.dll
0x00007ffd333d0000 - 0x00007ffd33421000 	C:\Windows\System32\shlwapi.dll
0x00007ffd2fb00000 - 0x00007ffd2fb11000 	C:\Windows\System32\kernel.appcore.dll
0x00007ffd2fb20000 - 0x00007ffd2fb3f000 	C:\Windows\System32\profapi.dll
0x00007ffd2fab0000 - 0x00007ffd2fafc000 	C:\Windows\System32\powrprof.dll
0x00007ffd2faa0000 - 0x00007ffd2faaa000 	C:\Windows\System32\FLTLIB.DLL
0x00007ffd21020000 - 0x00007ffd2103a000 	C:\Program Files\Android\Android Studio\jre\jre\bin\net.dll
0x00007ffd2f300000 - 0x00007ffd2f366000 	C:\Windows\system32\mswsock.dll
0x00007ffd1b280000 - 0x00007ffd1b291000 	C:\Program Files\Android\Android Studio\jre\jre\bin\nio.dll
0x00007ffd252f0000 - 0x00007ffd2530e000 	C:\Users\deonoize\.gradle\native\25\windows-amd64\native-platform.dll
0x00007ffd253f0000 - 0x00007ffd253fd000 	C:\Program Files\Android\Android Studio\jre\jre\bin\management.dll
0x00007ffd2f4b0000 - 0x00007ffd2f4c7000 	C:\Windows\SYSTEM32\CRYPTSP.dll
0x00007ffd2eee0000 - 0x00007ffd2ef13000 	C:\Windows\system32\rsaenh.dll
0x00007ffd2f5e0000 - 0x00007ffd2f605000 	C:\Windows\SYSTEM32\bcrypt.dll
0x00007ffd2f9b0000 - 0x00007ffd2f9d8000 	C:\Windows\SYSTEM32\USERENV.dll
0x00007ffd2f4d0000 - 0x00007ffd2f4db000 	C:\Windows\SYSTEM32\CRYPTBASE.dll
0x00007ffd2f080000 - 0x00007ffd2f0b8000 	C:\Windows\SYSTEM32\IPHLPAPI.DLL
0x00007ffd328c0000 - 0x00007ffd328c8000 	C:\Windows\System32\NSI.dll
0x00007ffd24d50000 - 0x00007ffd24d66000 	C:\Windows\SYSTEM32\dhcpcsvc6.DLL
0x00007ffd24f00000 - 0x00007ffd24f1a000 	C:\Windows\SYSTEM32\dhcpcsvc.DLL

VM Arguments:
jvm_args: -XX:MaxMetaspaceSize=256m -XX:+HeapDumpOnOutOfMemoryError -Xmx512m -Dfile.encoding=windows-1251 -Duser.country=RU -Duser.language=ru -Duser.variant 
java_command: org.gradle.launcher.daemon.bootstrap.GradleDaemon 5.1.1
java_class_path (initial): C:\Users\deonoize\.gradle\wrapper\dists\gradle-5.1.1-all\97z1ksx6lirer3kbvdnh7jtjg\gradle-5.1.1\lib\gradle-launcher-5.1.1.jar
Launcher Type: SUN_STANDARD

Environment Variables:
PATH=C:\Program Files (x86)\Common Files\Oracle\Java\javapath;C:\ProgramData\Oracle\Java\javapath;C:\Windows\system32;C:\Windows;C:\Windows\System32\Wbem;C:\Windows\System32\WindowsPowerShell\v1.0\;C:\Program Files (x86)\NVIDIA Corporation\PhysX\Common;C:\WINDOWS\system32;C:\WINDOWS;C:\WINDOWS\System32\Wbem;C:\WINDOWS\System32\WindowsPowerShell\v1.0\;C:\WINDOWS\System32\OpenSSH\;C:\Program Files\dotnet\;C:\Program Files\NVIDIA Corporation\NVIDIA NvDLISR;C:\Program Files\Microsoft VS Code\bin;C:\ProgramData\ComposerSetup\bin;E:\Programs\nodejs\;C:\Program Files\Git\cmd;C:\Program Files\heroku\bin;C:\Program Files (x86)\Common Files\Acronis\SnapAPI\;C:\Users\deonoize\AppData\Local\Microsoft\WindowsApps;C:\Users\deonoize\AppData\Local\GitHubDesktop\bin;C:\Program Files\Microsoft VS Code\bin;C:\Users\deonoize\AppData\Roaming\Composer\vendor\bin;E:\Programs\OSPanel\modules\php\PHP-7.2;C:\Users\deonoize\AppData\Roaming\npm;C:\Users\deonoize\AppData\Local\atom\bin;C:\Program Files\heroku\bin;E:\Programs\dart-sass;
USERNAME=deonoize
OS=Windows_NT
PROCESSOR_IDENTIFIER=Intel64 Family 6 Model 142 Stepping 10, GenuineIntel



---------------  S Y S T E M  ---------------

OS: Windows 10.0 , 64 bit Build 17134 (10.0.17134.753)

CPU:total 8 (initial active 8) (4 cores per cpu, 2 threads per core) family 6 model 142 stepping 10, cmov, cx8, fxsr, mmx, sse, sse2, sse3, ssse3, sse4.1, sse4.2, popcnt, avx, avx2, aes, clmul, erms, 3dnowpref, lzcnt, ht, tsc, tscinvbit, bmi1, bmi2, adx

Memory: 4k page, physical 8260236k(809120k free), swap 12454540k(5212k free)

vm_info: OpenJDK 64-Bit Server VM (25.152-b01) for windows-amd64 JRE (1.8.0_152-release-1343-b01), built by "builder" with MS VC++ 10.0 (VS2010)

time: Tue Jun 04 23:41:29 2019
elapsed time: 1 seconds (0d 0h 0m 1s)

