#
# There is insufficient memory for the Java Runtime Environment to continue.
# Native memory allocation (malloc) failed to allocate 973616 bytes for Chunk::new
# Possible reasons:
#   The system is out of physical RAM or swap space
#   In 32 bit mode, the process size limit was hit
# Possible solutions:
#   Reduce memory load on the system
#   Increase physical memory or swap space
#   Check if swap backing store is full
#   Use 64 bit Java on a 64 bit OS
#   Decrease Java heap size (-Xmx/-Xms)
#   Decrease number of Java threads
#   Decrease Java thread stack sizes (-Xss)
#   Set larger code cache with -XX:ReservedCodeCacheSize=
# This output file may be truncated or incomplete.
#
#  Out of Memory Error (allocation.cpp:390), pid=6288, tid=0x0000000000001cb8
#
# JRE version: OpenJDK Runtime Environment (8.0_152-b01) (build 1.8.0_152-release-1343-b01)
# Java VM: OpenJDK 64-Bit Server VM (25.152-b01 mixed mode windows-amd64 compressed oops)
# Failed to write core dump. Minidumps are not enabled by default on client versions of Windows
#

---------------  T H R E A D  ---------------

Current thread (0x00000000166f6000):  JavaThread "C2 CompilerThread1" daemon [_thread_in_native, id=7352, stack(0x0000000016fd0000,0x00000000170d0000)]

Stack: [0x0000000016fd0000,0x00000000170d0000]
[error occurred during error reporting (printing stack bounds), id 0xc0000005]

Native frames: (J=compiled Java code, j=interpreted, Vv=VM code, C=native code)


Current CompileTask:
C2:   8248 3183       4       java.security.SecureClassLoader::defineClass (16 bytes)


---------------  P R O C E S S  ---------------

Java Threads: ( => current thread )
  0x00000000177f3000 JavaThread "RMI RenewClean-[127.0.0.1:6033,org.jetbrains.kotlin.daemon.common.LoopbackNetworkInterface$ClientLoopbackSocketFactory@20e1fd02]" daemon [_thread_blocked, id=16652, stack(0x0000000018b60000,0x0000000018c60000)]
  0x00000000177a8000 JavaThread "RMI TCP Connection(2)-127.0.0.1" daemon [_thread_in_Java, id=3848, stack(0x0000000018a60000,0x0000000018b60000)]
  0x000000001787b800 JavaThread "RMI Scheduler(0)" daemon [_thread_blocked, id=16484, stack(0x0000000018960000,0x0000000018a60000)]
  0x00000000177df800 JavaThread "RMI TCP Connection(1)-127.0.0.1" daemon [_thread_in_native, id=11396, stack(0x0000000018860000,0x0000000018960000)]
  0x0000000002e72800 JavaThread "DestroyJavaVM" [_thread_blocked, id=5628, stack(0x0000000002d70000,0x0000000002e70000)]
  0x0000000017751800 JavaThread "GC Daemon" daemon [_thread_blocked, id=4672, stack(0x0000000018410000,0x0000000018510000)]
  0x0000000017750800 JavaThread "RMI Reaper" [_thread_blocked, id=16840, stack(0x0000000018310000,0x0000000018410000)]
  0x00000000176d0000 JavaThread "Timer-0" daemon [_thread_blocked, id=3532, stack(0x0000000018110000,0x0000000018210000)]
  0x00000000176cc800 JavaThread "RMI TCP Accept-17531" daemon [_thread_in_native, id=2952, stack(0x0000000018010000,0x0000000018110000)]
  0x0000000016792800 JavaThread "Service Thread" daemon [_thread_blocked, id=17160, stack(0x00000000172d0000,0x00000000173d0000)]
  0x0000000016700000 JavaThread "C1 CompilerThread3" daemon [_thread_in_native, id=8340, stack(0x00000000171d0000,0x00000000172d0000)]
  0x00000000166f7800 JavaThread "C2 CompilerThread2" daemon [_thread_in_native, id=11900, stack(0x00000000170d0000,0x00000000171d0000)]
=>0x00000000166f6000 JavaThread "C2 CompilerThread1" daemon [_thread_in_native, id=7352, stack(0x0000000016fd0000,0x00000000170d0000)]
  0x0000000016705000 JavaThread "C2 CompilerThread0" daemon [_thread_in_native, id=14740, stack(0x0000000016ed0000,0x0000000016fd0000)]
  0x0000000016704800 JavaThread "Attach Listener" daemon [_thread_blocked, id=3928, stack(0x0000000016dd0000,0x0000000016ed0000)]
  0x0000000016703800 JavaThread "Signal Dispatcher" daemon [_thread_blocked, id=12720, stack(0x0000000016cd0000,0x0000000016dd0000)]
  0x00000000166f0800 JavaThread "Finalizer" daemon [_thread_blocked, id=16928, stack(0x0000000016ad0000,0x0000000016bd0000)]
  0x0000000002f67000 JavaThread "Reference Handler" daemon [_thread_blocked, id=14252, stack(0x00000000165d0000,0x00000000166d0000)]

Other Threads:
  0x00000000147d6800 VMThread [stack: 0x00000000164d0000,0x00000000165d0000] [id=11472]
  0x00000000167a3000 WatcherThread [stack: 0x00000000173d0000,0x00000000174d0000] [id=12908]

VM state:not at safepoint (normal execution)

VM Mutex/Monitor currently owned by a thread: None

Heap:
 PSYoungGen      total 71680K, used 53217K [0x00000000f5580000, 0x00000000fad80000, 0x0000000100000000)
  eden space 66560K, 79% used [0x00000000f5580000,0x00000000f8978500,0x00000000f9680000)
  from space 5120K, 0% used [0x00000000f9680000,0x00000000f9680000,0x00000000f9b80000)
  to   space 5120K, 0% used [0x00000000fa880000,0x00000000fa880000,0x00000000fad80000)
 ParOldGen       total 110080K, used 20010K [0x00000000e0000000, 0x00000000e6b80000, 0x00000000f5580000)
  object space 110080K, 18% used [0x00000000e0000000,0x00000000e138ab08,0x00000000e6b80000)
 Metaspace       used 40788K, capacity 41469K, committed 41896K, reserved 1085440K
  class space    used 5266K, capacity 5453K, committed 5544K, reserved 1048576K

Card table byte_map: [0x0000000012330000,0x0000000012440000] byte_map_base: 0x0000000011c30000

Marking Bits: (ParMarkBitMap*) 0x000000005e9f5aa0
 Begin Bits: [0x0000000012cf0000, 0x00000000134f0000)
 End Bits:   [0x00000000134f0000, 0x0000000013cf0000)

Polling page: 0x0000000001500000

CodeCache: size=245760Kb used=10350Kb max_used=10350Kb free=235409Kb
 bounds [0x0000000002f70000, 0x00000000039a0000, 0x0000000011f70000]
 total_blobs=3807 nmethods=3323 adapters=397
 compilation: enabled

Compilation events (10 events):
Event: 8.235 Thread 0x0000000016700000 nmethod 3326 0x0000000003989a50 code [0x0000000003989ba0, 0x0000000003989d10]
Event: 8.235 Thread 0x0000000016700000 3316       3       org.jetbrains.kotlin.metadata.jvm.JvmProtoBuf$JvmMethodSignature::<init> (7 bytes)
Event: 8.236 Thread 0x0000000016700000 nmethod 3316 0x00000000039904d0 code [0x0000000003990640, 0x00000000039907c8]
Event: 8.236 Thread 0x0000000016700000 3319       3       org.jetbrains.kotlin.metadata.jvm.JvmProtoBuf$JvmMethodSignature::newBuilderForType (5 bytes)
Event: 8.236 Thread 0x0000000016700000 nmethod 3319 0x0000000003990890 code [0x0000000003990a40, 0x0000000003990fd0]
Event: 8.236 Thread 0x0000000016700000 3327       3       org.jetbrains.kotlin.metadata.ProtoBuf$Annotation$Builder::build (5 bytes)
Event: 8.237 Thread 0x0000000016700000 nmethod 3327 0x0000000003991310 code [0x00000000039914a0, 0x0000000003991988]
Event: 8.237 Thread 0x0000000016700000 3328       3       org.jetbrains.kotlin.metadata.ProtoBuf$Annotation$Builder::build (19 bytes)
Event: 8.238 Thread 0x0000000016700000 nmethod 3328 0x0000000003991bd0 code [0x0000000003991d60, 0x0000000003992188]
Event: 8.238 Thread 0x0000000016700000 3335   !   3       org.jetbrains.kotlin.metadata.ProtoBuf$Property::<init> (985 bytes)

GC Heap History (10 events):
Event: 3.095 GC heap before
{Heap before GC invocations=4 (full 1):
 PSYoungGen      total 38400K, used 36979K [0x00000000f5580000, 0x00000000f8000000, 0x0000000100000000)
  eden space 33280K, 95% used [0x00000000f5580000,0x00000000f74a1450,0x00000000f7600000)
  from space 5120K, 99% used [0x00000000f7b00000,0x00000000f7ffb830,0x00000000f8000000)
  to   space 5120K, 0% used [0x00000000f7600000,0x00000000f7600000,0x00000000f7b00000)
 ParOldGen       total 87552K, used 5248K [0x00000000e0000000, 0x00000000e5580000, 0x00000000f5580000)
  object space 87552K, 5% used [0x00000000e0000000,0x00000000e05201c0,0x00000000e5580000)
 Metaspace       used 20719K, capacity 21054K, committed 21296K, reserved 1069056K
  class space    used 2454K, capacity 2573K, committed 2608K, reserved 1048576K
Event: 3.103 GC heap after
Heap after GC invocations=4 (full 1):
 PSYoungGen      total 38400K, used 5103K [0x00000000f5580000, 0x00000000fa080000, 0x0000000100000000)
  eden space 33280K, 0% used [0x00000000f5580000,0x00000000f5580000,0x00000000f7600000)
  from space 5120K, 99% used [0x00000000f7600000,0x00000000f7afbcf8,0x00000000f7b00000)
  to   space 5120K, 0% used [0x00000000f9b80000,0x00000000f9b80000,0x00000000fa080000)
 ParOldGen       total 87552K, used 10253K [0x00000000e0000000, 0x00000000e5580000, 0x00000000f5580000)
  object space 87552K, 11% used [0x00000000e0000000,0x00000000e0a03400,0x00000000e5580000)
 Metaspace       used 20719K, capacity 21054K, committed 21296K, reserved 1069056K
  class space    used 2454K, capacity 2573K, committed 2608K, reserved 1048576K
}
Event: 3.103 GC heap before
{Heap before GC invocations=5 (full 2):
 PSYoungGen      total 38400K, used 5103K [0x00000000f5580000, 0x00000000fa080000, 0x0000000100000000)
  eden space 33280K, 0% used [0x00000000f5580000,0x00000000f5580000,0x00000000f7600000)
  from space 5120K, 99% used [0x00000000f7600000,0x00000000f7afbcf8,0x00000000f7b00000)
  to   space 5120K, 0% used [0x00000000f9b80000,0x00000000f9b80000,0x00000000fa080000)
 ParOldGen       total 87552K, used 10253K [0x00000000e0000000, 0x00000000e5580000, 0x00000000f5580000)
  object space 87552K, 11% used [0x00000000e0000000,0x00000000e0a03400,0x00000000e5580000)
 Metaspace       used 20719K, capacity 21054K, committed 21296K, reserved 1069056K
  class space    used 2454K, capacity 2573K, committed 2608K, reserved 1048576K
Event: 3.130 GC heap after
Heap after GC invocations=5 (full 2):
 PSYoungGen      total 38400K, used 0K [0x00000000f5580000, 0x00000000fa080000, 0x0000000100000000)
  eden space 33280K, 0% used [0x00000000f5580000,0x00000000f5580000,0x00000000f7600000)
  from space 5120K, 0% used [0x00000000f7600000,0x00000000f7600000,0x00000000f7b00000)
  to   space 5120K, 0% used [0x00000000f9b80000,0x00000000f9b80000,0x00000000fa080000)
 ParOldGen       total 66048K, used 11111K [0x00000000e0000000, 0x00000000e4080000, 0x00000000f5580000)
  object space 66048K, 16% used [0x00000000e0000000,0x00000000e0ad9c00,0x00000000e4080000)
 Metaspace       used 20719K, capacity 21054K, committed 21296K, reserved 1069056K
  class space    used 2454K, capacity 2573K, committed 2608K, reserved 1048576K
}
Event: 3.815 GC heap before
{Heap before GC invocations=6 (full 2):
 PSYoungGen      total 38400K, used 33280K [0x00000000f5580000, 0x00000000fa080000, 0x0000000100000000)
  eden space 33280K, 100% used [0x00000000f5580000,0x00000000f7600000,0x00000000f7600000)
  from space 5120K, 0% used [0x00000000f7600000,0x00000000f7600000,0x00000000f7b00000)
  to   space 5120K, 0% used [0x00000000f9b80000,0x00000000f9b80000,0x00000000fa080000)
 ParOldGen       total 66048K, used 11111K [0x00000000e0000000, 0x00000000e4080000, 0x00000000f5580000)
  object space 66048K, 16% used [0x00000000e0000000,0x00000000e0ad9c00,0x00000000e4080000)
 Metaspace       used 29180K, capacity 29671K, committed 30000K, reserved 1075200K
  class space    used 3931K, capacity 4094K, committed 4144K, reserved 1048576K
Event: 3.826 GC heap after
Heap after GC invocations=6 (full 2):
 PSYoungGen      total 57344K, used 5108K [0x00000000f5580000, 0x00000000fa080000, 0x0000000100000000)
  eden space 52224K, 0% used [0x00000000f5580000,0x00000000f5580000,0x00000000f8880000)
  from space 5120K, 99% used [0x00000000f9b80000,0x00000000fa07d010,0x00000000fa080000)
  to   space 5120K, 0% used [0x00000000f9680000,0x00000000f9680000,0x00000000f9b80000)
 ParOldGen       total 66048K, used 14399K [0x00000000e0000000, 0x00000000e4080000, 0x00000000f5580000)
  object space 66048K, 21% used [0x00000000e0000000,0x00000000e0e0fcf8,0x00000000e4080000)
 Metaspace       used 29180K, capacity 29671K, committed 30000K, reserved 1075200K
  class space    used 3931K, capacity 4094K, committed 4144K, reserved 1048576K
}
Event: 6.578 GC heap before
{Heap before GC invocations=7 (full 2):
 PSYoungGen      total 57344K, used 52140K [0x00000000f5580000, 0x00000000fa080000, 0x0000000100000000)
  eden space 52224K, 90% used [0x00000000f5580000,0x00000000f836e218,0x00000000f8880000)
  from space 5120K, 99% used [0x00000000f9b80000,0x00000000fa07d010,0x00000000fa080000)
  to   space 5120K, 0% used [0x00000000f9680000,0x00000000f9680000,0x00000000f9b80000)
 ParOldGen       total 66048K, used 14399K [0x00000000e0000000, 0x00000000e4080000, 0x00000000f5580000)
  object space 66048K, 21% used [0x00000000e0000000,0x00000000e0e0fcf8,0x00000000e4080000)
 Metaspace       used 34628K, capacity 35145K, committed 35496K, reserved 1079296K
  class space    used 4526K, capacity 4687K, committed 4776K, reserved 1048576K
Event: 6.594 GC heap after
Heap after GC invocations=7 (full 2):
 PSYoungGen      total 71680K, used 5106K [0x00000000f5580000, 0x00000000fad80000, 0x0000000100000000)
  eden space 66560K, 0% used [0x00000000f5580000,0x00000000f5580000,0x00000000f9680000)
  from space 5120K, 99% used [0x00000000f9680000,0x00000000f9b7cb48,0x00000000f9b80000)
  to   space 5120K, 0% used [0x00000000fa880000,0x00000000fa880000,0x00000000fad80000)
 ParOldGen       total 66048K, used 23321K [0x00000000e0000000, 0x00000000e4080000, 0x00000000f5580000)
  object space 66048K, 35% used [0x00000000e0000000,0x00000000e16c64f8,0x00000000e4080000)
 Metaspace       used 34628K, capacity 35145K, committed 35496K, reserved 1079296K
  class space    used 4526K, capacity 4687K, committed 4776K, reserved 1048576K
}
Event: 6.594 GC heap before
{Heap before GC invocations=8 (full 3):
 PSYoungGen      total 71680K, used 5106K [0x00000000f5580000, 0x00000000fad80000, 0x0000000100000000)
  eden space 66560K, 0% used [0x00000000f5580000,0x00000000f5580000,0x00000000f9680000)
  from space 5120K, 99% used [0x00000000f9680000,0x00000000f9b7cb48,0x00000000f9b80000)
  to   space 5120K, 0% used [0x00000000fa880000,0x00000000fa880000,0x00000000fad80000)
 ParOldGen       total 66048K, used 23321K [0x00000000e0000000, 0x00000000e4080000, 0x00000000f5580000)
  object space 66048K, 35% used [0x00000000e0000000,0x00000000e16c64f8,0x00000000e4080000)
 Metaspace       used 34628K, capacity 35145K, committed 35496K, reserved 1079296K
  class space    used 4526K, capacity 4687K, committed 4776K, reserved 1048576K
Event: 6.710 GC heap after
Heap after GC invocations=8 (full 3):
 PSYoungGen      total 71680K, used 0K [0x00000000f5580000, 0x00000000fad80000, 0x0000000100000000)
  eden space 66560K, 0% used [0x00000000f5580000,0x00000000f5580000,0x00000000f9680000)
  from space 5120K, 0% used [0x00000000f9680000,0x00000000f9680000,0x00000000f9b80000)
  to   space 5120K, 0% used [0x00000000fa880000,0x00000000fa880000,0x00000000fad80000)
 ParOldGen       total 110080K, used 20010K [0x00000000e0000000, 0x00000000e6b80000, 0x00000000f5580000)
  object space 110080K, 18% used [0x00000000e0000000,0x00000000e138ab08,0x00000000e6b80000)
 Metaspace       used 34628K, capacity 35145K, committed 35496K, reserved 1079296K
  class space    used 4526K, capacity 4687K, committed 4776K, reserved 1048576K
}

Deoptimization events (10 events):
Event: 7.724 Thread 0x00000000177a8000 Uncommon trap: reason=bimorphic action=maybe_recompile pc=0x0000000003398df8 method=java.util.HashMap.putVal(ILjava/lang/Object;Ljava/lang/Object;ZZ)Ljava/lang/Object; @ 203
Event: 7.779 Thread 0x00000000177a8000 Uncommon trap: reason=unstable_if action=reinterpret pc=0x000000000382e0f4 method=org.jetbrains.org.objectweb.asm.ClassReader.readUtf(II[C)Ljava/lang/String; @ 41
Event: 7.789 Thread 0x00000000177a8000 Uncommon trap: reason=bimorphic action=maybe_recompile pc=0x00000000036a14b8 method=org.jetbrains.kotlin.protobuf.CodedInputStream.tryRefillBuffer(I)Z @ 177
Event: 7.792 Thread 0x00000000177a8000 Uncommon trap: reason=bimorphic action=maybe_recompile pc=0x00000000036a14b8 method=org.jetbrains.kotlin.protobuf.CodedInputStream.tryRefillBuffer(I)Z @ 177
Event: 7.792 Thread 0x00000000177a8000 Uncommon trap: reason=bimorphic action=maybe_recompile pc=0x00000000036a14b8 method=org.jetbrains.kotlin.protobuf.CodedInputStream.tryRefillBuffer(I)Z @ 177
Event: 7.794 Thread 0x00000000177a8000 Uncommon trap: reason=bimorphic action=maybe_recompile pc=0x00000000036a14b8 method=org.jetbrains.kotlin.protobuf.CodedInputStream.tryRefillBuffer(I)Z @ 177
Event: 8.047 Thread 0x00000000177a8000 Uncommon trap: reason=unstable_if action=reinterpret pc=0x0000000003568534 method=java.lang.String.regionMatches(ILjava/lang/String;II)Z @ 84
Event: 8.109 Thread 0x00000000177a8000 Uncommon trap: reason=class_check action=maybe_recompile pc=0x0000000003796910 method=java.lang.AbstractStringBuilder.append(Ljava/lang/CharSequence;)Ljava/lang/AbstractStringBuilder; @ 37
Event: 8.109 Thread 0x00000000177a8000 Uncommon trap: reason=class_check action=maybe_recompile pc=0x0000000003796910 method=java.lang.AbstractStringBuilder.append(Ljava/lang/CharSequence;)Ljava/lang/AbstractStringBuilder; @ 37
Event: 8.109 Thread 0x00000000177a8000 Uncommon trap: reason=class_check action=maybe_recompile pc=0x0000000003796910 method=java.lang.AbstractStringBuilder.append(Ljava/lang/CharSequence;)Ljava/lang/AbstractStringBuilder; @ 37

Classes redefined (0 events):
No events

Internal exceptions (10 events):
Event: 3.527 Thread 0x00000000177a8000 Implicit null exception at 0x00000000034eb510 to 0x00000000034eb5d9
Event: 3.612 Thread 0x00000000177a8000 Exception <a 'java/io/FileNotFoundException'> (0x00000000f7239ee0) thrown at [D:\src\AOSP-openjdk-cygwin\jdk8u\hotspot\src\share\vm\prims\jni.cpp, line 709]
Event: 3.620 Thread 0x00000000177a8000 Exception <a 'sun/nio/fs/WindowsException'> (0x00000000f7263860) thrown at [D:\src\AOSP-openjdk-cygwin\jdk8u\hotspot\src\share\vm\prims\jni.cpp, line 709]
Event: 3.621 Thread 0x00000000177a8000 Exception <a 'java/lang/reflect/InvocationTargetException'> (0x00000000f7264420) thrown at [D:\src\AOSP-openjdk-cygwin\jdk8u\hotspot\src\share\vm\runtime\reflection.cpp, line 1092]
Event: 3.622 Thread 0x00000000177a8000 Exception <a 'sun/nio/fs/WindowsException'> (0x00000000f7267530) thrown at [D:\src\AOSP-openjdk-cygwin\jdk8u\hotspot\src\share\vm\prims\jni.cpp, line 709]
Event: 3.623 Thread 0x00000000177a8000 Exception <a 'java/lang/reflect/InvocationTargetException'> (0x00000000f7267d58) thrown at [D:\src\AOSP-openjdk-cygwin\jdk8u\hotspot\src\share\vm\runtime\reflection.cpp, line 1092]
Event: 3.623 Thread 0x00000000177a8000 Exception <a 'java/io/FileNotFoundException'> (0x00000000f7268718) thrown at [D:\src\AOSP-openjdk-cygwin\jdk8u\hotspot\src\share\vm\prims\jni.cpp, line 709]
Event: 3.623 Thread 0x00000000177a8000 Exception <a 'java/io/FileNotFoundException'> (0x00000000f7269af0) thrown at [D:\src\AOSP-openjdk-cygwin\jdk8u\hotspot\src\share\vm\prims\jni.cpp, line 709]
Event: 7.423 Thread 0x00000000177a8000 Exception <a 'java/lang/NoSuchMethodError': java.lang.Object.lambda$static$0(I)[Lorg/jetbrains/kotlin/psi/KtTypeElement;> (0x00000000f683e998) thrown at [D:\src\AOSP-openjdk-cygwin\jdk8u\hotspot\src\share\vm\interpreter\linkResolver.cpp, line 584]
Event: 8.120 Thread 0x00000000177a8000 Exception <a 'java/lang/NoSuchMethodError': java.lang.Object.lambda$static$0(I)[Lorg/jetbrains/kotlin/com/intellij/psi/PsiClass;> (0x00000000f7e8eed8) thrown at [D:\src\AOSP-openjdk-cygwin\jdk8u\hotspot\src\share\vm\interpreter\linkResolver.cpp, line 584]

Events (10 events):
Event: 8.174 loading class org/jetbrains/kotlin/types/FlexibleTypeImpl$Companion
Event: 8.174 loading class org/jetbrains/kotlin/types/FlexibleTypeImpl$Companion done
Event: 8.174 loading class java/util/ArrayList$ArrayListSpliterator
Event: 8.176 loading class java/util/ArrayList$ArrayListSpliterator done
Event: 8.176 loading class org/jetbrains/kotlin/load/java/descriptors/UtilKt
Event: 8.176 loading class org/jetbrains/kotlin/load/java/descriptors/UtilKt done
Event: 8.177 loading class org/jetbrains/kotlin/load/java/BuiltinSpecialProperties
Event: 8.177 loading class org/jetbrains/kotlin/load/java/BuiltinSpecialProperties done
Event: 8.229 loading class org/jetbrains/kotlin/metadata/ProtoBuf$1
Event: 8.229 loading class org/jetbrains/kotlin/metadata/ProtoBuf$1 done


Dynamic libraries:
0x00007ff6fbfb0000 - 0x00007ff6fbfe1000 	C:\Program Files\Android\Android Studio\jre\jre\bin\java.exe
0x00007ffd33770000 - 0x00007ffd33951000 	C:\Windows\SYSTEM32\ntdll.dll
0x00007ffd324a0000 - 0x00007ffd32551000 	C:\Windows\System32\KERNEL32.DLL
0x00007ffd30850000 - 0x00007ffd30ac3000 	C:\Windows\System32\KERNELBASE.dll
0x00007ffd30d90000 - 0x00007ffd30e31000 	C:\Windows\System32\ADVAPI32.dll
0x00007ffd328d0000 - 0x00007ffd3296e000 	C:\Windows\System32\msvcrt.dll
0x00007ffd30e40000 - 0x00007ffd30e9b000 	C:\Windows\System32\sechost.dll
0x00007ffd33440000 - 0x00007ffd33564000 	C:\Windows\System32\RPCRT4.dll
0x00007ffd30c00000 - 0x00007ffd30d90000 	C:\Windows\System32\USER32.dll
0x00007ffd30830000 - 0x00007ffd30850000 	C:\Windows\System32\win32u.dll
0x00007ffd33340000 - 0x00007ffd33368000 	C:\Windows\System32\GDI32.dll
0x00007ffd2fb40000 - 0x00007ffd2fcd2000 	C:\Windows\System32\gdi32full.dll
0x00007ffd30030000 - 0x00007ffd300cf000 	C:\Windows\System32\msvcp_win.dll
0x00007ffd2fce0000 - 0x00007ffd2fdd8000 	C:\Windows\System32\ucrtbase.dll
0x00007ffd23790000 - 0x00007ffd239f9000 	C:\Windows\WinSxS\amd64_microsoft.windows.common-controls_6595b64144ccf1df_6.0.17134.765_none_fb42a1a930655896\COMCTL32.dll
0x00007ffd33010000 - 0x00007ffd33332000 	C:\Windows\System32\combase.dll
0x00007ffd30ad0000 - 0x00007ffd30b4a000 	C:\Windows\System32\bcryptPrimitives.dll
0x00007ffd32450000 - 0x00007ffd3247d000 	C:\Windows\System32\IMM32.DLL
0x000000005dcd0000 - 0x000000005dda2000 	C:\Program Files\Android\Android Studio\jre\jre\bin\msvcr100.dll
0x000000005e230000 - 0x000000005ea71000 	C:\Program Files\Android\Android Studio\jre\jre\bin\server\jvm.dll
0x00007ffd32560000 - 0x00007ffd32568000 	C:\Windows\System32\PSAPI.DLL
0x00007ffd2dc00000 - 0x00007ffd2dc23000 	C:\Windows\SYSTEM32\WINMM.dll
0x00007ffd169f0000 - 0x00007ffd169f9000 	C:\Windows\SYSTEM32\WSOCK32.dll
0x00007ffd28e30000 - 0x00007ffd28e3a000 	C:\Windows\SYSTEM32\VERSION.dll
0x00007ffd336d0000 - 0x00007ffd3373c000 	C:\Windows\System32\WS2_32.dll
0x00007ffd2d7b0000 - 0x00007ffd2d7da000 	C:\Windows\SYSTEM32\WINMMBASE.dll
0x00007ffd300d0000 - 0x00007ffd30119000 	C:\Windows\System32\cfgmgr32.dll
0x00007ffd23cd0000 - 0x00007ffd23cdf000 	C:\Program Files\Android\Android Studio\jre\jre\bin\verify.dll
0x00007ffd16fc0000 - 0x00007ffd16fe9000 	C:\Program Files\Android\Android Studio\jre\jre\bin\java.dll
0x00007ffd19c70000 - 0x00007ffd19c86000 	C:\Program Files\Android\Android Studio\jre\jre\bin\zip.dll
0x00007ffd30f70000 - 0x00007ffd323b0000 	C:\Windows\System32\SHELL32.dll
0x00007ffd32b10000 - 0x00007ffd32bb9000 	C:\Windows\System32\shcore.dll
0x00007ffd30120000 - 0x00007ffd3082d000 	C:\Windows\System32\windows.storage.dll
0x00007ffd333d0000 - 0x00007ffd33421000 	C:\Windows\System32\shlwapi.dll
0x00007ffd2fb00000 - 0x00007ffd2fb11000 	C:\Windows\System32\kernel.appcore.dll
0x00007ffd2fb20000 - 0x00007ffd2fb3f000 	C:\Windows\System32\profapi.dll
0x00007ffd2fab0000 - 0x00007ffd2fafc000 	C:\Windows\System32\powrprof.dll
0x00007ffd2faa0000 - 0x00007ffd2faaa000 	C:\Windows\System32\FLTLIB.DLL
0x00007ffd253f0000 - 0x00007ffd253fd000 	C:\Program Files\Android\Android Studio\jre\jre\bin\management.dll
0x00007ffd21020000 - 0x00007ffd2103a000 	C:\Program Files\Android\Android Studio\jre\jre\bin\net.dll
0x00007ffd2f300000 - 0x00007ffd2f366000 	C:\Windows\system32\mswsock.dll
0x00007ffd1b280000 - 0x00007ffd1b291000 	C:\Program Files\Android\Android Studio\jre\jre\bin\nio.dll
0x00007ffd2f4b0000 - 0x00007ffd2f4c7000 	C:\Windows\SYSTEM32\CRYPTSP.dll
0x00007ffd2eee0000 - 0x00007ffd2ef13000 	C:\Windows\system32\rsaenh.dll
0x00007ffd2f5e0000 - 0x00007ffd2f605000 	C:\Windows\SYSTEM32\bcrypt.dll
0x00007ffd2f9b0000 - 0x00007ffd2f9d8000 	C:\Windows\SYSTEM32\USERENV.dll
0x00007ffd2f4d0000 - 0x00007ffd2f4db000 	C:\Windows\SYSTEM32\CRYPTBASE.dll
0x00007ffd2f080000 - 0x00007ffd2f0b8000 	C:\Windows\SYSTEM32\IPHLPAPI.DLL
0x00007ffd328c0000 - 0x00007ffd328c8000 	C:\Windows\System32\NSI.dll
0x00007ffd24d50000 - 0x00007ffd24d66000 	C:\Windows\SYSTEM32\dhcpcsvc6.DLL
0x00007ffd24f00000 - 0x00007ffd24f1a000 	C:\Windows\SYSTEM32\dhcpcsvc.DLL

VM Arguments:
jvm_args: -Djava.awt.headless=true -Djava.rmi.server.hostname=127.0.0.1 -Xmx512m -Dkotlin.environment.keepalive 
java_command: org.jetbrains.kotlin.daemon.KotlinCompileDaemon --daemon-runFilesPath C:\Users\deonoize\AppData\Local\kotlin\daemon --daemon-autoshutdownIdleSeconds=7200 --daemon-compilerClasspath C:\Users\deonoize\.gradle\caches\modules-2\files-2.1\org.jetbrains.kotlin\kotlin-compiler-embeddable\1.3.21\677cc9553b8964c895abc76da9b6a0faea8f671d\kotlin-compiler-embeddable-1.3.21.jar;C:\Users\deonoize\.gradle\caches\modules-2\files-2.1\org.jetbrains.kotlin\kotlin-reflect\1.3.21\d0d5ff2ac2ebd8a42697af41e20fc225a23c5d3b\kotlin-reflect-1.3.21.jar;C:\Users\deonoize\.gradle\caches\modules-2\files-2.1\org.jetbrains.kotlin\kotlin-stdlib\1.3.21\4bcc2012b84840e19e1e28074284cac908be0295\kotlin-stdlib-1.3.21.jar;C:\Users\deonoize\.gradle\caches\modules-2\files-2.1\org.jetbrains.kotlin\kotlin-script-runtime\1.3.21\29363d474ee6fda354900636320a177c7286def9\kotlin-script-runtime-1.3.21.jar;C:\Users\deonoize\.gradle\caches\modules-2\files-2.1\org.jetbrains.intellij.deps\trove4j\1.0.20181211\216c2e14b070f334479d800987affe4054cd563f\trove4j-1.0.20181211.jar;C:\Users\deonoize\.gradle\caches\modules-2\files-2.1\org.jetbrains.kotlin\kotlin-stdlib-common\1.3.21\f30e4a9897913e53d778f564110bafa1fef46643\kotlin-stdlib-common-1.3.21.jar;C:\Users\deonoize\.gradle\caches\modules-2\files-2.1\org.jetbrains\annotations\13.0\919f0dfe192fb4e063e7dacadee7f8bb9a2672a9\annotations-13.0.jar;C:\Program Files\Android\Android Studio\jre\lib\tools.jar
java_class_path (initial): C:\Users\deonoize\.gradle\caches\modules-2\files-2.1\org.jetbrains.kotlin\kotlin-compiler-embeddable\1.3.21\677cc9553b8964c895abc76da9b6a0faea8f671d\kotlin-compiler-embeddable-1.3.21.jar;C:\Users\deonoize\.gradle\caches\modules-2\files-2.1\org.jetbrains.kotlin\kotlin-reflect\1.3.21\d0d5ff2ac2ebd8a42697af41e20fc225a23c5d3b\kotlin-reflect-1.3.21.jar;C:\Users\deonoize\.gradle\caches\modules-2\files-2.1\org.jetbrains.kotlin\kotlin-stdlib\1.3.21\4bcc2012b84840e19e1e28074284cac908be0295\kotlin-stdlib-1.3.21.jar;C:\Users\deonoize\.gradle\caches\modules-2\files-2.1\org.jetbrains.kotlin\kotlin-script-runtime\1.3.21\29363d474ee6fda354900636320a177c7286def9\kotlin-script-runtime-1.3.21.jar;C:\Users\deonoize\.gradle\caches\modules-2\files-2.1\org.jetbrains.intellij.deps\trove4j\1.0.20181211\216c2e14b070f334479d800987affe4054cd563f\trove4j-1.0.20181211.jar;C:\Users\deonoize\.gradle\caches\modules-2\files-2.1\org.jetbrains.kotlin\kotlin-stdlib-common\1.3.21\f30e4a9897913e53d778f564110bafa1fef46643\kotlin-stdlib-common-1.3.21.jar;C:\Users\deonoize\.gradle\caches\modules-2\files-2.1\org.jetbrains\annotations\13.0\919f0dfe192fb4e063e7dacadee7f8bb9a2672a9\annotations-13.0.jar;C:\Program Files\Android\Android Studio\jre\lib\tools.jar
Launcher Type: SUN_STANDARD

Environment Variables:
PATH=C:\Program Files (x86)\Common Files\Oracle\Java\javapath;C:\ProgramData\Oracle\Java\javapath;C:\Windows\system32;C:\Windows;C:\Windows\System32\Wbem;C:\Windows\System32\WindowsPowerShell\v1.0\;C:\Program Files (x86)\NVIDIA Corporation\PhysX\Common;C:\WINDOWS\system32;C:\WINDOWS;C:\WINDOWS\System32\Wbem;C:\WINDOWS\System32\WindowsPowerShell\v1.0\;C:\WINDOWS\System32\OpenSSH\;C:\Program Files\dotnet\;C:\Program Files\NVIDIA Corporation\NVIDIA NvDLISR;C:\Program Files\Microsoft VS Code\bin;C:\ProgramData\ComposerSetup\bin;E:\Programs\nodejs\;C:\Program Files\Git\cmd;C:\Program Files\heroku\bin;C:\Program Files (x86)\Common Files\Acronis\SnapAPI\;C:\Users\deonoize\AppData\Local\Microsoft\WindowsApps;C:\Users\deonoize\AppData\Local\GitHubDesktop\bin;C:\Program Files\Microsoft VS Code\bin;C:\Users\deonoize\AppData\Roaming\Composer\vendor\bin;E:\Programs\OSPanel\modules\php\PHP-7.2;C:\Users\deonoize\AppData\Roaming\npm;C:\Users\deonoize\AppData\Local\atom\bin;C:\Program Files\heroku\bin;E:\Programs\dart-sass;
USERNAME=deonoize
OS=Windows_NT
PROCESSOR_IDENTIFIER=Intel64 Family 6 Model 142 Stepping 10, GenuineIntel



---------------  S Y S T E M  ---------------

OS: Windows 10.0 , 64 bit Build 17134 (10.0.17134.753)

CPU:total 8 (initial active 8) (4 cores per cpu, 2 threads per core) family 6 model 142 stepping 10, cmov, cx8, fxsr, mmx, sse, sse2, sse3, ssse3, sse4.1, sse4.2, popcnt, avx, avx2, aes, clmul, erms, 3dnowpref, lzcnt, ht, tsc, tscinvbit, bmi1, bmi2, adx

Memory: 4k page, physical 8260236k(1483980k free), swap 12454540k(5292k free)

vm_info: OpenJDK 64-Bit Server VM (25.152-b01) for windows-amd64 JRE (1.8.0_152-release-1343-b01), built by "builder" with MS VC++ 10.0 (VS2010)

time: Wed Jun 05 13:58:59 2019
elapsed time: 8 seconds (0d 0h 0m 8s)

