#
# There is insufficient memory for the Java Runtime Environment to continue.
# Native memory allocation (malloc) failed to allocate 521296 bytes for Chunk::new
# Possible reasons:
#   The system is out of physical RAM or swap space
#   In 32 bit mode, the process size limit was hit
# Possible solutions:
#   Reduce memory load on the system
#   Increase physical memory or swap space
#   Check if swap backing store is full
#   Use 64 bit Java on a 64 bit OS
#   Decrease Java heap size (-Xmx/-Xms)
#   Decrease number of Java threads
#   Decrease Java thread stack sizes (-Xss)
#   Set larger code cache with -XX:ReservedCodeCacheSize=
# This output file may be truncated or incomplete.
#
#  Out of Memory Error (allocation.cpp:390), pid=15024, tid=0x0000000000000ff0
#
# JRE version: OpenJDK Runtime Environment (8.0_152-b01) (build 1.8.0_152-release-1343-b01)
# Java VM: OpenJDK 64-Bit Server VM (25.152-b01 mixed mode windows-amd64 compressed oops)
# Failed to write core dump. Minidumps are not enabled by default on client versions of Windows
#

---------------  T H R E A D  ---------------

Current thread (0x000000001a0db800):  JavaThread "C2 CompilerThread2" daemon [_thread_in_native, id=4080, stack(0x000000001aab0000,0x000000001abb0000)]

Stack: [0x000000001aab0000,0x000000001abb0000]
[error occurred during error reporting (printing stack bounds), id 0xc0000005]

Native frames: (J=compiled Java code, j=interpreted, Vv=VM code, C=native code)


Current CompileTask:
C2:   4992 4345       4       org.jetbrains.kotlin.load.java.structure.impl.classFiles.BinaryClassSignatureParser::parseTypeWithoutVarianceAndArray (227 bytes)


---------------  P R O C E S S  ---------------

Java Threads: ( => current thread )
  0x000000001a168800 JavaThread "Service Thread" daemon [_thread_blocked, id=13480, stack(0x000000001acb0000,0x000000001adb0000)]
  0x000000001a0ea800 JavaThread "C1 CompilerThread3" daemon [_thread_blocked, id=16624, stack(0x000000001abb0000,0x000000001acb0000)]
=>0x000000001a0db800 JavaThread "C2 CompilerThread2" daemon [_thread_in_native, id=4080, stack(0x000000001aab0000,0x000000001abb0000)]
  0x000000001a0db000 JavaThread "C2 CompilerThread1" daemon [_thread_in_native, id=5820, stack(0x000000001a9b0000,0x000000001aab0000)]
  0x000000001a0d8000 JavaThread "C2 CompilerThread0" daemon [_thread_in_native, id=1720, stack(0x000000001a8b0000,0x000000001a9b0000)]
  0x000000001a0e5800 JavaThread "Attach Listener" daemon [_thread_blocked, id=15500, stack(0x000000001a7b0000,0x000000001a8b0000)]
  0x000000001a0e4800 JavaThread "Signal Dispatcher" daemon [_thread_blocked, id=2904, stack(0x000000001a6b0000,0x000000001a7b0000)]
  0x000000001a0d1000 JavaThread "Finalizer" daemon [_thread_blocked, id=14052, stack(0x000000001a4b0000,0x000000001a5b0000)]
  0x00000000181cc000 JavaThread "Reference Handler" daemon [_thread_blocked, id=12136, stack(0x0000000019fb0000,0x000000001a0b0000)]
  0x0000000003104800 JavaThread "main" [_thread_in_vm, id=4728, stack(0x0000000002ff0000,0x00000000030f0000)]

Other Threads:
  0x00000000181c6800 VMThread [stack: 0x0000000019eb0000,0x0000000019fb0000] [id=13284]
  0x000000001a169000 WatcherThread [stack: 0x000000001adb0000,0x000000001aeb0000] [id=13008]

VM state:not at safepoint (normal execution)

VM Mutex/Monitor currently owned by a thread: None

Heap:
 PSYoungGen      total 138240K, used 52579K [0x00000000d5f80000, 0x00000000e1200000, 0x0000000100000000)
  eden space 133120K, 39% used [0x00000000d5f80000,0x00000000d92d8e50,0x00000000de180000)
  from space 5120K, 0% used [0x00000000de180000,0x00000000de180000,0x00000000de680000)
  to   space 19456K, 0% used [0x00000000dff00000,0x00000000dff00000,0x00000000e1200000)
 ParOldGen       total 123392K, used 22359K [0x0000000081e00000, 0x0000000089680000, 0x00000000d5f80000)
  object space 123392K, 18% used [0x0000000081e00000,0x00000000833d5dd0,0x0000000089680000)
 Metaspace       used 38455K, capacity 39139K, committed 39472K, reserved 1083392K
  class space    used 4881K, capacity 5055K, committed 5168K, reserved 1048576K

Card table byte_map: [0x0000000012620000,0x0000000012a20000] byte_map_base: 0x0000000012211000

Marking Bits: (ParMarkBitMap*) 0x000000005e9f5aa0
 Begin Bits: [0x00000000134d0000, 0x0000000015458000)
 End Bits:   [0x0000000015458000, 0x00000000173e0000)

Polling page: 0x00000000017a0000

CodeCache: size=245760Kb used=13403Kb max_used=13403Kb free=232356Kb
 bounds [0x0000000003260000, 0x0000000003f90000, 0x0000000012260000]
 total_blobs=4771 nmethods=4327 adapters=356
 compilation: enabled

Compilation events (10 events):
Event: 4.922 Thread 0x000000001a0ea800 4361       3       jdk.internal.org.objectweb.asm.MethodWriter::visitMaxs (1159 bytes)
Event: 4.927 Thread 0x000000001a0ea800 nmethod 4361 0x0000000003f71d50 code [0x0000000003f72200, 0x0000000003f74838]
Event: 4.927 Thread 0x000000001a0ea800 4364       3       jdk.internal.org.objectweb.asm.MethodWriter::put (1599 bytes)
Event: 4.934 Thread 0x000000001a0ea800 nmethod 4364 0x0000000003f77550 code [0x0000000003f77e00, 0x0000000003f7b8f8]
Event: 4.934 Thread 0x000000001a0ea800 4362       3       jdk.internal.org.objectweb.asm.MethodWriter::visitEnd (1 bytes)
Event: 4.935 Thread 0x000000001a0ea800 nmethod 4362 0x0000000003f7ddd0 code [0x0000000003f7df20, 0x0000000003f7e070]
Event: 4.935 Thread 0x000000001a0ea800 4363       3       jdk.internal.org.objectweb.asm.MethodWriter::getSize (838 bytes)
Event: 4.939 Thread 0x000000001a0ea800 nmethod 4363 0x0000000003f7e0d0 code [0x0000000003f7e540, 0x0000000003f80928]
Event: 4.944 Thread 0x000000001a0ea800 4366       3       org.jetbrains.kotlin.com.intellij.util.keyFMap.ArrayBackedFMap::<init> (31 bytes)
Event: 4.944 Thread 0x000000001a0ea800 nmethod 4366 0x0000000003f81f10 code [0x0000000003f82080, 0x0000000003f82358]

GC Heap History (10 events):
Event: 1.085 GC heap before
{Heap before GC invocations=3 (full 0):
 PSYoungGen      total 71680K, used 17548K [0x00000000d5f80000, 0x00000000daa80000, 0x0000000100000000)
  eden space 66560K, 18% used [0x00000000d5f80000,0x00000000d6ba7118,0x00000000da080000)
  from space 5120K, 99% used [0x00000000da580000,0x00000000daa7c020,0x00000000daa80000)
  to   space 5120K, 0% used [0x00000000da080000,0x00000000da080000,0x00000000da580000)
 ParOldGen       total 87552K, used 8257K [0x0000000081e00000, 0x0000000087380000, 0x00000000d5f80000)
  object space 87552K, 9% used [0x0000000081e00000,0x0000000082610520,0x0000000087380000)
 Metaspace       used 20753K, capacity 21130K, committed 21296K, reserved 1067008K
  class space    used 2708K, capacity 2835K, committed 2864K, reserved 1048576K
Event: 1.090 GC heap after
Heap after GC invocations=3 (full 0):
 PSYoungGen      total 71680K, used 5092K [0x00000000d5f80000, 0x00000000deb80000, 0x0000000100000000)
  eden space 66560K, 0% used [0x00000000d5f80000,0x00000000d5f80000,0x00000000da080000)
  from space 5120K, 99% used [0x00000000da080000,0x00000000da579050,0x00000000da580000)
  to   space 5120K, 0% used [0x00000000de680000,0x00000000de680000,0x00000000deb80000)
 ParOldGen       total 87552K, used 10872K [0x0000000081e00000, 0x0000000087380000, 0x00000000d5f80000)
  object space 87552K, 12% used [0x0000000081e00000,0x000000008289e330,0x0000000087380000)
 Metaspace       used 20753K, capacity 21130K, committed 21296K, reserved 1067008K
  class space    used 2708K, capacity 2835K, committed 2864K, reserved 1048576K
}
Event: 1.090 GC heap before
{Heap before GC invocations=4 (full 1):
 PSYoungGen      total 71680K, used 5092K [0x00000000d5f80000, 0x00000000deb80000, 0x0000000100000000)
  eden space 66560K, 0% used [0x00000000d5f80000,0x00000000d5f80000,0x00000000da080000)
  from space 5120K, 99% used [0x00000000da080000,0x00000000da579050,0x00000000da580000)
  to   space 5120K, 0% used [0x00000000de680000,0x00000000de680000,0x00000000deb80000)
 ParOldGen       total 87552K, used 10872K [0x0000000081e00000, 0x0000000087380000, 0x00000000d5f80000)
  object space 87552K, 12% used [0x0000000081e00000,0x000000008289e330,0x0000000087380000)
 Metaspace       used 20753K, capacity 21130K, committed 21296K, reserved 1067008K
  class space    used 2708K, capacity 2835K, committed 2864K, reserved 1048576K
Event: 1.114 GC heap after
Heap after GC invocations=4 (full 1):
 PSYoungGen      total 71680K, used 0K [0x00000000d5f80000, 0x00000000deb80000, 0x0000000100000000)
  eden space 66560K, 0% used [0x00000000d5f80000,0x00000000d5f80000,0x00000000da080000)
  from space 5120K, 0% used [0x00000000da080000,0x00000000da080000,0x00000000da580000)
  to   space 5120K, 0% used [0x00000000de680000,0x00000000de680000,0x00000000deb80000)
 ParOldGen       total 65024K, used 7793K [0x0000000081e00000, 0x0000000085d80000, 0x00000000d5f80000)
  object space 65024K, 11% used [0x0000000081e00000,0x000000008259c728,0x0000000085d80000)
 Metaspace       used 20753K, capacity 21130K, committed 21296K, reserved 1067008K
  class space    used 2708K, capacity 2835K, committed 2864K, reserved 1048576K
}
Event: 2.216 GC heap before
{Heap before GC invocations=5 (full 1):
 PSYoungGen      total 71680K, used 66560K [0x00000000d5f80000, 0x00000000deb80000, 0x0000000100000000)
  eden space 66560K, 100% used [0x00000000d5f80000,0x00000000da080000,0x00000000da080000)
  from space 5120K, 0% used [0x00000000da080000,0x00000000da080000,0x00000000da580000)
  to   space 5120K, 0% used [0x00000000de680000,0x00000000de680000,0x00000000deb80000)
 ParOldGen       total 65024K, used 7793K [0x0000000081e00000, 0x0000000085d80000, 0x00000000d5f80000)
  object space 65024K, 11% used [0x0000000081e00000,0x000000008259c728,0x0000000085d80000)
 Metaspace       used 30177K, capacity 30685K, committed 31024K, reserved 1077248K
  class space    used 3926K, capacity 4094K, committed 4144K, reserved 1048576K
Event: 2.239 GC heap after
Heap after GC invocations=5 (full 1):
 PSYoungGen      total 102912K, used 5118K [0x00000000d5f80000, 0x00000000deb80000, 0x0000000100000000)
  eden space 97792K, 0% used [0x00000000d5f80000,0x00000000d5f80000,0x00000000dbf00000)
  from space 5120K, 99% used [0x00000000de680000,0x00000000deb7fb18,0x00000000deb80000)
  to   space 5120K, 0% used [0x00000000de180000,0x00000000de180000,0x00000000de680000)
 ParOldGen       total 65024K, used 20082K [0x0000000081e00000, 0x0000000085d80000, 0x00000000d5f80000)
  object space 65024K, 30% used [0x0000000081e00000,0x000000008319cb50,0x0000000085d80000)
 Metaspace       used 30177K, capacity 30685K, committed 31024K, reserved 1077248K
  class space    used 3926K, capacity 4094K, committed 4144K, reserved 1048576K
}
Event: 3.587 GC heap before
{Heap before GC invocations=6 (full 1):
 PSYoungGen      total 102912K, used 47231K [0x00000000d5f80000, 0x00000000deb80000, 0x0000000100000000)
  eden space 97792K, 43% used [0x00000000d5f80000,0x00000000d88a03e0,0x00000000dbf00000)
  from space 5120K, 99% used [0x00000000de680000,0x00000000deb7fb18,0x00000000deb80000)
  to   space 5120K, 0% used [0x00000000de180000,0x00000000de180000,0x00000000de680000)
 ParOldGen       total 65024K, used 20082K [0x0000000081e00000, 0x0000000085d80000, 0x00000000d5f80000)
  object space 65024K, 30% used [0x0000000081e00000,0x000000008319cb50,0x0000000085d80000)
 Metaspace       used 34772K, capacity 35279K, committed 35496K, reserved 1081344K
  class space    used 4444K, capacity 4605K, committed 4656K, reserved 1048576K
Event: 3.615 GC heap after
Heap after GC invocations=6 (full 1):
 PSYoungGen      total 138240K, used 5118K [0x00000000d5f80000, 0x00000000e1200000, 0x0000000100000000)
  eden space 133120K, 0% used [0x00000000d5f80000,0x00000000d5f80000,0x00000000de180000)
  from space 5120K, 99% used [0x00000000de180000,0x00000000de67fb18,0x00000000de680000)
  to   space 19456K, 0% used [0x00000000dff00000,0x00000000dff00000,0x00000000e1200000)
 ParOldGen       total 65024K, used 30268K [0x0000000081e00000, 0x0000000085d80000, 0x00000000d5f80000)
  object space 65024K, 46% used [0x0000000081e00000,0x0000000083b8f080,0x0000000085d80000)
 Metaspace       used 34772K, capacity 35279K, committed 35496K, reserved 1081344K
  class space    used 4444K, capacity 4605K, committed 4656K, reserved 1048576K
}
Event: 3.615 GC heap before
{Heap before GC invocations=7 (full 2):
 PSYoungGen      total 138240K, used 5118K [0x00000000d5f80000, 0x00000000e1200000, 0x0000000100000000)
  eden space 133120K, 0% used [0x00000000d5f80000,0x00000000d5f80000,0x00000000de180000)
  from space 5120K, 99% used [0x00000000de180000,0x00000000de67fb18,0x00000000de680000)
  to   space 19456K, 0% used [0x00000000dff00000,0x00000000dff00000,0x00000000e1200000)
 ParOldGen       total 65024K, used 30268K [0x0000000081e00000, 0x0000000085d80000, 0x00000000d5f80000)
  object space 65024K, 46% used [0x0000000081e00000,0x0000000083b8f080,0x0000000085d80000)
 Metaspace       used 34772K, capacity 35279K, committed 35496K, reserved 1081344K
  class space    used 4444K, capacity 4605K, committed 4656K, reserved 1048576K
Event: 3.792 GC heap after
Heap after GC invocations=7 (full 2):
 PSYoungGen      total 138240K, used 0K [0x00000000d5f80000, 0x00000000e1200000, 0x0000000100000000)
  eden space 133120K, 0% used [0x00000000d5f80000,0x00000000d5f80000,0x00000000de180000)
  from space 5120K, 0% used [0x00000000de180000,0x00000000de180000,0x00000000de680000)
  to   space 19456K, 0% used [0x00000000dff00000,0x00000000dff00000,0x00000000e1200000)
 ParOldGen       total 123392K, used 22359K [0x0000000081e00000, 0x0000000089680000, 0x00000000d5f80000)
  object space 123392K, 18% used [0x0000000081e00000,0x00000000833d5dd0,0x0000000089680000)
 Metaspace       used 34772K, capacity 35279K, committed 35496K, reserved 1081344K
  class space    used 4444K, capacity 4605K, committed 4656K, reserved 1048576K
}

Deoptimization events (10 events):
Event: 4.799 Thread 0x0000000003104800 Uncommon trap: reason=bimorphic action=maybe_recompile pc=0x0000000003eaf6c8 method=java.util.regex.Pattern$Start.match(Ljava/util/regex/Matcher;ILjava/lang/CharSequence;)Z @ 44
Event: 4.799 Thread 0x0000000003104800 Uncommon trap: reason=unstable_if action=reinterpret pc=0x0000000003954868 method=java.lang.AbstractStringBuilder.append(Ljava/lang/CharSequence;)Ljava/lang/AbstractStringBuilder; @ 29
Event: 4.799 Thread 0x0000000003104800 Uncommon trap: reason=bimorphic action=maybe_recompile pc=0x0000000003eaf6c8 method=java.util.regex.Pattern$Start.match(Ljava/util/regex/Matcher;ILjava/lang/CharSequence;)Z @ 44
Event: 4.839 Thread 0x0000000003104800 Uncommon trap: reason=bimorphic action=maybe_recompile pc=0x0000000003eaf6c8 method=java.util.regex.Pattern$Start.match(Ljava/util/regex/Matcher;ILjava/lang/CharSequence;)Z @ 44
Event: 4.839 Thread 0x0000000003104800 Uncommon trap: reason=bimorphic action=maybe_recompile pc=0x0000000003eaf6c8 method=java.util.regex.Pattern$Start.match(Ljava/util/regex/Matcher;ILjava/lang/CharSequence;)Z @ 44
Event: 4.928 Thread 0x0000000003104800 Uncommon trap: reason=bimorphic action=maybe_recompile pc=0x0000000003eb257c method=org.jetbrains.kotlin.com.intellij.extapi.psi.ASTDelegatePsiElement.getPrevSibling()Lorg/jetbrains/kotlin/com/intellij/psi/PsiElement; @ 1
Event: 4.928 Thread 0x0000000003104800 Uncommon trap: reason=bimorphic action=maybe_recompile pc=0x0000000003eb257c method=org.jetbrains.kotlin.com.intellij.extapi.psi.ASTDelegatePsiElement.getPrevSibling()Lorg/jetbrains/kotlin/com/intellij/psi/PsiElement; @ 1
Event: 4.939 Thread 0x0000000003104800 Uncommon trap: reason=unstable_if action=reinterpret pc=0x0000000003c1c644 method=org.jetbrains.kotlin.com.intellij.util.text.CharArrayUtil.getChars(Ljava/lang/CharSequence;[CIII)V @ 51
Event: 4.944 Thread 0x0000000003104800 Uncommon trap: reason=unstable_if action=reinterpret pc=0x0000000003ab4568 method=org.jetbrains.kotlin.com.intellij.util.keyFMap.ArrayBackedFMap.indexOf(I)I @ 8
Event: 4.944 Thread 0x0000000003104800 Uncommon trap: reason=unstable_if action=reinterpret pc=0x0000000003a783d8 method=org.jetbrains.kotlin.com.intellij.util.keyFMap.ArrayBackedFMap.indexOf(I)I @ 8

Classes redefined (0 events):
No events

Internal exceptions (10 events):
Event: 0.817 Thread 0x0000000003104800 Exception <a 'java/lang/NoSuchMethodError': java.lang.Object.lambda$comparing$77a9974f$1(Ljava/util/function/Function;Ljava/lang/Object;Ljava/lang/Object;)I> (0x00000000d78abb48) thrown at [D:\src\AOSP-openjdk-cygwin\jdk8u\hotspot\src\share\vm\interpreter
Event: 0.900 Thread 0x0000000003104800 Exception <a 'java/lang/ArrayIndexOutOfBoundsException': 67> (0x00000000d7e0f7f0) thrown at [D:\src\AOSP-openjdk-cygwin\jdk8u\hotspot\src\share\vm\interpreter\interpreterRuntime.cpp, line 366]
Event: 1.044 Thread 0x0000000003104800 Exception <a 'java/lang/NoSuchMethodError': java.lang.Object.lambda$static$0(I)[Lorg/jetbrains/kotlin/com/intellij/openapi/editor/event/DocumentListener;> (0x00000000d674d690) thrown at [D:\src\AOSP-openjdk-cygwin\jdk8u\hotspot\src\share\vm\interpreter\li
Event: 1.065 Thread 0x0000000003104800 Exception <a 'java/lang/NoSuchMethodError': java.lang.Object.lambda$static$0(I)[Lorg/jetbrains/kotlin/com/intellij/psi/PsiAnnotation;> (0x00000000d690c468) thrown at [D:\src\AOSP-openjdk-cygwin\jdk8u\hotspot\src\share\vm\interpreter\linkResolver.cpp, line
Event: 1.146 Thread 0x0000000003104800 Exception <a 'java/lang/NoSuchMethodError': java.lang.Object.lambda$static$0(I)[Lorg/jetbrains/kotlin/com/intellij/psi/PsiElement;> (0x00000000d6293530) thrown at [D:\src\AOSP-openjdk-cygwin\jdk8u\hotspot\src\share\vm\interpreter\linkResolver.cpp, line 58
Event: 2.587 Thread 0x0000000003104800 Exception <a 'java/lang/NoSuchMethodError': java.lang.Object.lambda$static$0(I)[Lorg/jetbrains/kotlin/psi/KtExpression;> (0x00000000d6c188b8) thrown at [D:\src\AOSP-openjdk-cygwin\jdk8u\hotspot\src\share\vm\interpreter\linkResolver.cpp, line 584]
Event: 3.334 Thread 0x0000000003104800 Exception <a 'java/lang/NoSuchMethodError': java.lang.Object.lambda$static$0(I)[Lorg/jetbrains/kotlin/psi/KtDeclaration;> (0x00000000d7e75040) thrown at [D:\src\AOSP-openjdk-cygwin\jdk8u\hotspot\src\share\vm\interpreter\linkResolver.cpp, line 584]
Event: 3.377 Thread 0x0000000003104800 Implicit null exception at 0x0000000003a6e1d4 to 0x0000000003a6e3ac
Event: 3.569 Thread 0x0000000003104800 Exception <a 'java/lang/NoSuchMethodError': java.lang.Object.lambda$static$0(I)[Lorg/jetbrains/kotlin/psi/KtTypeElement;> (0x00000000d868fbf8) thrown at [D:\src\AOSP-openjdk-cygwin\jdk8u\hotspot\src\share\vm\interpreter\linkResolver.cpp, line 584]
Event: 4.809 Thread 0x0000000003104800 Exception <a 'java/lang/NoSuchMethodError': java.lang.Object.lambda$static$0(I)[Lorg/jetbrains/kotlin/com/intellij/psi/PsiClass;> (0x00000000d8ae51d0) thrown at [D:\src\AOSP-openjdk-cygwin\jdk8u\hotspot\src\share\vm\interpreter\linkResolver.cpp, line 584]

Events (10 events):
Event: 4.985 loading class org/jetbrains/kotlin/resolve/jvm/RuntimeAssertionsDataFlowExtras$dataFlowValue$2
Event: 4.985 loading class org/jetbrains/kotlin/resolve/jvm/RuntimeAssertionsDataFlowExtras$dataFlowValue$2 done
Event: 4.985 loading class org/jetbrains/kotlin/resolve/jvm/RuntimeAssertionInfo$Companion$create$1
Event: 4.985 loading class org/jetbrains/kotlin/resolve/jvm/RuntimeAssertionInfo$Companion$create$1 done
Event: 4.986 loading class org/jetbrains/kotlin/resolve/InlineClassesUtilsKt
Event: 4.986 loading class org/jetbrains/kotlin/resolve/InlineClassesUtilsKt done
Event: 4.987 loading class org/jetbrains/kotlin/psi/KtPsiFactoryKt
Event: 4.987 loading class org/jetbrains/kotlin/psi/KtPsiFactoryKt done
Event: 4.988 loading class org/jetbrains/kotlin/resolve/calls/checkers/CallCheckerKt
Event: 4.988 loading class org/jetbrains/kotlin/resolve/calls/checkers/CallCheckerKt done


Dynamic libraries:
0x00007ff6fbfb0000 - 0x00007ff6fbfe1000 	C:\Program Files\Android\Android Studio\jre\jre\bin\java.exe
0x00007ffd33770000 - 0x00007ffd33951000 	C:\Windows\SYSTEM32\ntdll.dll
0x00007ffd324a0000 - 0x00007ffd32551000 	C:\Windows\System32\KERNEL32.DLL
0x00007ffd30850000 - 0x00007ffd30ac3000 	C:\Windows\System32\KERNELBASE.dll
0x00007ffd30d90000 - 0x00007ffd30e31000 	C:\Windows\System32\ADVAPI32.dll
0x00007ffd328d0000 - 0x00007ffd3296e000 	C:\Windows\System32\msvcrt.dll
0x00007ffd30e40000 - 0x00007ffd30e9b000 	C:\Windows\System32\sechost.dll
0x00007ffd33440000 - 0x00007ffd33564000 	C:\Windows\System32\RPCRT4.dll
0x00007ffd30c00000 - 0x00007ffd30d90000 	C:\Windows\System32\USER32.dll
0x00007ffd30830000 - 0x00007ffd30850000 	C:\Windows\System32\win32u.dll
0x00007ffd33340000 - 0x00007ffd33368000 	C:\Windows\System32\GDI32.dll
0x00007ffd2fb40000 - 0x00007ffd2fcd2000 	C:\Windows\System32\gdi32full.dll
0x00007ffd30030000 - 0x00007ffd300cf000 	C:\Windows\System32\msvcp_win.dll
0x00007ffd2fce0000 - 0x00007ffd2fdd8000 	C:\Windows\System32\ucrtbase.dll
0x00007ffd23790000 - 0x00007ffd239f9000 	C:\Windows\WinSxS\amd64_microsoft.windows.common-controls_6595b64144ccf1df_6.0.17134.765_none_fb42a1a930655896\COMCTL32.dll
0x00007ffd33010000 - 0x00007ffd33332000 	C:\Windows\System32\combase.dll
0x00007ffd30ad0000 - 0x00007ffd30b4a000 	C:\Windows\System32\bcryptPrimitives.dll
0x00007ffd32450000 - 0x00007ffd3247d000 	C:\Windows\System32\IMM32.DLL
0x000000005dcd0000 - 0x000000005dda2000 	C:\Program Files\Android\Android Studio\jre\jre\bin\msvcr100.dll
0x000000005e230000 - 0x000000005ea71000 	C:\Program Files\Android\Android Studio\jre\jre\bin\server\jvm.dll
0x00007ffd32560000 - 0x00007ffd32568000 	C:\Windows\System32\PSAPI.DLL
0x00007ffd169f0000 - 0x00007ffd169f9000 	C:\Windows\SYSTEM32\WSOCK32.dll
0x00007ffd28e30000 - 0x00007ffd28e3a000 	C:\Windows\SYSTEM32\VERSION.dll
0x00007ffd2dc00000 - 0x00007ffd2dc23000 	C:\Windows\SYSTEM32\WINMM.dll
0x00007ffd336d0000 - 0x00007ffd3373c000 	C:\Windows\System32\WS2_32.dll
0x00007ffd2d7b0000 - 0x00007ffd2d7da000 	C:\Windows\SYSTEM32\winmmbase.dll
0x00007ffd300d0000 - 0x00007ffd30119000 	C:\Windows\System32\cfgmgr32.dll
0x00007ffd23cd0000 - 0x00007ffd23cdf000 	C:\Program Files\Android\Android Studio\jre\jre\bin\verify.dll
0x00007ffd16fc0000 - 0x00007ffd16fe9000 	C:\Program Files\Android\Android Studio\jre\jre\bin\java.dll
0x00007ffd19c70000 - 0x00007ffd19c86000 	C:\Program Files\Android\Android Studio\jre\jre\bin\zip.dll
0x00007ffd30f70000 - 0x00007ffd323b0000 	C:\Windows\System32\SHELL32.dll
0x00007ffd32b10000 - 0x00007ffd32bb9000 	C:\Windows\System32\shcore.dll
0x00007ffd30120000 - 0x00007ffd3082d000 	C:\Windows\System32\windows.storage.dll
0x00007ffd333d0000 - 0x00007ffd33421000 	C:\Windows\System32\shlwapi.dll
0x00007ffd2fb00000 - 0x00007ffd2fb11000 	C:\Windows\System32\kernel.appcore.dll
0x00007ffd2fb20000 - 0x00007ffd2fb3f000 	C:\Windows\System32\profapi.dll
0x00007ffd2fab0000 - 0x00007ffd2fafc000 	C:\Windows\System32\powrprof.dll
0x00007ffd2faa0000 - 0x00007ffd2faaa000 	C:\Windows\System32\FLTLIB.DLL
0x00007ffd21020000 - 0x00007ffd2103a000 	C:\Program Files\Android\Android Studio\jre\jre\bin\net.dll
0x00007ffd2f300000 - 0x00007ffd2f366000 	C:\Windows\system32\mswsock.dll
0x00007ffd1b280000 - 0x00007ffd1b291000 	C:\Program Files\Android\Android Studio\jre\jre\bin\nio.dll

VM Arguments:
java_command: org.jetbrains.kotlin.cli.jvm.K2JVMCompiler -Xadd-compiler-builtins -Xbuild-file=C:\Users\deonoize\AppData\Local\Temp\kjps4383674805380148683app_debug.script.xml -classpath C:\Users\deonoize\.gradle\caches\modules-2\files-2.1\org.jetbrains.kotlin\kotlin-stdlib-jdk7\1.3.21\d207ce2c9bcf17dc8e51bab4dbfdac4d013e7138\kotlin-stdlib-jdk7-1.3.21.jar;C:\Users\deonoize\.gradle\caches\modules-2\files-2.1\org.jetbrains.kotlin\kotlin-stdlib\1.3.21\4bcc2012b84840e19e1e28074284cac908be0295\kotlin-stdlib-1.3.21.jar;C:\Users\deonoize\.gradle\caches\modules-2\files-2.1\org.jetbrains.kotlin\kotlin-stdlib-common\1.3.21\f30e4a9897913e53d778f564110bafa1fef46643\kotlin-stdlib-common-1.3.21.jar;C:\Users\deonoize\.gradle\caches\modules-2\files-2.1\org.jetbrains\annotations\13.0\919f0dfe192fb4e063e7dacadee7f8bb9a2672a9\annotations-13.0.jar;C:\Users\deonoize\.gradle\caches\transforms-2\files-2.1\52118daa9060e2ba38bd078775b7f54e\jars\classes.jar;C:\Users\deonoize\.gradle\caches\transforms-2\files-2.1\e9a34b6c5673ec857bb9c197ff6329dc\jars\classes.jar;C:\Users\deonoize\.gradle\caches\transforms-2\files-2.1\8d6d0db5337798adef251721851164bd\jars\classes.jar;C:\Users\deonoize\.gradle\caches\transforms-2\files-2.1\cc78bdd607aad57a16e1de21dbd361ee\jars\classes.jar;C:\Users\deonoize\.gradle\caches\transforms-2\files-2.1\5f75bcfd87296d097c56a5387391e173\jars\classes.jar;C:\Users\deonoize\.gradle\caches\transforms-2\files-2.1\ef1ebf664e5b860e0ff48ce2fa52201a\jars\classes.jar;C:\Users\deonoize\.gradle\caches\transforms-2\files-2.1\724c5d8c2080817c7d7bc587747e5f0a\jars\classes.jar;C:\Users\deonoize\.gradle\caches\transforms-2\files-2.1\a47e0f921703977241fd58c90847eaa8\jars\classes.jar;C:\Users\deonoize\.gradle\caches\transforms-2\files-2.1\1627fd81cc5586d16aed0670f0856984\jars\classes.jar;C:\Users\deonoize\.gradle\caches\transforms-2\files-2.1\b11c34e7964b5d003b3bc0b94e381416\jars\classes.jar;C:\Users\deonoize\.gradle\caches\transforms-2\files-2.1\abf8b51f7e5cc45e8c62764667ffcb51\jars\class
java_class_path (initial): C:\Users\deonoize\.gradle\caches\modules-2\files-2.1\org.jetbrains.kotlin\kotlin-compiler-embeddable\1.3.21\677cc9553b8964c895abc76da9b6a0faea8f671d\kotlin-compiler-embeddable-1.3.21.jar;C:\Users\deonoize\.gradle\caches\modules-2\files-2.1\org.jetbrains.kotlin\kotlin-reflect\1.3.21\d0d5ff2ac2ebd8a42697af41e20fc225a23c5d3b\kotlin-reflect-1.3.21.jar;C:\Users\deonoize\.gradle\caches\modules-2\files-2.1\org.jetbrains.kotlin\kotlin-stdlib\1.3.21\4bcc2012b84840e19e1e28074284cac908be0295\kotlin-stdlib-1.3.21.jar;C:\Users\deonoize\.gradle\caches\modules-2\files-2.1\org.jetbrains.kotlin\kotlin-script-runtime\1.3.21\29363d474ee6fda354900636320a177c7286def9\kotlin-script-runtime-1.3.21.jar;C:\Users\deonoize\.gradle\caches\modules-2\files-2.1\org.jetbrains.intellij.deps\trove4j\1.0.20181211\216c2e14b070f334479d800987affe4054cd563f\trove4j-1.0.20181211.jar;C:\Users\deonoize\.gradle\caches\modules-2\files-2.1\org.jetbrains.kotlin\kotlin-stdlib-common\1.3.21\f30e4a9897913e53d778f564110bafa1fef46643\kotlin-stdlib-common-1.3.21.jar;C:\Users\deonoize\.gradle\caches\modules-2\files-2.1\org.jetbrains\annotations\13.0\919f0dfe192fb4e063e7dacadee7f8bb9a2672a9\annotations-13.0.jar;C:\Program Files\Android\Android Studio\jre\lib\tools.jar
Launcher Type: SUN_STANDARD

Environment Variables:
PATH=C:\Program Files (x86)\Common Files\Oracle\Java\javapath;C:\ProgramData\Oracle\Java\javapath;C:\Windows\system32;C:\Windows;C:\Windows\System32\Wbem;C:\Windows\System32\WindowsPowerShell\v1.0\;C:\Program Files (x86)\NVIDIA Corporation\PhysX\Common;C:\WINDOWS\system32;C:\WINDOWS;C:\WINDOWS\System32\Wbem;C:\WINDOWS\System32\WindowsPowerShell\v1.0\;C:\WINDOWS\System32\OpenSSH\;C:\Program Files\dotnet\;C:\Program Files\NVIDIA Corporation\NVIDIA NvDLISR;C:\Program Files\Microsoft VS Code\bin;C:\ProgramData\ComposerSetup\bin;E:\Programs\nodejs\;C:\Program Files\Git\cmd;C:\Program Files\heroku\bin;C:\Program Files (x86)\Common Files\Acronis\SnapAPI\;C:\Users\deonoize\AppData\Local\Microsoft\WindowsApps;C:\Users\deonoize\AppData\Local\GitHubDesktop\bin;C:\Program Files\Microsoft VS Code\bin;C:\Users\deonoize\AppData\Roaming\Composer\vendor\bin;E:\Programs\OSPanel\modules\php\PHP-7.2;C:\Users\deonoize\AppData\Roaming\npm;C:\Users\deonoize\AppData\Local\atom\bin;C:\Program Files\heroku\bin;E:\Programs\dart-sass;
USERNAME=deonoize
OS=Windows_NT
PROCESSOR_IDENTIFIER=Intel64 Family 6 Model 142 Stepping 10, GenuineIntel



---------------  S Y S T E M  ---------------

OS: Windows 10.0 , 64 bit Build 17134 (10.0.17134.753)

CPU:total 8 (initial active 8) (4 cores per cpu, 2 threads per core) family 6 model 142 stepping 10, cmov, cx8, fxsr, mmx, sse, sse2, sse3, ssse3, sse4.1, sse4.2, popcnt, avx, avx2, aes, clmul, erms, 3dnowpref, lzcnt, ht, tsc, tscinvbit, bmi1, bmi2, adx

Memory: 4k page, physical 8260236k(1482048k free), swap 12454540k(5268k free)

vm_info: OpenJDK 64-Bit Server VM (25.152-b01) for windows-amd64 JRE (1.8.0_152-release-1343-b01), built by "builder" with MS VC++ 10.0 (VS2010)

time: Wed Jun 05 14:02:14 2019
elapsed time: 4 seconds (0d 0h 0m 4s)

