#
# There is insufficient memory for the Java Runtime Environment to continue.
# Native memory allocation (malloc) failed to allocate 921616 bytes for Chunk::new
# Possible reasons:
#   The system is out of physical RAM or swap space
#   In 32 bit mode, the process size limit was hit
# Possible solutions:
#   Reduce memory load on the system
#   Increase physical memory or swap space
#   Check if swap backing store is full
#   Use 64 bit Java on a 64 bit OS
#   Decrease Java heap size (-Xmx/-Xms)
#   Decrease number of Java threads
#   Decrease Java thread stack sizes (-Xss)
#   Set larger code cache with -XX:ReservedCodeCacheSize=
# This output file may be truncated or incomplete.
#
#  Out of Memory Error (allocation.cpp:390), pid=8836, tid=0x0000000000003944
#
# JRE version: OpenJDK Runtime Environment (8.0_152-b01) (build 1.8.0_152-release-1343-b01)
# Java VM: OpenJDK 64-Bit Server VM (25.152-b01 mixed mode windows-amd64 compressed oops)
# Failed to write core dump. Minidumps are not enabled by default on client versions of Windows
#

---------------  T H R E A D  ---------------

Current thread (0x0000000016816800):  JavaThread "C2 CompilerThread1" daemon [_thread_in_native, id=14660, stack(0x00000000170e0000,0x00000000171e0000)]

Stack: [0x00000000170e0000,0x00000000171e0000]
[error occurred during error reporting (printing stack bounds), id 0xc0000005]

Native frames: (J=compiled Java code, j=interpreted, Vv=VM code, C=native code)


Current CompileTask:
C2:  13100 5123       4       java.net.URLClassLoader$1::run (5 bytes)


---------------  P R O C E S S  ---------------

Java Threads: ( => current thread )
  0x0000000018826800 JavaThread "Cache worker for Build Output Cleanup Cache (E:\android\JustHobby\.gradle\buildOutputCleanup)" [_thread_blocked, id=9556, stack(0x00000000217f0000,0x00000000218f0000)]
  0x0000000018826000 JavaThread "pool-1-thread-1" [_thread_blocked, id=13240, stack(0x00000000214f0000,0x00000000215f0000)]
  0x0000000018823000 JavaThread "Build operations Thread 8" [_thread_blocked, id=17424, stack(0x00000000211f0000,0x00000000212f0000)]
  0x000000001881e800 JavaThread "Build operations Thread 7" [_thread_blocked, id=17280, stack(0x00000000210f0000,0x00000000211f0000)]
  0x000000001881f000 JavaThread "Build operations Thread 6" [_thread_blocked, id=6872, stack(0x0000000020ff0000,0x00000000210f0000)]
  0x0000000018822000 JavaThread "Build operations Thread 5" [_thread_blocked, id=4856, stack(0x0000000020ef0000,0x0000000020ff0000)]
  0x0000000018821800 JavaThread "Build operations Thread 4" [_thread_blocked, id=10596, stack(0x0000000020df0000,0x0000000020ef0000)]
  0x0000000018825000 JavaThread "Build operations Thread 3" [_thread_blocked, id=13052, stack(0x0000000020cf0000,0x0000000020df0000)]
  0x0000000018820800 JavaThread "Build operations Thread 2" [_thread_blocked, id=11760, stack(0x0000000020bf0000,0x0000000020cf0000)]
  0x0000000018824800 JavaThread "Build operations" [_thread_blocked, id=12580, stack(0x00000000208d0000,0x00000000209d0000)]
  0x0000000018823800 JavaThread "Cache worker for execution history cache (C:\Users\deonoize\.gradle\caches\5.1.1\executionHistory)" [_thread_blocked, id=16928, stack(0x000000001f010000,0x000000001f110000)]
  0x00000000191d9800 JavaThread "Cache worker for cache directory md-rule (C:\Users\deonoize\.gradle\caches\5.1.1\md-rule)" [_thread_blocked, id=4148, stack(0x000000001ef10000,0x000000001f010000)]
  0x00000000191dc800 JavaThread "Cache worker for cache directory md-supplier (C:\Users\deonoize\.gradle\caches\5.1.1\md-supplier)" [_thread_blocked, id=15104, stack(0x000000001ebc0000,0x000000001ecc0000)]
  0x00000000191de000 JavaThread "Cache worker for file hash cache (E:\android\JustHobby\.gradle\5.1.1\fileHashes)" [_thread_blocked, id=16532, stack(0x000000001c4e0000,0x000000001c5e0000)]
  0x00000000191da800 JavaThread "Cache worker for journal cache (C:\Users\deonoize\.gradle\caches\journal-1)" [_thread_blocked, id=5516, stack(0x000000001b210000,0x000000001b310000)]
  0x000000001900b800 JavaThread "File lock request listener" [_thread_in_native, id=11004, stack(0x000000001b110000,0x000000001b210000)]
  0x0000000018af1000 JavaThread "Cache worker for file hash cache (C:\Users\deonoize\.gradle\caches\5.1.1\fileHashes)" [_thread_blocked, id=1728, stack(0x000000001b010000,0x000000001b110000)]
  0x000000001852f000 JavaThread "Thread-8" [_thread_blocked, id=16464, stack(0x000000001af10000,0x000000001b010000)]
  0x0000000018564800 JavaThread "Stdin handler" [_thread_blocked, id=8768, stack(0x000000001ad10000,0x000000001ae10000)]
  0x0000000018c01000 JavaThread "Asynchronous log dispatcher for DefaultDaemonConnection: socket connection from /127.0.0.1:34635 to /127.0.0.1:34636" [_thread_blocked, id=15420, stack(0x000000001ac10000,0x000000001ad10000)]
  0x0000000018efe000 JavaThread "Daemon worker" [_thread_in_vm, id=6096, stack(0x000000001ab10000,0x000000001ac10000)]
  0x000000001842f000 JavaThread "Cancel handler" [_thread_blocked, id=13772, stack(0x000000001aa10000,0x000000001ab10000)]
  0x0000000018732800 JavaThread "Handler for socket connection from /127.0.0.1:34635 to /127.0.0.1:34636" [_thread_in_native, id=16216, stack(0x000000001a710000,0x000000001a810000)]
  0x0000000018735000 JavaThread "Daemon" [_thread_blocked, id=9552, stack(0x000000001a610000,0x000000001a710000)]
  0x0000000018038000 JavaThread "Daemon periodic checks" [_thread_blocked, id=14816, stack(0x000000001a510000,0x000000001a610000)]
  0x000000001862d800 JavaThread "Incoming local TCP Connector on port 34635" [_thread_in_native, id=12304, stack(0x000000001a2c0000,0x000000001a3c0000)]
  0x00000000168a3800 JavaThread "Service Thread" daemon [_thread_blocked, id=9604, stack(0x00000000173e0000,0x00000000174e0000)]
  0x000000001681c000 JavaThread "C1 CompilerThread3" daemon [_thread_blocked, id=5964, stack(0x00000000172e0000,0x00000000173e0000)]
  0x0000000016808800 JavaThread "C2 CompilerThread2" daemon [_thread_blocked, id=9824, stack(0x00000000171e0000,0x00000000172e0000)]
=>0x0000000016816800 JavaThread "C2 CompilerThread1" daemon [_thread_in_native, id=14660, stack(0x00000000170e0000,0x00000000171e0000)]
  0x0000000016814800 JavaThread "C2 CompilerThread0" daemon [_thread_in_native, id=5832, stack(0x0000000016fe0000,0x00000000170e0000)]
  0x0000000016813800 JavaThread "Attach Listener" daemon [_thread_blocked, id=14060, stack(0x0000000016ee0000,0x0000000016fe0000)]
  0x0000000016812800 JavaThread "Signal Dispatcher" daemon [_thread_blocked, id=5224, stack(0x0000000016de0000,0x0000000016ee0000)]
  0x00000000148f1800 JavaThread "Finalizer" daemon [_thread_blocked, id=2364, stack(0x0000000016be0000,0x0000000016ce0000)]
  0x0000000003127000 JavaThread "Reference Handler" daemon [_thread_blocked, id=10168, stack(0x00000000166e0000,0x00000000167e0000)]
  0x000000000302e000 JavaThread "main" [_thread_blocked, id=16144, stack(0x0000000002e40000,0x0000000002f40000)]

Other Threads:
  0x00000000148e7800 VMThread [stack: 0x00000000165e0000,0x00000000166e0000] [id=8564]
  0x0000000016852800 WatcherThread [stack: 0x00000000174e0000,0x00000000175e0000] [id=15912]

VM state:not at safepoint (normal execution)

VM Mutex/Monitor currently owned by a thread: None

Heap:
 PSYoungGen      total 159232K, used 21294K [0x00000000f5580000, 0x0000000100000000, 0x0000000100000000)
  eden space 145920K, 5% used [0x00000000f5580000,0x00000000f5dc72c0,0x00000000fe400000)
  from space 13312K, 96% used [0x00000000fe400000,0x00000000ff0845d0,0x00000000ff100000)
  to   space 15360K, 0% used [0x00000000ff100000,0x00000000ff100000,0x0000000100000000)
 ParOldGen       total 57344K, used 27880K [0x00000000e0000000, 0x00000000e3800000, 0x00000000f5580000)
  object space 57344K, 48% used [0x00000000e0000000,0x00000000e1b3a278,0x00000000e3800000)
 Metaspace       used 57237K, capacity 58636K, committed 58792K, reserved 1099776K
  class space    used 7683K, capacity 8081K, committed 8112K, reserved 1048576K

Card table byte_map: [0x00000000124f0000,0x0000000012600000] byte_map_base: 0x0000000011df0000

Marking Bits: (ParMarkBitMap*) 0x0000000076585aa0
 Begin Bits: [0x0000000012e00000, 0x0000000013600000)
 End Bits:   [0x0000000013600000, 0x0000000013e00000)

Polling page: 0x0000000001000000

CodeCache: size=245760Kb used=16017Kb max_used=16032Kb free=229742Kb
 bounds [0x0000000003130000, 0x00000000040f0000, 0x0000000012130000]
 total_blobs=5556 nmethods=4765 adapters=703
 compilation: enabled

Compilation events (10 events):
Event: 13.085 Thread 0x000000001681c000 5173       3       com.google.common.collect.Iterators$9::<init> (10 bytes)
Event: 13.085 Thread 0x000000001681c000 nmethod 5173 0x00000000040d8390 code [0x00000000040d8500, 0x00000000040d8730]
Event: 13.086 Thread 0x000000001681c000 5175       3       java.lang.invoke.MethodType::changeReturnType (20 bytes)
Event: 13.087 Thread 0x000000001681c000 nmethod 5175 0x00000000040d7f10 code [0x00000000040d8080, 0x00000000040d8308]
Event: 13.087 Thread 0x000000001681c000 5176       3       java.lang.invoke.MethodHandles$Lookup::getDirectMethodCommon (271 bytes)
Event: 13.088 Thread 0x000000001681c000 nmethod 5176 0x00000000040d91d0 code [0x00000000040d94e0, 0x00000000040daf58]
Event: 13.088 Thread 0x000000001681c000 5177       3       java.lang.invoke.MethodHandles$Lookup::checkMethod (83 bytes)
Event: 13.089 Thread 0x000000001681c000 nmethod 5177 0x00000000040d6f90 code [0x00000000040d7160, 0x00000000040d7b98]
Event: 13.089 Thread 0x000000001681c000 5178       3       java.lang.invoke.MethodHandles$Lookup::maybeBindCaller (44 bytes)
Event: 13.089 Thread 0x000000001681c000 nmethod 5178 0x00000000040db890 code [0x00000000040dba60, 0x00000000040dc3d8]

GC Heap History (10 events):
Event: 6.523 GC heap before
{Heap before GC invocations=9 (full 1):
 PSYoungGen      total 76800K, used 74446K [0x00000000f5580000, 0x00000000fd680000, 0x0000000100000000)
  eden space 66560K, 100% used [0x00000000f5580000,0x00000000f9680000,0x00000000f9680000)
  from space 10240K, 77% used [0x00000000f9680000,0x00000000f9e339b8,0x00000000fa080000)
  to   space 10240K, 0% used [0x00000000fcc80000,0x00000000fcc80000,0x00000000fd680000)
 ParOldGen       total 57344K, used 7891K [0x00000000e0000000, 0x00000000e3800000, 0x00000000f5580000)
  object space 57344K, 13% used [0x00000000e0000000,0x00000000e07b4da0,0x00000000e3800000)
 Metaspace       used 31970K, capacity 32528K, committed 32816K, reserved 1077248K
  class space    used 4398K, capacity 4558K, committed 4656K, reserved 1048576K
Event: 6.539 GC heap after
Heap after GC invocations=9 (full 1):
 PSYoungGen      total 120832K, used 9014K [0x00000000f5580000, 0x00000000fd880000, 0x0000000100000000)
  eden space 110592K, 0% used [0x00000000f5580000,0x00000000f5580000,0x00000000fc180000)
  from space 10240K, 88% used [0x00000000fcc80000,0x00000000fd54da90,0x00000000fd680000)
  to   space 11264K, 0% used [0x00000000fc180000,0x00000000fc180000,0x00000000fcc80000)
 ParOldGen       total 57344K, used 7899K [0x00000000e0000000, 0x00000000e3800000, 0x00000000f5580000)
  object space 57344K, 13% used [0x00000000e0000000,0x00000000e07b6da0,0x00000000e3800000)
 Metaspace       used 31970K, capacity 32528K, committed 32816K, reserved 1077248K
  class space    used 4398K, capacity 4558K, committed 4656K, reserved 1048576K
}
Event: 8.279 GC heap before
{Heap before GC invocations=10 (full 1):
 PSYoungGen      total 120832K, used 63149K [0x00000000f5580000, 0x00000000fd880000, 0x0000000100000000)
  eden space 110592K, 48% used [0x00000000f5580000,0x00000000f8a5d978,0x00000000fc180000)
  from space 10240K, 88% used [0x00000000fcc80000,0x00000000fd54da90,0x00000000fd680000)
  to   space 11264K, 0% used [0x00000000fc180000,0x00000000fc180000,0x00000000fcc80000)
 ParOldGen       total 57344K, used 7899K [0x00000000e0000000, 0x00000000e3800000, 0x00000000f5580000)
  object space 57344K, 13% used [0x00000000e0000000,0x00000000e07b6da0,0x00000000e3800000)
 Metaspace       used 34681K, capacity 35444K, committed 35496K, reserved 1079296K
  class space    used 4776K, capacity 4995K, committed 5040K, reserved 1048576K
Event: 8.293 GC heap after
Heap after GC invocations=10 (full 1):
 PSYoungGen      total 121856K, used 10740K [0x00000000f5580000, 0x0000000100000000, 0x0000000100000000)
  eden space 110592K, 0% used [0x00000000f5580000,0x00000000f5580000,0x00000000fc180000)
  from space 11264K, 95% used [0x00000000fc180000,0x00000000fcbfd3e8,0x00000000fcc80000)
  to   space 12288K, 0% used [0x00000000ff400000,0x00000000ff400000,0x0000000100000000)
 ParOldGen       total 57344K, used 7907K [0x00000000e0000000, 0x00000000e3800000, 0x00000000f5580000)
  object space 57344K, 13% used [0x00000000e0000000,0x00000000e07b8da0,0x00000000e3800000)
 Metaspace       used 34681K, capacity 35444K, committed 35496K, reserved 1079296K
  class space    used 4776K, capacity 4995K, committed 5040K, reserved 1048576K
}
Event: 8.294 GC heap before
{Heap before GC invocations=11 (full 2):
 PSYoungGen      total 121856K, used 10740K [0x00000000f5580000, 0x0000000100000000, 0x0000000100000000)
  eden space 110592K, 0% used [0x00000000f5580000,0x00000000f5580000,0x00000000fc180000)
  from space 11264K, 95% used [0x00000000fc180000,0x00000000fcbfd3e8,0x00000000fcc80000)
  to   space 12288K, 0% used [0x00000000ff400000,0x00000000ff400000,0x0000000100000000)
 ParOldGen       total 57344K, used 7907K [0x00000000e0000000, 0x00000000e3800000, 0x00000000f5580000)
  object space 57344K, 13% used [0x00000000e0000000,0x00000000e07b8da0,0x00000000e3800000)
 Metaspace       used 34681K, capacity 35444K, committed 35496K, reserved 1079296K
  class space    used 4776K, capacity 4995K, committed 5040K, reserved 1048576K
Event: 8.384 GC heap after
Heap after GC invocations=11 (full 2):
 PSYoungGen      total 121856K, used 0K [0x00000000f5580000, 0x0000000100000000, 0x0000000100000000)
  eden space 110592K, 0% used [0x00000000f5580000,0x00000000f5580000,0x00000000fc180000)
  from space 11264K, 0% used [0x00000000fc180000,0x00000000fc180000,0x00000000fcc80000)
  to   space 12288K, 0% used [0x00000000ff400000,0x00000000ff400000,0x0000000100000000)
 ParOldGen       total 57344K, used 17520K [0x00000000e0000000, 0x00000000e3800000, 0x00000000f5580000)
  object space 57344K, 30% used [0x00000000e0000000,0x00000000e111c148,0x00000000e3800000)
 Metaspace       used 34669K, capacity 35402K, committed 35496K, reserved 1079296K
  class space    used 4772K, capacity 4988K, committed 5040K, reserved 1048576K
}
Event: 9.995 GC heap before
{Heap before GC invocations=12 (full 2):
 PSYoungGen      total 121856K, used 110592K [0x00000000f5580000, 0x0000000100000000, 0x0000000100000000)
  eden space 110592K, 100% used [0x00000000f5580000,0x00000000fc180000,0x00000000fc180000)
  from space 11264K, 0% used [0x00000000fc180000,0x00000000fc180000,0x00000000fcc80000)
  to   space 12288K, 0% used [0x00000000ff400000,0x00000000ff400000,0x0000000100000000)
 ParOldGen       total 57344K, used 17520K [0x00000000e0000000, 0x00000000e3800000, 0x00000000f5580000)
  object space 57344K, 30% used [0x00000000e0000000,0x00000000e111c148,0x00000000e3800000)
 Metaspace       used 45325K, capacity 46308K, committed 46632K, reserved 1089536K
  class space    used 6088K, capacity 6387K, committed 6448K, reserved 1048576K
Event: 10.007 GC heap after
Heap after GC invocations=12 (full 2):
 PSYoungGen      total 153600K, used 12262K [0x00000000f5580000, 0x0000000100000000, 0x0000000100000000)
  eden space 141312K, 0% used [0x00000000f5580000,0x00000000f5580000,0x00000000fdf80000)
  from space 12288K, 99% used [0x00000000ff400000,0x00000000ffff9a60,0x0000000100000000)
  to   space 14336K, 0% used [0x00000000fe400000,0x00000000fe400000,0x00000000ff200000)
 ParOldGen       total 57344K, used 20408K [0x00000000e0000000, 0x00000000e3800000, 0x00000000f5580000)
  object space 57344K, 35% used [0x00000000e0000000,0x00000000e13ee1e0,0x00000000e3800000)
 Metaspace       used 45325K, capacity 46308K, committed 46632K, reserved 1089536K
  class space    used 6088K, capacity 6387K, committed 6448K, reserved 1048576K
}
Event: 12.804 GC heap before
{Heap before GC invocations=13 (full 2):
 PSYoungGen      total 153600K, used 153574K [0x00000000f5580000, 0x0000000100000000, 0x0000000100000000)
  eden space 141312K, 100% used [0x00000000f5580000,0x00000000fdf80000,0x00000000fdf80000)
  from space 12288K, 99% used [0x00000000ff400000,0x00000000ffff9a60,0x0000000100000000)
  to   space 14336K, 0% used [0x00000000fe400000,0x00000000fe400000,0x00000000ff200000)
 ParOldGen       total 57344K, used 20408K [0x00000000e0000000, 0x00000000e3800000, 0x00000000f5580000)
  object space 57344K, 35% used [0x00000000e0000000,0x00000000e13ee1e0,0x00000000e3800000)
 Metaspace       used 56337K, capacity 57680K, committed 57896K, reserved 1099776K
  class space    used 7545K, capacity 7899K, committed 7984K, reserved 1048576K
Event: 12.840 GC heap after
Heap after GC invocations=13 (full 2):
 PSYoungGen      total 159232K, used 12817K [0x00000000f5580000, 0x0000000100000000, 0x0000000100000000)
  eden space 145920K, 0% used [0x00000000f5580000,0x00000000f5580000,0x00000000fe400000)
  from space 13312K, 96% used [0x00000000fe400000,0x00000000ff0845d0,0x00000000ff100000)
  to   space 15360K, 0% used [0x00000000ff100000,0x00000000ff100000,0x0000000100000000)
 ParOldGen       total 57344K, used 27880K [0x00000000e0000000, 0x00000000e3800000, 0x00000000f5580000)
  object space 57344K, 48% used [0x00000000e0000000,0x00000000e1b3a278,0x00000000e3800000)
 Metaspace       used 56337K, capacity 57680K, committed 57896K, reserved 1099776K
  class space    used 7545K, capacity 7899K, committed 7984K, reserved 1048576K
}

Deoptimization events (10 events):
Event: 10.467 Thread 0x0000000018efe000 Uncommon trap: reason=unstable_if action=reinterpret pc=0x00000000033879bc method=java.lang.String$CaseInsensitiveComparator.compare(Ljava/lang/String;Ljava/lang/String;)I @ 70
Event: 10.886 Thread 0x0000000018efe000 Uncommon trap: reason=unstable_if action=reinterpret pc=0x00000000036cb7f0 method=java.io.DataInputStream.readUTF(Ljava/io/DataInput;)Ljava/lang/String; @ 31
Event: 11.035 Thread 0x0000000018efe000 Uncommon trap: reason=unstable_if action=reinterpret pc=0x0000000003d9b3f0 method=com.sun.org.apache.xerces.internal.impl.XMLEntityScanner.scanLiteral(ILcom/sun/org/apache/xerces/internal/xni/XMLString;Z)I @ 660
Event: 11.183 Thread 0x0000000018efe000 Uncommon trap: reason=unstable_if action=reinterpret pc=0x000000000370b568 method=java.util.regex.Pattern$BmpCharProperty.match(Ljava/util/regex/Matcher;ILjava/lang/CharSequence;)Z @ 34
Event: 11.225 Thread 0x0000000018efe000 Uncommon trap: reason=unstable_if action=reinterpret pc=0x0000000003eb3330 method=com.sun.org.apache.xerces.internal.impl.XMLEntityScanner.skipSpaces()Z @ 303
Event: 11.231 Thread 0x0000000018efe000 Uncommon trap: reason=unstable_if action=reinterpret pc=0x0000000003e946b0 method=com.sun.org.apache.xerces.internal.impl.XMLEntityScanner.peekChar()I @ 14
Event: 11.715 Thread 0x0000000018efe000 Uncommon trap: reason=unstable_if action=reinterpret pc=0x000000000371bb18 method=com.google.gson.stream.JsonReader.doPeek()I @ 315
Event: 12.537 Thread 0x0000000018efe000 Uncommon trap: reason=unstable_if action=reinterpret pc=0x000000000408a4c8 method=kotlin.reflect.jvm.internal.impl.protobuf.CodedInputStream.readRawVarint32()I @ 10
Event: 12.844 Thread 0x00000000148f1800 Uncommon trap: reason=unstable_if action=reinterpret pc=0x00000000035ce414 method=java.util.WeakHashMap.expungeStaleEntries()V @ 9
Event: 13.072 Thread 0x0000000018efe000 Uncommon trap: reason=unstable_if action=reinterpret pc=0x0000000003b81f30 method=java.io.WinNTFileSystem.normalizePrefix(Ljava/lang/String;ILjava/lang/StringBuffer;)I @ 62

Classes redefined (0 events):
No events

Internal exceptions (10 events):
Event: 11.677 Thread 0x0000000018efe000 Exception <a 'sun/nio/fs/WindowsException'> (0x00000000face5a68) thrown at [D:\src\AOSP-openjdk-cygwin\jdk8u\hotspot\src\share\vm\prims\jni.cpp, line 709]
Event: 11.677 Thread 0x0000000018efe000 Exception <a 'sun/nio/fs/WindowsException'> (0x00000000face7cd8) thrown at [D:\src\AOSP-openjdk-cygwin\jdk8u\hotspot\src\share\vm\prims\jni.cpp, line 709]
Event: 11.677 Thread 0x0000000018efe000 Exception <a 'sun/nio/fs/WindowsException'> (0x00000000face8b70) thrown at [D:\src\AOSP-openjdk-cygwin\jdk8u\hotspot\src\share\vm\prims\jni.cpp, line 709]
Event: 11.678 Thread 0x0000000018efe000 Exception <a 'sun/nio/fs/WindowsException'> (0x00000000facec088) thrown at [D:\src\AOSP-openjdk-cygwin\jdk8u\hotspot\src\share\vm\prims\jni.cpp, line 709]
Event: 11.678 Thread 0x0000000018efe000 Exception <a 'sun/nio/fs/WindowsException'> (0x00000000faced958) thrown at [D:\src\AOSP-openjdk-cygwin\jdk8u\hotspot\src\share\vm\prims\jni.cpp, line 709]
Event: 11.687 Thread 0x0000000018efe000 Exception <a 'java/lang/NoSuchMethodError': java.lang.Object.lambda$comparing$77a9974f$1(Ljava/util/function/Function;Ljava/lang/Object;Ljava/lang/Object;)I> (0x00000000fad209a0) thrown at [D:\src\AOSP-openjdk-cygwin\jdk8u\hotspot\src\share\vm\interpreter
Event: 11.689 Thread 0x0000000018efe000 Exception <a 'java/lang/NoSuchMethodError': java.lang.Object.lambda$thenComparing$36697e65$1(Ljava/util/Comparator;Ljava/lang/Object;Ljava/lang/Object;)I> (0x00000000fad2c208) thrown at [D:\src\AOSP-openjdk-cygwin\jdk8u\hotspot\src\share\vm\interpreter\li
Event: 11.727 Thread 0x0000000018efe000 Exception <a 'java/lang/NoSuchMethodError': java.lang.Object.lambda$maxBy$1(Ljava/util/Comparator;Ljava/lang/Object;Ljava/lang/Object;)Ljava/lang/Object;> (0x00000000fae989a8) thrown at [D:\src\AOSP-openjdk-cygwin\jdk8u\hotspot\src\share\vm\interpreter\li
Event: 12.023 Thread 0x0000000018efe000 Exception <a 'java/lang/NoSuchMethodError': java.lang.Object.lambda$comparingInt$7b0bb60$1(Ljava/util/function/ToIntFunction;Ljava/lang/Object;Ljava/lang/Object;)I> (0x00000000fb5ae938) thrown at [D:\src\AOSP-openjdk-cygwin\jdk8u\hotspot\src\share\vm\inte
Event: 12.024 Thread 0x0000000018efe000 Exception <a 'java/lang/NoSuchMethodError': java.lang.Object.lambda$comparing$ea9a8b3a$1(Ljava/util/Comparator;Ljava/util/function/Function;Ljava/lang/Object;Ljava/lang/Object;)I> (0x00000000fb5b8cd0) thrown at [D:\src\AOSP-openjdk-cygwin\jdk8u\hotspot\sr

Events (10 events):
Event: 13.088 loading class com/android/builder/dexing/DexArchiveBuilderException
Event: 13.088 loading class com/android/builder/dexing/DexArchiveBuilderException done
Event: 13.088 loading class com/android/build/gradle/internal/workeractions/WorkerActionServiceRegistry$RegisteredService
Event: 13.088 loading class com/android/build/gradle/internal/workeractions/WorkerActionServiceRegistry$RegisteredService done
Event: 13.089 loading class com/android/ide/common/blame/parser/PatternAwareOutputParser
Event: 13.089 loading class com/android/ide/common/blame/parser/PatternAwareOutputParser done
Event: 13.089 loading class com/android/ide/common/process/ProcessOutputHandler
Event: 13.089 loading class com/android/ide/common/process/ProcessOutputHandler done
Event: 13.090 loading class com/android/build/gradle/internal/transforms/DexArchiveBuilderCacheHandler
Event: 13.090 loading class com/android/build/gradle/internal/transforms/DexArchiveBuilderCacheHandler done


Dynamic libraries:
0x00007ff666900000 - 0x00007ff666931000 	C:\Program Files\Android\Android Studio\jre\bin\java.exe
0x00007ff9e6620000 - 0x00007ff9e6801000 	C:\Windows\SYSTEM32\ntdll.dll
0x00007ff9e3b50000 - 0x00007ff9e3c01000 	C:\Windows\System32\KERNEL32.DLL
0x00007ff9e3230000 - 0x00007ff9e34a3000 	C:\Windows\System32\KERNELBASE.dll
0x00007ff9e61a0000 - 0x00007ff9e6241000 	C:\Windows\System32\ADVAPI32.dll
0x00007ff9e6250000 - 0x00007ff9e62ee000 	C:\Windows\System32\msvcrt.dll
0x00007ff9e3fe0000 - 0x00007ff9e403b000 	C:\Windows\System32\sechost.dll
0x00007ff9e6410000 - 0x00007ff9e6534000 	C:\Windows\System32\RPCRT4.dll
0x00007ff9e6010000 - 0x00007ff9e61a0000 	C:\Windows\System32\USER32.dll
0x00007ff9e2a50000 - 0x00007ff9e2a70000 	C:\Windows\System32\win32u.dll
0x00007ff9e3fb0000 - 0x00007ff9e3fd8000 	C:\Windows\System32\GDI32.dll
0x00007ff9e3600000 - 0x00007ff9e3791000 	C:\Windows\System32\gdi32full.dll
0x00007ff9e3990000 - 0x00007ff9e3a2f000 	C:\Windows\System32\msvcp_win.dll
0x00007ff9e34b0000 - 0x00007ff9e35a8000 	C:\Windows\System32\ucrtbase.dll
0x00007ff9d64a0000 - 0x00007ff9d6709000 	C:\Windows\WinSxS\amd64_microsoft.windows.common-controls_6595b64144ccf1df_6.0.17134.829_none_fb46a5473061b9d5\COMCTL32.dll
0x00007ff9e3c80000 - 0x00007ff9e3fa2000 	C:\Windows\System32\combase.dll
0x00007ff9e3a30000 - 0x00007ff9e3aaa000 	C:\Windows\System32\bcryptPrimitives.dll
0x00007ff9e63e0000 - 0x00007ff9e640d000 	C:\Windows\System32\IMM32.DLL
0x0000000076830000 - 0x0000000076902000 	C:\Program Files\Android\Android Studio\jre\jre\bin\msvcr100.dll
0x0000000075dc0000 - 0x0000000076601000 	C:\Program Files\Android\Android Studio\jre\jre\bin\server\jvm.dll
0x00007ff9e6000000 - 0x00007ff9e6008000 	C:\Windows\System32\PSAPI.DLL
0x00007ff9c3a50000 - 0x00007ff9c3a59000 	C:\Windows\SYSTEM32\WSOCK32.dll
0x00007ff9e0b80000 - 0x00007ff9e0ba3000 	C:\Windows\SYSTEM32\WINMM.dll
0x00007ff9e62f0000 - 0x00007ff9e635c000 	C:\Windows\System32\WS2_32.dll
0x00007ff9de2a0000 - 0x00007ff9de2aa000 	C:\Windows\SYSTEM32\VERSION.dll
0x00007ff9e0730000 - 0x00007ff9e075a000 	C:\Windows\SYSTEM32\WINMMBASE.dll
0x00007ff9e35b0000 - 0x00007ff9e35f9000 	C:\Windows\System32\cfgmgr32.dll
0x00007ff9dbef0000 - 0x00007ff9dbeff000 	C:\Program Files\Android\Android Studio\jre\jre\bin\verify.dll
0x00007ff9d5880000 - 0x00007ff9d58a9000 	C:\Program Files\Android\Android Studio\jre\jre\bin\java.dll
0x00007ff9d6de0000 - 0x00007ff9d6df6000 	C:\Program Files\Android\Android Studio\jre\jre\bin\zip.dll
0x00007ff9e4040000 - 0x00007ff9e5480000 	C:\Windows\System32\SHELL32.dll
0x00007ff9e6540000 - 0x00007ff9e65e9000 	C:\Windows\System32\shcore.dll
0x00007ff9e2a70000 - 0x00007ff9e317d000 	C:\Windows\System32\windows.storage.dll
0x00007ff9e3c10000 - 0x00007ff9e3c61000 	C:\Windows\System32\shlwapi.dll
0x00007ff9e29d0000 - 0x00007ff9e29e1000 	C:\Windows\System32\kernel.appcore.dll
0x00007ff9e29a0000 - 0x00007ff9e29bf000 	C:\Windows\System32\profapi.dll
0x00007ff9e2950000 - 0x00007ff9e299c000 	C:\Windows\System32\powrprof.dll
0x00007ff9e29c0000 - 0x00007ff9e29ca000 	C:\Windows\System32\FLTLIB.DLL
0x00007ff9d37f0000 - 0x00007ff9d380a000 	C:\Program Files\Android\Android Studio\jre\jre\bin\net.dll
0x00007ff9e2150000 - 0x00007ff9e21b6000 	C:\Windows\system32\mswsock.dll
0x00007ff9d3770000 - 0x00007ff9d3781000 	C:\Program Files\Android\Android Studio\jre\jre\bin\nio.dll
0x00007ff9ce9f0000 - 0x00007ff9cea0e000 	C:\Users\deonoize\.gradle\native\25\windows-amd64\native-platform.dll
0x00007ff9d6da0000 - 0x00007ff9d6dad000 	C:\Program Files\Android\Android Studio\jre\jre\bin\management.dll
0x00007ff9e2300000 - 0x00007ff9e2317000 	C:\Windows\SYSTEM32\CRYPTSP.dll
0x00007ff9e1d40000 - 0x00007ff9e1d73000 	C:\Windows\system32\rsaenh.dll
0x00007ff9e2430000 - 0x00007ff9e2455000 	C:\Windows\SYSTEM32\bcrypt.dll
0x00007ff9e2860000 - 0x00007ff9e2888000 	C:\Windows\SYSTEM32\USERENV.dll
0x00007ff9e2320000 - 0x00007ff9e232b000 	C:\Windows\SYSTEM32\CRYPTBASE.dll
0x00007ff9e1ee0000 - 0x00007ff9e1f18000 	C:\Windows\SYSTEM32\IPHLPAPI.DLL
0x00007ff9e3c70000 - 0x00007ff9e3c78000 	C:\Windows\System32\NSI.dll
0x00007ff9d9fd0000 - 0x00007ff9d9fe6000 	C:\Windows\SYSTEM32\dhcpcsvc6.DLL
0x00007ff9dbe60000 - 0x00007ff9dbe7a000 	C:\Windows\SYSTEM32\dhcpcsvc.DLL

VM Arguments:
jvm_args: -XX:MaxMetaspaceSize=256m -XX:+HeapDumpOnOutOfMemoryError -Xmx512m -Dfile.encoding=windows-1251 -Duser.country=RU -Duser.language=ru -Duser.variant 
java_command: org.gradle.launcher.daemon.bootstrap.GradleDaemon 5.1.1
java_class_path (initial): C:\Users\deonoize\.gradle\wrapper\dists\gradle-5.1.1-all\97z1ksx6lirer3kbvdnh7jtjg\gradle-5.1.1\lib\gradle-launcher-5.1.1.jar
Launcher Type: SUN_STANDARD

Environment Variables:
PATH=C:\ProgramData\Oracle\Java\javapath;C:\Windows\system32;C:\Windows;C:\Windows\System32\Wbem;C:\Windows\System32\WindowsPowerShell\v1.0\;C:\Program Files (x86)\NVIDIA Corporation\PhysX\Common;C:\WINDOWS\system32;C:\WINDOWS;C:\WINDOWS\System32\Wbem;C:\WINDOWS\System32\WindowsPowerShell\v1.0\;C:\WINDOWS\System32\OpenSSH\;C:\Program Files\dotnet\;C:\Program Files\NVIDIA Corporation\NVIDIA NvDLISR;C:\Program Files\Microsoft VS Code\bin;C:\ProgramData\ComposerSetup\bin;E:\Programs\nodejs\;C:\Program Files\Git\cmd;C:\Program Files\heroku\bin;C:\Program Files (x86)\Common Files\Acronis\SnapAPI\;C:\Users\deonoize\AppData\Local\Microsoft\WindowsApps;C:\Users\deonoize\AppData\Local\GitHubDesktop\bin;C:\Program Files\Microsoft VS Code\bin;C:\Users\deonoize\AppData\Roaming\Composer\vendor\bin;E:\Programs\OSPanel\modules\php\PHP-7.2;C:\Users\deonoize\AppData\Roaming\npm;C:\Users\deonoize\AppData\Local\atom\bin;C:\Program Files\heroku\bin;E:\Programs\dart-sass;
USERNAME=deonoize
OS=Windows_NT
PROCESSOR_IDENTIFIER=Intel64 Family 6 Model 142 Stepping 10, GenuineIntel



---------------  S Y S T E M  ---------------

OS: Windows 10.0 , 64 bit Build 17134 (10.0.17134.753)

CPU:total 8 (initial active 8) (4 cores per cpu, 2 threads per core) family 6 model 142 stepping 10, cmov, cx8, fxsr, mmx, sse, sse2, sse3, ssse3, sse4.1, sse4.2, popcnt, avx, avx2, aes, clmul, erms, 3dnowpref, lzcnt, ht, tsc, tscinvbit, bmi1, bmi2, adx

Memory: 4k page, physical 8260236k(499768k free), swap 12454540k(5244k free)

vm_info: OpenJDK 64-Bit Server VM (25.152-b01) for windows-amd64 JRE (1.8.0_152-release-1343-b01), built by "builder" with MS VC++ 10.0 (VS2010)

time: Mon Jun 17 01:10:47 2019
elapsed time: 13 seconds (0d 0h 0m 13s)

