#
# There is insufficient memory for the Java Runtime Environment to continue.
# Native memory allocation (malloc) failed to allocate 1277296 bytes for Chunk::new
# Possible reasons:
#   The system is out of physical RAM or swap space
#   In 32 bit mode, the process size limit was hit
# Possible solutions:
#   Reduce memory load on the system
#   Increase physical memory or swap space
#   Check if swap backing store is full
#   Use 64 bit Java on a 64 bit OS
#   Decrease Java heap size (-Xmx/-Xms)
#   Decrease number of Java threads
#   Decrease Java thread stack sizes (-Xss)
#   Set larger code cache with -XX:ReservedCodeCacheSize=
# This output file may be truncated or incomplete.
#
#  Out of Memory Error (allocation.cpp:390), pid=4348, tid=0x000000000000441c
#
# JRE version: OpenJDK Runtime Environment (8.0_152-b01) (build 1.8.0_152-release-1343-b01)
# Java VM: OpenJDK 64-Bit Server VM (25.152-b01 mixed mode windows-amd64 compressed oops)
# Failed to write core dump. Minidumps are not enabled by default on client versions of Windows
#

---------------  T H R E A D  ---------------

Current thread (0x0000000015d67000):  JavaThread "C2 CompilerThread1" daemon [_thread_in_native, id=17436, stack(0x0000000016640000,0x0000000016740000)]

Stack: [0x0000000016640000,0x0000000016740000]
[error occurred during error reporting (printing stack bounds), id 0xc0000005]

Native frames: (J=compiled Java code, j=interpreted, Vv=VM code, C=native code)


Current CompileTask:
C2:2163813 18497       4       org.jetbrains.kotlin.serialization.deserialization.descriptors.DeserializedMemberScope::<init> (801 bytes)


---------------  P R O C E S S  ---------------

Java Threads: ( => current thread )
  0x0000000018a7f800 JavaThread "RMI RenewClean-[127.0.0.1:25158,org.jetbrains.kotlin.daemon.common.LoopbackNetworkInterface$ClientLoopbackSocketFactory@7f95975e]" daemon [_thread_blocked, id=17804, stack(0x0000000021530000,0x0000000021630000)]
  0x0000000018a7e000 JavaThread "RMI TCP Connection(20)-127.0.0.1" daemon [_thread_in_Java, id=8404, stack(0x0000000021430000,0x0000000021530000)]
  0x0000000018a84000 JavaThread "RMI TCP Connection(19)-127.0.0.1" daemon [_thread_in_native, id=9236, stack(0x0000000021330000,0x0000000021430000)]
  0x0000000018a85800 JavaThread "RMI RenewClean-[127.0.0.1:25158,org.jetbrains.kotlin.daemon.common.LoopbackNetworkInterface$ClientLoopbackSocketFactory@4738194]" daemon [_thread_blocked, id=12468, stack(0x0000000021230000,0x0000000021330000)]
  0x0000000016e2e000 JavaThread "RMI Scheduler(0)" daemon [_thread_blocked, id=17496, stack(0x0000000017fd0000,0x00000000180d0000)]
  0x0000000002592800 JavaThread "DestroyJavaVM" [_thread_blocked, id=11328, stack(0x0000000002490000,0x0000000002590000)]
  0x0000000016d8c000 JavaThread "GC Daemon" daemon [_thread_blocked, id=11796, stack(0x0000000017a80000,0x0000000017b80000)]
  0x0000000016d9a800 JavaThread "RMI Reaper" [_thread_blocked, id=14052, stack(0x0000000017980000,0x0000000017a80000)]
  0x0000000016d86000 JavaThread "Timer-0" daemon [_thread_blocked, id=17540, stack(0x0000000017780000,0x0000000017880000)]
  0x0000000016d7b800 JavaThread "RMI TCP Accept-17267" daemon [_thread_in_native, id=4396, stack(0x0000000017680000,0x0000000017780000)]
  0x0000000015dc0000 JavaThread "Service Thread" daemon [_thread_blocked, id=14436, stack(0x0000000016940000,0x0000000016a40000)]
  0x0000000015d7c000 JavaThread "C1 CompilerThread3" daemon [_thread_in_native, id=5860, stack(0x0000000016840000,0x0000000016940000)]
  0x0000000015d6d800 JavaThread "C2 CompilerThread2" daemon [_thread_in_native, id=12420, stack(0x0000000016740000,0x0000000016840000)]
=>0x0000000015d67000 JavaThread "C2 CompilerThread1" daemon [_thread_in_native, id=17436, stack(0x0000000016640000,0x0000000016740000)]
  0x0000000015d75800 JavaThread "C2 CompilerThread0" daemon [_thread_in_native, id=16808, stack(0x0000000016540000,0x0000000016640000)]
  0x0000000015d74800 JavaThread "Attach Listener" daemon [_thread_blocked, id=7036, stack(0x0000000016440000,0x0000000016540000)]
  0x0000000015d73800 JavaThread "Signal Dispatcher" daemon [_thread_blocked, id=12968, stack(0x0000000016340000,0x0000000016440000)]
  0x0000000002689800 JavaThread "Finalizer" daemon [_thread_blocked, id=17500, stack(0x0000000016140000,0x0000000016240000)]
  0x0000000002686000 JavaThread "Reference Handler" daemon [_thread_blocked, id=15948, stack(0x0000000015c40000,0x0000000015d40000)]

Other Threads:
  0x0000000013e46000 VMThread [stack: 0x0000000015b40000,0x0000000015c40000] [id=17528]
  0x0000000015dc0800 WatcherThread [stack: 0x0000000016a40000,0x0000000016b40000] [id=17688]

VM state:not at safepoint (normal execution)

VM Mutex/Monitor currently owned by a thread: None

Heap:
 PSYoungGen      total 116736K, used 52063K [0x00000000f5580000, 0x0000000100000000, 0x0000000100000000)
  eden space 58880K, 69% used [0x00000000f5580000,0x00000000f7d88750,0x00000000f8f00000)
  from space 57856K, 19% used [0x00000000f8f00000,0x00000000f99cf7c8,0x00000000fc780000)
  to   space 57856K, 0% used [0x00000000fc780000,0x00000000fc780000,0x0000000100000000)
 ParOldGen       total 224768K, used 39281K [0x00000000e0000000, 0x00000000edb80000, 0x00000000f5580000)
  object space 224768K, 17% used [0x00000000e0000000,0x00000000e265c438,0x00000000edb80000)
 Metaspace       used 67147K, capacity 69007K, committed 70872K, reserved 1112064K
  class space    used 7610K, capacity 8074K, committed 8408K, reserved 1048576K

Card table byte_map: [0x0000000011a50000,0x0000000011b60000] byte_map_base: 0x0000000011350000

Marking Bits: (ParMarkBitMap*) 0x000000005e9f5aa0
 Begin Bits: [0x0000000012360000, 0x0000000012b60000)
 End Bits:   [0x0000000012b60000, 0x0000000013360000)

Polling page: 0x00000000005f0000

CodeCache: size=245760Kb used=53337Kb max_used=53483Kb free=192422Kb
 bounds [0x0000000002690000, 0x0000000005b80000, 0x0000000011690000]
 total_blobs=14894 nmethods=14344 adapters=459
 compilation: enabled

Compilation events (10 events):
Event: 2162.655 Thread 0x0000000015d6d800 18531       4       org.jetbrains.kotlin.load.java.sam.SingleAbstractMethodUtils::getFunctionTypeForSamType (120 bytes)
Event: 2162.694 Thread 0x0000000015d75800 nmethod 18493 0x00000000056d8710 code [0x00000000056d8ce0, 0x00000000056dcd30]
Event: 2162.694 Thread 0x0000000015d75800 18534       4       org.jetbrains.kotlin.resolve.calls.tower.TowerResolver$Task::run (400 bytes)
Event: 2162.761 Thread 0x0000000015d7c000 18536       1       org.jetbrains.kotlin.com.intellij.psi.stubs.StubList::access$700 (5 bytes)
Event: 2162.762 Thread 0x0000000015d7c000 nmethod 18536 0x0000000003cb8f90 code [0x0000000003cb90e0, 0x0000000003cb91d0]
Event: 2162.770 Thread 0x0000000015d7c000 18538 %     3       org.jetbrains.kotlin.com.intellij.util.ArrayUtil::mergeCollections @ 58 (139 bytes)
Event: 2162.772 Thread 0x0000000015d7c000 nmethod 18538% 0x0000000004c0ffd0 code [0x0000000004c10240, 0x0000000004c11128]
Event: 2162.799 Thread 0x0000000015d7c000 18541       3       org.jetbrains.kotlin.psi.KtLambdaExpression::getContainingKtFile (106 bytes)
Event: 2162.801 Thread 0x0000000015d7c000 nmethod 18541 0x0000000004d076d0 code [0x0000000004d07ae0, 0x0000000004d0a278]
Event: 2162.807 Thread 0x0000000015d7c000 18542       3       org.jetbrains.kotlin.serialization.deserialization.descriptors.DeserializedClassDescriptor$DeserializedClassTypeConstructor::computeSupertypes (465 bytes)

GC Heap History (10 events):
Event: 1332.950 GC heap before
{Heap before GC invocations=36 (full 4):
 PSYoungGen      total 116736K, used 65038K [0x00000000f5580000, 0x0000000100000000, 0x0000000100000000)
  eden space 58880K, 99% used [0x00000000f5580000,0x00000000f8e7d530,0x00000000f8f00000)
  from space 57856K, 11% used [0x00000000f8f00000,0x00000000f9586588,0x00000000fc780000)
  to   space 57856K, 0% used [0x00000000fc780000,0x00000000fc780000,0x0000000100000000)
 ParOldGen       total 206336K, used 156515K [0x00000000e0000000, 0x00000000ec980000, 0x00000000f5580000)
  object space 206336K, 75% used [0x00000000e0000000,0x00000000e98d8d68,0x00000000ec980000)
 Metaspace       used 68065K, capacity 70039K, committed 70232K, reserved 1112064K
  class space    used 7772K, capacity 8264K, committed 8280K, reserved 1048576K
Event: 1332.969 GC heap after
Heap after GC invocations=36 (full 4):
 PSYoungGen      total 116736K, used 17872K [0x00000000f5580000, 0x0000000100000000, 0x0000000100000000)
  eden space 58880K, 0% used [0x00000000f5580000,0x00000000f5580000,0x00000000f8f00000)
  from space 57856K, 30% used [0x00000000fc780000,0x00000000fd8f4228,0x0000000100000000)
  to   space 57856K, 0% used [0x00000000f8f00000,0x00000000f8f00000,0x00000000fc780000)
 ParOldGen       total 206336K, used 157119K [0x00000000e0000000, 0x00000000ec980000, 0x00000000f5580000)
  object space 206336K, 76% used [0x00000000e0000000,0x00000000e996fe48,0x00000000ec980000)
 Metaspace       used 68065K, capacity 70039K, committed 70232K, reserved 1112064K
  class space    used 7772K, capacity 8264K, committed 8280K, reserved 1048576K
}
Event: 1728.384 GC heap before
{Heap before GC invocations=37 (full 4):
 PSYoungGen      total 116736K, used 76752K [0x00000000f5580000, 0x0000000100000000, 0x0000000100000000)
  eden space 58880K, 100% used [0x00000000f5580000,0x00000000f8f00000,0x00000000f8f00000)
  from space 57856K, 30% used [0x00000000fc780000,0x00000000fd8f4228,0x0000000100000000)
  to   space 57856K, 0% used [0x00000000f8f00000,0x00000000f8f00000,0x00000000fc780000)
 ParOldGen       total 206336K, used 157119K [0x00000000e0000000, 0x00000000ec980000, 0x00000000f5580000)
  object space 206336K, 76% used [0x00000000e0000000,0x00000000e996fe48,0x00000000ec980000)
 Metaspace       used 68382K, capacity 70367K, committed 70616K, reserved 1112064K
  class space    used 7799K, capacity 8306K, committed 8408K, reserved 1048576K
Event: 1728.405 GC heap after
Heap after GC invocations=37 (full 4):
 PSYoungGen      total 116736K, used 23251K [0x00000000f5580000, 0x0000000100000000, 0x0000000100000000)
  eden space 58880K, 0% used [0x00000000f5580000,0x00000000f5580000,0x00000000f8f00000)
  from space 57856K, 40% used [0x00000000f8f00000,0x00000000fa5b4ef0,0x00000000fc780000)
  to   space 57856K, 0% used [0x00000000fc780000,0x00000000fc780000,0x0000000100000000)
 ParOldGen       total 206336K, used 161134K [0x00000000e0000000, 0x00000000ec980000, 0x00000000f5580000)
  object space 206336K, 78% used [0x00000000e0000000,0x00000000e9d5bae0,0x00000000ec980000)
 Metaspace       used 68382K, capacity 70367K, committed 70616K, reserved 1112064K
  class space    used 7799K, capacity 8306K, committed 8408K, reserved 1048576K
}
Event: 1728.908 GC heap before
{Heap before GC invocations=38 (full 4):
 PSYoungGen      total 116736K, used 82131K [0x00000000f5580000, 0x0000000100000000, 0x0000000100000000)
  eden space 58880K, 100% used [0x00000000f5580000,0x00000000f8f00000,0x00000000f8f00000)
  from space 57856K, 40% used [0x00000000f8f00000,0x00000000fa5b4ef0,0x00000000fc780000)
  to   space 57856K, 0% used [0x00000000fc780000,0x00000000fc780000,0x0000000100000000)
 ParOldGen       total 206336K, used 161134K [0x00000000e0000000, 0x00000000ec980000, 0x00000000f5580000)
  object space 206336K, 78% used [0x00000000e0000000,0x00000000e9d5bae0,0x00000000ec980000)
 Metaspace       used 68649K, capacity 70661K, committed 70872K, reserved 1112064K
  class space    used 7831K, capacity 8339K, committed 8408K, reserved 1048576K
Event: 1728.945 GC heap after
Heap after GC invocations=38 (full 4):
 PSYoungGen      total 116736K, used 15167K [0x00000000f5580000, 0x0000000100000000, 0x0000000100000000)
  eden space 58880K, 0% used [0x00000000f5580000,0x00000000f5580000,0x00000000f8f00000)
  from space 57856K, 26% used [0x00000000fc780000,0x00000000fd64fe68,0x0000000100000000)
  to   space 57856K, 0% used [0x00000000f8f00000,0x00000000f8f00000,0x00000000fc780000)
 ParOldGen       total 206336K, used 183377K [0x00000000e0000000, 0x00000000ec980000, 0x00000000f5580000)
  object space 206336K, 88% used [0x00000000e0000000,0x00000000eb3145b0,0x00000000ec980000)
 Metaspace       used 68649K, capacity 70661K, committed 70872K, reserved 1112064K
  class space    used 7831K, capacity 8339K, committed 8408K, reserved 1048576K
}
Event: 1728.945 GC heap before
{Heap before GC invocations=39 (full 5):
 PSYoungGen      total 116736K, used 15167K [0x00000000f5580000, 0x0000000100000000, 0x0000000100000000)
  eden space 58880K, 0% used [0x00000000f5580000,0x00000000f5580000,0x00000000f8f00000)
  from space 57856K, 26% used [0x00000000fc780000,0x00000000fd64fe68,0x0000000100000000)
  to   space 57856K, 0% used [0x00000000f8f00000,0x00000000f8f00000,0x00000000fc780000)
 ParOldGen       total 206336K, used 183377K [0x00000000e0000000, 0x00000000ec980000, 0x00000000f5580000)
  object space 206336K, 88% used [0x00000000e0000000,0x00000000eb3145b0,0x00000000ec980000)
 Metaspace       used 68649K, capacity 70661K, committed 70872K, reserved 1112064K
  class space    used 7831K, capacity 8339K, committed 8408K, reserved 1048576K
Event: 1729.200 GC heap after
Heap after GC invocations=39 (full 5):
 PSYoungGen      total 116736K, used 0K [0x00000000f5580000, 0x0000000100000000, 0x0000000100000000)
  eden space 58880K, 0% used [0x00000000f5580000,0x00000000f5580000,0x00000000f8f00000)
  from space 57856K, 0% used [0x00000000fc780000,0x00000000fc780000,0x0000000100000000)
  to   space 57856K, 0% used [0x00000000f8f00000,0x00000000f8f00000,0x00000000fc780000)
 ParOldGen       total 224768K, used 39273K [0x00000000e0000000, 0x00000000edb80000, 0x00000000f5580000)
  object space 224768K, 17% used [0x00000000e0000000,0x00000000e265a438,0x00000000edb80000)
 Metaspace       used 66433K, capacity 68149K, committed 70872K, reserved 1112064K
  class space    used 7534K, capacity 7959K, committed 8408K, reserved 1048576K
}
Event: 2162.456 GC heap before
{Heap before GC invocations=40 (full 5):
 PSYoungGen      total 116736K, used 58880K [0x00000000f5580000, 0x0000000100000000, 0x0000000100000000)
  eden space 58880K, 100% used [0x00000000f5580000,0x00000000f8f00000,0x00000000f8f00000)
  from space 57856K, 0% used [0x00000000fc780000,0x00000000fc780000,0x0000000100000000)
  to   space 57856K, 0% used [0x00000000f8f00000,0x00000000f8f00000,0x00000000fc780000)
 ParOldGen       total 224768K, used 39273K [0x00000000e0000000, 0x00000000edb80000, 0x00000000f5580000)
  object space 224768K, 17% used [0x00000000e0000000,0x00000000e265a438,0x00000000edb80000)
 Metaspace       used 67045K, capacity 68911K, committed 70872K, reserved 1112064K
  class space    used 7598K, capacity 8042K, committed 8408K, reserved 1048576K
Event: 2162.466 GC heap after
Heap after GC invocations=40 (full 5):
 PSYoungGen      total 116736K, used 11069K [0x00000000f5580000, 0x0000000100000000, 0x0000000100000000)
  eden space 58880K, 0% used [0x00000000f5580000,0x00000000f5580000,0x00000000f8f00000)
  from space 57856K, 19% used [0x00000000f8f00000,0x00000000f99cf7c8,0x00000000fc780000)
  to   space 57856K, 0% used [0x00000000fc780000,0x00000000fc780000,0x0000000100000000)
 ParOldGen       total 224768K, used 39281K [0x00000000e0000000, 0x00000000edb80000, 0x00000000f5580000)
  object space 224768K, 17% used [0x00000000e0000000,0x00000000e265c438,0x00000000edb80000)
 Metaspace       used 67045K, capacity 68911K, committed 70872K, reserved 1112064K
  class space    used 7598K, capacity 8042K, committed 8408K, reserved 1048576K
}

Deoptimization events (10 events):
Event: 1729.328 Thread 0x0000000018a84000 Uncommon trap: reason=class_check action=maybe_recompile pc=0x0000000005276470 method=org.jetbrains.kotlin.load.kotlin.TypeSignatureMappingKt.computeInternalName(Lorg/jetbrains/kotlin/descriptors/ClassDescriptor;Lorg/jetbrains/kotlin/load/kotlin/TypeMappi
Event: 1729.342 Thread 0x0000000018a84000 Uncommon trap: reason=class_check action=maybe_recompile pc=0x0000000005276470 method=org.jetbrains.kotlin.load.kotlin.TypeSignatureMappingKt.computeInternalName(Lorg/jetbrains/kotlin/descriptors/ClassDescriptor;Lorg/jetbrains/kotlin/load/kotlin/TypeMappi
Event: 1729.420 Thread 0x0000000018a84000 Uncommon trap: reason=class_check action=maybe_recompile pc=0x0000000003d80928 method=org.jetbrains.kotlin.codegen.optimization.boxing.PopBackwardPropagationTransformer$Transformer.markAsDontTouch(Ljava/util/Collection;)V @ 1
Event: 1729.420 Thread 0x0000000018a84000 Uncommon trap: reason=class_check action=maybe_recompile pc=0x0000000003d80928 method=org.jetbrains.kotlin.codegen.optimization.boxing.PopBackwardPropagationTransformer$Transformer.markAsDontTouch(Ljava/util/Collection;)V @ 1
Event: 1729.420 Thread 0x0000000018a84000 Uncommon trap: reason=class_check action=maybe_recompile pc=0x0000000003d80928 method=org.jetbrains.kotlin.codegen.optimization.boxing.PopBackwardPropagationTransformer$Transformer.markAsDontTouch(Ljava/util/Collection;)V @ 1
Event: 1729.440 Thread 0x0000000018a84000 Uncommon trap: reason=null_check action=make_not_entrant pc=0x0000000005a2c610 method=org.jetbrains.kotlin.codegen.state.BuilderFactoryForDuplicateSignatureDiagnostics$groupMembersDescriptorsBySignature$1.invoke(Lorg/jetbrains/kotlin/descriptors/Declarati
Event: 2162.560 Thread 0x0000000018a7e000 Uncommon trap: reason=class_check action=maybe_recompile pc=0x000000000534eb24 method=org.jetbrains.kotlin.resolve.checkers.MissingDependencyClassChecker.collectDiagnostics(Lorg/jetbrains/kotlin/com/intellij/psi/PsiElement;Lorg/jetbrains/kotlin/descriptor
Event: 2162.633 Thread 0x0000000018a7e000 Uncommon trap: reason=class_check action=maybe_recompile pc=0x000000000534eb24 method=org.jetbrains.kotlin.resolve.checkers.MissingDependencyClassChecker.collectDiagnostics(Lorg/jetbrains/kotlin/com/intellij/psi/PsiElement;Lorg/jetbrains/kotlin/descriptor
Event: 2162.639 Thread 0x0000000018a7e000 Uncommon trap: reason=class_check action=maybe_recompile pc=0x000000000534eb24 method=org.jetbrains.kotlin.resolve.checkers.MissingDependencyClassChecker.collectDiagnostics(Lorg/jetbrains/kotlin/com/intellij/psi/PsiElement;Lorg/jetbrains/kotlin/descriptor
Event: 2162.649 Thread 0x0000000018a7e000 Uncommon trap: reason=class_check action=maybe_recompile pc=0x000000000534eb24 method=org.jetbrains.kotlin.resolve.checkers.MissingDependencyClassChecker.collectDiagnostics(Lorg/jetbrains/kotlin/com/intellij/psi/PsiElement;Lorg/jetbrains/kotlin/descriptor

Classes redefined (0 events):
No events

Internal exceptions (10 events):
Event: 1728.201 Thread 0x0000000018a84000 Exception <a 'sun/nio/fs/WindowsException'> (0x00000000f7e9a508) thrown at [D:\src\AOSP-openjdk-cygwin\jdk8u\hotspot\src\share\vm\prims\jni.cpp, line 709]
Event: 1728.201 Thread 0x0000000018a84000 Exception <a 'java/io/FileNotFoundException'> (0x00000000f7e9b6f0) thrown at [D:\src\AOSP-openjdk-cygwin\jdk8u\hotspot\src\share\vm\prims\jni.cpp, line 709]
Event: 1728.202 Thread 0x0000000018a84000 Exception <a 'java/io/FileNotFoundException'> (0x00000000f7e9cac8) thrown at [D:\src\AOSP-openjdk-cygwin\jdk8u\hotspot\src\share\vm\prims\jni.cpp, line 709]
Event: 1729.440 Thread 0x0000000018a84000 Implicit null exception at 0x0000000005a263cb to 0x0000000005a2c605
Event: 2162.073 Thread 0x0000000018a7f800 Exception <a 'java/lang/InterruptedException'> (0x00000000f6a515d0) thrown at [D:\src\AOSP-openjdk-cygwin\jdk8u\hotspot\src\share\vm\runtime\objectMonitor.cpp, line 1684]
Event: 2162.128 Thread 0x0000000018a7e000 Exception <a 'java/io/FileNotFoundException'> (0x00000000f6b933d8) thrown at [D:\src\AOSP-openjdk-cygwin\jdk8u\hotspot\src\share\vm\prims\jni.cpp, line 709]
Event: 2162.128 Thread 0x0000000018a7e000 Exception <a 'sun/nio/fs/WindowsException'> (0x00000000f6b946d8) thrown at [D:\src\AOSP-openjdk-cygwin\jdk8u\hotspot\src\share\vm\prims\jni.cpp, line 709]
Event: 2162.130 Thread 0x0000000018a7e000 Exception <a 'sun/nio/fs/WindowsException'> (0x00000000f6b98030) thrown at [D:\src\AOSP-openjdk-cygwin\jdk8u\hotspot\src\share\vm\prims\jni.cpp, line 709]
Event: 2162.130 Thread 0x0000000018a7e000 Exception <a 'java/io/FileNotFoundException'> (0x00000000f6b99218) thrown at [D:\src\AOSP-openjdk-cygwin\jdk8u\hotspot\src\share\vm\prims\jni.cpp, line 709]
Event: 2162.130 Thread 0x0000000018a7e000 Exception <a 'java/io/FileNotFoundException'> (0x00000000f6b9a5f0) thrown at [D:\src\AOSP-openjdk-cygwin\jdk8u\hotspot\src\share\vm\prims\jni.cpp, line 709]

Events (10 events):
Event: 2162.633 Thread 0x0000000018a7e000 DEOPT PACKING pc=0x000000000534eb24 sp=0x000000002152a5f0
Event: 2162.633 Thread 0x0000000018a7e000 DEOPT UNPACKING pc=0x00000000026d557b sp=0x000000002152a568 mode 2
Event: 2162.639 Thread 0x0000000018a7e000 Uncommon trap: trap_request=0xffffffde fr.pc=0x000000000534eb24
Event: 2162.639 Thread 0x0000000018a7e000 DEOPT PACKING pc=0x000000000534eb24 sp=0x000000002152a080
Event: 2162.639 Thread 0x0000000018a7e000 DEOPT UNPACKING pc=0x00000000026d557b sp=0x0000000021529ff8 mode 2
Event: 2162.649 Thread 0x0000000018a7e000 Uncommon trap: trap_request=0xffffffde fr.pc=0x000000000534eb24
Event: 2162.649 Thread 0x0000000018a7e000 DEOPT PACKING pc=0x000000000534eb24 sp=0x00000000215280f0
Event: 2162.649 Thread 0x0000000018a7e000 DEOPT UNPACKING pc=0x00000000026d557b sp=0x0000000021528068 mode 2
Event: 2162.804 Executing VM operation: ForceSafepoint
Event: 2162.805 Executing VM operation: ForceSafepoint done


Dynamic libraries:
0x00007ff7960b0000 - 0x00007ff7960e1000 	C:\Program Files\Android\Android Studio\jre\jre\bin\java.exe
0x00007ffd33770000 - 0x00007ffd33951000 	C:\Windows\SYSTEM32\ntdll.dll
0x00007ffd324a0000 - 0x00007ffd32551000 	C:\Windows\System32\KERNEL32.DLL
0x00007ffd30850000 - 0x00007ffd30ac3000 	C:\Windows\System32\KERNELBASE.dll
0x00007ffd30d90000 - 0x00007ffd30e31000 	C:\Windows\System32\ADVAPI32.dll
0x00007ffd328d0000 - 0x00007ffd3296e000 	C:\Windows\System32\msvcrt.dll
0x00007ffd30e40000 - 0x00007ffd30e9b000 	C:\Windows\System32\sechost.dll
0x00007ffd33440000 - 0x00007ffd33564000 	C:\Windows\System32\RPCRT4.dll
0x00007ffd30c00000 - 0x00007ffd30d90000 	C:\Windows\System32\USER32.dll
0x00007ffd30830000 - 0x00007ffd30850000 	C:\Windows\System32\win32u.dll
0x00007ffd33340000 - 0x00007ffd33368000 	C:\Windows\System32\GDI32.dll
0x00007ffd2fb40000 - 0x00007ffd2fcd2000 	C:\Windows\System32\gdi32full.dll
0x00007ffd30030000 - 0x00007ffd300cf000 	C:\Windows\System32\msvcp_win.dll
0x00007ffd2fce0000 - 0x00007ffd2fdd8000 	C:\Windows\System32\ucrtbase.dll
0x00007ffd23790000 - 0x00007ffd239f9000 	C:\Windows\WinSxS\amd64_microsoft.windows.common-controls_6595b64144ccf1df_6.0.17134.765_none_fb42a1a930655896\COMCTL32.dll
0x00007ffd33010000 - 0x00007ffd33332000 	C:\Windows\System32\combase.dll
0x00007ffd30ad0000 - 0x00007ffd30b4a000 	C:\Windows\System32\bcryptPrimitives.dll
0x00007ffd32450000 - 0x00007ffd3247d000 	C:\Windows\System32\IMM32.DLL
0x000000005f5f0000 - 0x000000005f6c2000 	C:\Program Files\Android\Android Studio\jre\jre\bin\msvcr100.dll
0x000000005e230000 - 0x000000005ea71000 	C:\Program Files\Android\Android Studio\jre\jre\bin\server\jvm.dll
0x00007ffd32560000 - 0x00007ffd32568000 	C:\Windows\System32\PSAPI.DLL
0x00007ffd169f0000 - 0x00007ffd169f9000 	C:\Windows\SYSTEM32\WSOCK32.dll
0x00007ffd28e30000 - 0x00007ffd28e3a000 	C:\Windows\SYSTEM32\VERSION.dll
0x00007ffd2dc00000 - 0x00007ffd2dc23000 	C:\Windows\SYSTEM32\WINMM.dll
0x00007ffd336d0000 - 0x00007ffd3373c000 	C:\Windows\System32\WS2_32.dll
0x00007ffd2d7b0000 - 0x00007ffd2d7da000 	C:\Windows\SYSTEM32\winmmbase.dll
0x00007ffd300d0000 - 0x00007ffd30119000 	C:\Windows\System32\cfgmgr32.dll
0x00007ffd2c4c0000 - 0x00007ffd2c4cf000 	C:\Program Files\Android\Android Studio\jre\jre\bin\verify.dll
0x00007ffd1f230000 - 0x00007ffd1f259000 	C:\Program Files\Android\Android Studio\jre\jre\bin\java.dll
0x00007ffd252e0000 - 0x00007ffd252f6000 	C:\Program Files\Android\Android Studio\jre\jre\bin\zip.dll
0x00007ffd30f70000 - 0x00007ffd323b0000 	C:\Windows\System32\SHELL32.dll
0x00007ffd32b10000 - 0x00007ffd32bb9000 	C:\Windows\System32\shcore.dll
0x00007ffd30120000 - 0x00007ffd3082d000 	C:\Windows\System32\windows.storage.dll
0x00007ffd333d0000 - 0x00007ffd33421000 	C:\Windows\System32\shlwapi.dll
0x00007ffd2fb00000 - 0x00007ffd2fb11000 	C:\Windows\System32\kernel.appcore.dll
0x00007ffd2fb20000 - 0x00007ffd2fb3f000 	C:\Windows\System32\profapi.dll
0x00007ffd2fab0000 - 0x00007ffd2fafc000 	C:\Windows\System32\powrprof.dll
0x00007ffd2faa0000 - 0x00007ffd2faaa000 	C:\Windows\System32\FLTLIB.DLL
0x00007ffd253f0000 - 0x00007ffd253fd000 	C:\Program Files\Android\Android Studio\jre\jre\bin\management.dll
0x00007ffd25280000 - 0x00007ffd2529a000 	C:\Program Files\Android\Android Studio\jre\jre\bin\net.dll
0x00007ffd2f300000 - 0x00007ffd2f366000 	C:\Windows\system32\mswsock.dll
0x00007ffd24f80000 - 0x00007ffd24f91000 	C:\Program Files\Android\Android Studio\jre\jre\bin\nio.dll
0x00007ffd2f4b0000 - 0x00007ffd2f4c7000 	C:\Windows\SYSTEM32\CRYPTSP.dll
0x00007ffd2eee0000 - 0x00007ffd2ef13000 	C:\Windows\system32\rsaenh.dll
0x00007ffd2f5e0000 - 0x00007ffd2f605000 	C:\Windows\SYSTEM32\bcrypt.dll
0x00007ffd2f9b0000 - 0x00007ffd2f9d8000 	C:\Windows\SYSTEM32\USERENV.dll
0x00007ffd2f4d0000 - 0x00007ffd2f4db000 	C:\Windows\SYSTEM32\CRYPTBASE.dll
0x00007ffd2f080000 - 0x00007ffd2f0b8000 	C:\Windows\SYSTEM32\IPHLPAPI.DLL
0x00007ffd328c0000 - 0x00007ffd328c8000 	C:\Windows\System32\NSI.dll
0x00007ffd24d50000 - 0x00007ffd24d66000 	C:\Windows\SYSTEM32\dhcpcsvc6.DLL
0x00007ffd24f00000 - 0x00007ffd24f1a000 	C:\Windows\SYSTEM32\dhcpcsvc.DLL

VM Arguments:
jvm_args: -Djava.awt.headless=true -Djava.rmi.server.hostname=127.0.0.1 -Xmx512m -Dkotlin.environment.keepalive 
java_command: org.jetbrains.kotlin.daemon.KotlinCompileDaemon --daemon-runFilesPath C:\Users\deonoize\AppData\Local\kotlin\daemon --daemon-autoshutdownIdleSeconds=7200 --daemon-compilerClasspath C:\Users\deonoize\.gradle\caches\modules-2\files-2.1\org.jetbrains.kotlin\kotlin-compiler-embeddable\1.3.21\677cc9553b8964c895abc76da9b6a0faea8f671d\kotlin-compiler-embeddable-1.3.21.jar;C:\Users\deonoize\.gradle\caches\modules-2\files-2.1\org.jetbrains.kotlin\kotlin-reflect\1.3.21\d0d5ff2ac2ebd8a42697af41e20fc225a23c5d3b\kotlin-reflect-1.3.21.jar;C:\Users\deonoize\.gradle\caches\modules-2\files-2.1\org.jetbrains.kotlin\kotlin-stdlib\1.3.21\4bcc2012b84840e19e1e28074284cac908be0295\kotlin-stdlib-1.3.21.jar;C:\Users\deonoize\.gradle\caches\modules-2\files-2.1\org.jetbrains.kotlin\kotlin-script-runtime\1.3.21\29363d474ee6fda354900636320a177c7286def9\kotlin-script-runtime-1.3.21.jar;C:\Users\deonoize\.gradle\caches\modules-2\files-2.1\org.jetbrains.intellij.deps\trove4j\1.0.20181211\216c2e14b070f334479d800987affe4054cd563f\trove4j-1.0.20181211.jar;C:\Users\deonoize\.gradle\caches\modules-2\files-2.1\org.jetbrains.kotlin\kotlin-stdlib-common\1.3.21\f30e4a9897913e53d778f564110bafa1fef46643\kotlin-stdlib-common-1.3.21.jar;C:\Users\deonoize\.gradle\caches\modules-2\files-2.1\org.jetbrains\annotations\13.0\919f0dfe192fb4e063e7dacadee7f8bb9a2672a9\annotations-13.0.jar;C:\Program Files\Android\Android Studio\jre\lib\tools.jar
java_class_path (initial): C:\Users\deonoize\.gradle\caches\modules-2\files-2.1\org.jetbrains.kotlin\kotlin-compiler-embeddable\1.3.21\677cc9553b8964c895abc76da9b6a0faea8f671d\kotlin-compiler-embeddable-1.3.21.jar;C:\Users\deonoize\.gradle\caches\modules-2\files-2.1\org.jetbrains.kotlin\kotlin-reflect\1.3.21\d0d5ff2ac2ebd8a42697af41e20fc225a23c5d3b\kotlin-reflect-1.3.21.jar;C:\Users\deonoize\.gradle\caches\modules-2\files-2.1\org.jetbrains.kotlin\kotlin-stdlib\1.3.21\4bcc2012b84840e19e1e28074284cac908be0295\kotlin-stdlib-1.3.21.jar;C:\Users\deonoize\.gradle\caches\modules-2\files-2.1\org.jetbrains.kotlin\kotlin-script-runtime\1.3.21\29363d474ee6fda354900636320a177c7286def9\kotlin-script-runtime-1.3.21.jar;C:\Users\deonoize\.gradle\caches\modules-2\files-2.1\org.jetbrains.intellij.deps\trove4j\1.0.20181211\216c2e14b070f334479d800987affe4054cd563f\trove4j-1.0.20181211.jar;C:\Users\deonoize\.gradle\caches\modules-2\files-2.1\org.jetbrains.kotlin\kotlin-stdlib-common\1.3.21\f30e4a9897913e53d778f564110bafa1fef46643\kotlin-stdlib-common-1.3.21.jar;C:\Users\deonoize\.gradle\caches\modules-2\files-2.1\org.jetbrains\annotations\13.0\919f0dfe192fb4e063e7dacadee7f8bb9a2672a9\annotations-13.0.jar;C:\Program Files\Android\Android Studio\jre\lib\tools.jar
Launcher Type: SUN_STANDARD

Environment Variables:
PATH=C:\Program Files (x86)\Common Files\Oracle\Java\javapath;C:\ProgramData\Oracle\Java\javapath;C:\Windows\system32;C:\Windows;C:\Windows\System32\Wbem;C:\Windows\System32\WindowsPowerShell\v1.0\;C:\Program Files (x86)\NVIDIA Corporation\PhysX\Common;C:\WINDOWS\system32;C:\WINDOWS;C:\WINDOWS\System32\Wbem;C:\WINDOWS\System32\WindowsPowerShell\v1.0\;C:\WINDOWS\System32\OpenSSH\;C:\Program Files\dotnet\;C:\Program Files\NVIDIA Corporation\NVIDIA NvDLISR;C:\Program Files\Microsoft VS Code\bin;C:\ProgramData\ComposerSetup\bin;E:\Programs\nodejs\;C:\Program Files\Git\cmd;C:\Program Files\heroku\bin;C:\Program Files (x86)\Common Files\Acronis\SnapAPI\;C:\Users\deonoize\AppData\Local\Microsoft\WindowsApps;C:\Users\deonoize\AppData\Local\GitHubDesktop\bin;C:\Program Files\Microsoft VS Code\bin;C:\Users\deonoize\AppData\Roaming\Composer\vendor\bin;E:\Programs\OSPanel\modules\php\PHP-7.2;C:\Users\deonoize\AppData\Roaming\npm;C:\Users\deonoize\AppData\Local\atom\bin;C:\Program Files\heroku\bin;E:\Programs\dart-sass;
USERNAME=deonoize
OS=Windows_NT
PROCESSOR_IDENTIFIER=Intel64 Family 6 Model 142 Stepping 10, GenuineIntel



---------------  S Y S T E M  ---------------

OS: Windows 10.0 , 64 bit Build 17134 (10.0.17134.753)

CPU:total 8 (initial active 8) (4 cores per cpu, 2 threads per core) family 6 model 142 stepping 10, cmov, cx8, fxsr, mmx, sse, sse2, sse3, ssse3, sse4.1, sse4.2, popcnt, avx, avx2, aes, clmul, erms, 3dnowpref, lzcnt, ht, tsc, tscinvbit, bmi1, bmi2, adx

Memory: 4k page, physical 8260236k(1236764k free), swap 12454540k(1780k free)

vm_info: OpenJDK 64-Bit Server VM (25.152-b01) for windows-amd64 JRE (1.8.0_152-release-1343-b01), built by "builder" with MS VC++ 10.0 (VS2010)

time: Wed Jun 05 15:48:14 2019
elapsed time: 2162 seconds (0d 0h 36m 2s)

